loading sequence data...
initializing model...
starting model training...
Training model (* indicates new best result)...
Epoch 1:
Train Loss: 0.7480	Balanced Accuracy: 65.62%	 auROC: 0.780	 auPRC: 0.365
	Recall at 5%|10%|20% FDR: 1.6%|1.8%|2.8%	 Num Positives: 1683	 Num Negatives: 12225
Valid Loss: 0.7552	Balanced Accuracy: 64.30%	 auROC: 0.755	 auPRC: 0.334
	Recall at 5%|10%|20% FDR: 0.7%|0.7%|1.9%	 Num Positives: 418	 Num Negatives: 3059 *
Epoch 2:
Train Loss: 0.5051	Balanced Accuracy: 75.56%	 auROC: 0.827	 auPRC: 0.395
	Recall at 5%|10%|20% FDR: 0.0%|0.7%|0.8%	 Num Positives: 1683	 Num Negatives: 12225
Valid Loss: 0.5208	Balanced Accuracy: 72.73%	 auROC: 0.801	 auPRC: 0.360
	Recall at 5%|10%|20% FDR: 0.0%|0.0%|0.0%	 Num Positives: 418	 Num Negatives: 3059 *
Epoch 3:
Train Loss: 0.6074	Balanced Accuracy: 76.74%	 auROC: 0.850	 auPRC: 0.444
	Recall at 5%|10%|20% FDR: 0.8%|2.8%|5.2%	 Num Positives: 1683	 Num Negatives: 12225
Valid Loss: 0.6348	Balanced Accuracy: 73.90%	 auROC: 0.805	 auPRC: 0.386
	Recall at 5%|10%|20% FDR: 0.7%|4.5%|4.5%	 Num Positives: 418	 Num Negatives: 3059
Epoch 4:
Train Loss: 0.4068	Balanced Accuracy: 77.28%	 auROC: 0.865	 auPRC: 0.458
	Recall at 5%|10%|20% FDR: 0.0%|1.3%|4.7%	 Num Positives: 1683	 Num Negatives: 12225
Valid Loss: 0.4372	Balanced Accuracy: 71.90%	 auROC: 0.809	 auPRC: 0.392
	Recall at 5%|10%|20% FDR: 0.7%|0.7%|5.0%	 Num Positives: 418	 Num Negatives: 3059 *
Epoch 5:
Train Loss: 0.4069	Balanced Accuracy: 79.74%	 auROC: 0.882	 auPRC: 0.497
	Recall at 5%|10%|20% FDR: 2.4%|4.6%|6.9%	 Num Positives: 1683	 Num Negatives: 12225
Valid Loss: 0.4488	Balanced Accuracy: 72.72%	 auROC: 0.809	 auPRC: 0.394
	Recall at 5%|10%|20% FDR: 2.4%|3.8%|7.2%	 Num Positives: 418	 Num Negatives: 3059
Epoch 6:
Train Loss: 0.4340	Balanced Accuracy: 81.43%	 auROC: 0.892	 auPRC: 0.516
	Recall at 5%|10%|20% FDR: 2.6%|2.6%|6.4%	 Num Positives: 1683	 Num Negatives: 12225
Valid Loss: 0.4838	Balanced Accuracy: 73.19%	 auROC: 0.812	 auPRC: 0.398
	Recall at 5%|10%|20% FDR: 1.9%|5.0%|7.9%	 Num Positives: 418	 Num Negatives: 3059
Epoch 7:
Train Loss: 0.4990	Balanced Accuracy: 82.85%	 auROC: 0.905	 auPRC: 0.552
	Recall at 5%|10%|20% FDR: 4.0%|4.6%|7.4%	 Num Positives: 1683	 Num Negatives: 12225
Valid Loss: 0.5575	Balanced Accuracy: 74.17%	 auROC: 0.809	 auPRC: 0.386
	Recall at 5%|10%|20% FDR: 2.2%|5.0%|6.7%	 Num Positives: 418	 Num Negatives: 3059
Epoch 8:
Train Loss: 0.5155	Balanced Accuracy: 83.44%	 auROC: 0.911	 auPRC: 0.568
	Recall at 5%|10%|20% FDR: 3.7%|4.5%|7.7%	 Num Positives: 1683	 Num Negatives: 12225
Valid Loss: 0.5847	Balanced Accuracy: 74.45%	 auROC: 0.813	 auPRC: 0.390
	Recall at 5%|10%|20% FDR: 3.1%|3.6%|5.3%	 Num Positives: 418	 Num Negatives: 3059
Epoch 9:
Train Loss: 0.5190	Balanced Accuracy: 83.85%	 auROC: 0.925	 auPRC: 0.601
	Recall at 5%|10%|20% FDR: 3.9%|4.3%|8.1%	 Num Positives: 1683	 Num Negatives: 12225
Valid Loss: 0.6022	Balanced Accuracy: 73.82%	 auROC: 0.806	 auPRC: 0.379
	Recall at 5%|10%|20% FDR: 1.9%|3.8%|5.7%	 Num Positives: 418	 Num Negatives: 3059
Epoch 10:
Train Loss: 0.2573	Balanced Accuracy: 79.86%	 auROC: 0.929	 auPRC: 0.610
	Recall at 5%|10%|20% FDR: 3.6%|5.1%|8.2%	 Num Positives: 1683	 Num Negatives: 12225
Valid Loss: 0.3484	Balanced Accuracy: 67.64%	 auROC: 0.809	 auPRC: 0.384
	Recall at 5%|10%|20% FDR: 1.9%|4.3%|6.0%	 Num Positives: 418	 Num Negatives: 3059 *
Epoch 11:
Train Loss: 0.3539	Balanced Accuracy: 87.76%	 auROC: 0.938	 auPRC: 0.640
	Recall at 5%|10%|20% FDR: 4.3%|5.2%|10.9%	 Num Positives: 1683	 Num Negatives: 12225
Valid Loss: 0.4576	Balanced Accuracy: 72.79%	 auROC: 0.807	 auPRC: 0.376
	Recall at 5%|10%|20% FDR: 3.1%|3.1%|5.5%	 Num Positives: 418	 Num Negatives: 3059
Epoch 12:
Train Loss: 0.4347	Balanced Accuracy: 87.51%	 auROC: 0.947	 auPRC: 0.672
	Recall at 5%|10%|20% FDR: 3.1%|6.0%|14.0%	 Num Positives: 1683	 Num Negatives: 12225
Valid Loss: 0.5514	Balanced Accuracy: 74.07%	 auROC: 0.802	 auPRC: 0.379
	Recall at 5%|10%|20% FDR: 2.6%|3.3%|6.5%	 Num Positives: 418	 Num Negatives: 3059
Epoch 13:
Train Loss: 0.4787	Balanced Accuracy: 86.42%	 auROC: 0.955	 auPRC: 0.702
	Recall at 5%|10%|20% FDR: 3.3%|5.6%|19.3%	 Num Positives: 1683	 Num Negatives: 12225
Valid Loss: 0.6105	Balanced Accuracy: 72.88%	 auROC: 0.794	 auPRC: 0.364
	Recall at 5%|10%|20% FDR: 2.9%|3.1%|5.3%	 Num Positives: 418	 Num Negatives: 3059
Epoch 14:
Train Loss: 0.4034	Balanced Accuracy: 89.14%	 auROC: 0.958	 auPRC: 0.714
	Recall at 5%|10%|20% FDR: 3.7%|4.9%|19.1%	 Num Positives: 1683	 Num Negatives: 12225
Valid Loss: 0.5478	Balanced Accuracy: 72.61%	 auROC: 0.796	 auPRC: 0.363
	Recall at 5%|10%|20% FDR: 3.1%|3.3%|5.7%	 Num Positives: 418	 Num Negatives: 3059
Epoch 15:
Train Loss: 0.2521	Balanced Accuracy: 91.12%	 auROC: 0.962	 auPRC: 0.730
	Recall at 5%|10%|20% FDR: 4.5%|5.5%|25.5%	 Num Positives: 1683	 Num Negatives: 12225
Valid Loss: 0.4107	Balanced Accuracy: 69.27%	 auROC: 0.796	 auPRC: 0.364
	Recall at 5%|10%|20% FDR: 0.5%|2.9%|4.1%	 Num Positives: 418	 Num Negatives: 3059
Epoch 16:
Train Loss: 0.3142	Balanced Accuracy: 91.56%	 auROC: 0.967	 auPRC: 0.753
	Recall at 5%|10%|20% FDR: 3.9%|4.9%|30.0%	 Num Positives: 1683	 Num Negatives: 12225
Valid Loss: 0.4927	Balanced Accuracy: 71.32%	 auROC: 0.796	 auPRC: 0.362
	Recall at 5%|10%|20% FDR: 0.7%|3.1%|4.1%	 Num Positives: 418	 Num Negatives: 3059
Finished training after 16 epochs.
final validation metrics:
Loss: 0.4927	Balanced Accuracy: 71.32%	 auROC: 0.796	 auPRC: 0.362
	Recall at 5%|10%|20% FDR: 0.7%|3.1%|4.1%	 Num Positives: 418	 Num Negatives: 3059
saving model files..
Done!
