seq527	 0.88200	1	4
seq1443	-0.13840	1	0
seq749	 0.11095	1	3
seq1615	 0.77521	1	1
seq1719	 0.06364	1	2
seq84	-0.21742	1	0
seq964	 0.34826	1	4
seq1628	 0.01038	1	3
seq1006	-0.21693	1	1
seq832	 0.40444	1	1
seq1743	-0.06698	1	1
seq826	 0.03738	1	1
seq1233	 0.22858	1	3
seq1042	-0.37617	1	2
seq188	 0.08621	1	2
seq1635	-0.14472	1	3
seq447	-0.01819	1	2
seq77	 0.21478	1	4
seq595	 0.56372	1	1
seq1730	 0.96177	1	1
seq1611	 0.01941	1	0
seq1254	 0.22680	1	1
seq1159	-0.12344	1	3
seq1798	 0.14850	1	1
seq1185	 0.97711	1	2
seq1280	-0.17852	1	2
seq983	-0.03523	1	0
seq1072	-0.37514	1	2
seq522	 0.25272	1	1
seq266	 0.62317	1	1
seq1735	 0.32008	1	0
seq1625	 0.28739	1	3
seq1243	 0.13667	1	4
seq1431	 0.00848	1	1
seq45	 0.47367	1	3
seq859	-0.07610	1	1
seq1362	-0.16774	1	4
seq389	 0.32345	1	4
seq571	-0.01459	1	0
seq416	 0.07274	1	1
seq256	 0.31139	1	0
seq743	 0.23519	1	1
seq741	 0.43904	1	2
seq660	 0.18510	1	4
seq273	 0.14206	1	0
seq248	 0.14918	1	4
seq1792	-0.16006	1	1
seq1822	 0.08683	1	2
seq475	 0.41712	1	1
seq1529	 0.19984	1	2
seq82	 0.16336	1	3
seq788	-0.06737	1	2
seq1422	 0.16702	1	0
seq217	 0.53676	1	3
seq997	 0.43605	1	4
seq367	-0.31424	1	0
seq227	 0.15708	1	1
seq1337	 0.20661	1	3
seq1587	-0.39314	1	0
seq664	-0.10841	1	0
seq1178	 0.07876	1	0
seq168	 0.16982	1	3
seq680	 0.01071	1	4
seq486	 0.42550	1	0
seq1440	 0.33669	1	1
seq793	 0.08368	1	3
seq1430	 0.75992	1	1
seq1434	 0.01173	1	2
seq1401	 0.02578	1	3
seq775	 0.05350	1	0
seq1329	 0.15114	1	4
seq1108	-0.08079	1	4
seq1250	 0.36377	1	2
seq2	-0.18591	1	1
seq836	 0.07219	1	1
seq387	 0.30924	1	4
seq667	 0.29265	1	4
seq1075	-0.09690	1	0
seq617	-0.13146	1	4
seq195	 0.11499	1	4
seq427	 0.10751	1	1
seq1170	 0.01035	1	0
seq731	 1.01548	1	4
seq1378	 0.63173	1	1
seq180	 0.54598	1	3
seq760	 0.12210	1	3
seq1827	-0.15319	1	3
seq1558	 0.84820	1	0
seq1546	-0.11999	1	2
seq305	 0.01675	1	3
seq228	 0.36115	1	0
seq1137	 0.27434	1	2
seq598	 0.19416	1	4
seq1142	-0.48345	1	4
seq557	 0.38902	1	3
seq326	 0.00744	1	2
seq1358	 0.75115	1	0
seq163	 0.35534	1	0
seq809	-0.07107	1	4
seq886	 0.46672	1	3
seq1039	 0.16709	1	0
seq576	 0.12387	1	3
seq845	 0.22774	1	1
seq1650	 0.14993	1	3
seq834	 0.15995	1	2
seq1537	-0.21211	1	2
seq1578	-0.02547	1	1
seq1050	-0.17080	1	2
seq708	 0.78514	1	0
seq254	 0.30342	1	4
seq1610	-0.11626	1	3
seq519	 1.01713	1	3
seq105	 0.06606	1	2
seq1629	 0.03450	1	4
seq1238	 0.17838	1	3
seq245	-0.14126	1	1
seq943	-0.11586	1	4
seq1636	 0.22500	1	2
seq1003	 0.03514	1	3
seq693	 0.09769	1	2
seq1109	-0.17917	1	0
seq547	 0.51855	1	2
seq526	 0.23325	1	0
seq376	 0.31146	1	3
seq631	 0.23145	1	3
seq1680	 0.47461	1	0
seq263	 0.86559	1	0
seq156	-0.01132	1	0
seq242	-0.26545	1	2
seq1175	 0.00162	1	2
seq1054	 0.98084	1	1
seq1516	-0.08560	1	3
seq1144	 0.09152	1	2
seq1252	 0.31662	1	4
seq885	-0.09637	1	4
seq1120	-0.03765	1	4
seq1393	 0.35776	1	4
seq1332	 0.08915	1	4
seq1659	 0.24646	1	0
seq744	 0.83365	1	1
seq528	-0.00002	1	0
seq1712	 0.11099	1	0
seq18	-0.16206	1	0
seq311	 0.12226	1	0
seq1779	 0.29013	1	0
seq390	 0.14645	1	2
seq403	-0.10328	1	2
seq130	-0.03826	1	4
seq414	 0.26695	1	1
seq1232	 0.50020	1	3
seq1425	-0.13438	1	2
seq1757	 0.34351	1	2
seq652	 0.75410	1	3
seq1683	 0.07886	1	0
seq187	 0.07677	1	4
seq654	 0.97864	1	2
seq958	 0.93716	1	2
seq364	 0.05769	1	4
seq745	 0.14774	1	2
seq365	 0.30479	1	3
seq840	-0.25843	1	1
seq592	 0.60368	1	4
seq1085	-0.06402	1	2
seq626	 0.84071	1	0
seq593	 0.46849	1	0
seq890	 0.20153	1	4
seq1819	-0.20699	1	4
seq368	 0.48368	1	4
seq687	 0.00957	1	3
seq442	 0.42661	1	4
seq1047	 0.66340	1	2
seq306	 0.38478	1	2
seq1433	-0.28231	1	3
seq1717	-0.13349	1	0
seq1760	 0.23863	1	1
seq1024	 0.48256	1	3
seq1753	 0.35806	1	2
seq877	-0.01352	1	3
seq1446	 0.15474	1	1
seq962	 0.00635	1	2
seq1387	 0.24675	1	2
seq516	 0.20906	1	4
seq1168	 0.27995	1	3
seq437	 0.32100	1	1
seq979	 0.07030	1	1
seq1766	 0.09539	1	4
seq436	 0.19687	1	2
seq929	-0.43122	1	0
seq1501	 0.16078	1	4
seq1481	 0.03451	1	2
seq450	 0.35941	1	3
seq1691	 0.11928	1	2
seq1616	 0.47802	1	0
seq1016	 0.86917	1	2
seq1535	-0.10975	1	0
seq764	-0.00451	1	0
seq666	-0.45491	1	4
seq1078	 0.29022	1	2
seq249	 0.13695	1	0
seq935	 0.68498	1	4
seq1686	-0.11713	1	2
seq1569	 0.67228	1	2
seq980	-0.17894	1	2
seq839	 0.21455	1	2
seq655	 0.02091	1	2
seq1432	-0.38273	1	1
seq1670	 0.04988	1	2
seq469	 0.75547	1	3
seq277	-0.01971	1	1
seq280	 0.27682	1	0
seq782	 0.91182	1	2
seq410	-0.27649	1	4
seq351	-0.45632	1	4
seq1092	 0.40651	1	3
seq78	-0.20957	1	1
seq1133	 0.87783	1	4
seq569	 0.03934	1	3
seq661	 0.18668	1	2
seq1325	 0.11262	1	1
seq1482	 0.04283	1	4
seq456	-0.18880	1	3
seq1548	 0.14669	1	4
seq1172	 0.12080	1	1
seq1104	 0.93957	1	1
seq85	 0.48966	1	0
seq635	 0.06995	1	4
seq767	 0.02876	1	3
seq899	 0.10653	1	1
seq1696	 0.87811	1	0
seq1467	-0.05688	1	2
seq990	 0.29543	1	3
seq686	-0.43918	1	3
seq867	 0.04671	1	2
seq94	 0.12623	1	0
seq417	-0.16796	1	2
seq634	 0.29816	1	0
seq316	 0.39121	1	1
seq1327	-0.16386	1	1
seq244	-0.33033	1	2
seq1806	 0.16811	1	2
seq871	 0.99395	1	3
seq1701	 0.09751	1	2
seq1787	 0.30649	1	4
seq1823	-0.05459	1	0
seq495	 0.41315	1	4
seq1150	 0.38944	1	1
seq633	 0.02550	1	0
seq1536	 0.19237	1	3
seq1532	 0.36013	1	3
seq1586	-0.01917	1	3
seq407	 0.18580	1	2
seq1619	 0.28024	1	3
seq937	 0.28205	1	1
seq423	 0.49000	1	3
seq838	-0.10129	1	3
seq1658	 0.45372	1	3
seq265	 0.04314	1	0
seq637	-0.06967	1	4
seq742	 0.26913	1	2
seq1365	-0.11994	1	0
seq1455	 0.09994	1	2
seq1385	 0.99552	1	2
seq1058	-0.16385	1	3
seq1490	 0.39375	1	1
seq810	 0.13316	1	1
seq903	 0.06207	1	3
seq1831	 0.27452	1	0
seq544	 0.17366	1	2
seq32	 0.27673	1	3
seq786	 0.03318	1	1
seq1360	 0.32064	1	3
seq10	 0.24758	1	1
seq113	 1.00172	1	2
seq1791	-0.04922	1	1
seq1200	 0.38564	1	4
seq1699	 0.36037	1	1
seq1512	 0.04501	1	3
seq725	-0.07956	1	1
seq116	 0.19292	1	3
seq1007	-0.02986	1	4
seq1177	-0.06464	1	2
seq213	 0.21113	1	4
seq615	-0.02396	1	2
seq349	 0.73294	1	2
seq90	-0.01642	1	4
seq613	 0.33321	1	4
seq101	 0.87564	1	3
seq1721	 0.19950	1	3
seq1607	 0.10796	1	0
seq1034	 0.15365	1	4
seq459	 0.10997	1	4
seq1704	 0.01735	1	0
seq111	 0.32946	1	2
seq1355	 0.20602	1	1
seq1160	 0.09881	1	0
seq1255	 0.22938	1	1
seq1508	 0.13694	1	2
seq159	-0.15120	1	3
seq152	 0.47612	1	4
seq1224	-0.14210	1	1
seq1202	 0.85475	1	0
seq15	 0.33757	1	2
seq1192	 0.06521	1	0
seq1115	 0.65670	1	3
seq963	 0.04121	1	2
seq734	 0.01417	1	0
seq239	-0.20923	1	2
seq13	-0.13034	1	2
seq690	 0.16135	1	3
seq750	-0.17358	1	1
seq1667	 0.42219	1	1
seq707	 0.52699	1	3
seq1084	 0.16184	1	2
seq1826	-0.29828	1	3
seq539	 0.81819	1	3
seq1218	 0.40650	1	0
seq1267	 0.26466	1	1
seq360	 0.34858	1	1
seq536	 0.17656	1	1
seq1296	-0.21313	1	1
seq1291	-0.22429	1	1
seq1815	 0.19204	1	0
seq222	 0.43775	1	2
seq1062	-0.00804	1	4
seq157	-0.20910	1	2
seq51	-0.31155	1	4
seq1505	 0.07987	1	1
seq53	 0.16015	1	4
seq509	 0.09086	1	3
seq1375	 0.28427	1	2
seq927	-0.33296	1	1
seq430	 0.13251	1	3
seq1106	 0.10974	1	2
seq1759	 0.54649	1	2
seq471	 0.74354	1	1
seq737	 0.19425	1	4
seq1043	-0.00890	1	0
seq959	 0.88690	1	1
seq1652	 0.09388	1	1
seq1459	 0.16478	1	4
seq619	-0.09630	1	0
seq178	 0.88510	1	2
seq784	 0.15568	1	0
seq335	 0.01110	1	0
seq724	 0.26145	1	0
seq551	 0.97235	1	2
seq1461	-0.59643	1	1
seq577	 0.99503	1	2
seq340	-0.19054	1	2
seq924	 0.05603	1	4
seq203	 0.21914	1	2
seq1626	-0.20062	1	3
seq762	 0.25645	1	0
seq1703	-0.32030	1	4
seq919	 0.05747	1	1
seq1456	 0.09290	1	1
seq987	-0.04262	1	1
seq618	 0.89283	1	4
seq477	-0.09546	1	4
seq1230	 0.86101	1	0
seq212	 0.83403	1	2
seq284	 0.37984	1	3
seq1318	-0.58249	1	0
seq453	 0.15267	1	2
seq533	-0.08282	1	2
seq1582	 0.01147	1	4
seq1470	 0.02203	1	2
seq27	 0.32765	1	2
seq1813	-0.04383	1	2
seq1520	-0.22653	1	4
seq1655	 0.19660	1	4
seq501	-0.02870	1	2
seq1265	 0.49763	1	3
seq1772	-0.04047	1	3
seq778	 0.47690	1	0
seq1404	-0.21814	1	4
seq1128	 0.34574	1	1
seq304	 0.03197	1	4
seq449	 0.97956	1	1
seq1411	 0.47153	1	3
seq849	 0.28425	1	1
seq1608	 0.73090	1	3
seq541	 0.72661	1	0
seq1114	 0.84095	1	2
seq779	-0.30011	1	0
seq1322	 0.10399	1	2
seq268	 0.07903	1	2
seq408	-0.20785	1	1
seq138	-0.17016	1	1
seq1454	 0.70209	1	2
seq1408	-0.12536	1	1
seq1751	-0.13358	1	3
seq1045	 0.45077	1	2
seq1130	 0.37663	1	4
seq1533	 0.76624	1	0
seq345	 0.11704	1	3
seq1794	 0.46453	1	0
seq145	-0.37670	1	4
seq169	-0.07067	1	3
seq1420	 0.43745	1	4
seq1412	 0.06106	1	4
seq197	 0.05783	1	1
seq1294	 0.08791	1	3
seq823	-0.18963	1	0
seq565	 0.96608	1	0
seq642	-0.19896	1	2
seq1552	 0.06672	1	4
seq118	 0.05074	1	1
seq483	 0.36141	1	1
seq969	 0.05839	1	2
seq451	 0.42289	1	3
seq1181	-0.17455	1	4
seq1660	 0.22365	1	2
seq1462	-0.14771	1	3
seq392	 0.70972	1	2
seq272	 0.01646	1	1
seq1346	 0.37920	1	1
seq455	-0.10952	1	2
seq677	 0.14231	1	0
seq40	 1.00250	1	1
seq773	 0.03484	1	4
seq909	-0.26336	1	4
seq841	 0.44699	1	4
seq454	-0.15553	1	4
seq1810	 0.41021	1	0
seq881	 0.10587	1	0
seq426	 0.04280	1	1
seq546	-0.23296	1	1
seq226	 0.65102	1	2
seq1210	 0.28312	1	3
seq1336	 0.12110	1	1
seq790	-0.01027	1	4
seq462	-0.06864	1	1
seq1394	 0.21698	1	4
seq329	 0.15367	1	2
seq856	-0.07508	1	1
seq151	 0.22278	1	2
seq679	-0.07367	1	0
seq139	 0.67915	1	2
seq225	 0.53846	1	0
seq394	 0.40910	1	2
seq812	-0.23247	1	3
seq1017	-0.24363	1	4
seq230	 0.21575	1	4
seq1531	 0.48567	1	1
seq1805	-0.57177	1	3
seq1590	 0.23961	1	4
seq204	-0.08605	1	0
seq496	 0.05619	1	3
seq931	 0.29431	1	0
seq1487	 0.34951	1	4
seq1423	 0.22224	1	0
seq332	-0.08919	1	4
seq81	-0.17640	1	1
seq1736	 0.23942	1	1
seq1225	 0.17860	1	3
seq1117	 0.15685	1	0
seq1028	 0.97425	1	3
seq1550	 0.22607	1	4
seq172	-0.23748	1	0
seq1774	 0.10163	1	2
seq1739	 0.14884	1	1
seq636	-0.12498	1	0
seq1775	-0.13345	1	0
seq800	-0.01893	1	0
seq370	 0.06015	1	4
seq315	 0.95004	1	2
seq1715	 0.31016	1	3
seq386	 0.43027	1	4
seq1450	 0.62354	1	0
seq128	-0.00434	1	0
seq1118	 0.27668	1	1
seq581	 0.01649	1	0
seq1027	 0.29890	1	2
seq1604	 0.35430	1	1
seq603	 0.07479	1	0
seq850	 0.11824	1	4
seq1	 0.19543	1	0
seq294	 0.00145	1	4
seq953	 0.13243	1	4
seq291	 0.14220	1	0
seq1099	 0.30664	1	1
seq1785	 0.19561	1	3
seq928	 0.04173	1	3
seq1257	 0.38145	1	0
seq1540	 0.07811	1	1
seq1372	 0.19576	1	0
seq912	 0.10028	1	0
seq1484	 0.20146	1	3
seq1603	 0.55482	1	2
seq1303	 0.48341	1	1
seq95	 0.06442	1	0
seq616	-0.53445	1	1
seq939	 0.19066	1	3
seq117	-0.40945	1	3
seq1594	 0.05129	1	2
seq338	 0.52849	1	4
seq67	 0.14109	1	1
seq915	-0.30477	1	0
seq1049	 0.14601	1	1
seq1497	-0.00393	1	2
seq488	 0.22228	1	0
seq382	 0.95868	1	1
seq107	 0.04900	1	1
seq485	-0.09262	1	3
seq237	 0.22009	1	1
seq711	 0.12423	1	3
seq668	 0.12310	1	4
seq1251	 0.08257	1	4
seq452	 0.09291	1	1
seq614	 0.24762	1	0
seq109	 0.16766	1	2
seq1135	 0.76576	1	2
seq1803	 0.33980	1	3
seq970	-0.01963	1	1
seq1368	-0.06052	1	4
seq599	 0.88411	1	3
seq1013	 0.04616	1	2
seq83	 0.35649	1	0
seq1070	-0.15670	1	0
seq395	 0.09199	1	1
seq478	 0.31701	1	4
seq409	 0.04168	1	2
seq49	 0.13826	1	3
seq1398	-0.12553	1	4
seq887	-0.22344	1	1
seq1179	 0.26892	1	1
seq34	 0.08396	1	0
seq1289	 0.09895	1	0
seq1311	 0.29785	1	2
seq1222	 0.17140	1	0
seq894	-0.18845	1	4
seq1359	 0.18387	1	2
seq1060	 0.02778	1	1
seq52	-0.14948	1	3
seq1675	 0.28215	1	3
seq1653	 0.47023	1	1
seq1074	-0.18930	1	2
seq1690	 0.20565	1	2
seq355	 0.25552	1	3
seq1035	 0.42253	1	4
seq119	 0.21925	1	0
seq1073	 0.27017	1	0
seq357	 0.22547	1	4
seq1317	 0.35004	1	1
seq1240	 0.84154	1	1
seq1745	 0.32057	1	1
seq1098	 0.60144	1	1
seq1030	-0.23613	1	4
seq494	 0.78010	1	2
seq420	 0.32346	1	2
seq1705	-0.04462	1	4
seq729	 0.01687	1	2
seq1319	 0.08852	1	1
seq1413	 0.26725	1	2
seq1829	 0.36532	1	3
seq1451	 0.90437	1	4
seq676	 0.06258	1	1
seq650	-0.11186	1	0
seq21	 0.13018	1	3
seq61	-0.16260	1	3
seq1480	 0.16408	1	0
seq977	 0.20410	1	0
seq255	 0.27177	1	1
seq824	 0.01433	1	4
seq828	-0.31380	1	0
seq500	 0.44930	1	1
seq1801	 0.05010	1	3
seq691	-0.40180	1	4
seq1561	-0.04325	1	3
seq698	 0.84912	1	4
seq1738	-0.38585	1	1
seq740	 0.17980	1	2
seq1602	 0.03966	1	1
seq1194	 0.56293	1	0
seq891	-0.16889	1	2
seq1720	 0.23126	1	4
seq24	 0.29627	1	0
seq1613	 0.23648	1	0
seq1321	 0.81480	1	3
seq1100	 0.44804	1	0
seq1389	 0.41647	1	2
seq1067	 0.16900	1	2
seq460	-0.61360	1	1
seq1090	 0.26674	1	2
seq189	-0.13184	1	0
seq1580	-0.00770	1	2
seq830	 0.25576	1	0
seq1215	 0.27898	1	3
seq1381	 0.46719	1	2
seq1676	 1.02133	1	1
seq76	 0.69974	1	1
seq1201	 0.42158	1	2
seq149	 0.26810	1	1
seq110	 0.07852	1	3
seq1089	 0.16338	1	1
seq628	-0.32756	1	1
seq1597	 0.17703	1	3
seq1103	 0.06594	1	4
seq1808	 1.00082	1	1
seq293	 0.01812	1	3
seq1729	 0.12401	1	2
seq278	 0.15810	1	3
seq1417	 0.89217	1	1
seq214	 0.34698	1	3
seq1386	 0.38281	1	2
seq1747	 0.17543	1	2
seq1008	 0.19340	1	0
seq405	-0.13706	1	1
seq458	 0.22584	1	1
seq769	 0.18569	1	2
seq1424	 0.07391	1	3
seq1464	-0.01830	1	2
seq1402	 0.17224	1	4
seq1253	 0.00839	1	4
seq951	 0.37263	1	2
seq1519	-0.18653	1	2
seq917	 0.48139	1	1
seq1188	 0.32847	1	2
seq54	 0.57580	1	1
seq1095	-0.01618	1	1
seq1048	 0.12415	1	1
seq938	 0.01316	1	0
seq1811	 0.30805	1	1
seq1506	 0.94675	1	0
seq440	 0.02868	1	3
seq330	-0.15744	1	4
seq1656	-0.04409	1	1
seq1645	 0.11159	1	0
seq366	 0.21119	1	4
seq1344	 0.82313	1	0
seq1014	-0.05109	1	1
seq550	 0.44216	1	2
seq875	 0.15833	1	1
seq125	 0.96504	1	4
seq264	 0.17245	1	4
seq1140	 0.41990	1	0
seq898	 0.31055	1	2
seq978	 0.46213	1	3
seq498	 0.99636	1	0
seq1723	-0.29151	1	0
seq1216	 0.70565	1	4
seq1057	-0.13470	1	4
seq1301	-0.04826	1	1
seq108	-0.34225	1	3
seq1790	 0.06466	1	2
seq884	 0.42889	1	2
seq102	 0.09901	1	3
seq356	 0.29526	1	3
seq727	-0.19916	1	2
seq1666	 0.52564	1	1
seq1083	 0.06011	1	3
seq561	 0.15221	1	2
seq669	 0.59567	1	1
seq868	 0.31737	1	1
seq1009	 0.06618	1	4
seq1069	-0.02506	1	3
seq1334	 0.17381	1	0
seq590	 0.13234	1	3
seq411	 0.47405	1	3
seq991	 0.24763	1	4
seq944	 0.22955	1	2
seq1830	-0.09804	1	3
seq833	 0.34064	1	0
seq275	 0.07809	1	2
seq88	 0.24491	1	1
seq1091	 0.22510	1	4
seq183	 0.28625	1	4
seq753	-0.07362	1	3
seq202	-0.42338	1	0
seq1407	 0.40553	1	1
seq605	 0.06573	1	4
seq100	 0.20253	1	4
seq328	 0.07906	1	3
seq487	-0.12767	1	1
seq1307	 0.13622	1	3
seq932	 0.16099	1	0
seq234	-0.41906	1	4
seq530	 0.21161	1	1
seq517	 0.58632	1	2
seq1472	 0.10896	1	1
seq822	 0.13092	1	4
seq956	-0.44776	1	3
seq1018	 0.05824	1	1
seq1093	 0.40914	1	3
seq632	 0.36437	1	2
seq1315	-0.03762	1	1
seq196	-0.12052	1	3
seq548	 1.00012	1	1
seq290	 0.59237	1	2
seq46	-0.09721	1	2
seq1242	-0.30422	1	2
seq1549	-0.12730	1	1
seq160	-0.15444	1	4
seq323	 0.14854	1	1
seq663	 1.00724	1	3
seq1817	-0.08380	1	1
seq1237	 0.20582	1	4
seq1768	-0.10667	1	0
seq1685	 0.23876	1	4
seq1149	 0.48681	1	3
seq1353	 0.25251	1	4
seq1219	 0.59472	1	2
seq973	 0.29042	1	1
seq378	 0.03064	1	2
seq712	 0.08308	1	3
seq1139	 0.44265	1	0
seq424	 0.09759	1	2
seq209	-0.01573	1	3
seq482	-0.31639	1	4
seq1191	 0.01573	1	1
seq584	 0.13650	1	1
seq739	-0.13260	1	4
seq816	 0.34559	1	3
seq1564	-0.10075	1	2
seq1500	 0.05115	1	0
seq8	-0.30669	1	4
seq5	 0.09110	1	3
seq1657	-0.43663	1	0
seq120	 1.00568	1	3
seq466	 0.26980	1	3
seq797	-0.11427	1	0
seq1515	-0.24481	1	2
seq967	 0.45992	1	0
seq673	 0.06497	1	4
seq837	-0.17550	1	1
seq1579	 0.27195	1	1
seq1277	-0.01445	1	0
seq1198	-0.06690	1	1
seq26	-0.05268	1	3
seq1248	-0.01112	1	2
seq1527	 0.13449	1	2
seq1126	 0.31692	1	3
seq1638	 0.09525	1	3
seq1246	 0.13906	1	3
seq347	 0.24827	1	3
seq1406	 0.40768	1	2
seq1082	 0.35707	1	4
seq353	 0.32947	1	4
seq1758	 0.16575	1	0
seq1180	 0.14326	1	2
seq162	 0.26144	1	0
seq1212	 0.31389	1	1
seq1273	 0.17464	1	4
seq350	-0.12505	1	1
seq574	-0.54041	1	4
seq864	 0.08879	1	1
seq75	 0.11081	1	3
seq1163	 0.29202	1	4
seq1264	 0.69336	1	3
seq301	 0.35624	1	3
seq270	 0.31517	1	4
seq173	 0.15755	1	1
seq1617	-0.13272	1	0
seq601	 0.01763	1	2
seq1640	 0.03570	1	3
seq532	 0.21933	1	0
seq955	 0.23812	1	0
seq1682	 0.14131	1	4
seq219	 0.32846	1	4
seq1486	 0.42444	1	1
seq253	 0.33511	1	0
seq1339	-0.03105	1	0
seq1728	 0.41536	1	2
seq608	 0.06425	1	1
seq154	 0.28079	1	1
seq1415	 0.36865	1	3
seq439	 0.36526	1	4
seq1182	 0.59083	1	0
seq694	 1.05024	1	0
seq972	 0.00450	1	1
seq862	-0.32341	1	4
seq716	-0.07640	1	2
seq855	 0.32286	1	3
seq136	 0.11105	1	1
seq1575	-0.17381	1	2
seq1087	 0.03646	1	4
seq1116	-0.18686	1	2
seq670	 0.36002	1	0
seq851	 0.15984	1	0
seq1589	-0.11021	1	1
seq861	-0.11790	1	0
seq17	 0.30548	1	3
seq1600	 0.14934	1	4
seq1538	 0.17452	1	0
seq1380	 0.11955	1	1
seq1373	 0.42561	1	3
seq20	-0.14420	1	4
seq296	 0.12165	1	2
seq954	 0.13367	1	1
seq1061	-0.26030	1	0
seq1427	-0.12175	1	1
seq1741	-0.39353	1	1
seq1503	-0.41684	1	0
seq831	-0.07489	1	2
seq1725	 0.01289	1	1
seq1187	-0.12154	1	4
seq1351	 0.14118	1	4
seq374	 0.12707	1	2
seq1445	-0.09962	1	4
seq1639	-0.16351	1	4
seq377	 0.14035	1	3
seq1197	 0.24763	1	0
seq1308	-0.10326	1	1
seq1080	 0.91026	1	4
seq994	 0.59489	1	0
seq1460	 0.37921	1	4
seq490	 0.17122	1	4
seq1605	 0.27617	1	4
seq683	 0.38150	1	3
seq1207	 0.63973	1	0
seq710	 0.74779	1	0
seq371	 0.92157	1	2
seq901	-0.36983	1	0
seq789	 0.29888	1	2
seq142	-0.12615	1	1
seq300	-0.10611	1	3
seq1361	 0.37252	1	2
seq1370	 0.05100	1	3
seq1828	-0.31833	1	2
seq697	 0.29543	1	4
seq1572	 0.32290	1	4
seq612	-0.14435	1	0
seq999	 0.10420	1	2
seq1276	 0.17836	1	0
seq1814	 0.20961	1	4
seq1441	 0.26404	1	1
seq1236	 0.05189	1	2
seq341	 0.35461	1	2
seq736	 0.15424	1	4
seq1448	 0.53491	1	3
seq772	-0.03974	1	3
seq463	 0.29346	1	4
seq720	 0.25829	1	4
seq665	 0.24372	1	4
seq570	 0.17214	1	1
seq701	 0.30985	1	3
seq1241	-0.29092	1	0
seq288	 0.19597	1	2
seq97	-0.15837	1	1
seq1818	 0.14669	1	2
seq1279	-0.14591	1	2
seq606	-0.19972	1	2
seq1290	 0.33011	1	3
seq1502	 0.32214	1	1
seq260	 0.64763	1	0
seq1697	 0.50030	1	4
seq1560	 0.15242	1	3
seq233	-0.27991	1	1
seq1557	 0.27267	1	0
seq321	 0.31009	1	3
seq1350	 0.21281	1	3
seq971	 0.82008	1	1
seq700	 0.51957	1	0
seq493	 0.76368	1	2
seq1405	 0.40158	1	4
seq926	 0.19931	1	0
seq1220	 0.16548	1	1
seq74	-0.38777	1	1
seq865	 0.52488	1	2
seq413	-0.03507	1	1
seq42	-0.08046	1	2
seq1235	 0.79994	1	4
seq1005	 0.07023	1	0
seq1314	 0.16409	1	2
seq262	 0.51588	1	2
seq1437	-0.55290	1	0
seq1539	-0.16674	1	2
seq489	 0.25430	1	4
seq1076	 0.29208	1	1
seq1189	 0.21750	1	0
seq1734	 0.15963	1	1
seq1749	-0.03824	1	1
seq506	-0.05133	1	1
seq1711	 0.18085	1	0
seq644	 0.74278	1	1
seq1524	-0.36956	1	4
seq662	 0.07748	1	4
seq1661	 0.76855	1	1
seq602	-0.03814	1	3
seq103	 0.52821	1	0
seq876	 0.27823	1	2
seq641	-0.02090	1	2
seq141	 0.52867	1	3
seq706	-0.09327	1	4
seq892	 0.11135	1	1
seq398	 0.30933	1	4
seq282	 0.21041	1	2
seq1716	 0.32784	1	4
seq210	 0.00272	1	1
seq1258	 0.58904	1	2
seq1718	-0.04817	1	0
seq629	-0.09855	1	3
seq513	 0.04972	1	0
seq761	 0.10834	1	4
seq1217	 0.19724	1	3
seq19	-0.24231	1	1
seq1183	-0.03559	1	1
seq48	 0.11950	1	1
seq1692	 0.05156	1	1
seq860	 0.31705	1	2
seq505	-0.21154	1	3
seq792	-0.27114	1	1
seq542	 0.76619	1	4
seq620	 0.06161	1	4
seq474	 0.03277	1	4
seq947	 0.15132	1	4
seq835	-0.16348	1	3
seq758	 0.51408	1	0
seq66	-0.04743	1	2
seq4	 0.24520	1	1
seq1374	 0.30430	1	0
seq1110	-0.16591	1	4
seq529	 0.07768	1	2
seq993	 0.30994	1	4
seq879	-0.49086	1	4
seq1449	-0.16159	1	2
seq1031	 0.46629	1	1
seq1245	 0.10751	1	3
seq292	 0.21996	1	0
seq1496	 0.99367	1	3
seq39	-0.21760	1	1
seq331	 0.00945	1	2
seq1457	 0.25196	1	1
seq1596	-0.14876	1	3
seq621	-0.00964	1	3
seq1010	 0.44156	1	0
seq502	 0.27671	1	2
seq124	 0.32159	1	2
seq709	 0.45521	1	0
seq1367	-0.33751	1	1
seq184	-0.04934	1	2
seq1293	 0.15565	1	0
seq1513	 0.18881	1	4
seq1382	 0.02700	1	2
seq143	 0.10246	1	3
seq1331	 0.30007	1	2
seq781	 0.19700	1	1
seq777	 0.27445	1	4
seq22	 0.37566	1	0
seq870	-0.03101	1	3
seq1648	-0.19147	1	0
seq346	 0.91522	1	2
seq1019	 0.03282	1	0
seq1313	 0.29735	1	2
seq144	 0.75797	1	4
seq359	 0.81508	1	4
seq303	-0.03397	1	4
seq1776	-0.16193	1	1
seq269	 0.13664	1	2
seq1282	 0.46858	1	0
seq1169	 0.96238	1	4
seq1409	 0.10928	1	0
seq910	 0.49250	1	1
seq327	 0.31442	1	3
seq844	-0.01731	1	0
seq1040	 0.38484	1	4
seq1004	-0.30830	1	0
seq358	 0.83487	1	3
seq372	 0.14359	1	1
seq443	 0.12871	1	0
seq1228	-0.10115	1	1
seq1348	 0.16891	1	1
seq122	-0.03262	1	0
seq1780	-0.34574	1	2
seq1211	 0.07021	1	0
seq1783	 0.05012	1	1
seq1545	 0.22129	1	3
seq658	 0.27176	1	3
seq1647	-0.13665	1	1
seq674	-0.10092	1	2
seq1341	 0.33453	1	4
seq705	 0.27023	1	4
seq232	 0.44233	1	3
seq243	 0.14683	1	0
seq1071	 0.13145	1	2
seq811	-0.37798	1	3
seq6	-0.31440	1	2
seq1015	 0.02314	1	2
seq873	 0.18114	1	4
seq1631	 0.53563	1	2
seq1726	 0.40104	1	1
seq1300	 0.31143	1	4
seq1754	 0.36168	1	2
seq765	 0.11176	1	2
seq949	 0.02511	1	2
seq1371	 0.08508	1	0
seq1684	 0.19008	1	3
seq1247	 0.58307	1	3
seq1672	 0.25297	1	2
seq1571	 0.98653	1	1
seq1278	 0.35516	1	2
seq481	 0.04522	1	0
seq336	-0.10600	1	2
seq975	 0.23817	1	2
seq1637	 0.23346	1	3
seq537	 0.02557	1	1
seq1654	 0.40322	1	0
seq1800	-0.03770	1	1
seq91	 0.57447	1	1
seq1731	-0.00036	1	0
seq1269	 0.21717	1	2
seq133	-0.43980	1	0
seq1418	 0.50099	1	1
seq702	 0.39015	1	0
seq1302	-0.35948	1	2
seq639	-0.17947	1	2
seq1593	-0.13824	1	1
seq55	 0.25987	1	3
seq363	 0.82806	1	0
seq380	-0.12637	1	0
seq1622	 0.00261	1	2
seq965	 0.49231	1	0
seq415	 0.33485	1	1
seq16	 0.30195	1	4
seq1146	 0.37607	1	0
seq457	-0.23026	1	4
seq523	 0.04188	1	4
seq381	 0.85228	1	2
seq1316	 0.19219	1	1
seq375	 0.25148	1	2
seq643	 0.09279	1	1
seq1499	 0.46222	1	3
seq319	 0.01419	1	0
seq1627	-0.20791	1	4
seq257	 0.93018	1	2
seq1624	 0.05733	1	3
seq883	-0.41663	1	1
seq216	-0.16031	1	1
seq446	 0.48152	1	2
seq186	-0.16742	1	2
seq435	 0.23483	1	3
seq852	-0.09296	1	0
seq104	 0.12488	1	3
seq1383	-0.12515	1	4
seq1270	 0.20022	1	3
seq988	 0.14377	1	0
seq445	 0.28790	1	4
seq339	 0.77740	1	4
seq1292	 0.06429	1	1
seq1788	-0.39436	1	0
seq1012	 0.03364	1	3
seq361	-0.18901	1	1
seq1609	-0.23641	1	2
seq191	 0.04483	1	2
seq60	 0.39010	1	3
seq308	 0.30198	1	4
seq11	 0.74545	1	0
seq1769	 0.22081	1	1
seq893	-0.19349	1	2
seq554	-0.03564	1	3
seq645	 0.50324	1	0
seq695	-0.43375	1	2
seq1281	 0.02009	1	3
seq432	 0.38409	1	2
seq215	-0.25581	1	3
seq511	 0.47685	1	4
seq1097	-0.02327	1	0
seq223	-0.17388	1	3
seq553	 0.26629	1	3
seq1305	-0.18419	1	4
seq134	 0.07207	1	3
seq236	-0.34245	1	0
seq285	 0.09840	1	1
seq1562	 0.12194	1	0
seq1710	 0.70784	1	3
seq422	 0.00641	1	3
seq798	 0.09748	1	0
seq1155	 0.03957	1	0
seq429	 0.59930	1	0
seq600	 0.08541	1	2
seq646	 0.07735	1	0
seq1755	-0.11476	1	4
seq607	-0.36298	1	4
seq1763	-0.10178	1	0
seq476	 0.01707	1	3
seq205	 0.42439	1	0
seq23	-0.13348	1	3
seq317	-0.26090	1	3
seq1032	 0.29561	1	4
seq295	 0.07745	1	1
seq129	 0.03005	1	1
seq240	-0.13230	1	1
seq310	-0.14346	1	4
seq568	 0.46908	1	3
seq1642	 0.50900	1	2
seq87	 0.00469	1	1
seq946	 0.24596	1	3
seq1105	-0.15734	1	3
seq1288	 0.35810	1	1
seq1113	 0.28949	1	4
seq59	 0.33944	1	3
seq86	-0.25652	1	2
seq96	 0.24891	1	3
seq545	 0.34849	1	3
seq558	 0.13902	1	2
seq730	 0.59112	1	0
seq1541	-0.09536	1	3
seq1471	 0.02756	1	0
seq147	 0.05191	1	4
seq586	 0.28044	1	2
seq848	 0.22319	1	2
seq1534	 0.00632	1	0
seq869	-0.18399	1	2
seq1707	 0.13398	1	2
seq385	 0.12487	1	0
seq1148	 0.36400	1	3
seq1156	-0.01449	1	2
seq688	 0.34141	1	4
seq1473	 0.99059	1	0
seq1504	-0.01684	1	4
seq1463	 0.03215	1	2
seq1436	-0.28073	1	4
seq281	 0.28280	1	4
seq776	 0.54054	1	1
seq175	-0.44675	1	3
seq302	-0.03881	1	3
seq1053	 0.30939	1	1
seq774	 0.15482	1	1
seq1223	 0.20577	1	3
seq1732	 0.19859	1	0
seq137	 0.08616	1	3
seq510	 0.35797	1	4
seq1509	 0.13710	1	4
seq98	 0.10552	1	2
seq41	-0.24002	1	0
seq657	-0.21421	1	0
seq401	-0.10061	1	1
seq1306	-0.02356	1	3
seq397	 0.09099	1	2
seq379	-0.17630	1	0
seq1086	-0.00516	1	3
seq492	-0.17962	1	3
seq827	-0.45856	1	2
seq503	 0.80374	1	4
seq524	-0.00764	1	4
seq1802	 0.38312	1	0
seq200	 0.12669	1	1
seq369	 0.28022	1	2
seq1376	 0.26738	1	2
seq575	 0.23652	1	1
seq820	-0.05043	1	0
seq1021	-0.07562	1	3
seq1796	 0.17105	1	1
seq150	 0.29066	1	4
seq279	 0.34629	1	4
seq1479	 0.97600	1	2
seq1570	 0.34065	1	2
seq1392	 0.85943	1	3
seq1340	 0.12304	1	0
seq623	 0.10932	1	2
seq1444	 0.87011	1	0
seq1038	 0.11891	1	1
seq624	 0.70180	1	3
seq799	 0.29811	1	1
seq252	-0.26745	1	4
seq1797	 0.39658	1	0
seq1812	 0.64094	1	3
seq344	 0.21331	1	3
seq1284	 0.20010	1	3
seq1312	 0.26982	1	2
seq1695	 0.99449	1	2
seq785	 0.26157	1	3
seq843	-0.06863	1	0
seq80	 0.04609	1	0
seq920	 0.00614	1	2
seq1101	 0.04049	1	4
seq787	-0.04175	1	1
seq1809	 0.15723	1	1
seq1131	 0.13479	1	1
seq1416	 0.23487	1	0
seq1447	 0.01831	1	2
seq428	-0.19185	1	0
seq1356	-0.14649	1	0
seq896	-0.40133	1	1
seq1514	-0.20813	1	1
seq472	 0.09957	1	1
seq986	 0.72594	1	3
seq62	-0.14915	1	4
seq1678	 0.22223	1	4
seq1618	 0.25606	1	0
seq1020	 0.38768	1	1
seq441	 0.29844	1	1
seq562	 0.72146	1	2
seq518	 0.47820	1	3
seq1166	-0.02980	1	1
seq250	 0.83791	1	3
seq508	 0.56923	1	1
seq802	 0.21580	1	4
seq1761	-0.16737	1	0
seq759	 0.02856	1	1
seq934	 0.13955	1	3
seq1214	 0.25332	1	1
seq1323	 0.37975	1	2
seq1694	 0.88393	1	1
seq1029	-0.12629	1	3
seq560	 0.40012	1	4
seq70	-0.23984	1	1
seq1698	 0.95303	1	4
seq957	-0.05105	1	4
seq728	 0.99654	1	4
seq1606	-0.22219	1	0
seq1771	 0.46605	1	1
seq1421	 0.19404	1	3
seq1419	 0.37120	1	2
seq1491	 0.06161	1	1
seq925	-0.13879	1	2
seq99	 0.03564	1	0
seq1204	 0.60056	1	2
seq1335	 0.40590	1	4
seq259	 0.59084	1	3
seq1643	-0.16925	1	1
seq1601	-0.04142	1	4
seq314	 0.42304	1	3
seq1816	 0.02083	1	2
seq904	 0.98410	1	4
seq1221	 0.25178	1	3
seq1244	 0.00028	1	1
seq1551	-0.25006	1	4
seq580	-0.33560	1	4
seq733	 0.38615	1	1
seq808	 0.24834	1	1
seq69	 0.11851	1	2
seq1517	-0.26864	1	0
seq1176	 0.16008	1	4
seq25	 0.45663	1	3
seq299	 0.71657	1	3
seq1088	-0.01704	1	3
seq647	 0.27940	1	4
seq320	-0.32030	1	2
seq3	-0.12430	1	4
seq167	 0.14987	1	2
seq1752	 0.22860	1	3
seq1147	 0.04004	1	4
seq1663	 1.00888	1	3
seq1102	 0.29476	1	4
seq922	 0.04306	1	2
seq419	 0.39174	1	4
seq1737	-0.05048	1	2
seq185	 0.20435	1	2
seq47	-0.19515	1	3
seq190	 0.28493	1	0
seq1357	 0.06886	1	4
seq906	-0.27454	1	1
seq895	 0.02815	1	4
seq164	-0.03082	1	2
seq334	 0.31682	1	1
seq989	-0.00144	1	0
seq112	 0.49565	1	4
seq1124	 0.78885	1	4
seq1824	-0.19251	1	1
seq297	-0.12176	1	1
seq1397	-0.06708	1	2
seq1354	 0.07217	1	1
seq703	 0.18303	1	2
seq499	 0.14445	1	4
seq933	 0.23094	1	0
seq948	 0.39402	1	4
seq563	 0.41549	1	3
seq1410	 0.18493	1	4
seq723	-0.12422	1	2
seq913	 0.14984	1	3
seq1632	-0.04432	1	1
seq1518	 0.93182	1	0
seq399	 0.23098	1	4
seq38	-0.26097	1	2
seq352	 0.20715	1	3
seq918	 0.13116	1	2
seq50	 0.32706	1	2
seq766	 0.82601	1	3
seq1530	 0.21442	1	1
seq1581	 0.14292	1	4
seq1722	 0.79373	1	4
seq1595	 0.05057	1	3
seq1157	-0.27905	1	2
seq309	 0.02061	1	3
seq1620	-0.24351	1	3
seq889	-0.29359	1	3
seq1345	 0.66942	1	2
seq1778	 0.26587	1	4
seq583	 0.31142	1	0
seq470	 0.23175	1	3
seq585	 0.94344	1	2
seq818	 0.31858	1	0
seq1338	 0.39174	1	2
seq1395	 0.45667	1	3
seq704	 0.41491	1	1
seq1352	 0.03662	1	4
seq1671	 1.00003	1	1
seq1523	-0.14826	1	0
seq1662	-0.22127	1	1
seq768	-0.24510	1	0
seq1134	 0.03434	1	0
seq815	 0.25061	1	2
seq199	 0.04836	1	2
seq960	-0.28651	1	3
seq1298	 0.28386	1	4
seq1256	-0.03341	1	0
seq448	 0.76492	1	2
seq1807	 0.39616	1	1
seq14	 0.31496	1	4
seq258	 0.35588	1	4
seq825	 0.00436	1	4
seq1333	-0.01708	1	3
seq726	 0.95671	1	3
seq1239	 0.08794	1	0
seq878	 0.47407	1	1
seq72	 0.24901	1	0
seq985	 0.75973	1	0
seq721	 0.53627	1	2
seq1328	 0.21459	1	3
seq1458	 0.04919	1	0
seq1206	 0.10070	1	1
seq123	 0.28599	1	1
seq842	-0.23878	1	2
seq56	 0.26741	1	4
seq402	 0.75988	1	4
seq132	 0.08903	1	0
seq1750	 0.15107	1	1
seq1689	-0.05333	1	3
seq412	 0.16009	1	3
seq1079	-0.05400	1	3
seq467	 0.02184	1	1
seq182	 0.96825	1	4
seq1773	 0.12245	1	1
seq1145	 0.32529	1	0
seq247	 0.74026	1	1
seq1786	 0.29152	1	2
seq7	 0.30046	1	2
seq1740	 0.13350	1	0
seq806	 0.10813	1	3
seq161	 0.01436	1	4
seq1542	 0.89981	1	4
seq648	 0.21590	1	4
seq218	 0.15599	1	2
seq1543	-0.17771	1	4
seq354	 0.41731	1	3
seq1366	 0.35825	1	2
seq1234	 0.16603	1	3
seq1196	-0.32985	1	0
seq1576	 0.70415	1	2
seq224	 0.14147	1	2
seq543	-0.42958	1	3
seq1821	 0.34825	1	2
seq610	 0.23953	1	2
seq465	 0.84136	1	4
seq672	-0.11549	1	0
seq905	-0.02650	1	3
seq1026	 0.28224	1	3
seq564	 0.46742	1	2
seq12	 0.02157	1	3
seq1077	 0.05160	1	1
seq63	 0.81235	1	4
seq1299	 0.00415	1	1
seq44	 0.16885	1	0
seq1390	 0.23591	1	1
seq1598	-0.06421	1	2
seq1756	-0.49455	1	3
seq1553	 0.31898	1	3
seq231	 1.01713	1	3
seq627	 0.05441	1	3
seq1799	-0.73123	1	4
seq393	 0.09662	1	3
seq755	 0.15774	1	1
seq1249	 0.10431	1	0
seq140	-0.14596	1	4
seq1199	 0.03488	1	2
seq1614	 0.23914	1	4
seq609	-0.16160	1	1
seq1343	 0.30998	1	1
seq1507	-0.11490	1	1
seq1477	 0.18869	1	1
seq1677	 0.23271	1	4
U00096.2:943439-943738(-)	-0.28417	-1	0
U00096.2:105929-106228(-)	-0.36763	-1	0
U00096.2:4340761-4341060(-)	-0.07484	-1	0
U00096.2:2296237-2296536(+)	-0.14014	-1	2
U00096.2:388129-388428(-)	-0.20836	-1	4
U00096.2:4122781-4123080(+)	-0.34518	-1	3
U00096.2:3451027-3451326(-)	-0.00183	-1	0
U00096.2:1827215-1827514(+)	-0.20661	-1	0
U00096.2:2011709-2012008(+)	-0.31763	-1	3
U00096.2:444991-445290(-)	-0.06106	-1	0
U00096.2:43724-44023(+)	-0.45010	-1	4
U00096.2:3390633-3390932(-)	-0.21078	-1	2
U00096.2:1016439-1016738(+)	-0.30108	-1	0
U00096.2:864499-864798(+)	-0.49929	-1	2
U00096.2:2392108-2392407(-)	-0.44971	-1	3
U00096.2:4252271-4252570(+)	-0.35360	-1	2
U00096.2:3738885-3739184(+)	-0.43957	-1	2
U00096.2:4331372-4331671(-)	-0.18348	-1	2
U00096.2:3501556-3501855(-)	-0.36561	-1	3
U00096.2:3425529-3425828(+)	 0.28611	-1	3
U00096.2:4236333-4236632(-)	 0.00119	-1	3
U00096.2:1461699-1461998(+)	-0.23516	-1	0
U00096.2:201217-201516(-)	-0.36065	-1	1
U00096.2:973333-973632(-)	-0.05406	-1	4
U00096.2:3879038-3879337(+)	-0.36164	-1	2
U00096.2:4547179-4547478(+)	-0.07949	-1	4
U00096.2:1763367-1763666(+)	-0.01365	-1	3
U00096.2:642886-643185(+)	-0.14598	-1	1
U00096.2:3920067-3920366(+)	-0.14171	-1	0
U00096.2:4444054-4444353(+)	-0.33665	-1	4
U00096.2:1714657-1714956(-)	-0.17843	-1	4
U00096.2:2999231-2999530(+)	-0.02070	-1	4
U00096.2:4255261-4255560(-)	-0.28656	-1	4
U00096.2:4482141-4482440(-)	-0.24455	-1	0
U00096.2:2772367-2772666(-)	 0.96882	-1	0
U00096.2:1759117-1759416(+)	-0.36102	-1	1
U00096.2:3262437-3262736(-)	-0.26244	-1	3
U00096.2:4525534-4525833(-)	-0.17197	-1	1
U00096.2:1304267-1304566(-)	-0.02317	-1	0
U00096.2:1984423-1984722(-)	 0.56503	-1	3
U00096.2:3398052-3398351(+)	-0.42117	-1	0
U00096.2:2724040-2724339(+)	-0.35785	-1	3
U00096.2:2372300-2372599(-)	-0.23477	-1	0
U00096.2:3247989-3248288(-)	-0.32572	-1	1
U00096.2:1894235-1894534(+)	-0.27881	-1	1
U00096.2:194250-194549(-)	-0.23856	-1	3
U00096.2:947576-947875(+)	-0.13056	-1	4
U00096.2:963604-963903(-)	-0.01657	-1	0
U00096.2:693543-693842(-)	-0.33424	-1	1
U00096.2:4179070-4179369(+)	 0.14852	-1	1
U00096.2:3567637-3567936(-)	-0.14162	-1	2
U00096.2:2286762-2287061(+)	 0.27973	-1	4
U00096.2:134667-134966(+)	-0.09155	-1	4
U00096.2:1627811-1628110(+)	-0.07202	-1	3
U00096.2:2919716-2920015(-)	-0.15499	-1	1
U00096.2:2747935-2748234(-)	-0.15511	-1	1
U00096.2:1035530-1035829(+)	-0.40432	-1	1
U00096.2:1202626-1202925(-)	-0.15914	-1	4
U00096.2:487874-488173(+)	-0.49442	-1	4
U00096.2:2240999-2241298(-)	-0.18366	-1	3
U00096.2:2928304-2928603(-)	-0.33106	-1	0
U00096.2:100246-100545(+)	-0.23643	-1	0
U00096.2:3330292-3330591(+)	-0.15943	-1	4
U00096.2:1556349-1556648(-)	-0.34587	-1	2
U00096.2:126763-127062(-)	-0.28604	-1	0
U00096.2:1394076-1394375(-)	-0.26335	-1	4
U00096.2:992497-992796(-)	-0.15994	-1	4
U00096.2:4572695-4572994(+)	-0.18184	-1	3
U00096.2:1747237-1747536(-)	-0.25522	-1	4
U00096.2:403825-404124(+)	-0.07345	-1	4
U00096.2:2115260-2115559(+)	-0.32709	-1	1
U00096.2:1364087-1364386(-)	-0.32098	-1	3
U00096.2:2806594-2806893(-)	-0.58458	-1	3
U00096.2:2722201-2722500(-)	-0.19216	-1	3
U00096.2:2723001-2723300(+)	-0.01832	-1	2
U00096.2:2920395-2920694(+)	-0.06738	-1	3
U00096.2:24685-24984(+)	-0.22106	-1	4
U00096.2:443350-443649(-)	-0.22150	-1	4
U00096.2:4230731-4231030(-)	-0.55291	-1	1
U00096.2:822749-823048(-)	-0.37641	-1	4
U00096.2:1101088-1101387(+)	 0.24672	-1	4
U00096.2:339337-339636(-)	-0.34539	-1	4
U00096.2:878691-878990(-)	 0.00513	-1	3
U00096.2:278529-278828(+)	-0.39711	-1	1
U00096.2:93347-93646(-)	-0.36613	-1	2
U00096.2:996037-996336(-)	-0.18247	-1	2
U00096.2:2500944-2501243(+)	-0.41667	-1	0
U00096.2:3130377-3130676(-)	-0.03055	-1	2
U00096.2:3612065-3612364(-)	 0.04863	-1	4
U00096.2:672115-672414(-)	-0.34624	-1	4
U00096.2:4349127-4349426(+)	-0.22865	-1	4
U00096.2:4225156-4225455(+)	-0.38332	-1	4
U00096.2:884029-884328(-)	-0.05885	-1	1
U00096.2:3618445-3618744(-)	-0.84655	-1	4
U00096.2:3751954-3752253(+)	 0.03758	-1	1
U00096.2:2915154-2915453(+)	-0.10215	-1	1
U00096.2:1664242-1664541(+)	-0.09708	-1	3
U00096.2:2092846-2093145(-)	-0.38544	-1	3
U00096.2:615789-616088(+)	-0.56091	-1	0
U00096.2:1838879-1839178(-)	-0.07648	-1	0
U00096.2:1514498-1514797(+)	-0.32447	-1	2
U00096.2:1572007-1572306(+)	-0.02663	-1	3
U00096.2:4314826-4315125(-)	-0.72752	-1	0
U00096.2:2123655-2123954(+)	-0.29079	-1	2
U00096.2:3322562-3322861(-)	-0.15596	-1	3
U00096.2:1549405-1549704(-)	-0.26691	-1	4
U00096.2:3174385-3174684(-)	-0.40436	-1	2
U00096.2:2631461-2631760(-)	-0.49082	-1	2
U00096.2:1631686-1631985(+)	 0.11502	-1	4
U00096.2:3296627-3296926(-)	-0.20735	-1	4
U00096.2:3392437-3392736(-)	-0.29345	-1	0
U00096.2:1652605-1652904(-)	-0.09216	-1	0
U00096.2:3568560-3568859(+)	-0.40236	-1	3
U00096.2:2308819-2309118(-)	-0.35054	-1	4
U00096.2:4590309-4590608(+)	-0.39127	-1	2
U00096.2:3682151-3682450(-)	-0.30281	-1	2
U00096.2:2129354-2129653(-)	-0.35494	-1	3
U00096.2:3063080-3063379(+)	-0.41670	-1	1
U00096.2:3625033-3625332(+)	-0.20145	-1	0
U00096.2:2425048-2425347(-)	-0.20246	-1	3
U00096.2:2712147-2712446(-)	-0.06484	-1	2
U00096.2:2097086-2097385(+)	 0.21042	-1	3
U00096.2:373749-374048(-)	-0.42426	-1	3
U00096.2:145130-145429(-)	-0.07736	-1	0
U00096.2:1020519-1020818(-)	 0.05586	-1	4
U00096.2:1791653-1791952(-)	-0.14882	-1	0
U00096.2:4193503-4193802(+)	-0.41160	-1	4
U00096.2:2134842-2135141(-)	-0.32061	-1	3
U00096.2:1066894-1067193(-)	 0.47251	-1	1
U00096.2:3123189-3123488(+)	-0.30145	-1	1
U00096.2:2600176-2600475(+)	-0.29069	-1	2
U00096.2:4522056-4522355(-)	-0.01989	-1	4
U00096.2:2173890-2174189(-)	-0.14718	-1	0
U00096.2:3447528-3447827(-)	-0.05327	-1	4
U00096.2:2456620-2456919(+)	-0.38988	-1	4
U00096.2:1683025-1683324(+)	-0.14698	-1	3
U00096.2:3230596-3230895(-)	-0.29366	-1	0
U00096.2:2297528-2297827(+)	-0.32445	-1	1
U00096.2:1684622-1684921(-)	 0.37640	-1	4
U00096.2:376286-376585(-)	-0.27379	-1	3
U00096.2:4553343-4553642(+)	 0.34637	-1	3
U00096.2:1886679-1886978(+)	-0.29931	-1	3
U00096.2:2405339-2405638(+)	 0.42365	-1	2
U00096.2:2313624-2313923(+)	 0.07892	-1	2
U00096.2:4046319-4046618(+)	-0.18028	-1	3
U00096.2:1095583-1095882(+)	 0.32665	-1	0
U00096.2:1042855-1043154(+)	-0.21172	-1	0
U00096.2:3141365-3141664(-)	-0.36055	-1	2
U00096.2:289069-289368(+)	-0.49049	-1	2
U00096.2:3640652-3640951(-)	-0.49230	-1	2
U00096.2:1965365-1965664(+)	-0.15738	-1	1
U00096.2:3842318-3842617(-)	-0.21512	-1	0
U00096.2:777476-777775(-)	-0.35698	-1	3
U00096.2:3326521-3326820(+)	-0.10652	-1	0
U00096.2:76044-76343(+)	-0.10764	-1	2
U00096.2:486779-487078(-)	-0.14327	-1	2
U00096.2:122377-122676(+)	-0.26595	-1	1
U00096.2:165224-165523(-)	-0.45269	-1	3
U00096.2:4296002-4296301(-)	-0.37792	-1	1
U00096.2:4455183-4455482(-)	-0.32329	-1	0
U00096.2:4344362-4344661(+)	-0.30031	-1	1
U00096.2:1734732-1735031(+)	-0.13970	-1	2
U00096.2:1595018-1595317(+)	-0.11059	-1	3
U00096.2:1537567-1537866(+)	-0.47449	-1	4
U00096.2:713415-713714(+)	-0.45595	-1	3
U00096.2:838112-838411(-)	-0.21179	-1	2
U00096.2:3385034-3385333(+)	-0.28674	-1	3
U00096.2:1424437-1424736(+)	 0.42554	-1	1
U00096.2:2232050-2232349(-)	-0.05332	-1	4
U00096.2:4343817-4344116(+)	-0.48296	-1	3
U00096.2:542229-542528(-)	 0.23569	-1	1
U00096.2:3018287-3018586(-)	-0.10993	-1	2
U00096.2:3030690-3030989(+)	 0.37607	-1	2
U00096.2:459297-459596(+)	-0.25892	-1	1
U00096.2:1436505-1436804(+)	-0.36015	-1	3
U00096.2:1773282-1773581(-)	 0.22014	-1	1
U00096.2:3070160-3070459(-)	-0.18404	-1	0
U00096.2:711272-711571(-)	-0.09665	-1	4
U00096.2:842014-842313(+)	-0.07133	-1	1
U00096.2:1525729-1526028(-)	 0.05360	-1	2
U00096.2:3867337-3867636(+)	-0.12316	-1	2
U00096.2:909123-909422(+)	-0.27517	-1	4
U00096.2:4171107-4171406(+)	-0.08982	-1	1
U00096.2:3378383-3378682(-)	-0.21001	-1	0
U00096.2:1637888-1638187(+)	 0.04590	-1	1
U00096.2:521829-522128(+)	-0.27028	-1	3
U00096.2:2556348-2556647(-)	-0.29893	-1	4
U00096.2:3905356-3905655(-)	-0.26129	-1	1
U00096.2:4570984-4571283(+)	 0.20480	-1	1
U00096.2:3366206-3366505(-)	 0.03733	-1	4
U00096.2:974710-975009(+)	-0.28985	-1	1
U00096.2:3975751-3976050(+)	-0.05945	-1	0
U00096.2:3008071-3008370(+)	-0.27791	-1	0
U00096.2:2252360-2252659(+)	-0.27824	-1	3
U00096.2:2284748-2285047(-)	-0.17766	-1	4
U00096.2:807093-807392(+)	-0.04914	-1	0
U00096.2:4336554-4336853(-)	-0.26766	-1	3
U00096.2:3087022-3087321(+)	-0.27072	-1	1
U00096.2:1968325-1968624(+)	-0.25014	-1	1
U00096.2:4507007-4507306(-)	-0.31890	-1	3
U00096.2:1473245-1473544(+)	 0.21893	-1	4
U00096.2:3608784-3609083(+)	-0.46105	-1	1
U00096.2:4421748-4422047(-)	-0.42208	-1	0
U00096.2:9605-9904(+)	-0.17192	-1	2
U00096.2:1735235-1735534(-)	 0.14492	-1	4
U00096.2:1027322-1027621(-)	-0.23900	-1	1
U00096.2:1641091-1641390(+)	 0.03960	-1	2
U00096.2:1256464-1256763(-)	-0.28984	-1	3
U00096.2:1687291-1687590(+)	-0.36466	-1	0
U00096.2:631086-631385(+)	-0.13873	-1	1
U00096.2:3319524-3319823(+)	 0.75674	-1	0
U00096.2:1137103-1137402(-)	-0.20055	-1	1
U00096.2:2339033-2339332(-)	-0.26157	-1	4
U00096.2:790096-790395(-)	-0.27230	-1	3
U00096.2:883206-883505(+)	-0.21328	-1	0
U00096.2:794550-794849(+)	-0.28932	-1	1
U00096.2:2448407-2448706(+)	 0.04408	-1	4
U00096.2:293548-293847(-)	 0.49878	-1	0
U00096.2:1112854-1113153(-)	-0.01347	-1	2
U00096.2:3105905-3106204(-)	-0.02727	-1	0
U00096.2:324783-325082(-)	-0.13523	-1	0
U00096.2:2398034-2398333(+)	-0.17520	-1	0
U00096.2:1420378-1420677(+)	-0.26210	-1	3
U00096.2:3458260-3458559(-)	-0.01073	-1	3
U00096.2:2648794-2649093(+)	-0.21256	-1	3
U00096.2:4576910-4577209(-)	 0.32405	-1	0
U00096.2:4026807-4027106(+)	-0.47929	-1	3
U00096.2:4307518-4307817(-)	-0.11671	-1	2
U00096.2:3877504-3877803(+)	-0.29195	-1	0
U00096.2:1444438-1444737(+)	 0.00394	-1	2
U00096.2:586424-586723(-)	-0.42976	-1	3
U00096.2:2462144-2462443(-)	 0.37288	-1	3
U00096.2:1877207-1877506(-)	 0.14881	-1	0
U00096.2:2401762-2402061(-)	-0.18321	-1	4
U00096.2:131481-131780(+)	-0.07791	-1	2
U00096.2:856827-857126(-)	-0.04076	-1	1
U00096.2:3386127-3386426(+)	-0.17584	-1	3
U00096.2:2332847-2333146(+)	-0.14145	-1	0
U00096.2:771621-771920(-)	-0.13626	-1	0
U00096.2:379463-379762(-)	-0.09649	-1	2
U00096.2:1166575-1166874(-)	-0.04288	-1	0
U00096.2:3486766-3487065(-)	-0.35813	-1	1
U00096.2:2303671-2303970(+)	-0.31641	-1	2
U00096.2:446652-446951(-)	-0.06022	-1	4
U00096.2:2583220-2583519(+)	-0.03849	-1	0
U00096.2:1674145-1674444(+)	-0.19084	-1	3
U00096.2:1960971-1961270(+)	-0.02519	-1	3
U00096.2:3966152-3966451(+)	-0.13036	-1	0
U00096.2:2250162-2250461(+)	-0.28739	-1	2
U00096.2:2517197-2517496(+)	-0.03201	-1	0
U00096.2:2991262-2991561(-)	 0.56911	-1	0
U00096.2:4385084-4385383(+)	-0.40527	-1	1
U00096.2:1670834-1671133(-)	-0.04627	-1	4
U00096.2:3184583-3184882(-)	-0.92100	-1	3
U00096.2:2103539-2103838(+)	 0.30018	-1	4
U00096.2:2526699-2526998(-)	-0.21458	-1	2
U00096.2:3812387-3812686(-)	-0.00645	-1	1
U00096.2:3886527-3886826(-)	 0.38060	-1	0
U00096.2:3508921-3509220(+)	 0.08852	-1	2
U00096.2:867749-868048(+)	-0.30354	-1	0
U00096.2:3613344-3613643(-)	-0.63815	-1	0
U00096.2:924262-924561(-)	-0.34293	-1	3
U00096.2:3567210-3567509(-)	-0.01835	-1	1
U00096.2:3879573-3879872(+)	-0.48788	-1	0
U00096.2:397471-397770(+)	-0.21809	-1	0
U00096.2:4184261-4184560(+)	-0.27136	-1	3
U00096.2:662414-662713(-)	-0.23736	-1	2
U00096.2:2510652-2510951(+)	 0.32088	-1	2
U00096.2:4111954-4112253(-)	-0.23425	-1	0
U00096.2:1250618-1250917(-)	-0.15543	-1	4
U00096.2:2258443-2258742(-)	-0.33727	-1	3
U00096.2:2326627-2326926(+)	-0.18124	-1	1
U00096.2:2956077-2956376(-)	-0.16213	-1	3
U00096.2:2666438-2666737(-)	-0.01523	-1	3
U00096.2:2378284-2378583(-)	-0.32114	-1	0
U00096.2:2828676-2828975(+)	-0.39857	-1	4
U00096.2:4369263-4369562(+)	-0.26077	-1	4
U00096.2:2143909-2144208(+)	-0.15983	-1	1
U00096.2:2600526-2600825(-)	-0.58488	-1	4
U00096.2:143341-143640(+)	-0.39243	-1	4
U00096.2:1743073-1743372(+)	-0.06537	-1	2
U00096.2:2098432-2098731(+)	-0.37022	-1	0
U00096.2:3384242-3384541(+)	-0.51451	-1	4
U00096.2:2064687-2064986(+)	-0.32631	-1	2
U00096.2:1013214-1013513(-)	-0.13154	-1	3
U00096.2:1885410-1885709(+)	-0.43522	-1	0
U00096.2:3508238-3508537(-)	-0.19012	-1	4
U00096.2:254071-254370(-)	-0.15883	-1	4
U00096.2:45221-45520(+)	-0.25612	-1	0
U00096.2:1500348-1500647(+)	 0.48297	-1	1
U00096.2:790831-791130(-)	-0.22452	-1	2
U00096.2:3871729-3872028(-)	-0.32201	-1	1
U00096.2:4089377-4089676(+)	-0.33769	-1	4
U00096.2:1651889-1652188(-)	-0.00884	-1	1
U00096.2:1427264-1427563(-)	-0.40682	-1	3
U00096.2:2554627-2554926(+)	-0.36662	-1	4
U00096.2:361337-361636(-)	-0.08537	-1	2
U00096.2:1176158-1176457(-)	-0.46434	-1	1
U00096.2:705690-705989(+)	-0.37416	-1	0
U00096.2:456701-457000(+)	-0.26039	-1	2
U00096.2:2896954-2897253(-)	-0.17946	-1	3
U00096.2:2314136-2314435(+)	 0.05060	-1	0
U00096.2:3005711-3006010(-)	-0.09443	-1	4
U00096.2:3761503-3761802(-)	-0.84770	-1	4
U00096.2:75019-75318(-)	-0.21161	-1	3
U00096.2:4375066-4375365(-)	-0.31849	-1	4
U00096.2:2791122-2791421(+)	-0.61391	-1	0
U00096.2:2238260-2238559(+)	 0.16679	-1	3
U00096.2:3577220-3577519(+)	-0.16461	-1	2
U00096.2:2355667-2355966(-)	-0.09038	-1	0
U00096.2:1164483-1164782(+)	-0.10969	-1	4
U00096.2:1319535-1319834(+)	-0.45445	-1	3
U00096.2:1485747-1486046(+)	-0.06524	-1	3
U00096.2:144747-145046(+)	 0.09581	-1	0
U00096.2:503986-504285(-)	 0.10782	-1	3
U00096.2:1290606-1290905(-)	 0.09953	-1	1
U00096.2:4506324-4506623(-)	-0.01248	-1	4
U00096.2:1012884-1013183(-)	-0.10268	-1	1
U00096.2:1440141-1440440(+)	-0.39891	-1	3
U00096.2:1139178-1139477(+)	-0.14237	-1	2
U00096.2:1950644-1950943(-)	 0.04782	-1	0
U00096.2:287173-287472(-)	-0.33552	-1	3
U00096.2:2530715-2531014(-)	-0.11987	-1	4
U00096.2:990868-991167(-)	-0.31235	-1	0
U00096.2:1583973-1584272(-)	 0.08127	-1	3
U00096.2:2204167-2204466(-)	-0.21938	-1	0
U00096.2:1497662-1497961(+)	-0.05343	-1	0
U00096.2:2739806-2740105(-)	 0.24450	-1	2
U00096.2:3286478-3286777(+)	 0.04626	-1	2
U00096.2:3281373-3281672(-)	-0.36551	-1	4
U00096.2:352560-352859(-)	-0.60680	-1	3
U00096.2:3323365-3323664(-)	-0.25914	-1	2
U00096.2:3744336-3744635(-)	-0.17113	-1	1
U00096.2:3998658-3998957(+)	-0.22023	-1	4
U00096.2:3948950-3949249(+)	-0.41406	-1	4
U00096.2:723833-724132(-)	-0.32448	-1	3
U00096.2:366496-366795(-)	-0.34369	-1	3
U00096.2:2895526-2895825(+)	-0.08629	-1	1
U00096.2:2224172-2224471(+)	-0.18425	-1	3
U00096.2:1483186-1483485(+)	-0.33479	-1	4
U00096.2:1330595-1330894(-)	-0.09914	-1	0
U00096.2:471805-472104(+)	-0.15796	-1	1
U00096.2:3231227-3231526(-)	-0.29183	-1	0
U00096.2:2917637-2917936(+)	-0.34287	-1	1
U00096.2:3069785-3070084(+)	-0.23041	-1	0
U00096.2:409068-409367(-)	 0.05500	-1	1
U00096.2:1719226-1719525(+)	 0.15898	-1	0
U00096.2:614385-614684(-)	-0.26502	-1	3
U00096.2:4361387-4361686(+)	-0.04958	-1	4
U00096.2:2300181-2300480(+)	 0.05186	-1	1
U00096.2:1407447-1407746(+)	-0.15145	-1	4
U00096.2:3076321-3076620(-)	-0.10805	-1	0
U00096.2:1173712-1174011(-)	-0.21955	-1	4
U00096.2:577863-578162(+)	 0.22061	-1	2
U00096.2:1153299-1153598(-)	-0.08658	-1	3
U00096.2:3801022-3801321(-)	 0.25513	-1	1
U00096.2:3215760-3216059(+)	-0.47140	-1	3
U00096.2:2719397-2719696(-)	-0.31181	-1	0
U00096.2:1550498-1550797(+)	-0.03439	-1	1
U00096.2:4482604-4482903(+)	-0.34191	-1	0
U00096.2:3119285-3119584(-)	 0.30443	-1	4
U00096.2:142024-142323(-)	-0.32638	-1	4
U00096.2:2670395-2670694(+)	-0.64554	-1	2
U00096.2:4447913-4448212(+)	-0.06598	-1	1
U00096.2:3854309-3854608(-)	 0.26473	-1	4
U00096.2:1826420-1826719(-)	-0.23279	-1	3
U00096.2:4315545-4315844(-)	-0.53283	-1	1
U00096.2:833729-834028(+)	-0.26093	-1	2
U00096.2:1437285-1437584(-)	-0.09617	-1	2
U00096.2:1258097-1258396(+)	-0.28057	-1	1
U00096.2:3488744-3489043(+)	-0.06095	-1	4
U00096.2:4240748-4241047(+)	-0.44156	-1	1
U00096.2:1348421-1348720(+)	-0.26173	-1	2
U00096.2:542760-543059(-)	-0.17010	-1	0
U00096.2:2468689-2468988(-)	 0.05262	-1	2
U00096.2:930875-931174(-)	-0.21015	-1	3
U00096.2:4602881-4603180(+)	-0.12532	-1	3
U00096.2:3625744-3626043(-)	-0.57549	-1	1
U00096.2:1145019-1145318(-)	-0.12392	-1	2
U00096.2:4041-4340(-)	-0.20404	-1	4
U00096.2:2025251-2025550(-)	-0.19467	-1	4
U00096.2:1515006-1515305(-)	 0.20609	-1	0
U00096.2:3081113-3081412(+)	-0.32714	-1	4
U00096.2:4160269-4160568(-)	 0.04989	-1	2
U00096.2:4085433-4085732(+)	 0.10902	-1	3
U00096.2:515588-515887(+)	 0.07660	-1	1
U00096.2:4391672-4391971(-)	-0.16755	-1	3
U00096.2:229886-230185(-)	-0.09184	-1	4
U00096.2:262866-263165(+)	-0.11384	-1	2
U00096.2:820014-820313(+)	 0.12783	-1	0
U00096.2:1303899-1304198(+)	-0.31923	-1	4
U00096.2:4485939-4486238(+)	-0.23091	-1	2
U00096.2:1279036-1279335(-)	-0.21152	-1	0
U00096.2:1359240-1359539(-)	-0.30485	-1	0
U00096.2:3052412-3052711(+)	-0.42490	-1	0
U00096.2:343232-343531(-)	 0.49939	-1	2
U00096.2:869118-869417(-)	-0.24018	-1	3
U00096.2:1442100-1442399(-)	-0.25294	-1	1
U00096.2:4509109-4509408(-)	-0.18058	-1	4
U00096.2:3608148-3608447(+)	-0.31995	-1	3
U00096.2:252280-252579(+)	 0.08436	-1	3
U00096.2:1038180-1038479(-)	-0.24129	-1	1
U00096.2:381569-381868(+)	 0.56797	-1	1
U00096.2:2445529-2445828(+)	-0.18859	-1	4
U00096.2:2755939-2756238(-)	 0.56963	-1	3
U00096.2:3900453-3900752(-)	 0.10570	-1	3
U00096.2:780730-781029(+)	 0.26791	-1	2
U00096.2:1481374-1481673(+)	-0.28018	-1	0
U00096.2:618937-619236(+)	-0.38288	-1	1
U00096.2:1911838-1912137(-)	-0.14140	-1	0
U00096.2:941098-941397(+)	-0.08722	-1	4
U00096.2:828790-829089(-)	-0.34134	-1	4
U00096.2:3116717-3117016(+)	-0.16609	-1	4
U00096.2:3287444-3287743(-)	-0.03407	-1	0
U00096.2:2794106-2794405(+)	-0.43817	-1	4
U00096.2:2741216-2741515(-)	-0.04993	-1	2
U00096.2:3058428-3058727(-)	 0.06294	-1	2
U00096.2:4419987-4420286(-)	-0.19156	-1	4
U00096.2:2240471-2240770(-)	-0.15830	-1	4
U00096.2:2747020-2747319(+)	-0.23144	-1	0
U00096.2:945409-945708(-)	-0.06838	-1	1
U00096.2:1996532-1996831(+)	-0.12626	-1	1
U00096.2:3554741-3555040(-)	-0.54952	-1	1
U00096.2:4043956-4044255(-)	-0.11566	-1	1
U00096.2:653755-654054(-)	-0.19555	-1	3
U00096.2:2159928-2160227(+)	-0.59818	-1	3
U00096.2:3681028-3681327(+)	-0.27952	-1	1
U00096.2:4064041-4064340(+)	-0.30322	-1	0
U00096.2:714629-714928(-)	 0.09920	-1	3
U00096.2:1529515-1529814(+)	 0.55349	-1	0
U00096.2:487374-487673(-)	-0.42815	-1	2
U00096.2:2776186-2776485(+)	-0.14046	-1	2
U00096.2:1980070-1980369(+)	-0.14280	-1	0
U00096.2:2518107-2518406(-)	-0.12263	-1	4
U00096.2:4386361-4386660(+)	-0.38397	-1	2
U00096.2:4148000-4148299(-)	 0.04852	-1	0
U00096.2:3030174-3030473(+)	-0.16877	-1	0
U00096.2:1738391-1738690(+)	-0.16029	-1	3
U00096.2:1297089-1297388(+)	 0.06812	-1	2
U00096.2:1443115-1443414(-)	-0.15362	-1	1
U00096.2:2012999-2013298(-)	-0.52157	-1	4
U00096.2:3995180-3995479(+)	-0.34957	-1	2
U00096.2:4491558-4491857(-)	-0.01839	-1	2
U00096.2:3212611-3212910(+)	-0.45632	-1	1
U00096.2:3910802-3911101(-)	-0.27118	-1	3
U00096.2:1363703-1364002(+)	-0.49448	-1	1
U00096.2:846340-846639(+)	 0.01358	-1	4
U00096.2:3888254-3888553(-)	 0.21293	-1	3
U00096.2:4017708-4018007(+)	-0.41328	-1	1
U00096.2:3179977-3180276(-)	-0.42138	-1	0
U00096.2:4608942-4609241(-)	-0.00080	-1	3
U00096.2:1770958-1771257(+)	-0.02076	-1	0
U00096.2:4446076-4446375(-)	 0.00596	-1	3
U00096.2:3073238-3073537(+)	-0.24099	-1	0
U00096.2:968176-968475(-)	-0.27474	-1	1
U00096.2:2397081-2397380(-)	-0.55909	-1	3
U00096.2:2139382-2139681(-)	-0.22285	-1	4
U00096.2:714023-714322(-)	-0.56373	-1	1
U00096.2:1487430-1487729(+)	-0.06533	-1	0
U00096.2:4265224-4265523(-)	-0.28769	-1	1
U00096.2:1529060-1529359(-)	 0.55238	-1	3
U00096.2:1958578-1958877(-)	-0.31319	-1	2
U00096.2:2936627-2936926(+)	 0.02865	-1	0
U00096.2:4475445-4475744(-)	-0.11278	-1	3
U00096.2:50238-50537(-)	-0.19963	-1	4
U00096.2:15640-15939(-)	-0.27936	-1	2
U00096.2:2773790-2774089(-)	-0.25462	-1	2
U00096.2:4515788-4516087(+)	-0.32623	-1	3
U00096.2:2581433-2581732(+)	-0.10569	-1	4
U00096.2:2352828-2353127(+)	-0.21483	-1	0
U00096.2:3849526-3849825(-)	-0.50020	-1	0
U00096.2:1415724-1416023(+)	 0.24703	-1	3
U00096.2:472780-473079(+)	-0.38294	-1	1
U00096.2:2961438-2961737(+)	-0.36027	-1	1
U00096.2:2905825-2906124(+)	-0.05431	-1	1
U00096.2:4093860-4094159(-)	-0.32803	-1	3
U00096.2:4547896-4548195(+)	-0.28337	-1	0
U00096.2:4387421-4387720(-)	-0.32879	-1	2
U00096.2:2245693-2245992(-)	-0.32614	-1	2
U00096.2:672510-672809(-)	-0.47441	-1	1
U00096.2:3941685-3941984(-)	 0.01837	-1	3
U00096.2:1834910-1835209(+)	-0.33588	-1	2
U00096.2:3600246-3600545(+)	-0.65498	-1	0
U00096.2:2320214-2320513(-)	-0.19021	-1	1
U00096.2:782104-782403(-)	-0.11356	-1	2
U00096.2:4117764-4118063(-)	-0.28070	-1	1
U00096.2:1265540-1265839(-)	-0.35527	-1	0
U00096.2:4152228-4152527(-)	-0.27305	-1	2
U00096.2:4396370-4396669(-)	-0.37200	-1	1
U00096.2:4090705-4091004(+)	 0.16583	-1	3
U00096.2:4507321-4507620(-)	-0.29429	-1	2
U00096.2:1012463-1012762(+)	-0.04643	-1	2
U00096.2:2001095-2001394(+)	-0.02930	-1	3
U00096.2:3711402-3711701(+)	-0.06511	-1	4
U00096.2:3408985-3409284(-)	-0.07597	-1	1
U00096.2:372217-372516(+)	-0.35557	-1	2
U00096.2:3426378-3426677(-)	 0.10860	-1	0
U00096.2:3707653-3707952(-)	-0.06604	-1	0
U00096.2:1872529-1872828(-)	-0.49390	-1	4
U00096.2:189042-189341(-)	-0.21348	-1	0
U00096.2:3979767-3980066(-)	-0.16878	-1	3
U00096.2:3592891-3593190(+)	-0.39735	-1	0
U00096.2:4333695-4333994(-)	-0.06415	-1	0
U00096.2:3778415-3778714(-)	-0.28597	-1	1
U00096.2:4059096-4059395(+)	 0.23277	-1	0
U00096.2:33412-33711(-)	-0.36837	-1	1
U00096.2:53961-54260(-)	-0.53428	-1	2
U00096.2:840201-840500(-)	-0.15841	-1	0
U00096.2:3589576-3589875(+)	-0.37423	-1	4
U00096.2:2591623-2591922(+)	-0.01498	-1	0
U00096.2:1712573-1712872(+)	-0.27559	-1	1
U00096.2:3280167-3280466(+)	-0.46502	-1	2
U00096.2:2060600-2060899(-)	-0.11865	-1	0
U00096.2:1113810-1114109(-)	-0.16579	-1	1
U00096.2:3050741-3051040(+)	-0.29571	-1	1
U00096.2:3146800-3147099(+)	-0.16771	-1	4
U00096.2:2067797-2068096(+)	-0.95663	-1	4
U00096.2:2523116-2523415(+)	 0.13542	-1	0
U00096.2:2852839-2853138(-)	-0.16869	-1	0
U00096.2:1892652-1892951(+)	-0.07146	-1	3
U00096.2:4221845-4222144(-)	-0.31391	-1	1
U00096.2:2878647-2878946(-)	 0.13846	-1	4
U00096.2:64131-64430(+)	-0.48295	-1	4
U00096.2:1817753-1818052(-)	 0.05709	-1	2
U00096.2:1010507-1010806(-)	-0.38898	-1	0
U00096.2:2040149-2040448(-)	 0.54050	-1	3
U00096.2:1414650-1414949(+)	-0.08037	-1	2
U00096.2:1727796-1728095(+)	-0.27653	-1	4
U00096.2:2007550-2007849(+)	 0.10871	-1	4
U00096.2:3458855-3459154(-)	 0.04284	-1	3
U00096.2:3269603-3269902(-)	-0.20779	-1	3
U00096.2:1911031-1911330(-)	-0.16763	-1	2
U00096.2:1251932-1252231(+)	-0.04215	-1	2
U00096.2:2833043-2833342(+)	-0.24317	-1	3
U00096.2:4020974-4021273(-)	-0.39060	-1	0
U00096.2:124535-124834(+)	-0.38899	-1	4
U00096.2:85803-86102(+)	-0.19390	-1	3
U00096.2:2788409-2788708(+)	-0.32847	-1	1
U00096.2:3946847-3947146(-)	-0.29798	-1	3
U00096.2:870389-870688(+)	-0.45101	-1	2
U00096.2:861878-862177(+)	-0.09331	-1	2
U00096.2:268345-268644(+)	 0.16989	-1	0
U00096.2:4550532-4550831(+)	-0.34895	-1	4
U00096.2:2215058-2215357(+)	-0.07825	-1	3
U00096.2:265355-265654(+)	-0.13713	-1	1
U00096.2:2159478-2159777(-)	-0.33302	-1	1
U00096.2:2564948-2565247(-)	-0.60901	-1	2
U00096.2:3856138-3856437(-)	-0.16008	-1	2
U00096.2:3752651-3752950(-)	-0.12703	-1	3
U00096.2:3039359-3039658(-)	-0.23857	-1	3
U00096.2:3571759-3572058(+)	-0.32464	-1	4
U00096.2:667449-667748(-)	-0.33145	-1	1
U00096.2:1816403-1816702(+)	 0.24712	-1	1
U00096.2:3926522-3926821(-)	-0.16023	-1	2
U00096.2:2825254-2825553(+)	-0.18375	-1	2
U00096.2:3710491-3710790(-)	-0.06838	-1	1
U00096.2:2847057-2847356(-)	-0.14028	-1	4
U00096.2:1245917-1246216(-)	-0.22541	-1	1
U00096.2:2311815-2312114(+)	-0.04423	-1	1
U00096.2:1384863-1385162(+)	 0.00479	-1	2
U00096.2:3659067-3659366(+)	-0.32456	-1	3
U00096.2:642327-642626(-)	 0.09820	-1	4
U00096.2:236069-236368(-)	-0.10320	-1	4
U00096.2:4281498-4281797(+)	-0.37988	-1	4
U00096.2:347997-348296(-)	-0.48341	-1	0
U00096.2:2703078-2703377(+)	-0.21112	-1	0
U00096.2:1838333-1838632(-)	-0.24472	-1	2
U00096.2:4635810-4636109(+)	-0.21274	-1	4
U00096.2:3616564-3616863(+)	-0.26871	-1	0
U00096.2:2330178-2330477(+)	-0.22998	-1	2
U00096.2:279756-280055(-)	-0.14553	-1	2
U00096.2:508337-508636(+)	-0.53857	-1	0
U00096.2:4406547-4406846(-)	-0.24909	-1	3
U00096.2:1469650-1469949(+)	-0.06813	-1	2
U00096.2:1244127-1244426(-)	 0.27181	-1	3
U00096.2:3901087-3901386(-)	-0.29273	-1	2
U00096.2:2513081-2513380(+)	-0.03468	-1	4
U00096.2:1022265-1022564(-)	-0.21466	-1	1
U00096.2:49276-49575(-)	-0.25240	-1	2
U00096.2:2762105-2762404(+)	 0.04172	-1	3
U00096.2:1641976-1642275(+)	-0.25506	-1	0
U00096.2:2742386-2742685(+)	 0.09426	-1	1
U00096.2:1373665-1373964(+)	-0.39391	-1	3
U00096.2:4417388-4417687(+)	-0.07098	-1	2
U00096.2:2668378-2668677(-)	-0.22101	-1	4
U00096.2:1117278-1117577(+)	-0.24093	-1	3
U00096.2:2537353-2537652(-)	-0.34816	-1	3
U00096.2:4387798-4388097(-)	-0.16550	-1	3
U00096.2:1080967-1081266(+)	-0.21228	-1	2
U00096.2:4275990-4276289(+)	 0.06322	-1	4
U00096.2:4421199-4421498(+)	-0.32147	-1	2
U00096.2:1701310-1701609(-)	-0.17685	-1	4
U00096.2:3954886-3955185(+)	-0.38285	-1	2
U00096.2:2431316-2431615(+)	-0.42268	-1	1
U00096.2:79027-79326(+)	-0.31475	-1	0
U00096.2:1022589-1022888(-)	-0.23013	-1	0
U00096.2:3819977-3820276(+)	-0.10044	-1	3
U00096.2:3619284-3619583(+)	-0.41848	-1	2
U00096.2:2593737-2594036(-)	 0.10250	-1	2
U00096.2:4241051-4241350(+)	-0.31773	-1	1
U00096.2:1552614-1552913(+)	-0.19462	-1	1
U00096.2:3361055-3361354(-)	 0.17231	-1	4
U00096.2:3092149-3092448(+)	-0.21855	-1	0
U00096.2:3722826-3723125(-)	-0.26645	-1	2
U00096.2:3090545-3090844(+)	-0.24916	-1	0
U00096.2:3019931-3020230(-)	-0.03557	-1	0
U00096.2:4136702-4137001(+)	-0.15923	-1	4
U00096.2:4245903-4246202(-)	 0.07318	-1	4
U00096.2:3045724-3046023(+)	-0.33677	-1	4
U00096.2:1136328-1136627(+)	-0.35511	-1	3
U00096.2:858685-858984(+)	-0.04737	-1	3
U00096.2:1088702-1089001(-)	-0.16702	-1	0
U00096.2:2006861-2007160(+)	-0.29703	-1	2
U00096.2:4042340-4042639(+)	 0.32307	-1	0
U00096.2:2604411-2604710(+)	-0.32978	-1	0
U00096.2:1325140-1325439(+)	-0.41322	-1	4
U00096.2:4613424-4613723(+)	-0.06057	-1	0
U00096.2:3336675-3336974(-)	-0.22263	-1	4
U00096.2:50624-50923(-)	-0.23177	-1	4
U00096.2:64483-64782(-)	-0.29588	-1	4
U00096.2:1941891-1942190(+)	-0.27885	-1	3
U00096.2:4628916-4629215(-)	-0.08480	-1	3
U00096.2:42823-43122(-)	-0.44596	-1	0
U00096.2:3796935-3797234(-)	 0.58321	-1	2
U00096.2:2443511-2443810(-)	-0.10425	-1	1
U00096.2:211415-211714(+)	-0.07724	-1	2
U00096.2:1922547-1922846(-)	 0.13013	-1	1
U00096.2:520103-520402(+)	-0.32074	-1	4
U00096.2:842729-843028(+)	-0.05670	-1	2
U00096.2:2466717-2467016(+)	 0.28452	-1	3
U00096.2:79604-79903(+)	-0.37444	-1	2
U00096.2:2073815-2074114(+)	 0.09137	-1	2
U00096.2:215968-216267(+)	 0.00201	-1	3
U00096.2:2863797-2864096(-)	-0.27347	-1	0
U00096.2:3709324-3709623(+)	-0.30549	-1	3
U00096.2:2639158-2639457(-)	-0.36573	-1	4
U00096.2:3738096-3738395(-)	-0.27765	-1	0
U00096.2:982441-982740(-)	 0.04414	-1	1
U00096.2:1326903-1327202(-)	-0.04164	-1	1
U00096.2:3647342-3647641(+)	-0.42832	-1	4
U00096.2:3381010-3381309(-)	-0.08549	-1	0
U00096.2:2606021-2606320(-)	-0.58240	-1	3
U00096.2:2526068-2526367(+)	-0.42476	-1	2
U00096.2:1431638-1431937(-)	 0.40044	-1	2
U00096.2:2919046-2919345(+)	-0.21136	-1	2
U00096.2:4187513-4187812(+)	 0.27640	-1	4
U00096.2:1348087-1348386(+)	-0.08790	-1	4
U00096.2:425486-425785(-)	-0.37564	-1	2
U00096.2:1855888-1856187(+)	 0.02430	-1	2
U00096.2:3157262-3157561(-)	-0.30876	-1	3
U00096.2:3483215-3483514(+)	-0.10444	-1	1
U00096.2:4217483-4217782(+)	-0.11418	-1	1
U00096.2:2104746-2105045(+)	 0.62378	-1	3
U00096.2:532662-532961(+)	-0.34088	-1	1
U00096.2:1253010-1253309(+)	-0.13036	-1	2
U00096.2:490740-491039(+)	-0.30381	-1	2
U00096.2:2488900-2489199(-)	-0.02491	-1	4
U00096.2:3848477-3848776(+)	-0.43976	-1	3
U00096.2:2369797-2370096(+)	-0.02690	-1	1
U00096.2:2101395-2101694(+)	 0.65105	-1	0
U00096.2:871625-871924(+)	-0.23482	-1	1
U00096.2:2296581-2296880(-)	-0.10992	-1	2
U00096.2:593146-593445(-)	-0.15637	-1	3
U00096.2:1825564-1825863(-)	-0.19128	-1	1
U00096.2:1632037-1632336(-)	-0.64282	-1	2
U00096.2:2048910-2049209(-)	-0.16133	-1	2
U00096.2:3736001-3736300(+)	-0.22048	-1	0
U00096.2:4319408-4319707(-)	-0.75387	-1	0
U00096.2:116687-116986(-)	-0.20591	-1	2
U00096.2:1668787-1669086(+)	-0.08697	-1	4
U00096.2:4199106-4199405(+)	-0.27475	-1	3
U00096.2:2389447-2389746(-)	-0.32124	-1	1
U00096.2:4069646-4069945(-)	-0.06083	-1	3
U00096.2:4348804-4349103(-)	-0.18666	-1	0
U00096.2:3539884-3540183(+)	-0.36799	-1	0
U00096.2:2629680-2629979(-)	-0.26509	-1	4
U00096.2:899625-899924(+)	 0.46058	-1	1
U00096.2:336062-336361(+)	-0.26480	-1	3
U00096.2:3994205-3994504(-)	-0.07914	-1	4
U00096.2:1540285-1540584(-)	-0.24777	-1	3
U00096.2:1904484-1904783(-)	-0.15958	-1	0
U00096.2:3734225-3734524(-)	 0.04300	-1	4
U00096.2:1808881-1809180(-)	-0.00269	-1	4
U00096.2:4191869-4192168(+)	-0.43129	-1	1
U00096.2:121933-122232(-)	 0.09646	-1	3
U00096.2:2331649-2331948(+)	-0.02398	-1	1
U00096.2:1720130-1720429(+)	-0.14827	-1	1
U00096.2:2015610-2015909(+)	-0.45350	-1	0
U00096.2:4422503-4422802(-)	 0.07158	-1	3
U00096.2:425929-426228(-)	-0.19111	-1	1
U00096.2:3990838-3991137(-)	-0.31282	-1	0
U00096.2:653406-653705(-)	-0.22841	-1	1
U00096.2:3047710-3048009(+)	-0.28471	-1	0
U00096.2:305996-306295(-)	-0.16543	-1	3
U00096.2:3312536-3312835(+)	-0.38260	-1	2
U00096.2:2676610-2676909(-)	-0.04564	-1	2
U00096.2:384666-384965(-)	-0.40731	-1	1
U00096.2:4250795-4251094(+)	-0.06328	-1	0
U00096.2:1370128-1370427(-)	-0.29228	-1	1
U00096.2:763885-764184(-)	-0.35676	-1	3
U00096.2:1662849-1663148(+)	-0.04478	-1	4
U00096.2:3651006-3651305(+)	-0.06930	-1	2
U00096.2:3225229-3225528(+)	-0.28360	-1	3
U00096.2:1740519-1740818(+)	-0.02581	-1	2
U00096.2:3480992-3481291(+)	-0.57661	-1	3
U00096.2:3374973-3375272(-)	-0.22315	-1	2
U00096.2:3660643-3660942(+)	-0.25639	-1	3
U00096.2:4513617-4513916(-)	-0.39513	-1	1
U00096.2:3862667-3862966(+)	-0.32246	-1	1
U00096.2:613434-613733(+)	-0.27945	-1	0
U00096.2:2679214-2679513(-)	-0.65572	-1	4
U00096.2:4120796-4121095(+)	-0.36243	-1	3
U00096.2:3494256-3494555(+)	-0.40531	-1	0
U00096.2:2181637-2181936(+)	-0.29942	-1	3
U00096.2:3571085-3571384(-)	-0.01288	-1	2
U00096.2:3471876-3472175(-)	 0.11903	-1	3
U00096.2:1163647-1163946(+)	-0.17071	-1	3
U00096.2:4535565-4535864(-)	 0.19140	-1	0
U00096.2:3715559-3715858(-)	-0.30982	-1	4
U00096.2:2148726-2149025(+)	 0.01613	-1	0
U00096.2:1667953-1668252(+)	-0.12081	-1	3
U00096.2:515002-515301(+)	 0.41174	-1	0
U00096.2:2654081-2654380(-)	-0.27563	-1	3
U00096.2:4091951-4092250(-)	-0.31237	-1	2
U00096.2:2021108-2021407(-)	-0.40362	-1	4
U00096.2:632385-632684(+)	-0.29439	-1	2
U00096.2:1498850-1499149(+)	-0.28268	-1	4
U00096.2:1471179-1471478(-)	-0.23043	-1	2
U00096.2:985709-986008(+)	-0.18357	-1	4
U00096.2:1689520-1689819(-)	 0.00860	-1	1
U00096.2:439100-439399(-)	-0.32341	-1	2
U00096.2:1778601-1778900(+)	-0.19789	-1	4
U00096.2:1874634-1874933(-)	-0.03674	-1	4
U00096.2:4272362-4272661(-)	-0.53933	-1	1
U00096.2:629473-629772(+)	-0.45059	-1	1
U00096.2:1024953-1025252(-)	-0.14131	-1	0
U00096.2:1196983-1197282(-)	 0.59039	-1	1
U00096.2:3893283-3893582(+)	-0.40107	-1	4
U00096.2:2804572-2804871(+)	-0.57279	-1	1
U00096.2:4376832-4377131(-)	-0.07910	-1	2
U00096.2:1864627-1864926(+)	 0.33419	-1	2
U00096.2:198484-198783(+)	-0.25597	-1	4
U00096.2:2770756-2771055(-)	-0.21938	-1	3
U00096.2:3386560-3386859(-)	-0.42936	-1	3
U00096.2:2061289-2061588(-)	 0.06183	-1	3
U00096.2:3540288-3540587(-)	-0.38393	-1	1
U00096.2:1418603-1418902(-)	 0.19241	-1	3
U00096.2:2246870-2247169(-)	-0.29352	-1	0
U00096.2:725249-725548(+)	-0.53613	-1	4
U00096.2:4607520-4607819(-)	-0.24245	-1	2
U00096.2:4613763-4614062(+)	-0.40652	-1	3
U00096.2:4182944-4183243(-)	-0.15438	-1	4
U00096.2:2966215-2966514(-)	-0.09406	-1	0
U00096.2:698103-698402(-)	-0.12559	-1	0
U00096.2:485798-486097(+)	-0.04029	-1	1
U00096.2:3394058-3394357(-)	-0.15708	-1	1
U00096.2:1591434-1591733(-)	-0.14147	-1	0
U00096.2:2412184-2412483(-)	-0.25431	-1	0
U00096.2:591066-591365(+)	-0.28961	-1	3
U00096.2:337194-337493(+)	-0.36293	-1	4
U00096.2:2382070-2382369(+)	 0.10879	-1	1
U00096.2:853205-853504(-)	-0.19222	-1	3
U00096.2:961630-961929(-)	-0.30146	-1	3
U00096.2:38155-38454(+)	-0.11887	-1	0
U00096.2:4002389-4002688(+)	-0.25670	-1	4
U00096.2:3023444-3023743(-)	 0.16112	-1	1
U00096.2:896679-896978(-)	-0.29097	-1	0
U00096.2:1661430-1661729(-)	-0.25445	-1	3
U00096.2:3137077-3137376(-)	-0.38304	-1	3
U00096.2:2440282-2440581(-)	-0.27784	-1	2
U00096.2:2935136-2935435(+)	-0.15903	-1	3
U00096.2:4377846-4378145(-)	-0.33039	-1	1
U00096.2:829689-829988(-)	-0.00512	-1	2
U00096.2:2636479-2636778(+)	 0.08791	-1	2
U00096.2:3844790-3845089(+)	-0.21545	-1	0
U00096.2:1368788-1369087(+)	-0.04540	-1	2
U00096.2:2804187-2804486(-)	-0.38805	-1	2
U00096.2:2277175-2277474(+)	-0.28023	-1	4
U00096.2:4460033-4460332(-)	-0.33132	-1	0
U00096.2:3583713-3584012(+)	-0.21194	-1	4
U00096.2:3284348-3284647(-)	-0.29907	-1	2
U00096.2:1570054-1570353(-)	 0.91498	-1	3
U00096.2:1503749-1504048(-)	-0.38575	-1	0
U00096.2:1487930-1488229(+)	-0.22706	-1	3
U00096.2:4256752-4257051(+)	-0.38545	-1	2
U00096.2:248735-249034(+)	-0.39150	-1	4
U00096.2:842385-842684(-)	-0.29655	-1	1
U00096.2:3847016-3847315(-)	-0.45869	-1	1
U00096.2:2606863-2607162(+)	-0.25238	-1	1
U00096.2:736183-736482(-)	 0.07560	-1	1
U00096.2:1519874-1520173(-)	-0.08987	-1	2
U00096.2:4291447-4291746(-)	-0.31914	-1	0
U00096.2:3346985-3347284(-)	-0.21871	-1	0
U00096.2:1729188-1729487(-)	-0.13642	-1	2
U00096.2:1322612-1322911(-)	 0.00702	-1	4
U00096.2:3104506-3104805(-)	-0.23631	-1	3
U00096.2:2094391-2094690(-)	-0.07158	-1	1
U00096.2:338318-338617(+)	-0.61141	-1	2
U00096.2:2016600-2016899(+)	-0.04211	-1	1
U00096.2:196220-196519(-)	-0.03539	-1	0
U00096.2:3442878-3443177(-)	-0.26786	-1	2
U00096.2:1078645-1078944(-)	-0.18382	-1	0
U00096.2:2149568-2149867(-)	 0.15152	-1	1
U00096.2:2020465-2020764(+)	-0.31330	-1	4
U00096.2:617809-618108(-)	-0.03794	-1	4
U00096.2:3528534-3528833(-)	-0.05223	-1	4
U00096.2:2124619-2124918(-)	-0.28476	-1	3
U00096.2:47382-47681(-)	-0.45445	-1	3
U00096.2:2947558-2947857(+)	-0.25789	-1	0
U00096.2:645210-645509(-)	-0.02546	-1	0
U00096.2:1937562-1937861(-)	-0.14723	-1	0
U00096.2:3498394-3498693(-)	-0.36368	-1	2
U00096.2:4475099-4475398(+)	 0.38127	-1	0
U00096.2:1857137-1857436(-)	 0.19709	-1	0
U00096.2:3496411-3496710(+)	-0.44351	-1	2
U00096.2:3419057-3419356(+)	-0.19698	-1	2
U00096.2:3831188-3831487(-)	-0.06457	-1	0
U00096.2:2353607-2353906(+)	-0.28362	-1	3
U00096.2:1454126-1454425(+)	-0.20148	-1	3
U00096.2:700545-700844(-)	-0.26116	-1	2
U00096.2:1282955-1283254(-)	-0.35993	-1	0
U00096.2:1177475-1177774(+)	-0.08098	-1	2
U00096.2:3160408-3160707(-)	-0.21435	-1	3
U00096.2:934364-934663(-)	-0.32719	-1	0
U00096.2:603643-603942(+)	 0.03162	-1	4
U00096.2:3094182-3094481(-)	-0.15573	-1	3
U00096.2:3726309-3726608(+)	-0.15379	-1	1
U00096.2:4100820-4101119(-)	-0.22356	-1	2
U00096.2:3024993-3025292(-)	-0.06918	-1	1
U00096.2:3864957-3865256(-)	-0.07423	-1	4
U00096.2:429730-430029(+)	 0.02959	-1	2
U00096.2:3339744-3340043(-)	-0.20729	-1	2
U00096.2:3862119-3862418(+)	-0.17628	-1	0
U00096.2:76380-76679(+)	-0.24761	-1	4
U00096.2:4516706-4517005(-)	-0.25114	-1	3
U00096.2:1419420-1419719(-)	 0.24473	-1	3
U00096.2:1660371-1660670(+)	 0.12620	-1	2
U00096.2:1451864-1452163(-)	 0.04654	-1	0
U00096.2:2079913-2080212(-)	 0.07223	-1	0
U00096.2:4203846-4204145(-)	-0.46620	-1	3
U00096.2:4251372-4251671(-)	-0.25570	-1	4
U00096.2:4312934-4313233(+)	-0.51459	-1	1
U00096.2:3150438-3150737(+)	-0.09847	-1	4
U00096.2:1766648-1766947(-)	 0.10935	-1	0
U00096.2:960427-960726(+)	-0.24441	-1	1
U00096.2:4027943-4028242(-)	-0.13117	-1	3
U00096.2:3411638-3411937(-)	 0.65262	-1	0
U00096.2:1609422-1609721(-)	-0.12293	-1	2
U00096.2:4063001-4063300(+)	 0.22355	-1	3
U00096.2:3705346-3705645(+)	-0.22289	-1	0
U00096.2:3821554-3821853(+)	-0.33108	-1	3
U00096.2:2912654-2912953(-)	-0.20241	-1	4
U00096.2:261348-261647(-)	-0.21419	-1	4
U00096.2:91254-91553(+)	-0.01642	-1	2
U00096.2:1534396-1534695(+)	-0.09206	-1	1
U00096.2:3589046-3589345(-)	-0.35157	-1	3
U00096.2:3121837-3122136(-)	-0.44164	-1	0
U00096.2:1597006-1597305(+)	-0.10604	-1	2
U00096.2:385362-385661(-)	-0.30954	-1	4
U00096.2:3602627-3602926(+)	-0.21637	-1	0
U00096.2:2573758-2574057(+)	 0.47566	-1	4
U00096.2:2362377-2362676(-)	 0.54260	-1	0
U00096.2:2364649-2364948(-)	-0.03203	-1	0
U00096.2:4079344-4079643(-)	-0.11885	-1	4
U00096.2:2913754-2914053(+)	-0.30632	-1	4
U00096.2:70502-70801(-)	-0.05176	-1	1
U00096.2:1170914-1171213(-)	-0.26624	-1	0
U00096.2:843883-844182(-)	-0.19300	-1	3
U00096.2:139094-139393(-)	-0.32618	-1	4
U00096.2:374112-374411(+)	-0.45447	-1	0
U00096.2:2598611-2598910(-)	-0.06236	-1	2
U00096.2:2563626-2563925(+)	-0.49411	-1	2
U00096.2:1637451-1637750(-)	 0.05134	-1	4
U00096.2:3514822-3515121(-)	-0.28917	-1	0
U00096.2:3627368-3627667(+)	-0.39419	-1	1
U00096.2:1601559-1601858(-)	-0.26955	-1	1
U00096.2:3595412-3595711(+)	 0.27153	-1	0
U00096.2:657351-657650(-)	-0.20553	-1	0
U00096.2:2854098-2854397(-)	-0.36876	-1	4
U00096.2:581959-582258(+)	 0.30331	-1	1
U00096.2:3611338-3611637(-)	-0.13495	-1	4
U00096.2:1369371-1369670(+)	 0.10568	-1	2
U00096.2:3239981-3240280(+)	-0.40160	-1	2
U00096.2:560086-560385(+)	-0.01087	-1	2
U00096.2:1588615-1588914(-)	 0.16961	-1	4
U00096.2:1946687-1946986(-)	-0.18377	-1	3
U00096.2:447885-448184(-)	-0.25332	-1	3
U00096.2:3060130-3060429(+)	-0.40256	-1	0
U00096.2:4218337-4218636(-)	 0.32990	-1	1
U00096.2:3824625-3824924(-)	-0.31016	-1	1
U00096.2:175243-175542(+)	-0.44303	-1	0
U00096.2:272669-272968(-)	-0.11321	-1	3
U00096.2:4044419-4044718(-)	 0.31844	-1	3
U00096.2:4611442-4611741(+)	 0.00207	-1	1
U00096.2:4139291-4139590(+)	-0.23677	-1	2
U00096.2:2685752-2686051(+)	-0.34784	-1	3
U00096.2:2568190-2568489(+)	-0.44216	-1	0
U00096.2:2724737-2725036(-)	-0.98455	-1	1
U00096.2:3576234-3576533(-)	-0.39568	-1	4
U00096.2:221465-221764(+)	-0.26009	-1	2
U00096.2:4036505-4036804(-)	-0.44493	-1	4
U00096.2:3307379-3307678(-)	-0.23084	-1	2
U00096.2:4245201-4245500(+)	-0.61547	-1	1
U00096.2:3557099-3557398(+)	-0.43504	-1	2
U00096.2:1433871-1434170(-)	-0.04613	-1	3
U00096.2:3672053-3672352(-)	-0.37446	-1	1
U00096.2:589351-589650(-)	-0.26588	-1	2
U00096.2:99795-100094(-)	-0.24781	-1	2
U00096.2:4157201-4157500(-)	-0.38228	-1	4
U00096.2:4253035-4253334(-)	-0.38347	-1	2
U00096.2:1245251-1245550(-)	-0.18950	-1	1
U00096.2:4496829-4497128(+)	-0.92206	-1	0
U00096.2:573968-574267(+)	-1.00477	-1	4
U00096.2:1321600-1321899(+)	-0.14659	-1	1
U00096.2:1082228-1082527(+)	-0.21508	-1	3
U00096.2:3932807-3933106(-)	-0.24244	-1	3
U00096.2:893781-894080(+)	-0.24681	-1	3
U00096.2:3887926-3888225(+)	 0.24097	-1	1
U00096.2:3609094-3609393(-)	-0.37884	-1	1
U00096.2:411966-412265(+)	-0.67959	-1	4
U00096.2:1471780-1472079(+)	-0.27354	-1	4
U00096.2:2874586-2874885(+)	-0.01441	-1	2
U00096.2:3748465-3748764(+)	-0.25351	-1	4
U00096.2:3095027-3095326(+)	-0.24217	-1	0
U00096.2:3465354-3465653(+)	-0.16594	-1	0
U00096.2:876510-876809(+)	-0.23701	-1	4
U00096.2:859888-860187(+)	-0.50361	-1	1
U00096.2:2256860-2257159(+)	 0.14661	-1	2
U00096.2:3664826-3665125(-)	-0.45987	-1	3
U00096.2:3884353-3884652(-)	-0.26752	-1	2
U00096.2:1607941-1608240(-)	-0.20840	-1	3
U00096.2:4163533-4163832(+)	-0.20651	-1	4
U00096.2:3379436-3379735(-)	-0.32925	-1	3
U00096.2:192572-192871(-)	 0.16139	-1	0
U00096.2:3421372-3421671(+)	-0.23378	-1	1
U00096.2:3072161-3072460(-)	-0.02618	-1	4
U00096.2:97498-97797(+)	-0.25072	-1	0
U00096.2:504624-504923(+)	-0.26743	-1	2
U00096.2:599429-599728(-)	-0.26403	-1	0
U00096.2:3367290-3367589(-)	 0.03654	-1	0
U00096.2:3686540-3686839(-)	-0.20274	-1	1
U00096.2:1924557-1924856(+)	-0.35464	-1	4
U00096.2:2602108-2602407(-)	-0.51187	-1	1
U00096.2:1758766-1759065(+)	-0.31687	-1	4
U00096.2:3391028-3391327(-)	-0.09660	-1	1
U00096.2:1813230-1813529(+)	-0.18223	-1	3
U00096.2:4272908-4273207(+)	 0.13698	-1	3
U00096.2:4624416-4624715(-)	-0.32970	-1	4
U00096.2:887844-888143(-)	-0.18465	-1	1
U00096.2:3916052-3916351(+)	-0.09953	-1	3
U00096.2:2067408-2067707(-)	-1.02128	-1	0
U00096.2:1210889-1211188(+)	 0.51297	-1	2
U00096.2:2373034-2373333(+)	-0.54666	-1	2
U00096.2:3491628-3491927(+)	 0.26764	-1	3
U00096.2:1895878-1896177(-)	-0.30971	-1	3
U00096.2:3319072-3319371(+)	 0.69104	-1	1
U00096.2:4306638-4306937(-)	-0.30761	-1	3
U00096.2:3761150-3761449(-)	-0.29560	-1	0
U00096.2:682012-682311(+)	-0.21035	-1	0
U00096.2:3925873-3926172(+)	-0.59499	-1	2
U00096.2:1538553-1538852(-)	-0.30463	-1	2
U00096.2:378752-379051(-)	-0.12646	-1	3
U00096.2:2695251-2695550(+)	 0.06271	-1	4
U00096.2:2091025-2091324(+)	-0.21547	-1	2
U00096.2:1375313-1375612(-)	-0.32810	-1	2
U00096.2:3981479-3981778(+)	-0.10796	-1	1
U00096.2:1628136-1628435(-)	-0.07124	-1	4
U00096.2:2241545-2241844(-)	 0.00392	-1	3
U00096.2:465898-466197(+)	-0.06514	-1	4
U00096.2:2842337-2842636(+)	-0.41213	-1	3
U00096.2:2898109-2898408(-)	 0.27618	-1	4
U00096.2:3095502-3095801(+)	-0.32023	-1	4
U00096.2:4355711-4356010(+)	-0.04590	-1	3
U00096.2:1356783-1357082(-)	-0.42395	-1	3
U00096.2:339729-340028(-)	-0.13358	-1	0
U00096.2:1352438-1352737(-)	-0.31063	-1	0
U00096.2:2786704-2787003(+)	 0.53768	-1	2
U00096.2:2547020-2547319(-)	-0.27441	-1	4
U00096.2:1796780-1797079(-)	-0.06836	-1	1
U00096.2:1880580-1880879(+)	-0.32677	-1	2
U00096.2:4084797-4085096(-)	 0.61424	-1	2
U00096.2:1431033-1431332(+)	-0.61461	-1	2
U00096.2:3531186-3531485(+)	-0.17361	-1	3
U00096.2:1834419-1834718(+)	-0.33972	-1	2
U00096.2:2161277-2161576(+)	-0.51471	-1	2
U00096.2:3574330-3574629(-)	-0.46290	-1	3
U00096.2:86874-87173(-)	-0.33262	-1	1
U00096.2:1605811-1606110(-)	-0.34171	-1	2
U00096.2:1897738-1898037(+)	-0.24393	-1	4
U00096.2:7229-7528(+)	 0.06641	-1	3
U00096.2:837164-837463(+)	 0.36403	-1	4
U00096.2:772741-773040(-)	-0.42920	-1	2
U00096.2:4066494-4066793(+)	-0.17768	-1	3
U00096.2:3993549-3993848(-)	-0.04438	-1	2
U00096.2:2196332-2196631(-)	-0.00835	-1	4
U00096.2:4304207-4304506(+)	-0.31851	-1	1
U00096.2:3265646-3265945(+)	 0.24675	-1	1
U00096.2:740803-741102(-)	-0.15196	-1	3
U00096.2:3124693-3124992(+)	-0.32054	-1	4
U00096.2:2779927-2780226(-)	 0.08988	-1	4
U00096.2:4618857-4619156(+)	-0.07964	-1	1
U00096.2:1218065-1218364(+)	 0.50140	-1	1
U00096.2:2033030-2033329(+)	-0.09179	-1	1
U00096.2:3080130-3080429(-)	-0.06104	-1	0
U00096.2:1596088-1596387(+)	 0.70001	-1	0
U00096.2:4121574-4121873(-)	-0.35663	-1	4
U00096.2:3912254-3912553(+)	-0.10755	-1	0
U00096.2:3002055-3002354(+)	-0.21130	-1	2
U00096.2:2505649-2505948(-)	-0.03111	-1	2
U00096.2:3002618-3002917(+)	 0.02034	-1	0
U00096.2:1079645-1079944(+)	-0.67439	-1	1
U00096.2:1635516-1635815(+)	 0.71250	-1	3
U00096.2:1708805-1709104(+)	-0.30395	-1	4
U00096.2:2718961-2719260(+)	-0.06099	-1	4
U00096.2:1854369-1854668(+)	 0.09964	-1	1
U00096.2:4024515-4024814(-)	 0.03741	-1	4
U00096.2:3277773-3278072(+)	-0.45435	-1	4
U00096.2:2530244-2530543(-)	 0.05827	-1	4
U00096.2:4333283-4333582(-)	 0.04191	-1	0
U00096.2:482091-482390(-)	-0.22774	-1	4
U00096.2:3216199-3216498(+)	-0.31190	-1	4
U00096.2:2681958-2682257(+)	-0.18616	-1	1
U00096.2:1045186-1045485(-)	-0.15851	-1	2
U00096.2:4529664-4529963(-)	 0.27285	-1	2
U00096.2:408385-408684(-)	-0.48534	-1	2
U00096.2:1607623-1607922(-)	-0.30562	-1	1
U00096.2:1578287-1578586(+)	 0.40796	-1	4
U00096.2:2005525-2005824(+)	-0.30453	-1	4
U00096.2:283543-283842(-)	-0.62291	-1	3
U00096.2:826236-826535(-)	-0.25162	-1	3
U00096.2:3977515-3977814(+)	-0.34603	-1	0
U00096.2:4478865-4479164(-)	 0.05573	-1	3
U00096.2:1201613-1201912(+)	 0.18771	-1	0
U00096.2:3456674-3456973(-)	 0.05289	-1	0
U00096.2:3724000-3724299(+)	-0.02307	-1	3
U00096.2:395957-396256(-)	-0.01430	-1	4
U00096.2:2432957-2433256(+)	-0.20618	-1	3
U00096.2:581607-581906(-)	 0.16666	-1	3
U00096.2:1784013-1784312(+)	-0.33320	-1	0
U00096.2:2232563-2232862(-)	-0.23364	-1	3
U00096.2:3067937-3068236(-)	-0.15994	-1	3
U00096.2:3760380-3760679(-)	-0.43537	-1	1
U00096.2:331975-332274(-)	 0.07765	-1	3
U00096.2:749854-750153(+)	-0.01047	-1	4
U00096.2:4091575-4091874(-)	-0.37458	-1	4
U00096.2:2980754-2981053(-)	-0.13488	-1	1
U00096.2:67723-68022(+)	-0.37555	-1	3
U00096.2:2797820-2798119(+)	 0.06365	-1	2
U00096.2:446128-446427(-)	-0.34476	-1	4
U00096.2:3562263-3562562(-)	-0.24206	-1	1
U00096.2:2792898-2793197(-)	 0.01056	-1	2
U00096.2:4300635-4300934(+)	-0.19973	-1	4
U00096.2:1466433-1466732(-)	-0.95447	-1	3
U00096.2:55846-56145(-)	-0.10779	-1	3
U00096.2:4237210-4237509(+)	-0.36898	-1	0
U00096.2:2055406-2055705(+)	 0.48015	-1	3
U00096.2:1334725-1335024(+)	-0.14155	-1	0
U00096.2:199950-200249(+)	-0.09884	-1	4
U00096.2:2375214-2375513(+)	-0.40543	-1	3
U00096.2:206713-207012(+)	-0.55330	-1	2
U00096.2:132219-132518(+)	-0.25935	-1	2
U00096.2:1498239-1498538(-)	-0.01981	-1	4
U00096.2:3185322-3185621(-)	 0.24674	-1	3
U00096.2:1810535-1810834(-)	 0.49491	-1	1
U00096.2:3250946-3251245(-)	 0.16948	-1	0
U00096.2:2897257-2897556(+)	 0.21337	-1	4
U00096.2:4503672-4503971(+)	 0.27567	-1	4
U00096.2:2801321-2801620(-)	-0.33455	-1	0
U00096.2:4216176-4216475(-)	-0.20212	-1	4
U00096.2:1750292-1750591(+)	-0.20850	-1	0
U00096.2:891249-891548(-)	-0.22066	-1	1
U00096.2:3339328-3339627(+)	 0.01650	-1	4
U00096.2:3082030-3082329(-)	-0.22598	-1	0
U00096.2:3422924-3423223(-)	-0.07692	-1	4
U00096.2:664483-664782(-)	-0.16140	-1	2
U00096.2:2995199-2995498(-)	-0.96034	-1	1
U00096.2:649905-650204(-)	-0.21979	-1	2
U00096.2:936006-936305(+)	-0.35349	-1	2
U00096.2:245019-245318(+)	 0.04695	-1	3
U00096.2:1756838-1757137(-)	-0.07207	-1	0
U00096.2:4228810-4229109(-)	 0.02597	-1	1
U00096.2:2950989-2951288(-)	-0.40733	-1	0
U00096.2:3673852-3674151(+)	-0.13899	-1	1
U00096.2:1142055-1142354(-)	-0.17810	-1	0
U00096.2:1785151-1785450(-)	 0.77839	-1	4
U00096.2:2799286-2799585(+)	-0.38534	-1	2
U00096.2:1699550-1699849(-)	-0.18297	-1	2
U00096.2:3618819-3619118(-)	-0.26387	-1	4
U00096.2:80714-81013(+)	-0.15436	-1	4
U00096.2:1810197-1810496(-)	-0.00413	-1	0
U00096.2:737651-737950(-)	 0.06764	-1	1
U00096.2:845803-846102(-)	-0.30724	-1	1
U00096.2:1309749-1310048(-)	 0.03483	-1	1
U00096.2:450156-450455(+)	-0.25291	-1	4
U00096.2:3954338-3954637(-)	-0.37793	-1	0
U00096.2:2709621-2709920(-)	-0.25210	-1	0
U00096.2:2550589-2550888(-)	-0.17472	-1	3
U00096.2:2850662-2850961(+)	-0.38565	-1	3
U00096.2:3755783-3756082(-)	 0.71444	-1	0
U00096.2:3961190-3961489(-)	-0.29933	-1	3
U00096.2:4040525-4040824(-)	-0.02527	-1	4
U00096.2:826630-826929(+)	-0.36409	-1	1
U00096.2:810876-811175(+)	-0.46578	-1	2
U00096.2:2444421-2444720(+)	-0.41493	-1	1
U00096.2:2634430-2634729(+)	-0.12159	-1	4
U00096.2:1643532-1643831(+)	-0.09482	-1	1
U00096.2:3068433-3068732(-)	-0.11116	-1	3
U00096.2:3415526-3415825(-)	-0.15469	-1	0
U00096.2:2675052-2675351(-)	-0.28034	-1	4
U00096.2:1711628-1711927(+)	-0.14723	-1	4
U00096.2:3336294-3336593(+)	 0.00821	-1	3
U00096.2:1516427-1516726(-)	-0.22275	-1	1
U00096.2:3564016-3564315(-)	-0.22869	-1	1
U00096.2:3034782-3035081(-)	-0.26872	-1	2
U00096.2:1246667-1246966(+)	 0.11267	-1	2
U00096.2:332630-332929(-)	 0.03933	-1	1
U00096.2:853638-853937(-)	-0.20483	-1	1
U00096.2:2207284-2207583(+)	-0.21263	-1	0
U00096.2:3268900-3269199(-)	-0.25124	-1	4
U00096.2:4605963-4606262(-)	-0.13221	-1	0
U00096.2:3834729-3835028(-)	 0.63371	-1	4
U00096.2:1967650-1967949(+)	-0.38282	-1	1
U00096.2:771303-771602(-)	-0.12819	-1	2
U00096.2:1897063-1897362(-)	-0.13911	-1	0
U00096.2:1388116-1388415(-)	-0.23328	-1	4
U00096.2:3448409-3448708(+)	-0.01423	-1	1
U00096.2:4481269-4481568(-)	-0.19899	-1	4
U00096.2:1224402-1224701(-)	-0.03144	-1	4
U00096.2:1952686-1952985(-)	-0.09412	-1	1
U00096.2:3915350-3915649(+)	-0.19425	-1	2
U00096.2:1365044-1365343(-)	-0.11850	-1	3
U00096.2:51928-52227(+)	-0.15967	-1	4
U00096.2:23492-23791(-)	-0.52210	-1	0
U00096.2:3433757-3434056(+)	-0.10423	-1	3
U00096.2:307710-308009(-)	-0.30495	-1	4
U00096.2:3132408-3132707(+)	-0.10610	-1	3
U00096.2:2753004-2753303(+)	 0.02171	-1	2
U00096.2:1977436-1977735(+)	 0.64942	-1	4
U00096.2:4076652-4076951(-)	 0.62249	-1	4
U00096.2:3293988-3294287(+)	-0.14874	-1	0
U00096.2:1908269-1908568(+)	-0.32506	-1	3
U00096.2:249839-250138(-)	-0.39328	-1	2
U00096.2:3489053-3489352(-)	-0.42345	-1	1
U00096.2:3513330-3513629(+)	-0.11570	-1	2
U00096.2:4041902-4042201(+)	 0.44055	-1	1
U00096.2:2216975-2217274(-)	-0.00654	-1	4
U00096.2:1615074-1615373(+)	-0.09511	-1	0
U00096.2:565510-565809(-)	-0.13629	-1	0
U00096.2:50941-51240(+)	-0.18589	-1	4
U00096.2:465273-465572(-)	-0.13060	-1	3
U00096.2:3756496-3756795(-)	-0.42731	-1	3
U00096.2:3806518-3806817(+)	-0.24246	-1	3
U00096.2:4393518-4393817(-)	-0.03421	-1	0
U00096.2:4454823-4455122(+)	-0.42544	-1	1
U00096.2:1182249-1182548(+)	-0.37637	-1	1
U00096.2:3606231-3606530(+)	-0.74336	-1	3
U00096.2:4437488-4437787(-)	 0.13521	-1	1
U00096.2:1537128-1537427(-)	-0.35565	-1	2
U00096.2:2097555-2097854(-)	 0.50363	-1	0
U00096.2:1509455-1509754(+)	 0.21338	-1	1
U00096.2:1277529-1277828(+)	-0.27502	-1	1
U00096.2:4280686-4280985(+)	 0.77440	-1	0
U00096.2:1672694-1672993(-)	-0.19227	-1	3
U00096.2:3586150-3586449(+)	-0.56632	-1	3
U00096.2:2931656-2931955(-)	 0.56667	-1	0
U00096.2:3147842-3148141(-)	-0.28293	-1	2
U00096.2:3575317-3575616(+)	-0.25627	-1	0
U00096.2:1295455-1295754(-)	-0.31521	-1	2
U00096.2:2693028-2693327(+)	-0.31975	-1	1
U00096.2:2334440-2334739(+)	-0.14890	-1	1
U00096.2:4456449-4456748(-)	-0.13609	-1	2
U00096.2:1948117-1948416(+)	-0.21715	-1	3
U00096.2:1633760-1634059(+)	-0.20782	-1	0
U00096.2:1075485-1075784(-)	-0.49424	-1	0
U00096.2:2575120-2575419(+)	-0.37211	-1	4
U00096.2:1248302-1248601(+)	-0.15752	-1	1
U00096.2:4637188-4637487(+)	-0.25420	-1	1
U00096.2:3168694-3168993(-)	-0.35494	-1	0
U00096.2:2884490-2884789(-)	 0.09704	-1	3
U00096.2:2876909-2877208(+)	 0.10424	-1	2
U00096.2:3696481-3696780(+)	-0.07160	-1	4
U00096.2:1932322-1932621(+)	-0.17913	-1	1
U00096.2:1387280-1387579(+)	-0.19183	-1	1
U00096.2:1176957-1177256(-)	-0.15910	-1	1
U00096.2:1429135-1429434(+)	 0.14545	-1	2
U00096.2:3345759-3346058(+)	-0.01211	-1	0
U00096.2:2766197-2766496(+)	-0.20065	-1	0
U00096.2:1338606-1338905(+)	-0.04306	-1	3
U00096.2:2221951-2222250(+)	-0.08007	-1	4
U00096.2:3888650-3888949(-)	 0.03164	-1	4
U00096.2:3976985-3977284(+)	-0.13897	-1	2
U00096.2:2169629-2169928(-)	-0.08365	-1	4
U00096.2:4064462-4064761(-)	-0.27764	-1	1
U00096.2:2194173-2194472(+)	 0.03407	-1	4
U00096.2:3341190-3341489(-)	-0.06493	-1	4
U00096.2:1199333-1199632(-)	 0.10329	-1	2
U00096.2:496670-496969(+)	-0.17639	-1	4
U00096.2:4345902-4346201(-)	-0.23998	-1	1
U00096.2:1663863-1664162(+)	-0.12347	-1	4
U00096.2:2052219-2052518(-)	-0.10693	-1	4
U00096.2:3944316-3944615(-)	-0.09677	-1	0
U00096.2:301492-301791(-)	-0.30120	-1	0
U00096.2:1765754-1766053(+)	-0.16270	-1	2
U00096.2:2876565-2876864(+)	 0.07798	-1	1
U00096.2:4531666-4531965(-)	 0.04432	-1	3
U00096.2:1753954-1754253(-)	-0.10241	-1	3
U00096.2:2146924-2147223(-)	-0.39642	-1	2
U00096.2:2921329-2921628(+)	-0.36133	-1	4
U00096.2:442999-443298(-)	-0.09952	-1	1
U00096.2:914763-915062(-)	-0.33964	-1	4
U00096.2:610463-610762(+)	-0.32935	-1	0
U00096.2:548079-548378(-)	-0.37002	-1	4
U00096.2:3569470-3569769(+)	-0.29679	-1	1
U00096.2:2299436-2299735(+)	-0.36794	-1	0
U00096.2:4238399-4238698(-)	-0.08391	-1	2
U00096.2:1470829-1471128(+)	-0.22098	-1	1
U00096.2:2571609-2571908(+)	-0.55194	-1	4
U00096.2:1708482-1708781(+)	-0.43922	-1	2
U00096.2:3257646-3257945(+)	-0.25784	-1	2
U00096.2:954711-955010(+)	-0.16763	-1	0
U00096.2:288254-288553(-)	-0.06959	-1	0
U00096.2:3477675-3477974(+)	-0.50190	-1	4
U00096.2:1453560-1453859(+)	-0.20902	-1	2
U00096.2:2979703-2980002(+)	-0.08682	-1	3
U00096.2:2302790-2303089(-)	-0.37826	-1	3
U00096.2:1662352-1662651(+)	 0.04881	-1	1
U00096.2:909538-909837(-)	-0.35964	-1	0
U00096.2:398214-398513(+)	-0.08306	-1	1
U00096.2:3785473-3785772(-)	-0.39283	-1	0
U00096.2:4145688-4145987(+)	 0.03981	-1	3
U00096.2:1580915-1581214(+)	 0.39195	-1	0
U00096.2:4287044-4287343(+)	-0.12117	-1	2
U00096.2:3512444-3512743(+)	-0.29498	-1	1
U00096.2:3861447-3861746(+)	-0.00242	-1	0
U00096.2:3595742-3596041(-)	 0.72577	-1	0
U00096.2:247400-247699(+)	-0.16772	-1	4
U00096.2:4081827-4082126(+)	-0.31436	-1	1
U00096.2:2772687-2772986(+)	 0.67727	-1	1
U00096.2:2929918-2930217(+)	-0.37263	-1	4
U00096.2:2352176-2352475(+)	-0.12602	-1	4
U00096.2:3467614-3467913(-)	 0.23214	-1	3
U00096.2:2943220-2943519(+)	-0.23573	-1	4
U00096.2:4623491-4623790(-)	-0.47776	-1	4
U00096.2:4619213-4619512(+)	-0.26485	-1	4
U00096.2:2043256-2043555(-)	-0.04190	-1	4
U00096.2:2777927-2778226(-)	-0.05742	-1	0
U00096.2:2595332-2595631(+)	-0.21350	-1	3
U00096.2:301123-301422(+)	-0.25716	-1	3
U00096.2:1271445-1271744(+)	 0.06385	-1	1
U00096.2:3933557-3933856(-)	-0.48843	-1	0
U00096.2:2918013-2918312(-)	-0.23060	-1	3
U00096.2:2847958-2848257(+)	-0.11973	-1	1
U00096.2:3596727-3597026(-)	-0.20840	-1	2
U00096.2:2667822-2668121(-)	-0.14132	-1	4
U00096.2:1251469-1251768(-)	-0.04306	-1	2
U00096.2:577184-577483(-)	 0.01799	-1	1
U00096.2:4284691-4284990(+)	-0.46529	-1	0
U00096.2:4486239-4486538(-)	-0.05228	-1	0
U00096.2:2925096-2925395(+)	-0.22705	-1	4
U00096.2:4147502-4147801(+)	-0.04632	-1	3
U00096.2:2305883-2306182(-)	-0.22268	-1	2
U00096.2:1370857-1371156(+)	-0.20203	-1	3
U00096.2:799157-799456(-)	-0.03622	-1	0
U00096.2:4543487-4543786(+)	 0.00186	-1	3
U00096.2:2151914-2152213(+)	-0.20309	-1	1
U00096.2:4061765-4062064(-)	 0.18579	-1	1
U00096.2:2442421-2442720(+)	-0.25626	-1	4
U00096.2:3423398-3423697(+)	-0.50986	-1	3
U00096.2:1597685-1597984(+)	-0.21233	-1	1
U00096.2:2734409-2734708(+)	-0.21378	-1	1
U00096.2:4150428-4150727(+)	-0.19251	-1	1
U00096.2:361780-362079(+)	-0.10658	-1	0
U00096.2:950508-950807(+)	-0.20779	-1	2
U00096.2:1059504-1059803(+)	-0.38664	-1	1
U00096.2:3258779-3259078(-)	-0.34443	-1	0
U00096.2:1900493-1900792(-)	-0.16378	-1	1
U00096.2:43154-43453(-)	-0.17123	-1	0
U00096.2:3712959-3713258(-)	-0.21348	-1	0
U00096.2:1191043-1191342(+)	-0.12981	-1	3
U00096.2:1818522-1818821(-)	-0.05615	-1	3
U00096.2:852497-852796(+)	-0.13937	-1	3
U00096.2:4206881-4207180(-)	-0.16070	-1	0
U00096.2:104014-104313(+)	-0.11547	-1	3
U00096.2:3461929-3462228(-)	-0.22949	-1	2
U00096.2:2075019-2075318(-)	-0.11143	-1	3
U00096.2:1936921-1937220(-)	-0.13293	-1	4
U00096.2:1362222-1362521(+)	-0.40183	-1	1
U00096.2:3615915-3616214(+)	-0.57509	-1	3
U00096.2:2340357-2340656(+)	-0.24884	-1	4
U00096.2:1222179-1222478(+)	 0.62298	-1	0
U00096.2:4069314-4069613(-)	-0.13949	-1	2
U00096.2:1392815-1393114(+)	 0.05266	-1	0
U00096.2:2720518-2720817(-)	 0.08158	-1	3
U00096.2:3187554-3187853(-)	 0.08009	-1	0
U00096.2:1914691-1914990(+)	-0.00977	-1	3
U00096.2:1717072-1717371(-)	-0.23684	-1	2
U00096.2:2360035-2360334(-)	 0.16349	-1	0
U00096.2:3324482-3324781(+)	-0.09668	-1	3
U00096.2:1217559-1217858(+)	 0.07548	-1	1
U00096.2:4292177-4292476(-)	 0.59573	-1	1
U00096.2:1161604-1161903(-)	 0.01735	-1	2
U00096.2:350063-350362(+)	-0.29187	-1	0
U00096.2:1115340-1115639(+)	-0.35248	-1	3
U00096.2:3420567-3420866(+)	-0.14711	-1	2
U00096.2:3028905-3029204(+)	 0.47290	-1	2
U00096.2:4150742-4151041(-)	-0.36512	-1	1
U00096.2:805247-805546(+)	-0.31504	-1	2
U00096.2:1761889-1762188(-)	-0.13048	-1	2
U00096.2:1305124-1305423(+)	 0.11734	-1	2
U00096.2:3914915-3915214(-)	-0.28788	-1	0
U00096.2:1692780-1693079(+)	-0.17478	-1	0
U00096.2:444255-444554(+)	-0.21595	-1	2
U00096.2:819609-819908(+)	 0.12175	-1	0
U00096.2:635910-636209(+)	 0.50163	-1	4
U00096.2:2670983-2671282(-)	-0.19733	-1	0
U00096.2:1824620-1824919(+)	-0.48779	-1	1
U00096.2:928459-928758(+)	-0.26466	-1	0
U00096.2:1892239-1892538(+)	 0.42269	-1	2
U00096.2:3414154-3414453(-)	-0.31905	-1	0
U00096.2:3727537-3727836(+)	-0.21445	-1	2
U00096.2:2528156-2528455(+)	-0.09858	-1	0
U00096.2:1814175-1814474(-)	-0.37461	-1	4
U00096.2:407885-408184(+)	 0.00879	-1	4
U00096.2:917185-917484(+)	-0.27751	-1	3
U00096.2:3867904-3868203(+)	 0.06584	-1	0
U00096.2:2972336-2972635(-)	-0.09658	-1	3
U00096.2:3154022-3154321(+)	-0.31013	-1	1
U00096.2:3422334-3422633(+)	-0.96423	-1	3
U00096.2:439648-439947(-)	-0.29592	-1	2
U00096.2:3545468-3545767(+)	-0.40388	-1	4
U00096.2:727416-727715(-)	-0.34763	-1	3
U00096.2:2054168-2054467(-)	-0.14273	-1	1
U00096.2:1560453-1560752(-)	-0.20617	-1	3
U00096.2:4635318-4635617(+)	-0.07046	-1	2
U00096.2:3721841-3722140(+)	-0.36669	-1	0
U00096.2:1068661-1068960(-)	-0.42914	-1	0
U00096.2:221798-222097(-)	-0.41167	-1	1
U00096.2:474511-474810(+)	-0.19676	-1	2
U00096.2:3610345-3610644(+)	-0.23816	-1	3
U00096.2:1264760-1265059(+)	-0.08948	-1	2
U00096.2:2921703-2922002(-)	-0.25612	-1	2
U00096.2:4203322-4203621(+)	-0.65146	-1	3
U00096.2:2982875-2983174(-)	-0.03671	-1	4
U00096.2:100588-100887(+)	-0.10964	-1	0
U00096.2:3437165-3437464(-)	-0.05294	-1	4
U00096.2:2375726-2376025(+)	-0.42330	-1	3
U00096.2:3730266-3730565(+)	-0.09124	-1	4
U00096.2:3085429-3085728(+)	-0.16127	-1	4
U00096.2:4598971-4599270(-)	-0.33086	-1	1
U00096.2:2099919-2100218(-)	-0.95008	-1	4
U00096.2:3527727-3528026(-)	-0.17394	-1	3
U00096.2:922284-922583(+)	 0.01975	-1	0
U00096.2:3825197-3825496(+)	-0.04226	-1	4
U00096.2:824731-825030(+)	-0.34199	-1	3
U00096.2:2235651-2235950(-)	 0.29630	-1	2
U00096.2:55075-55374(-)	-0.15172	-1	1
U00096.2:363247-363546(+)	-0.26009	-1	1
U00096.2:4213644-4213943(-)	-0.24525	-1	0
U00096.2:4281001-4281300(+)	 0.50780	-1	4
U00096.2:3183497-3183796(-)	 0.19474	-1	1
U00096.2:4472011-4472310(-)	 0.25813	-1	1
U00096.2:2229025-2229324(+)	-0.15301	-1	4
U00096.2:3348176-3348475(+)	-0.38164	-1	3
U00096.2:3048135-3048434(-)	-0.17302	-1	1
U00096.2:1731195-1731494(+)	-0.24232	-1	3
U00096.2:795782-796081(-)	-0.20917	-1	1
U00096.2:704668-704967(-)	-0.45603	-1	0
U00096.2:2142710-2143009(-)	-0.13870	-1	1
U00096.2:2880679-2880978(-)	 0.41588	-1	4
U00096.2:1066583-1066882(+)	-0.11833	-1	4
U00096.2:3485907-3486206(-)	-0.27987	-1	0
U00096.2:1259796-1260095(-)	-0.09040	-1	1
U00096.2:2413309-2413608(-)	-0.34743	-1	0
