seq527	2.329645e-01
seq1443	1.000000e+00
seq749	8.826078e-01
seq1615	9.809853e-01
seq1719	9.788266e-01
seq84	1.000000e+00
seq964	6.089045e-01
seq1628	1.000000e+00
seq1006	1.000000e+00
seq832	7.284120e-03
seq1743	1.000000e+00
seq826	9.486423e-01
seq1233	7.090989e-01
seq1042	1.000000e+00
seq188	9.084857e-01
seq1635	1.000000e+00
seq447	1.000000e+00
seq77	7.841525e-01
seq595	3.659178e-01
seq1730	1.860230e-01
seq1611	9.718956e-01
seq1254	6.999966e-01
seq1159	1.000000e+00
seq1798	7.847303e-01
seq1185	2.259109e-01
seq1280	1.000000e+00
seq983	1.000000e+00
seq1072	1.000000e+00
seq522	7.348981e-01
seq266	4.977936e-01
seq1735	6.379657e-01
seq1625	7.184450e-01
seq1243	8.644671e-01
seq1431	1.000000e+00
seq45	7.320499e-01
seq859	1.000000e+00
seq1362	1.000000e+00
seq389	6.864957e-01
seq571	9.716987e-01
seq416	9.063059e-01
seq256	6.548361e-01
seq743	7.583204e-01
seq741	5.464337e-01
seq660	8.038111e-01
seq273	8.922833e-01
seq248	7.457532e-01
seq1792	1.000000e+00
seq1822	8.826140e-01
seq475	5.051173e-01
seq1529	7.489874e-01
seq82	8.329230e-01
seq788	1.000000e+00
seq1422	8.445504e-01
seq217	2.200989e-01
seq997	5.629908e-01
seq367	1.000000e+00
seq227	8.249094e-01
seq1337	8.160738e-01
seq1587	1.000000e+00
seq664	1.000000e+00
seq1178	9.355888e-01
seq168	8.329875e-01
seq680	6.299295e-01
seq486	1.093597e-01
seq1440	6.546779e-01
seq793	9.899700e-01
seq1430	4.249515e-01
seq1434	9.564775e-01
seq1401	1.000000e+00
seq775	9.568857e-01
seq1329	8.418350e-01
seq1108	1.000000e+00
seq1250	5.540285e-01
seq2	1.000000e+00
seq836	9.285940e-01
seq387	6.641057e-01
seq667	6.821722e-01
seq1075	1.000000e+00
seq617	1.000000e+00
seq195	8.703075e-01
seq427	8.937265e-01
seq1170	1.000000e+00
seq1378	1.000000e+00
seq180	3.651838e-01
seq760	8.602741e-01
seq1827	1.000000e+00
seq1558	5.932283e-01
seq1546	1.000000e+00
seq305	1.000000e+00
seq228	5.974104e-01
seq1137	7.098425e-01
seq598	8.451220e-01
seq1142	1.000000e+00
seq557	5.657295e-01
seq326	1.000000e+00
seq1358	4.243047e-01
seq163	6.101679e-01
seq809	1.000000e+00
seq886	4.743972e-01
seq1039	4.585995e-01
seq576	8.743514e-01
seq845	7.448598e-01
seq1650	7.883579e-01
seq834	8.035144e-01
seq1537	1.000000e+00
seq1578	1.000000e+00
seq1050	1.000000e+00
seq708	8.451449e-01
seq254	6.792888e-01
seq1610	1.000000e+00
seq105	9.619573e-01
seq1629	9.523416e-01
seq1238	8.005202e-01
seq245	1.000000e+00
seq943	1.000000e+00
seq1636	7.710297e-01
seq1003	9.717930e-01
seq693	7.083553e-01
seq1109	1.000000e+00
seq547	4.247591e-01
seq526	7.259720e-01
seq376	5.703127e-01
seq631	1.000000e+00
seq1680	5.010941e-01
seq263	5.338929e-01
seq156	1.000000e+00
seq242	1.000000e+00
seq1175	9.968045e-01
seq1054	4.044007e-01
seq1516	1.000000e+00
seq1144	9.093123e-01
seq1252	6.530843e-01
seq885	1.000000e+00
seq1120	1.000000e+00
seq1393	6.361304e-01
seq1332	9.145663e-01
seq1659	6.996983e-01
seq744	2.502200e-01
seq528	1.000000e+00
seq1712	8.950869e-01
seq18	1.000000e+00
seq311	8.651723e-01
seq1779	7.319589e-01
seq390	8.235942e-01
seq403	1.000000e+00
seq130	1.000000e+00
seq414	6.945043e-01
seq1232	4.027004e-01
seq1425	1.000000e+00
seq1757	6.536697e-01
seq652	3.751526e-01
seq1683	8.892460e-01
seq187	8.820245e-01
seq654	4.472183e-02
seq958	2.531486e-01
seq364	8.938526e-01
seq745	9.252357e-01
seq365	6.285988e-01
seq840	1.000000e+00
seq592	3.296963e-01
seq1085	1.000000e+00
seq626	3.602077e-01
seq593	4.700323e-01
seq890	7.712755e-01
seq1819	1.000000e+00
seq368	7.026959e-01
seq687	9.810823e-01
seq442	4.869008e-01
seq1047	6.776863e-01
seq306	5.851929e-01
seq1433	1.000000e+00
seq1717	1.000000e+00
seq1760	7.322272e-01
seq1024	4.498847e-01
seq1753	5.635849e-01
seq877	1.000000e+00
seq1446	7.976333e-01
seq962	1.000000e+00
seq1387	7.550419e-01
seq516	7.482980e-01
seq1168	6.492107e-01
seq437	6.488468e-01
seq979	9.390651e-01
seq1766	9.258276e-01
seq436	8.135343e-01
seq929	1.000000e+00
seq1501	8.561670e-01
seq1481	9.638952e-01
seq450	6.468034e-01
seq1691	8.991826e-01
seq1616	4.859960e-01
seq1016	3.341596e-01
seq1535	1.000000e+00
seq764	1.000000e+00
seq666	1.000000e+00
seq1078	6.942209e-01
seq249	8.811453e-01
seq935	3.137796e-01
seq1686	1.000000e+00
seq1569	5.020183e-01
seq980	2.879089e-01
seq839	7.378878e-01
seq655	9.435290e-01
seq1432	1.000000e+00
seq1670	9.630703e-01
seq469	3.681866e-01
seq277	9.825958e-01
seq280	6.912684e-01
seq782	4.794102e-01
seq410	1.000000e+00
seq351	1.000000e+00
seq1092	5.841460e-01
seq78	1.000000e+00
seq1133	4.762254e-01
seq569	8.892507e-01
seq661	7.976891e-01
seq1325	9.217097e-01
seq1482	9.620562e-01
seq456	1.000000e+00
seq1548	8.620399e-01
seq1172	8.910089e-01
seq1104	5.392484e-01
seq85	4.790887e-01
seq635	9.100540e-01
seq767	9.851994e-01
seq899	8.806516e-01
seq1696	3.555287e-02
seq1467	1.000000e+00
seq990	7.317183e-01
seq686	1.000000e+00
seq867	8.854075e-01
seq94	8.246116e-01
seq417	1.000000e+00
seq634	7.725102e-01
seq316	5.399443e-01
seq1327	1.000000e+00
seq244	1.000000e+00
seq1806	8.878249e-01
seq871	7.141671e-01
seq1701	9.060669e-01
seq1787	6.966817e-01
seq1823	1.000000e+00
seq495	5.049456e-01
seq1150	5.701909e-01
seq633	9.770376e-01
seq1536	7.612253e-01
seq1532	6.134714e-01
seq1586	1.000000e+00
seq407	8.293442e-01
seq1619	6.723273e-01
seq937	6.805405e-01
seq423	4.207176e-01
seq838	1.000000e+00
seq1658	4.907193e-01
seq265	9.642177e-01
seq637	1.000000e+00
seq742	7.408305e-01
seq1365	1.000000e+00
seq1455	8.848062e-01
seq1385	3.876774e-01
seq1058	1.000000e+00
seq1490	5.371627e-01
seq810	6.601885e-01
seq903	9.932801e-01
seq1831	9.767918e-02
seq544	6.842483e-01
seq32	7.179754e-01
seq786	1.000000e+00
seq1360	6.115589e-01
seq10	7.218291e-01
seq1791	1.000000e+00
seq1200	5.835731e-01
seq1699	5.944081e-01
seq1512	9.401242e-01
seq725	1.000000e+00
seq116	8.483710e-01
seq1007	1.000000e+00
seq1177	1.000000e+00
seq213	7.848568e-01
seq615	1.000000e+00
seq349	4.722732e-01
seq90	1.000000e+00
seq613	6.436604e-01
seq101	3.417377e-01
seq1721	7.802908e-01
seq1607	9.200757e-01
seq1034	8.372758e-01
seq459	9.277364e-01
seq1704	9.541266e-01
seq111	6.508301e-01
seq1355	8.402073e-01
seq1160	8.845496e-01
seq1255	7.291438e-01
seq1508	8.715086e-01
seq159	1.000000e+00
seq1224	1.000000e+00
seq1202	5.780630e-01
seq15	6.363789e-01
seq1192	9.937946e-01
seq1115	6.469093e-01
seq963	9.394983e-01
seq734	9.979096e-01
seq239	1.000000e+00
seq13	1.000000e+00
seq690	7.816753e-01
seq750	1.000000e+00
seq1667	5.312905e-01
seq707	3.571264e-01
seq1084	8.612194e-01
seq1826	1.000000e+00
seq539	6.005312e-01
seq1218	5.087724e-01
seq1267	7.376353e-01
seq360	1.526236e-01
seq536	8.294447e-01
seq1296	1.000000e+00
seq1291	1.000000e+00
seq1815	7.402168e-01
seq222	5.371793e-01
seq1062	9.558690e-01
seq157	1.000000e+00
seq51	1.000000e+00
seq1505	9.517632e-01
seq53	7.835746e-01
seq509	9.053951e-01
seq1375	6.336956e-01
seq927	1.000000e+00
seq430	7.444273e-02
seq1106	8.332725e-01
seq1759	5.256545e-01
seq471	2.336873e-01
seq737	8.279130e-01
seq1043	1.000000e+00
seq959	1.435632e-01
seq1652	8.851231e-01
seq1459	9.059249e-01
seq619	1.000000e+00
seq178	2.016390e-01
seq784	8.008245e-01
seq335	1.000000e+00
seq724	7.063120e-01
seq551	6.354184e-02
seq1461	1.000000e+00
seq340	1.000000e+00
seq924	8.976921e-01
seq203	6.974563e-01
seq1626	1.000000e+00
seq762	7.435569e-01
seq1703	1.000000e+00
seq919	9.266556e-01
seq1456	8.223512e-01
seq987	1.000000e+00
seq618	3.675993e-01
seq477	1.000000e+00
seq1230	4.781244e-01
seq212	4.824690e-01
seq284	5.603867e-01
seq1318	1.000000e+00
seq453	8.414990e-01
seq533	1.000000e+00
seq1582	9.732612e-01
seq1470	9.214295e-01
seq27	5.896565e-01
seq1813	1.000000e+00
seq1520	1.000000e+00
seq1655	7.606137e-01
seq501	1.000000e+00
seq1265	4.949924e-01
seq1772	1.000000e+00
seq778	6.841539e-01
seq1404	1.000000e+00
seq1128	5.966427e-01
seq304	9.439860e-01
seq1411	5.108314e-01
seq849	7.267793e-01
seq1608	8.612298e-01
seq541	9.159341e-01
seq1114	3.083954e-01
seq779	1.000000e+00
seq1322	7.621967e-01
seq268	9.110414e-01
seq408	1.000000e+00
seq138	1.000000e+00
seq1454	1.000000e+00
seq1408	1.000000e+00
seq1751	1.000000e+00
seq1045	5.331307e-01
seq1130	4.064779e-01
seq1533	9.836443e-02
seq345	8.683226e-01
seq1794	5.436614e-01
seq145	1.000000e+00
seq169	1.000000e+00
seq1420	5.054776e-01
seq1412	8.864167e-01
seq197	9.506458e-01
seq1294	8.772436e-01
seq823	1.000000e+00
seq565	6.721643e-01
seq642	1.000000e+00
seq1552	9.156251e-01
seq118	9.676909e-01
seq483	5.808316e-01
seq969	8.480155e-01
seq451	5.029557e-01
seq1181	1.000000e+00
seq1660	7.076005e-01
seq1462	1.000000e+00
seq392	3.414288e-01
seq272	7.463763e-01
seq1346	5.341378e-01
seq455	1.000000e+00
seq677	9.161663e-01
seq773	9.367552e-01
seq909	1.000000e+00
seq841	3.825805e-01
seq454	1.000000e+00
seq1810	5.431613e-01
seq881	8.441363e-01
seq426	9.549065e-01
seq546	1.000000e+00
seq226	2.813996e-01
seq1210	6.760978e-01
seq1336	8.739714e-01
seq790	9.973490e-01
seq462	1.000000e+00
seq1394	7.580426e-01
seq329	8.510797e-01
seq856	1.000000e+00
seq151	7.770110e-01
seq679	1.000000e+00
seq139	2.802493e-01
seq225	4.411212e-01
seq394	5.121192e-01
seq812	1.000000e+00
seq1017	1.000000e+00
seq230	7.023930e-01
seq1531	4.981636e-01
seq1805	1.000000e+00
seq1590	7.677347e-01
seq204	1.000000e+00
seq496	9.635621e-01
seq931	6.101322e-01
seq1487	6.768212e-01
seq1423	7.079855e-01
seq332	1.000000e+00
seq81	1.000000e+00
seq1736	6.916756e-01
seq1225	8.149113e-01
seq1117	8.022027e-01
seq1550	7.998061e-01
seq172	1.000000e+00
seq1774	8.635227e-01
seq1739	9.828350e-01
seq636	1.000000e+00
seq1775	1.000000e+00
seq800	1.000000e+00
seq370	9.479988e-01
seq315	3.730716e-01
seq1715	6.537564e-01
seq386	5.422056e-01
seq1450	3.837068e-01
seq128	1.000000e+00
seq1118	7.231809e-01
seq581	9.580678e-01
seq1027	6.563217e-01
seq1604	6.583931e-01
seq603	9.186607e-01
seq850	9.164695e-01
seq1	8.535801e-01
seq294	9.991744e-01
seq953	9.110563e-01
seq291	8.284735e-01
seq1099	6.638216e-01
seq1785	7.946262e-01
seq928	9.760608e-01
seq1257	5.706903e-01
seq1540	9.682347e-01
seq1372	7.781703e-01
seq912	9.536326e-01
seq1484	7.887416e-01
seq1603	6.906761e-01
seq1303	4.892964e-01
seq95	9.039224e-01
seq616	1.000000e+00
seq939	7.957288e-01
seq117	1.000000e+00
seq1594	9.874046e-01
seq338	4.378094e-01
seq67	8.640783e-01
seq915	1.000000e+00
seq1049	8.530688e-01
seq1497	1.000000e+00
seq488	5.737321e-01
seq107	9.344111e-01
seq485	1.000000e+00
seq237	5.117328e-01
seq711	8.730434e-01
seq668	8.684220e-01
seq1251	9.612611e-01
seq452	8.952633e-01
seq614	6.692131e-01
seq109	8.577048e-01
seq1135	2.613191e-01
seq1803	5.867112e-01
seq970	1.000000e+00
seq1368	1.000000e+00
seq599	7.487048e-01
seq1013	1.000000e+00
seq83	6.132634e-01
seq1070	1.000000e+00
seq395	8.467268e-01
seq478	6.809242e-01
seq409	9.124038e-01
seq49	8.716154e-01
seq1398	1.000000e+00
seq887	1.000000e+00
seq1179	6.989140e-01
seq34	2.284265e-01
seq1289	8.946548e-01
seq1311	7.259173e-01
seq1222	8.510264e-01
seq894	1.000000e+00
seq1359	8.559893e-01
seq1060	1.000000e+00
seq52	1.000000e+00
seq1675	6.475245e-01
seq1653	4.603436e-01
seq1074	1.000000e+00
seq1690	7.704196e-01
seq355	7.139922e-01
seq1035	5.492779e-01
seq119	7.541176e-01
seq1073	6.956203e-01
seq357	6.731243e-01
seq1317	6.075788e-01
seq1240	5.656170e-01
seq1745	5.891991e-01
seq1098	3.859113e-01
seq1030	1.000000e+00
seq494	2.206052e-01
seq420	7.086747e-01
seq1705	1.000000e+00
seq729	1.000000e+00
seq1319	1.000000e+00
seq1413	7.381064e-01
seq1829	6.525367e-01
seq1451	1.595143e-01
seq676	9.980947e-01
seq650	1.000000e+00
seq21	8.553528e-01
seq61	1.000000e+00
seq1480	8.672840e-01
seq977	8.012404e-01
seq255	6.878746e-01
seq824	9.762300e-01
seq828	1.000000e+00
seq500	4.757572e-01
seq1801	9.632515e-01
seq691	1.000000e+00
seq1561	1.000000e+00
seq698	6.148050e-01
seq1738	1.000000e+00
seq740	7.806485e-01
seq1602	9.809768e-01
seq1194	3.557999e-01
seq891	1.000000e+00
seq1720	7.607574e-01
seq24	7.011280e-01
seq1613	7.205446e-01
seq1321	2.818243e-01
seq1100	5.271220e-01
seq1389	5.112187e-01
seq1067	8.385516e-01
seq460	1.000000e+00
seq1090	6.101315e-01
seq189	1.000000e+00
seq1580	1.000000e+00
seq830	7.217895e-01
seq1215	7.101872e-01
seq1381	6.318151e-01
seq76	7.796802e-01
seq1201	5.367805e-01
seq149	6.553535e-01
seq110	9.159566e-01
seq1089	8.459952e-01
seq628	1.000000e+00
seq1597	8.465773e-01
seq1103	9.261278e-01
seq293	9.506781e-01
seq1729	9.008320e-01
seq278	7.869074e-01
seq1417	7.434135e-01
seq214	5.472581e-02
seq1386	5.910849e-01
seq1747	8.476013e-01
seq1008	7.689533e-01
seq405	1.000000e+00
seq458	7.428334e-01
seq769	7.913442e-01
seq1424	8.964533e-01
seq1464	1.000000e+00
seq1402	7.738803e-01
seq1253	1.000000e+00
seq951	6.070252e-01
seq1519	1.000000e+00
seq917	4.946437e-01
seq1188	6.207080e-01
seq54	5.140471e-01
seq1095	9.899485e-01
seq1048	9.235693e-01
seq938	9.624910e-01
seq1811	7.104310e-01
seq1506	7.552833e-01
seq440	9.709316e-01
seq330	1.000000e+00
seq1656	9.409713e-01
seq1645	8.829099e-01
seq366	7.692967e-01
seq1344	9.428067e-01
seq1014	1.000000e+00
seq550	5.409777e-01
seq875	7.748767e-01
seq264	8.320734e-01
seq1140	4.813062e-01
seq898	6.386694e-01
seq978	8.062893e-01
seq498	4.137604e-01
seq1723	1.000000e+00
seq1216	1.855309e-01
seq1057	1.000000e+00
seq1301	9.406120e-01
seq108	1.000000e+00
seq1790	9.019498e-01
seq884	5.247761e-01
seq102	8.946093e-01
seq356	7.051495e-01
seq727	1.000000e+00
seq1666	3.939299e-01
seq1083	8.913858e-01
seq561	8.388036e-01
seq669	4.134789e-01
seq868	6.574260e-01
seq1009	8.846284e-01
seq1069	1.000000e+00
seq1334	8.135162e-01
seq590	8.383099e-01
seq411	4.773447e-01
seq991	7.057861e-01
seq944	7.868879e-01
seq1830	1.000000e+00
seq833	6.062185e-01
seq275	7.305647e-01
seq88	7.677954e-01
seq1091	6.714073e-01
seq183	7.007526e-01
seq753	1.000000e+00
seq202	1.000000e+00
seq1407	5.310412e-01
seq605	8.749329e-01
seq100	7.608198e-01
seq328	9.060200e-01
seq487	1.000000e+00
seq1307	8.942063e-01
seq932	8.645610e-01
seq234	1.000000e+00
seq530	7.757366e-01
seq517	3.118613e-01
seq1472	8.929282e-01
seq822	8.363803e-01
seq956	1.000000e+00
seq1018	9.296283e-01
seq1093	5.899400e-01
seq632	7.850277e-01
seq1315	1.000000e+00
seq196	1.000000e+00
seq548	6.501435e-02
seq290	3.515529e-01
seq46	1.000000e+00
seq1242	1.000000e+00
seq1549	1.000000e+00
seq160	1.000000e+00
seq323	8.058725e-01
seq1817	1.000000e+00
seq1237	8.239756e-01
seq1768	1.000000e+00
seq1685	7.931462e-01
seq1149	5.542670e-01
seq1353	7.360620e-01
seq1219	6.796006e-01
seq973	6.905178e-01
seq378	9.522542e-01
seq712	9.672415e-01
seq1139	5.208845e-01
seq424	9.152491e-01
seq209	1.000000e+00
seq482	1.000000e+00
seq1191	4.884604e-01
seq584	8.773160e-01
seq739	1.000000e+00
seq816	6.034085e-01
seq1564	1.000000e+00
seq1500	9.779572e-01
seq8	1.000000e+00
seq5	9.446603e-01
seq1657	1.000000e+00
seq120	2.711175e-02
seq466	7.646907e-01
seq797	1.000000e+00
seq1515	1.000000e+00
seq967	5.336132e-01
seq673	9.258318e-01
seq837	1.000000e+00
seq1579	4.761002e-01
seq1277	9.869519e-01
seq1198	1.000000e+00
seq26	1.000000e+00
seq1248	1.000000e+00
seq1527	8.589399e-01
seq1126	6.265377e-01
seq1638	8.964943e-01
seq1246	9.068356e-01
seq347	7.143314e-01
seq1406	5.892765e-01
seq1082	5.738226e-01
seq353	6.434853e-01
seq1758	8.318368e-01
seq1180	8.177710e-01
seq162	7.061592e-01
seq1212	6.867791e-01
seq1273	7.777917e-01
seq350	1.000000e+00
seq574	1.000000e+00
seq864	8.800100e-01
seq75	8.941685e-01
seq1163	6.689380e-01
seq1264	4.171329e-01
seq301	6.133866e-01
seq270	6.694255e-01
seq173	8.106449e-01
seq1617	1.000000e+00
seq601	9.441880e-01
seq1640	5.291475e-01
seq532	7.648273e-01
seq955	7.357268e-01
seq1682	8.359260e-01
seq219	6.616143e-01
seq1486	5.079489e-01
seq253	6.573107e-01
seq1339	1.000000e+00
seq1728	7.069528e-01
seq608	9.691482e-01
seq154	7.081888e-01
seq1415	6.313597e-01
seq439	6.180891e-01
seq1182	6.485231e-01
seq972	9.353263e-01
seq862	1.000000e+00
seq716	1.000000e+00
seq855	6.240217e-01
seq136	8.700731e-01
seq1575	1.000000e+00
seq1087	9.346631e-01
seq1116	1.000000e+00
seq670	5.816328e-01
seq851	8.164727e-01
seq1589	1.000000e+00
seq861	1.000000e+00
seq17	6.997423e-01
seq1600	8.364395e-01
seq1538	8.145056e-01
seq1380	8.479749e-01
seq1373	5.379652e-01
seq20	1.000000e+00
seq296	8.370992e-01
seq954	9.098773e-01
seq1061	1.000000e+00
seq1427	1.000000e+00
seq1741	1.000000e+00
seq1503	1.000000e+00
seq831	1.000000e+00
seq1725	9.383276e-01
seq1187	4.095322e-01
seq1351	8.172700e-01
seq374	8.384494e-01
seq1445	1.000000e+00
seq1639	1.000000e+00
seq1197	7.167042e-01
seq1308	1.000000e+00
seq1080	3.796348e-01
seq994	3.817711e-01
seq1460	6.158201e-01
seq490	8.478356e-01
seq1605	7.086727e-01
seq683	5.663537e-01
seq1207	5.786097e-01
seq710	1.000000e+00
seq371	2.675417e-01
seq901	1.000000e+00
seq789	6.522115e-01
seq142	1.000000e+00
seq300	1.000000e+00
seq1361	1.000000e+00
seq1370	9.308395e-01
seq1828	1.000000e+00
seq697	6.654314e-01
seq1572	6.188811e-01
seq612	1.000000e+00
seq999	9.209646e-01
seq1276	8.325404e-01
seq1814	7.850831e-01
seq1441	7.419745e-01
seq1236	9.628068e-01
seq341	6.325631e-01
seq736	8.172253e-01
seq1448	4.463432e-01
seq772	1.000000e+00
seq463	6.864770e-01
seq720	6.975556e-01
seq665	7.715710e-01
seq570	8.003460e-01
seq701	6.526874e-01
seq1241	1.000000e+00
seq288	2.203991e-01
seq97	1.000000e+00
seq1818	8.644262e-01
seq1279	1.000000e+00
seq606	1.000000e+00
seq1290	6.067175e-01
seq1502	6.486371e-01
seq260	2.811069e-01
seq1697	3.985317e-01
seq1560	8.480322e-01
seq233	1.000000e+00
seq1557	7.394381e-01
seq321	6.172976e-01
seq1350	6.998316e-01
seq971	7.628156e-01
seq700	4.549842e-01
seq493	3.070444e-01
seq1405	8.303237e-01
seq926	8.414453e-01
seq1220	7.966759e-01
seq74	1.000000e+00
seq865	4.326440e-01
seq413	1.000000e+00
seq42	1.000000e+00
seq1235	2.384371e-01
seq1005	9.237511e-01
seq1314	8.102572e-01
seq262	1.970503e-01
seq1437	1.000000e+00
seq1539	1.000000e+00
seq489	7.499668e-01
seq1076	7.240241e-01
seq1189	7.668723e-01
seq1734	8.121496e-01
seq1749	1.000000e+00
seq506	1.000000e+00
seq1711	8.075650e-01
seq644	2.346777e-01
seq1524	1.000000e+00
seq662	8.966813e-01
seq1661	1.000000e+00
seq602	1.000000e+00
seq103	5.149560e-01
seq876	7.111493e-01
seq641	1.000000e+00
seq141	4.245843e-01
seq706	1.000000e+00
seq892	8.963519e-01
seq398	6.573614e-01
seq282	7.647119e-01
seq1716	6.533017e-01
seq210	9.486906e-01
seq1258	3.061438e-01
seq1718	1.000000e+00
seq629	1.000000e+00
seq513	1.000000e+00
seq761	8.852918e-01
seq1217	7.797116e-01
seq19	1.000000e+00
seq1183	1.000000e+00
seq48	7.817184e-01
seq1692	9.752638e-01
seq860	5.825895e-01
seq505	1.000000e+00
seq792	1.000000e+00
seq542	2.075292e-01
seq620	9.291020e-01
seq474	9.912611e-01
seq947	8.236538e-01
seq835	1.000000e+00
seq758	4.723987e-01
seq66	1.000000e+00
seq4	7.638776e-01
seq1374	6.834315e-01
seq1110	1.000000e+00
seq529	9.224425e-01
seq993	6.742827e-01
seq879	1.000000e+00
seq1449	1.000000e+00
seq1031	5.001091e-01
seq1245	9.370553e-01
seq292	7.661503e-01
seq1496	3.909985e-02
seq39	1.000000e+00
seq331	5.880603e-01
seq1457	9.969554e-02
seq1596	1.000000e+00
seq621	1.000000e+00
seq1010	5.058198e-01
seq502	6.727865e-01
seq124	6.831954e-01
seq709	5.417570e-01
seq1367	1.000000e+00
seq184	1.000000e+00
seq1293	8.342832e-01
seq1513	7.903617e-01
seq1382	9.845773e-01
seq143	9.183866e-01
seq1331	6.755492e-01
seq781	8.340936e-01
seq777	7.259453e-01
seq22	5.834773e-01
seq870	1.000000e+00
seq1648	1.000000e+00
seq346	3.061354e-01
seq1019	9.550102e-01
seq1313	7.184302e-01
seq144	4.422518e-01
seq359	3.586287e-01
seq303	1.000000e+00
seq1776	1.000000e+00
seq269	8.532848e-01
seq1282	6.976481e-01
seq1169	1.413126e-02
seq1409	9.015816e-01
seq910	4.940558e-01
seq327	6.824653e-01
seq844	1.000000e+00
seq1040	5.852281e-01
seq1004	1.000000e+00
seq358	1.992703e-01
seq372	8.243337e-01
seq443	8.236685e-01
seq1228	1.000000e+00
seq1348	8.897479e-01
seq122	1.000000e+00
seq1780	1.000000e+00
seq1211	9.263193e-01
seq1783	1.000000e+00
seq1545	7.721336e-01
seq658	6.848786e-01
seq1647	1.000000e+00
seq674	1.000000e+00
seq1341	7.708217e-01
seq705	6.746160e-01
seq232	5.510213e-01
seq243	7.901169e-01
seq1071	8.444309e-01
seq811	1.000000e+00
seq6	1.000000e+00
seq1015	1.000000e+00
seq873	8.153609e-01
seq1631	3.811333e-01
seq1726	6.346812e-01
seq1300	6.622726e-01
seq1754	5.844480e-01
seq765	8.419942e-01
seq949	1.000000e+00
seq1371	9.597442e-01
seq1684	7.734294e-01
seq1247	7.981006e-01
seq1672	6.921903e-01
seq1278	6.413275e-01
seq481	9.383695e-01
seq336	1.000000e+00
seq975	7.345777e-01
seq1637	7.362963e-01
seq537	1.000000e+00
seq1654	5.698032e-01
seq1800	1.000000e+00
seq91	5.928867e-01
seq1731	9.872227e-01
seq1269	7.576747e-01
seq133	1.000000e+00
seq1418	4.747914e-01
seq702	5.203100e-01
seq1302	1.000000e+00
seq639	1.000000e+00
seq1593	1.000000e+00
seq55	7.133697e-01
seq363	4.814544e-01
seq380	1.000000e+00
seq1622	1.000000e+00
seq965	7.258556e-01
seq415	6.448257e-01
seq16	6.164080e-01
seq1146	6.125366e-01
seq457	1.000000e+00
seq523	9.331563e-01
seq381	8.258961e-02
seq1316	8.155725e-01
seq375	7.124640e-01
seq643	9.176736e-01
seq1499	5.093006e-01
seq319	9.651377e-01
seq1627	1.000000e+00
seq257	6.117784e-02
seq1624	8.895186e-01
seq883	1.000000e+00
seq216	1.000000e+00
seq446	4.693782e-01
seq186	1.000000e+00
seq435	7.942892e-01
seq852	1.000000e+00
seq1383	1.000000e+00
seq1270	7.545795e-01
seq988	8.189611e-01
seq445	6.923798e-01
seq339	5.720853e-01
seq1292	9.437716e-01
seq1788	1.000000e+00
seq1012	9.548159e-01
seq361	1.000000e+00
seq1609	1.000000e+00
seq191	9.751579e-01
seq60	5.856105e-01
seq308	7.149190e-01
seq11	7.529746e-01
seq1769	7.472708e-01
seq893	1.000000e+00
seq554	1.000000e+00
seq645	3.973266e-01
seq695	1.000000e+00
seq1281	9.689958e-01
seq432	5.624945e-01
seq215	1.000000e+00
seq511	4.920058e-01
seq1097	1.000000e+00
seq223	1.000000e+00
seq553	7.704097e-01
seq1305	1.000000e+00
seq134	9.098862e-01
seq236	1.000000e+00
seq285	9.828684e-01
seq1562	8.802161e-01
seq1710	6.334240e-01
seq422	1.000000e+00
seq798	9.275170e-01
seq1155	9.482187e-01
seq429	6.846011e-01
seq600	8.850389e-01
seq646	9.453200e-01
seq1755	1.000000e+00
seq607	1.000000e+00
seq1763	1.000000e+00
seq476	1.000000e+00
seq205	5.668510e-01
seq23	1.000000e+00
seq317	1.000000e+00
seq1032	6.339288e-02
seq295	9.101682e-01
seq129	9.668052e-01
seq240	1.000000e+00
seq310	1.000000e+00
seq568	5.029586e-01
seq1642	4.607322e-01
seq87	9.938321e-01
seq946	7.654283e-01
seq1105	1.000000e+00
seq1288	6.056800e-01
seq1113	3.110581e-01
seq59	6.237118e-01
seq86	1.000000e+00
seq96	3.573808e-01
seq545	6.048672e-01
seq558	8.876315e-01
seq730	3.650523e-01
seq1541	1.000000e+00
seq1471	9.624764e-01
seq147	8.899614e-01
seq586	7.257682e-01
seq848	7.314655e-01
seq1534	9.513632e-01
seq869	1.000000e+00
seq1707	8.583268e-01
seq385	9.070366e-01
seq1148	5.527357e-01
seq1156	1.000000e+00
seq688	6.843280e-01
seq1473	4.470097e-01
seq1504	1.000000e+00
seq1463	1.000000e+00
seq1436	1.000000e+00
seq281	8.696697e-01
seq776	4.762014e-01
seq175	1.000000e+00
seq302	1.000000e+00
seq1053	6.531913e-01
seq774	8.623900e-01
seq1223	7.592553e-01
seq1732	7.562870e-01
seq137	9.149938e-01
seq510	6.318919e-01
seq1509	8.145753e-01
seq98	9.021448e-01
seq41	1.000000e+00
seq657	1.000000e+00
seq401	1.000000e+00
seq1306	1.000000e+00
seq397	8.978159e-01
seq379	1.000000e+00
seq1086	1.000000e+00
seq492	1.000000e+00
seq827	1.000000e+00
seq503	3.043343e-01
seq524	1.000000e+00
seq1802	5.997846e-01
seq200	8.489200e-01
seq369	7.270752e-01
seq1376	1.950953e-01
seq575	7.266297e-01
seq820	1.000000e+00
seq1021	1.000000e+00
seq1796	8.652896e-01
seq150	7.249033e-01
seq279	5.837488e-01
seq1479	9.241234e-01
seq1570	6.274305e-01
seq1392	1.663015e-01
seq1340	8.214928e-01
seq623	9.043517e-01
seq1444	3.189960e-01
seq1038	9.167639e-01
seq624	5.885728e-01
seq799	6.598953e-01
seq252	1.000000e+00
seq1797	5.367680e-01
seq1812	3.036881e-01
seq344	7.711008e-01
seq1284	7.115949e-01
seq1312	6.837036e-01
seq1695	4.221655e-01
seq785	7.141888e-01
seq843	1.000000e+00
seq80	9.173699e-01
seq920	9.943559e-01
seq1101	9.501766e-01
seq787	9.469956e-01
seq1809	8.603129e-01
seq1131	8.804150e-01
seq1416	7.195573e-01
seq1447	9.839718e-01
seq428	1.000000e+00
seq1356	1.000000e+00
seq896	1.000000e+00
seq1514	1.000000e+00
seq472	8.765429e-01
seq986	4.238197e-01
seq62	1.000000e+00
seq1678	7.953912e-01
seq1618	7.100525e-01
seq1020	6.197447e-01
seq441	6.487072e-01
seq562	2.109426e-01
seq518	4.575729e-01
seq1166	1.000000e+00
seq250	3.360056e-01
seq508	5.118261e-01
seq802	7.896060e-01
seq1761	1.000000e+00
seq759	9.910579e-01
seq934	8.906416e-01
seq1214	6.938330e-01
seq1323	5.517559e-01
seq1694	7.400999e-01
seq1029	1.000000e+00
seq560	5.972498e-01
seq70	1.000000e+00
seq1698	7.581504e-01
seq957	1.000000e+00
seq728	8.880711e-02
seq1606	1.000000e+00
seq1771	4.574121e-01
seq1421	8.337565e-01
seq1419	5.645445e-01
seq1491	1.000000e+00
seq925	1.000000e+00
seq99	9.669215e-01
seq1204	3.683019e-01
seq1335	5.373714e-01
seq259	3.683073e-01
seq1643	1.000000e+00
seq1601	1.000000e+00
seq314	5.226815e-01
seq1816	9.103428e-01
seq904	2.853337e-02
seq1221	5.582304e-01
seq1244	1.000000e+00
seq1551	1.000000e+00
seq580	1.000000e+00
seq733	5.896783e-01
seq808	7.070062e-01
seq69	9.742258e-01
seq1517	1.000000e+00
seq1176	8.242472e-01
seq25	5.106295e-01
seq299	1.000000e+00
seq1088	1.000000e+00
seq647	6.698542e-01
seq320	1.000000e+00
seq3	1.000000e+00
seq167	5.503224e-01
seq1752	7.885522e-01
seq1147	9.512566e-01
seq1102	6.269998e-01
seq922	9.870945e-01
seq419	5.560969e-01
seq1737	1.000000e+00
seq185	7.644275e-01
seq47	1.000000e+00
seq190	6.803560e-01
seq1357	9.642667e-01
seq906	1.000000e+00
seq895	8.695881e-01
seq164	9.927946e-01
seq334	7.246144e-01
seq989	9.731929e-01
seq112	8.634177e-01
seq1124	7.308031e-01
seq1824	1.000000e+00
seq297	1.000000e+00
seq1397	1.000000e+00
seq1354	8.851061e-01
seq703	8.468111e-01
seq499	8.737809e-01
seq933	7.759727e-01
seq948	6.012018e-01
seq563	5.996570e-01
seq1410	6.980869e-01
seq723	1.000000e+00
seq913	7.673031e-01
seq1632	1.000000e+00
seq1518	3.716706e-01
seq399	7.488503e-01
seq38	1.000000e+00
seq352	7.613119e-01
seq918	8.646827e-01
seq50	6.423079e-01
seq766	3.660228e-01
seq1530	7.469965e-01
seq1581	8.886797e-01
seq1722	5.281079e-01
seq1595	9.318694e-01
seq1157	1.000000e+00
seq309	1.000000e+00
seq1620	1.000000e+00
seq889	1.000000e+00
seq1345	3.233238e-01
seq1778	7.387573e-01
seq583	6.777714e-01
seq470	7.191589e-01
seq585	3.198699e-01
seq818	7.953886e-01
seq1338	5.678860e-01
seq1395	4.964994e-01
seq704	5.584915e-01
seq1352	9.532418e-01
seq1523	1.000000e+00
seq1662	1.000000e+00
seq768	1.000000e+00
seq1134	9.364498e-01
seq815	1.000000e+00
seq199	9.579067e-01
seq960	1.000000e+00
seq1298	6.823768e-01
seq1256	1.000000e+00
seq448	1.902760e-01
seq1807	5.889872e-01
seq14	7.131211e-01
seq258	6.531851e-01
seq825	1.000000e+00
seq1333	1.000000e+00
seq726	1.197054e-01
seq1239	8.883725e-01
seq878	5.180191e-01
seq72	7.260267e-01
seq985	2.926826e-01
seq721	3.585141e-01
seq1328	7.297981e-01
seq1458	9.315641e-01
seq1206	9.162860e-01
seq123	7.144472e-01
seq842	1.000000e+00
seq56	6.937207e-01
seq402	2.460214e-01
seq132	9.301581e-01
seq1750	6.387107e-01
seq1689	1.000000e+00
seq412	2.410514e-01
seq1079	1.000000e+00
seq467	9.808558e-01
seq182	5.385413e-01
seq1773	9.102011e-01
seq1145	5.530177e-01
seq247	4.788152e-01
seq1786	6.571471e-01
seq7	5.108001e-01
seq1740	8.631010e-01
seq806	8.978375e-01
seq161	9.794935e-01
seq1542	3.297224e-01
seq648	7.480904e-01
seq218	8.974156e-01
seq1543	1.000000e+00
seq354	5.608912e-01
seq1366	6.296019e-01
seq1234	8.570255e-01
seq1196	1.000000e+00
seq1576	3.639189e-01
seq224	8.753860e-01
seq543	1.000000e+00
seq1821	6.383861e-01
seq610	7.249018e-01
seq465	5.266583e-01
seq672	1.000000e+00
seq905	1.000000e+00
seq1026	6.799089e-01
seq564	4.850061e-01
seq12	9.882720e-01
seq1077	9.402411e-01
seq63	4.658912e-01
seq1299	1.000000e+00
seq44	7.862077e-01
seq1390	7.301771e-01
seq1598	1.000000e+00
seq1756	1.000000e+00
seq1553	6.639824e-01
seq627	9.729957e-01
seq1799	1.000000e+00
seq393	9.213882e-01
seq755	8.474479e-01
seq1249	8.978026e-01
seq140	1.000000e+00
seq1199	9.803894e-01
seq1614	7.750960e-01
seq609	1.000000e+00
seq1343	6.671560e-01
seq1507	1.000000e+00
seq1477	8.416524e-01
seq1677	7.444498e-01
U00096.2:943439-943738(-)	-6.788879e-01
U00096.2:105929-106228(-)	-5.323383e-01
U00096.2:4340761-4341060(-)	-9.410974e-01
U00096.2:2296237-2296536(+)	-8.559671e-01
U00096.2:388129-388428(-)	-7.332602e-01
U00096.2:4122781-4123080(+)	-6.087458e-01
U00096.2:3451027-3451326(-)	-9.977818e-01
U00096.2:1827215-1827514(+)	-6.520190e-01
U00096.2:2011709-2012008(+)	-5.982019e-01
U00096.2:444991-445290(-)	-9.418625e-01
U00096.2:43724-44023(+)	-5.077826e-01
U00096.2:3390633-3390932(-)	-7.126216e-01
U00096.2:1016439-1016738(+)	-6.842226e-01
U00096.2:864499-864798(+)	-4.221230e-01
U00096.2:2392108-2392407(-)	-5.282201e-01
U00096.2:4252271-4252570(+)	-6.475737e-01
U00096.2:3738885-3739184(+)	-5.282810e-01
U00096.2:4331372-4331671(-)	-8.076445e-01
U00096.2:3501556-3501855(-)	-5.857543e-01
U00096.2:3425529-3425828(+)	-1.000000e+00
U00096.2:4236333-4236632(-)	-9.324903e-01
U00096.2:1461699-1461998(+)	-7.373616e-01
U00096.2:201217-201516(-)	-5.735848e-01
U00096.2:973333-973632(-)	-9.565598e-01
U00096.2:3879038-3879337(+)	-6.238819e-01
U00096.2:4547179-4547478(+)	-8.602578e-01
U00096.2:1763367-1763666(+)	-1.000000e+00
U00096.2:642886-643185(+)	-7.961859e-01
U00096.2:3920067-3920366(+)	-7.989098e-01
U00096.2:4444054-4444353(+)	-6.265928e-01
U00096.2:1714657-1714956(-)	-7.944260e-01
U00096.2:2999231-2999530(+)	-9.726029e-01
U00096.2:4255261-4255560(-)	-6.186516e-01
U00096.2:4482141-4482440(-)	-7.872589e-01
U00096.2:2772367-2772666(-)	-1.000000e+00
U00096.2:1759117-1759416(+)	-6.056375e-01
U00096.2:3262437-3262736(-)	-7.033337e-01
U00096.2:4525534-4525833(-)	-8.305505e-01
U00096.2:1304267-1304566(-)	-9.711208e-01
U00096.2:1984423-1984722(-)	-1.000000e+00
U00096.2:3398052-3398351(+)	-5.350135e-01
U00096.2:2724040-2724339(+)	-6.400339e-01
U00096.2:2372300-2372599(-)	-7.432914e-01
U00096.2:3247989-3248288(-)	-6.475257e-01
U00096.2:1894235-1894534(+)	-7.268167e-01
U00096.2:194250-194549(-)	-7.309884e-01
U00096.2:947576-947875(+)	-8.178650e-01
U00096.2:963604-963903(-)	-1.000000e+00
U00096.2:693543-693842(-)	-6.719661e-01
U00096.2:4179070-4179369(+)	-1.000000e+00
U00096.2:3567637-3567936(-)	-8.426225e-01
U00096.2:2286762-2287061(+)	-1.000000e+00
U00096.2:134667-134966(+)	-8.703879e-01
U00096.2:1627811-1628110(+)	-9.545804e-01
U00096.2:2919716-2920015(-)	-8.276660e-01
U00096.2:2747935-2748234(-)	-8.672453e-01
U00096.2:1035530-1035829(+)	-5.624990e-01
U00096.2:1202626-1202925(-)	-7.676676e-01
U00096.2:487874-488173(+)	-4.079880e-01
U00096.2:2240999-2241298(-)	-7.564526e-01
U00096.2:2928304-2928603(-)	-6.176739e-01
U00096.2:100246-100545(+)	-7.085434e-01
U00096.2:3330292-3330591(+)	-8.377391e-01
U00096.2:1556349-1556648(-)	-5.833488e-01
U00096.2:126763-127062(-)	-6.780228e-01
U00096.2:1394076-1394375(-)	-7.212209e-01
U00096.2:992497-992796(-)	-8.504078e-01
U00096.2:4572695-4572994(+)	-8.076377e-01
U00096.2:1747237-1747536(-)	-6.707826e-01
U00096.2:403825-404124(+)	-8.953253e-01
U00096.2:2115260-2115559(+)	-6.379127e-01
U00096.2:1364087-1364386(-)	-6.270405e-01
U00096.2:2806594-2806893(-)	-4.043816e-01
U00096.2:2722201-2722500(-)	-8.143542e-01
U00096.2:2723001-2723300(+)	-9.597815e-01
U00096.2:2920395-2920694(+)	-9.300065e-01
U00096.2:24685-24984(+)	-6.929995e-01
U00096.2:443350-443649(-)	-7.366916e-01
U00096.2:4230731-4231030(-)	-4.173931e-01
U00096.2:822749-823048(-)	-5.830220e-01
U00096.2:1101088-1101387(+)	-1.000000e+00
U00096.2:339337-339636(-)	-5.763233e-01
U00096.2:878691-878990(-)	-1.000000e+00
U00096.2:278529-278828(+)	-6.605464e-01
U00096.2:93347-93646(-)	-6.160726e-01
U00096.2:996037-996336(-)	-7.954081e-01
U00096.2:2500944-2501243(+)	-5.141365e-01
U00096.2:3130377-3130676(-)	-9.242701e-01
U00096.2:3612065-3612364(-)	-1.000000e+00
U00096.2:672115-672414(-)	-5.992548e-01
U00096.2:4349127-4349426(+)	-7.674208e-01
U00096.2:4225156-4225455(+)	-5.858416e-01
U00096.2:884029-884328(-)	-9.056835e-01
U00096.2:3618445-3618744(-)	-4.022292e-01
U00096.2:3751954-3752253(+)	-1.000000e+00
U00096.2:2915154-2915453(+)	-8.696197e-01
U00096.2:1664242-1664541(+)	-8.710548e-01
U00096.2:2092846-2093145(-)	-4.844881e-01
U00096.2:615789-616088(+)	-3.420545e-01
U00096.2:1838879-1839178(-)	-9.363777e-01
U00096.2:1514498-1514797(+)	-6.720142e-01
U00096.2:1572007-1572306(+)	-9.951704e-01
U00096.2:4314826-4315125(-)	-1.815609e-01
U00096.2:2123655-2123954(+)	-6.647942e-01
U00096.2:3322562-3322861(-)	-8.226673e-01
U00096.2:1549405-1549704(-)	-7.225334e-01
U00096.2:3174385-3174684(-)	-5.741813e-01
U00096.2:2631461-2631760(-)	-4.931661e-01
U00096.2:1631686-1631985(+)	-1.000000e+00
U00096.2:3296627-3296926(-)	-7.351353e-01
U00096.2:3392437-3392736(-)	-6.599347e-01
U00096.2:1652605-1652904(-)	-8.830339e-01
U00096.2:3568560-3568859(+)	-5.547967e-01
U00096.2:2308819-2309118(-)	-5.892771e-01
U00096.2:4590309-4590608(+)	-5.691045e-01
U00096.2:3682151-3682450(-)	-6.412184e-01
U00096.2:2129354-2129653(-)	-6.212519e-01
U00096.2:3063080-3063379(+)	-5.616238e-01
U00096.2:3625033-3625332(+)	-6.846242e-01
U00096.2:2425048-2425347(-)	-7.746812e-01
U00096.2:2712147-2712446(-)	-1.000000e+00
U00096.2:2097086-2097385(+)	-1.000000e+00
U00096.2:373749-374048(-)	-4.288546e-01
U00096.2:145130-145429(-)	-9.202935e-01
U00096.2:1020519-1020818(-)	-1.000000e+00
U00096.2:1791653-1791952(-)	-7.605497e-01
U00096.2:4193503-4193802(+)	-5.876288e-01
U00096.2:2134842-2135141(-)	-6.783542e-01
U00096.2:1066894-1067193(-)	-1.000000e+00
U00096.2:3123189-3123488(+)	-7.368978e-01
U00096.2:2600176-2600475(+)	-6.583555e-01
U00096.2:4522056-4522355(-)	-9.806317e-01
U00096.2:2173890-2174189(-)	-7.929127e-01
U00096.2:3447528-3447827(-)	-9.162100e-01
U00096.2:2456620-2456919(+)	-5.336530e-01
U00096.2:1683025-1683324(+)	-8.147555e-01
U00096.2:3230596-3230895(-)	-7.229702e-01
U00096.2:2297528-2297827(+)	-6.718093e-01
U00096.2:1684622-1684921(-)	-1.000000e+00
U00096.2:376286-376585(-)	-7.233742e-01
U00096.2:4553343-4553642(+)	-1.000000e+00
U00096.2:1886679-1886978(+)	-6.752062e-01
U00096.2:2405339-2405638(+)	-1.000000e+00
U00096.2:2313624-2313923(+)	-1.000000e+00
U00096.2:4046319-4046618(+)	-7.944853e-01
U00096.2:1095583-1095882(+)	-1.000000e+00
U00096.2:1042855-1043154(+)	-7.857193e-01
U00096.2:3141365-3141664(-)	-6.346781e-01
U00096.2:289069-289368(+)	-4.912805e-01
U00096.2:3640652-3640951(-)	-4.187579e-01
U00096.2:1965365-1965664(+)	-7.581086e-01
U00096.2:3842318-3842617(-)	-7.178658e-01
U00096.2:777476-777775(-)	-5.525568e-01
U00096.2:3326521-3326820(+)	-9.612703e-01
U00096.2:76044-76343(+)	-9.143328e-01
U00096.2:486779-487078(-)	-8.487439e-01
U00096.2:122377-122676(+)	-6.571786e-01
U00096.2:165224-165523(-)	-4.919776e-01
U00096.2:4296002-4296301(-)	-5.598458e-01
U00096.2:4455183-4455482(-)	-6.322134e-01
U00096.2:4344362-4344661(+)	-6.750622e-01
U00096.2:1734732-1735031(+)	-8.218651e-01
U00096.2:1595018-1595317(+)	-8.577559e-01
U00096.2:1537567-1537866(+)	-4.849656e-01
U00096.2:713415-713714(+)	-5.348831e-01
U00096.2:838112-838411(-)	-7.352442e-01
U00096.2:3385034-3385333(+)	-7.009020e-01
U00096.2:1424437-1424736(+)	-1.000000e+00
U00096.2:2232050-2232349(-)	-9.990097e-01
U00096.2:4343817-4344116(+)	-4.793355e-01
U00096.2:542229-542528(-)	-1.000000e+00
U00096.2:3018287-3018586(-)	-9.473570e-01
U00096.2:3030690-3030989(+)	-1.000000e+00
U00096.2:459297-459596(+)	-6.992664e-01
U00096.2:1436505-1436804(+)	-6.107226e-01
U00096.2:1773282-1773581(-)	-1.000000e+00
U00096.2:3070160-3070459(-)	-8.376501e-01
U00096.2:711272-711571(-)	-8.947965e-01
U00096.2:842014-842313(+)	-9.425271e-01
U00096.2:1525729-1526028(-)	-1.000000e+00
U00096.2:3867337-3867636(+)	-8.558676e-01
U00096.2:909123-909422(+)	-7.217815e-01
U00096.2:4171107-4171406(+)	-9.385809e-01
U00096.2:3378383-3378682(-)	-6.995743e-01
U00096.2:1637888-1638187(+)	-1.000000e+00
U00096.2:521829-522128(+)	-7.183369e-01
U00096.2:2556348-2556647(-)	-6.910028e-01
U00096.2:3905356-3905655(-)	-6.324360e-01
U00096.2:4570984-4571283(+)	-1.000000e+00
U00096.2:3366206-3366505(-)	-1.000000e+00
U00096.2:974710-975009(+)	-6.487403e-01
U00096.2:3975751-3976050(+)	-8.691629e-01
U00096.2:3008071-3008370(+)	-7.077411e-01
U00096.2:2252360-2252659(+)	-7.308773e-01
U00096.2:2284748-2285047(-)	-7.740948e-01
U00096.2:807093-807392(+)	-9.435063e-01
U00096.2:4336554-4336853(-)	-7.267076e-01
U00096.2:3087022-3087321(+)	-6.765056e-01
U00096.2:1968325-1968624(+)	-7.887442e-01
U00096.2:4507007-4507306(-)	-6.671184e-01
U00096.2:1473245-1473544(+)	-1.000000e+00
U00096.2:3608784-3609083(+)	-4.925687e-01
U00096.2:4421748-4422047(-)	-6.174411e-01
U00096.2:9605-9904(+)	-8.187716e-01
U00096.2:1735235-1735534(-)	-1.000000e+00
U00096.2:1027322-1027621(-)	-7.746050e-01
U00096.2:1641091-1641390(+)	-1.000000e+00
U00096.2:1256464-1256763(-)	-6.442897e-01
U00096.2:1687291-1687590(+)	-5.821935e-01
U00096.2:631086-631385(+)	-9.107776e-01
U00096.2:3319524-3319823(+)	-1.000000e+00
U00096.2:1137103-1137402(-)	-7.770932e-01
U00096.2:2339033-2339332(-)	-6.503058e-01
U00096.2:790096-790395(-)	-6.522712e-01
U00096.2:883206-883505(+)	-7.505913e-01
U00096.2:794550-794849(+)	-6.352866e-01
U00096.2:2448407-2448706(+)	-1.000000e+00
U00096.2:293548-293847(-)	-1.000000e+00
U00096.2:1112854-1113153(-)	-9.914756e-01
U00096.2:3105905-3106204(-)	-9.592553e-01
U00096.2:324783-325082(-)	-8.240547e-01
U00096.2:2398034-2398333(+)	-8.129870e-01
U00096.2:1420378-1420677(+)	-6.671129e-01
U00096.2:3458260-3458559(-)	-1.000000e+00
U00096.2:2648794-2649093(+)	-7.382607e-01
U00096.2:4576910-4577209(-)	-1.000000e+00
U00096.2:4026807-4027106(+)	-4.509495e-01
U00096.2:4307518-4307817(-)	-7.843047e-01
U00096.2:3877504-3877803(+)	-7.226819e-01
U00096.2:1444438-1444737(+)	-9.827461e-01
U00096.2:586424-586723(-)	-5.655730e-01
U00096.2:2462144-2462443(-)	-1.000000e+00
U00096.2:1877207-1877506(-)	-1.000000e+00
U00096.2:2401762-2402061(-)	-8.311723e-01
U00096.2:131481-131780(+)	-9.124410e-01
U00096.2:856827-857126(-)	-9.731439e-01
U00096.2:3386127-3386426(+)	-8.056387e-01
U00096.2:2332847-2333146(+)	-7.506604e-01
U00096.2:771621-771920(-)	-8.950375e-01
U00096.2:379463-379762(-)	-8.749670e-01
U00096.2:1166575-1166874(-)	-9.835990e-01
U00096.2:3486766-3487065(-)	-6.552809e-01
U00096.2:2303671-2303970(+)	-6.751972e-01
U00096.2:446652-446951(-)	-9.267408e-01
U00096.2:2583220-2583519(+)	-9.109784e-01
U00096.2:1674145-1674444(+)	-7.949527e-01
U00096.2:1960971-1961270(+)	-9.577095e-01
U00096.2:3966152-3966451(+)	-8.526480e-01
U00096.2:2250162-2250461(+)	-6.706291e-01
U00096.2:2517197-2517496(+)	-1.000000e+00
U00096.2:2991262-2991561(-)	-1.000000e+00
U00096.2:4385084-4385383(+)	-5.092025e-01
U00096.2:1670834-1671133(-)	-9.446194e-01
U00096.2:3184583-3184882(-)	-2.360904e-01
U00096.2:2103539-2103838(+)	-1.000000e+00
U00096.2:2526699-2526998(-)	-7.947883e-01
U00096.2:3812387-3812686(-)	-1.000000e+00
U00096.2:3886527-3886826(-)	-1.000000e+00
U00096.2:3508921-3509220(+)	-1.000000e+00
U00096.2:867749-868048(+)	-6.599836e-01
U00096.2:3613344-3613643(-)	-2.933253e-01
U00096.2:924262-924561(-)	-6.154959e-01
U00096.2:3567210-3567509(-)	-9.943268e-01
U00096.2:3879573-3879872(+)	-4.199218e-01
U00096.2:397471-397770(+)	-7.755059e-01
U00096.2:4184261-4184560(+)	-7.039683e-01
U00096.2:662414-662713(-)	-7.630691e-01
U00096.2:2510652-2510951(+)	-1.000000e+00
U00096.2:4111954-4112253(-)	-7.250554e-01
U00096.2:1250618-1250917(-)	-8.274537e-01
U00096.2:2258443-2258742(-)	-6.191425e-01
U00096.2:2326627-2326926(+)	-7.996915e-01
U00096.2:2956077-2956376(-)	-7.690421e-01
U00096.2:2666438-2666737(-)	-1.000000e+00
U00096.2:2378284-2378583(-)	-6.896499e-01
U00096.2:2828676-2828975(+)	-5.458934e-01
U00096.2:4369263-4369562(+)	-7.227532e-01
U00096.2:2143909-2144208(+)	-8.301294e-01
U00096.2:2600526-2600825(-)	-3.773215e-01
U00096.2:143341-143640(+)	-5.868137e-01
U00096.2:1743073-1743372(+)	-9.342402e-01
U00096.2:2098432-2098731(+)	-5.117184e-01
U00096.2:3384242-3384541(+)	-4.933068e-01
U00096.2:2064687-2064986(+)	-6.315990e-01
U00096.2:1013214-1013513(-)	-8.779469e-01
U00096.2:1885410-1885709(+)	-5.252583e-01
U00096.2:3508238-3508537(-)	-7.970092e-01
U00096.2:254071-254370(-)	-8.217553e-01
U00096.2:45221-45520(+)	-7.329953e-01
U00096.2:1500348-1500647(+)	-1.000000e+00
U00096.2:790831-791130(-)	-7.258109e-01
U00096.2:3871729-3872028(-)	-6.445313e-01
U00096.2:4089377-4089676(+)	-6.642646e-01
U00096.2:1651889-1652188(-)	-1.000000e+00
U00096.2:1427264-1427563(-)	-5.461247e-01
U00096.2:2554627-2554926(+)	-6.213424e-01
U00096.2:361337-361636(-)	-9.289948e-01
U00096.2:1176158-1176457(-)	-4.751679e-01
U00096.2:705690-705989(+)	-6.545615e-01
U00096.2:456701-457000(+)	-7.207696e-01
U00096.2:2896954-2897253(-)	-7.628036e-01
U00096.2:2314136-2314435(+)	-1.000000e+00
U00096.2:3005711-3006010(-)	-8.795976e-01
U00096.2:3761503-3761802(-)	-3.908278e-01
U00096.2:75019-75318(-)	-7.260203e-01
U00096.2:4375066-4375365(-)	-6.182843e-01
U00096.2:2791122-2791421(+)	-3.545368e-01
U00096.2:2238260-2238559(+)	-1.000000e+00
U00096.2:3577220-3577519(+)	-7.833141e-01
U00096.2:2355667-2355966(-)	-8.772927e-01
U00096.2:1164483-1164782(+)	-9.234144e-01
U00096.2:1319535-1319834(+)	-5.382927e-01
U00096.2:1485747-1486046(+)	-9.004159e-01
U00096.2:144747-145046(+)	-1.000000e+00
U00096.2:503986-504285(-)	-1.000000e+00
U00096.2:1290606-1290905(-)	-1.000000e+00
U00096.2:4506324-4506623(-)	-9.810093e-01
U00096.2:1012884-1013183(-)	-8.671392e-01
U00096.2:1440141-1440440(+)	-5.780417e-01
U00096.2:1139178-1139477(+)	-8.500299e-01
U00096.2:1950644-1950943(-)	-1.000000e+00
U00096.2:287173-287472(-)	-6.182366e-01
U00096.2:2530715-2531014(-)	-8.731681e-01
U00096.2:990868-991167(-)	-6.474106e-01
U00096.2:1583973-1584272(-)	-1.000000e+00
U00096.2:2204167-2204466(-)	-7.269449e-01
U00096.2:1497662-1497961(+)	-9.487710e-01
U00096.2:2739806-2740105(-)	-1.000000e+00
U00096.2:3286478-3286777(+)	-9.993274e-01
U00096.2:3281373-3281672(-)	-5.587433e-01
U00096.2:352560-352859(-)	-3.332427e-01
U00096.2:3323365-3323664(-)	-7.562480e-01
U00096.2:3744336-3744635(-)	-7.351433e-01
U00096.2:3998658-3998957(+)	-7.412794e-01
U00096.2:3948950-3949249(+)	-5.371616e-01
U00096.2:723833-724132(-)	-6.199397e-01
U00096.2:366496-366795(-)	-6.411406e-01
U00096.2:2895526-2895825(+)	-8.515595e-01
U00096.2:2224172-2224471(+)	-7.595034e-01
U00096.2:1483186-1483485(+)	-5.845195e-01
U00096.2:1330595-1330894(-)	-9.002487e-01
U00096.2:471805-472104(+)	-8.722731e-01
U00096.2:3231227-3231526(-)	-6.634669e-01
U00096.2:2917637-2917936(+)	-5.580253e-01
U00096.2:3069785-3070084(+)	-7.187950e-01
U00096.2:409068-409367(-)	-9.849945e-01
U00096.2:1719226-1719525(+)	-1.000000e+00
U00096.2:614385-614684(-)	-6.932473e-01
U00096.2:4361387-4361686(+)	-9.717689e-01
U00096.2:2300181-2300480(+)	-1.000000e+00
U00096.2:1407447-1407746(+)	-8.509663e-01
U00096.2:3076321-3076620(-)	-9.030792e-01
U00096.2:1173712-1174011(-)	-7.548257e-01
U00096.2:577863-578162(+)	-1.000000e+00
U00096.2:1153299-1153598(-)	-9.174313e-01
U00096.2:3801022-3801321(-)	-1.000000e+00
U00096.2:3215760-3216059(+)	-5.096558e-01
U00096.2:2719397-2719696(-)	-6.397056e-01
U00096.2:1550498-1550797(+)	-9.056050e-01
U00096.2:4482604-4482903(+)	-5.790303e-01
U00096.2:3119285-3119584(-)	-1.000000e+00
U00096.2:142024-142323(-)	-6.325398e-01
U00096.2:2670395-2670694(+)	-3.012461e-01
U00096.2:4447913-4448212(+)	-9.203760e-01
U00096.2:3854309-3854608(-)	-1.000000e+00
U00096.2:1826420-1826719(-)	-7.709762e-01
U00096.2:4315545-4315844(-)	-4.304518e-01
U00096.2:833729-834028(+)	-7.378518e-01
U00096.2:1437285-1437584(-)	-9.005878e-01
U00096.2:1258097-1258396(+)	-6.970376e-01
U00096.2:3488744-3489043(+)	-9.657662e-01
U00096.2:4240748-4241047(+)	-5.482757e-01
U00096.2:1348421-1348720(+)	-7.041122e-01
U00096.2:542760-543059(-)	-8.781420e-01
U00096.2:2468689-2468988(-)	-1.000000e+00
U00096.2:930875-931174(-)	-7.490047e-01
U00096.2:4602881-4603180(+)	-8.495509e-01
U00096.2:3625744-3626043(-)	-3.919484e-01
U00096.2:1145019-1145318(-)	-9.271695e-01
U00096.2:4041-4340(-)	-7.483806e-01
U00096.2:2025251-2025550(-)	-7.979357e-01
U00096.2:1515006-1515305(-)	-1.000000e+00
U00096.2:3081113-3081412(+)	-6.559762e-01
U00096.2:4160269-4160568(-)	-9.964730e-01
U00096.2:4085433-4085732(+)	-1.000000e+00
U00096.2:515588-515887(+)	-1.000000e+00
U00096.2:4391672-4391971(-)	-8.120916e-01
U00096.2:229886-230185(-)	-9.360518e-01
U00096.2:262866-263165(+)	-8.704284e-01
U00096.2:820014-820313(+)	-1.000000e+00
U00096.2:1303899-1304198(+)	-6.819796e-01
U00096.2:4485939-4486238(+)	-7.038806e-01
U00096.2:1279036-1279335(-)	-7.284195e-01
U00096.2:1359240-1359539(-)	-6.809348e-01
U00096.2:3052412-3052711(+)	-5.742665e-01
U00096.2:343232-343531(-)	-1.000000e+00
U00096.2:869118-869417(-)	-8.191806e-01
U00096.2:1442100-1442399(-)	-7.153155e-01
U00096.2:4509109-4509408(-)	-7.919742e-01
U00096.2:3608148-3608447(+)	-6.354537e-01
U00096.2:252280-252579(+)	-1.000000e+00
U00096.2:1038180-1038479(-)	-7.463298e-01
U00096.2:381569-381868(+)	-1.000000e+00
U00096.2:2445529-2445828(+)	-7.435239e-01
U00096.2:2755939-2756238(-)	-1.000000e+00
U00096.2:3900453-3900752(-)	-1.000000e+00
U00096.2:780730-781029(+)	-1.000000e+00
U00096.2:1481374-1481673(+)	-6.772353e-01
U00096.2:618937-619236(+)	-5.013666e-01
U00096.2:1911838-1912137(-)	-7.932871e-01
U00096.2:941098-941397(+)	-9.550694e-01
U00096.2:828790-829089(-)	-6.339735e-01
U00096.2:3116717-3117016(+)	-7.634660e-01
U00096.2:3287444-3287743(-)	-9.583846e-01
U00096.2:2794106-2794405(+)	-5.848619e-01
U00096.2:2741216-2741515(-)	-9.699496e-01
U00096.2:3058428-3058727(-)	-1.000000e+00
U00096.2:4419987-4420286(-)	-7.768330e-01
U00096.2:2240471-2240770(-)	-7.544279e-01
U00096.2:2747020-2747319(+)	-7.426500e-01
U00096.2:945409-945708(-)	-8.972776e-01
U00096.2:1996532-1996831(+)	-8.128971e-01
U00096.2:3554741-3555040(-)	-4.160351e-01
U00096.2:4043956-4044255(-)	-8.632628e-01
U00096.2:653755-654054(-)	-7.691156e-01
U00096.2:2159928-2160227(+)	-3.431516e-01
U00096.2:3681028-3681327(+)	-6.554126e-01
U00096.2:4064041-4064340(+)	-7.075165e-01
U00096.2:714629-714928(-)	-1.000000e+00
U00096.2:1529515-1529814(+)	-1.000000e+00
U00096.2:487374-487673(-)	-5.522137e-01
U00096.2:2776186-2776485(+)	-8.455779e-01
U00096.2:1980070-1980369(+)	-8.585144e-01
U00096.2:2518107-2518406(-)	-8.418123e-01
U00096.2:4386361-4386660(+)	-5.564690e-01
U00096.2:4148000-4148299(-)	-1.000000e+00
U00096.2:3030174-3030473(+)	-7.886866e-01
U00096.2:1738391-1738690(+)	-8.302309e-01
U00096.2:1297089-1297388(+)	-1.000000e+00
U00096.2:1443115-1443414(-)	-8.101749e-01
U00096.2:2012999-2013298(-)	-4.536502e-01
U00096.2:3995180-3995479(+)	-6.656308e-01
U00096.2:4491558-4491857(-)	-9.550588e-01
U00096.2:3212611-3212910(+)	-5.414566e-01
U00096.2:3910802-3911101(-)	-6.646883e-01
U00096.2:1363703-1364002(+)	-4.152379e-01
U00096.2:846340-846639(+)	-1.000000e+00
U00096.2:3888254-3888553(-)	-1.000000e+00
U00096.2:4017708-4018007(+)	-4.748759e-01
U00096.2:3179977-3180276(-)	-5.498820e-01
U00096.2:4608942-4609241(-)	-9.885665e-01
U00096.2:1770958-1771257(+)	-1.000000e+00
U00096.2:4446076-4446375(-)	-9.901327e-01
U00096.2:3073238-3073537(+)	-7.420937e-01
U00096.2:968176-968475(-)	-6.334031e-01
U00096.2:2397081-2397380(-)	-3.520655e-01
U00096.2:2139382-2139681(-)	-7.332840e-01
U00096.2:714023-714322(-)	-4.058382e-01
U00096.2:1487430-1487729(+)	-9.568538e-01
U00096.2:4265224-4265523(-)	-6.843284e-01
U00096.2:1529060-1529359(-)	-1.000000e+00
U00096.2:1958578-1958877(-)	-6.333744e-01
U00096.2:2936627-2936926(+)	-1.000000e+00
U00096.2:4475445-4475744(-)	-8.407642e-01
U00096.2:50238-50537(-)	-8.234261e-01
U00096.2:15640-15939(-)	-7.232729e-01
U00096.2:2773790-2774089(-)	-6.823907e-01
U00096.2:4515788-4516087(+)	-6.471298e-01
U00096.2:2581433-2581732(+)	-9.057108e-01
U00096.2:2352828-2353127(+)	-6.877332e-01
U00096.2:3849526-3849825(-)	-4.293875e-01
U00096.2:1415724-1416023(+)	-1.000000e+00
U00096.2:472780-473079(+)	-5.933387e-01
U00096.2:2961438-2961737(+)	-6.360543e-01
U00096.2:2905825-2906124(+)	-9.340014e-01
U00096.2:4093860-4094159(-)	-6.310265e-01
U00096.2:4547896-4548195(+)	-7.076900e-01
U00096.2:4387421-4387720(-)	-6.346602e-01
U00096.2:2245693-2245992(-)	-6.452867e-01
U00096.2:672510-672809(-)	-4.135404e-01
U00096.2:3941685-3941984(-)	-1.000000e+00
U00096.2:1834910-1835209(+)	-6.000782e-01
U00096.2:3600246-3600545(+)	-2.737418e-01
U00096.2:2320214-2320513(-)	-8.119723e-01
U00096.2:782104-782403(-)	-9.020183e-01
U00096.2:4117764-4118063(-)	-7.053604e-01
U00096.2:1265540-1265839(-)	-6.430389e-01
U00096.2:4152228-4152527(-)	-7.202467e-01
U00096.2:4396370-4396669(-)	-5.919224e-01
U00096.2:4090705-4091004(+)	-1.000000e+00
U00096.2:4507321-4507620(-)	-7.461995e-01
U00096.2:1012463-1012762(+)	-9.338119e-01
U00096.2:2001095-2001394(+)	-9.860279e-01
U00096.2:3711402-3711701(+)	-9.151370e-01
U00096.2:3408985-3409284(-)	-9.558833e-01
U00096.2:372217-372516(+)	-5.525947e-01
U00096.2:3426378-3426677(-)	-1.000000e+00
U00096.2:3707653-3707952(-)	-9.021618e-01
U00096.2:1872529-1872828(-)	-4.399277e-01
U00096.2:189042-189341(-)	-6.727000e-01
U00096.2:3979767-3980066(-)	-8.036552e-01
U00096.2:3592891-3593190(+)	-5.631150e-01
U00096.2:4333695-4333994(-)	-9.441929e-01
U00096.2:3778415-3778714(-)	-6.654917e-01
U00096.2:4059096-4059395(+)	-1.000000e+00
U00096.2:33412-33711(-)	-5.964790e-01
U00096.2:53961-54260(-)	-3.282882e-01
U00096.2:840201-840500(-)	-8.064748e-01
U00096.2:3589576-3589875(+)	-5.633704e-01
U00096.2:2591623-2591922(+)	-9.588531e-01
U00096.2:1712573-1712872(+)	-7.033979e-01
U00096.2:3280167-3280466(+)	-4.510233e-01
U00096.2:2060600-2060899(-)	-8.391464e-01
U00096.2:1113810-1114109(-)	-8.149649e-01
U00096.2:3050741-3051040(+)	-6.843758e-01
U00096.2:3146800-3147099(+)	-8.112587e-01
U00096.2:2067797-2068096(+)	-4.251732e-01
U00096.2:2523116-2523415(+)	-1.000000e+00
U00096.2:2852839-2853138(-)	-8.481585e-01
U00096.2:1892652-1892951(+)	-9.167436e-01
U00096.2:4221845-4222144(-)	-6.393684e-01
U00096.2:2878647-2878946(-)	-1.000000e+00
U00096.2:64131-64430(+)	-5.142890e-01
U00096.2:1817753-1818052(-)	-1.000000e+00
U00096.2:1010507-1010806(-)	-5.951700e-01
U00096.2:2040149-2040448(-)	-1.000000e+00
U00096.2:1414650-1414949(+)	-9.463253e-01
U00096.2:1727796-1728095(+)	-6.744573e-01
U00096.2:2007550-2007849(+)	-1.000000e+00
U00096.2:3458855-3459154(-)	-1.000000e+00
U00096.2:3269603-3269902(-)	-7.761766e-01
U00096.2:1911031-1911330(-)	-8.733602e-01
U00096.2:1251932-1252231(+)	-9.324502e-01
U00096.2:2833043-2833342(+)	-8.310359e-01
U00096.2:4020974-4021273(-)	-5.484585e-01
U00096.2:124535-124834(+)	-5.754365e-01
U00096.2:85803-86102(+)	-7.802198e-01
U00096.2:2788409-2788708(+)	-6.467539e-01
U00096.2:3946847-3947146(-)	-7.245704e-01
U00096.2:870389-870688(+)	-5.005383e-01
U00096.2:861878-862177(+)	-9.351846e-01
U00096.2:268345-268644(+)	-1.000000e+00
U00096.2:4550532-4550831(+)	-6.216902e-01
U00096.2:2215058-2215357(+)	-9.561690e-01
U00096.2:265355-265654(+)	-8.233025e-01
U00096.2:2159478-2159777(-)	-6.728498e-01
U00096.2:2564948-2565247(-)	-3.786065e-01
U00096.2:3856138-3856437(-)	-7.738281e-01
U00096.2:3752651-3752950(-)	-9.160365e-01
U00096.2:3039359-3039658(-)	-7.619137e-01
U00096.2:3571759-3572058(+)	-6.368241e-01
U00096.2:667449-667748(-)	-7.045485e-01
U00096.2:1816403-1816702(+)	-1.000000e+00
U00096.2:3926522-3926821(-)	-8.087040e-01
U00096.2:2825254-2825553(+)	-8.161294e-01
U00096.2:3710491-3710790(-)	-9.095104e-01
U00096.2:2847057-2847356(-)	-8.250321e-01
U00096.2:1245917-1246216(-)	-7.847479e-01
U00096.2:2311815-2312114(+)	-9.395336e-01
U00096.2:1384863-1385162(+)	-9.928647e-01
U00096.2:3659067-3659366(+)	-6.299012e-01
U00096.2:642327-642626(-)	-1.000000e+00
U00096.2:236069-236368(-)	-8.822575e-01
U00096.2:4281498-4281797(+)	-6.074515e-01
U00096.2:347997-348296(-)	-4.771017e-01
U00096.2:2703078-2703377(+)	-8.157467e-01
U00096.2:1838333-1838632(-)	-7.272869e-01
U00096.2:4635810-4636109(+)	-7.626463e-01
U00096.2:3616564-3616863(+)	-7.282178e-01
U00096.2:2330178-2330477(+)	-7.694675e-01
U00096.2:279756-280055(-)	-8.364113e-01
U00096.2:508337-508636(+)	-4.105799e-01
U00096.2:4406547-4406846(-)	-7.315425e-01
U00096.2:1469650-1469949(+)	-9.425361e-01
U00096.2:1244127-1244426(-)	-1.000000e+00
U00096.2:3901087-3901386(-)	-6.581848e-01
U00096.2:2513081-2513380(+)	-1.000000e+00
U00096.2:1022265-1022564(-)	-7.977958e-01
U00096.2:49276-49575(-)	-7.195153e-01
U00096.2:2762105-2762404(+)	-1.000000e+00
U00096.2:1641976-1642275(+)	-7.658157e-01
U00096.2:2742386-2742685(+)	-1.000000e+00
U00096.2:1373665-1373964(+)	-6.266942e-01
U00096.2:4417388-4417687(+)	-9.440944e-01
U00096.2:2668378-2668677(-)	-7.166259e-01
U00096.2:1117278-1117577(+)	-7.270920e-01
U00096.2:2537353-2537652(-)	-6.943432e-01
U00096.2:4387798-4388097(-)	-8.390711e-01
U00096.2:1080967-1081266(+)	-7.332336e-01
U00096.2:4275990-4276289(+)	-1.000000e+00
U00096.2:4421199-4421498(+)	-6.359294e-01
U00096.2:1701310-1701609(-)	-8.139427e-01
U00096.2:3954886-3955185(+)	-6.610267e-01
U00096.2:2431316-2431615(+)	-4.586801e-01
U00096.2:79027-79326(+)	-6.203980e-01
U00096.2:1022589-1022888(-)	-7.193072e-01
U00096.2:3819977-3820276(+)	-9.230119e-01
U00096.2:3619284-3619583(+)	-5.582463e-01
U00096.2:2593737-2594036(-)	-1.000000e+00
U00096.2:4241051-4241350(+)	-6.263235e-01
U00096.2:1552614-1552913(+)	-7.440906e-01
U00096.2:3361055-3361354(-)	-1.000000e+00
U00096.2:3092149-3092448(+)	-8.052018e-01
U00096.2:3722826-3723125(-)	-6.404608e-01
U00096.2:3090545-3090844(+)	-6.509732e-01
U00096.2:3019931-3020230(-)	-9.700746e-01
U00096.2:4136702-4137001(+)	-8.180824e-01
U00096.2:4245903-4246202(-)	-1.000000e+00
U00096.2:3045724-3046023(+)	-5.751087e-01
U00096.2:1136328-1136627(+)	-6.295185e-01
U00096.2:858685-858984(+)	-9.613232e-01
U00096.2:1088702-1089001(-)	-8.680061e-01
U00096.2:2006861-2007160(+)	-6.650489e-01
U00096.2:4042340-4042639(+)	-1.000000e+00
U00096.2:2604411-2604710(+)	-6.676389e-01
U00096.2:1325140-1325439(+)	-5.473696e-01
U00096.2:4613424-4613723(+)	-8.992166e-01
U00096.2:3336675-3336974(-)	-7.682673e-01
U00096.2:50624-50923(-)	-7.056291e-01
U00096.2:64483-64782(-)	-6.738523e-01
U00096.2:1941891-1942190(+)	-7.183499e-01
U00096.2:4628916-4629215(-)	-8.728595e-01
U00096.2:42823-43122(-)	-6.273631e-01
U00096.2:3796935-3797234(-)	-1.000000e+00
U00096.2:2443511-2443810(-)	-8.996440e-01
U00096.2:211415-211714(+)	-9.183879e-01
U00096.2:1922547-1922846(-)	-1.000000e+00
U00096.2:520103-520402(+)	-6.464225e-01
U00096.2:842729-843028(+)	-9.054848e-01
U00096.2:2466717-2467016(+)	-1.000000e+00
U00096.2:79604-79903(+)	-6.056769e-01
U00096.2:2073815-2074114(+)	-1.000000e+00
U00096.2:215968-216267(+)	-1.000000e+00
U00096.2:2863797-2864096(-)	-7.234425e-01
U00096.2:3709324-3709623(+)	-7.077831e-01
U00096.2:2639158-2639457(-)	-5.741349e-01
U00096.2:3738096-3738395(-)	-7.010237e-01
U00096.2:982441-982740(-)	-1.000000e+00
U00096.2:1326903-1327202(-)	-9.322470e-01
U00096.2:3647342-3647641(+)	-5.008088e-01
U00096.2:3381010-3381309(-)	-8.434231e-01
U00096.2:2606021-2606320(-)	-4.355644e-01
U00096.2:2526068-2526367(+)	-5.435181e-01
U00096.2:1431638-1431937(-)	-1.000000e+00
U00096.2:2919046-2919345(+)	-7.319671e-01
U00096.2:4187513-4187812(+)	-1.000000e+00
U00096.2:1348087-1348386(+)	-9.557872e-01
U00096.2:425486-425785(-)	-6.565826e-01
U00096.2:1855888-1856187(+)	-9.982338e-01
U00096.2:3157262-3157561(-)	-6.523678e-01
U00096.2:3483215-3483514(+)	-9.378238e-01
U00096.2:4217483-4217782(+)	-8.634637e-01
U00096.2:2104746-2105045(+)	-1.000000e+00
U00096.2:532662-532961(+)	-6.637536e-01
U00096.2:1253010-1253309(+)	-8.710127e-01
U00096.2:490740-491039(+)	-6.375062e-01
U00096.2:2488900-2489199(-)	-9.861548e-01
U00096.2:3848477-3848776(+)	-5.364524e-01
U00096.2:2369797-2370096(+)	-9.352863e-01
U00096.2:2101395-2101694(+)	-1.000000e+00
U00096.2:871625-871924(+)	-7.607822e-01
U00096.2:2296581-2296880(-)	-8.164692e-01
U00096.2:593146-593445(-)	-7.745133e-01
U00096.2:1825564-1825863(-)	-7.848659e-01
U00096.2:1632037-1632336(-)	-7.752419e-01
U00096.2:2048910-2049209(-)	-8.263321e-01
U00096.2:3736001-3736300(+)	-7.808538e-01
U00096.2:4319408-4319707(-)	-2.553165e-01
U00096.2:116687-116986(-)	-7.451179e-01
U00096.2:1668787-1669086(+)	-8.847992e-01
U00096.2:4199106-4199405(+)	-7.610130e-01
U00096.2:2389447-2389746(-)	-5.819611e-01
U00096.2:4069646-4069945(-)	-8.976470e-01
U00096.2:4348804-4349103(-)	-8.086297e-01
U00096.2:3539884-3540183(+)	-5.827366e-01
U00096.2:2629680-2629979(-)	-7.295706e-01
U00096.2:899625-899924(+)	-1.000000e+00
U00096.2:336062-336361(+)	-7.262748e-01
U00096.2:3994205-3994504(-)	-8.859460e-01
U00096.2:1540285-1540584(-)	-6.259989e-01
U00096.2:1904484-1904783(-)	-8.137412e-01
U00096.2:3734225-3734524(-)	-1.000000e+00
U00096.2:1808881-1809180(-)	-1.000000e+00
U00096.2:4191869-4192168(+)	-5.200119e-01
U00096.2:121933-122232(-)	-1.000000e+00
U00096.2:2331649-2331948(+)	-9.687075e-01
U00096.2:1720130-1720429(+)	-8.253415e-01
U00096.2:2015610-2015909(+)	-5.229508e-01
U00096.2:4422503-4422802(-)	-1.000000e+00
U00096.2:425929-426228(-)	-7.675067e-01
U00096.2:3990838-3991137(-)	-6.723557e-01
U00096.2:653406-653705(-)	-6.898910e-01
U00096.2:3047710-3048009(+)	-6.634597e-01
U00096.2:305996-306295(-)	-8.440344e-01
U00096.2:3312536-3312835(+)	-6.398975e-01
U00096.2:2676610-2676909(-)	-9.455568e-01
U00096.2:384666-384965(-)	-5.793435e-01
U00096.2:4250795-4251094(+)	-9.888498e-01
U00096.2:1370128-1370427(-)	-5.914419e-01
U00096.2:763885-764184(-)	-6.388173e-01
U00096.2:1662849-1663148(+)	-9.667050e-01
U00096.2:3651006-3651305(+)	-1.000000e+00
U00096.2:3225229-3225528(+)	-6.940934e-01
U00096.2:1740519-1740818(+)	-9.886465e-01
U00096.2:3480992-3481291(+)	-3.478388e-01
U00096.2:3374973-3375272(-)	-7.387824e-01
U00096.2:3660643-3660942(+)	-7.321663e-01
U00096.2:4513617-4513916(-)	-5.401775e-01
U00096.2:3862667-3862966(+)	-6.449041e-01
U00096.2:613434-613733(+)	-6.663252e-01
U00096.2:2679214-2679513(-)	-3.116866e-01
U00096.2:4120796-4121095(+)	-5.581640e-01
U00096.2:3494256-3494555(+)	-5.619227e-01
U00096.2:2181637-2181936(+)	-7.094529e-01
U00096.2:3571085-3571384(-)	-9.504363e-01
U00096.2:3471876-3472175(-)	-1.000000e+00
U00096.2:1163647-1163946(+)	-7.381580e-01
U00096.2:4535565-4535864(-)	-1.000000e+00
U00096.2:3715559-3715858(-)	-6.395475e-01
U00096.2:2148726-2149025(+)	-1.000000e+00
U00096.2:1667953-1668252(+)	-8.287892e-01
U00096.2:515002-515301(+)	-1.000000e+00
U00096.2:2654081-2654380(-)	-7.449672e-01
U00096.2:4091951-4092250(-)	-6.370971e-01
U00096.2:2021108-2021407(-)	-6.377256e-01
U00096.2:632385-632684(+)	-6.528253e-01
U00096.2:1498850-1499149(+)	-7.284550e-01
U00096.2:1471179-1471478(-)	-7.443149e-01
U00096.2:985709-986008(+)	-8.433863e-01
U00096.2:1689520-1689819(-)	-1.000000e+00
U00096.2:439100-439399(-)	-6.681450e-01
U00096.2:1778601-1778900(+)	-7.569572e-01
U00096.2:1874634-1874933(-)	-9.732886e-01
U00096.2:4272362-4272661(-)	-3.796005e-01
U00096.2:629473-629772(+)	-5.502256e-01
U00096.2:1024953-1025252(-)	-8.254283e-01
U00096.2:1196983-1197282(-)	-1.000000e+00
U00096.2:3893283-3893582(+)	-5.617961e-01
U00096.2:2804572-2804871(+)	-4.473589e-01
U00096.2:4376832-4377131(-)	-9.443339e-01
U00096.2:1864627-1864926(+)	-1.000000e+00
U00096.2:198484-198783(+)	-7.182467e-01
U00096.2:2770756-2771055(-)	-7.230069e-01
U00096.2:3386560-3386859(-)	-4.658557e-01
U00096.2:2061289-2061588(-)	-1.000000e+00
U00096.2:3540288-3540587(-)	-6.008959e-01
U00096.2:1418603-1418902(-)	-1.000000e+00
U00096.2:2246870-2247169(-)	-6.806819e-01
U00096.2:725249-725548(+)	-4.354176e-01
U00096.2:4607520-4607819(-)	-7.108980e-01
U00096.2:4613763-4614062(+)	-5.632171e-01
U00096.2:4182944-4183243(-)	-7.942250e-01
U00096.2:2966215-2966514(-)	-8.863468e-01
U00096.2:698103-698402(-)	-8.455146e-01
U00096.2:485798-486097(+)	-9.942267e-01
U00096.2:3394058-3394357(-)	-8.207784e-01
U00096.2:1591434-1591733(-)	-8.096978e-01
U00096.2:2412184-2412483(-)	-6.908252e-01
U00096.2:591066-591365(+)	-6.856136e-01
U00096.2:337194-337493(+)	-5.306146e-01
U00096.2:2382070-2382369(+)	-1.000000e+00
U00096.2:853205-853504(-)	-7.314648e-01
U00096.2:961630-961929(-)	-6.729662e-01
U00096.2:38155-38454(+)	-8.505320e-01
U00096.2:4002389-4002688(+)	-7.328775e-01
U00096.2:3023444-3023743(-)	-1.000000e+00
U00096.2:896679-896978(-)	-6.352223e-01
U00096.2:1661430-1661729(-)	-7.172639e-01
U00096.2:3137077-3137376(-)	-6.424027e-01
U00096.2:2440282-2440581(-)	-6.632622e-01
U00096.2:2935136-2935435(+)	-8.670987e-01
U00096.2:4377846-4378145(-)	-6.623828e-01
U00096.2:829689-829988(-)	-1.000000e+00
U00096.2:2636479-2636778(+)	-1.000000e+00
U00096.2:3844790-3845089(+)	-7.612213e-01
U00096.2:1368788-1369087(+)	-9.073994e-01
U00096.2:2804187-2804486(-)	-5.558497e-01
U00096.2:2277175-2277474(+)	-6.394382e-01
U00096.2:4460033-4460332(-)	-5.935956e-01
U00096.2:3583713-3584012(+)	-8.002198e-01
U00096.2:3284348-3284647(-)	-6.897550e-01
U00096.2:1570054-1570353(-)	-1.000000e+00
U00096.2:1503749-1504048(-)	-5.771830e-01
U00096.2:1487930-1488229(+)	-7.789840e-01
U00096.2:4256752-4257051(+)	-5.881367e-01
U00096.2:248735-249034(+)	-5.376886e-01
U00096.2:842385-842684(-)	-6.994849e-01
U00096.2:3847016-3847315(-)	-5.246261e-01
U00096.2:2606863-2607162(+)	-7.380533e-01
U00096.2:736183-736482(-)	-1.000000e+00
U00096.2:1519874-1520173(-)	-8.210941e-01
U00096.2:4291447-4291746(-)	-6.359780e-01
U00096.2:3346985-3347284(-)	-8.196841e-01
U00096.2:1729188-1729487(-)	-8.709393e-01
U00096.2:1322612-1322911(-)	-1.000000e+00
U00096.2:3104506-3104805(-)	-7.324604e-01
U00096.2:2094391-2094690(-)	-9.635097e-01
U00096.2:338318-338617(+)	-3.254092e-01
U00096.2:2016600-2016899(+)	-9.251485e-01
U00096.2:196220-196519(-)	-1.000000e+00
U00096.2:3442878-3443177(-)	-7.045813e-01
U00096.2:1078645-1078944(-)	-7.818478e-01
U00096.2:2149568-2149867(-)	-1.000000e+00
U00096.2:2020465-2020764(+)	-6.790126e-01
U00096.2:617809-618108(-)	-9.432382e-01
U00096.2:3528534-3528833(-)	-9.047347e-01
U00096.2:2124619-2124918(-)	-7.055715e-01
U00096.2:47382-47681(-)	-4.636745e-01
U00096.2:2947558-2947857(+)	-6.859426e-01
U00096.2:645210-645509(-)	-1.000000e+00
U00096.2:1937562-1937861(-)	-8.376551e-01
U00096.2:3498394-3498693(-)	-5.578426e-01
U00096.2:4475099-4475398(+)	-1.000000e+00
U00096.2:1857137-1857436(-)	-1.000000e+00
U00096.2:3496411-3496710(+)	-5.516194e-01
U00096.2:3419057-3419356(+)	-7.953509e-01
U00096.2:3831188-3831487(-)	-9.432980e-01
U00096.2:2353607-2353906(+)	-6.827367e-01
U00096.2:1454126-1454425(+)	-7.999417e-01
U00096.2:700545-700844(-)	-7.291738e-01
U00096.2:1282955-1283254(-)	-6.379760e-01
U00096.2:1177475-1177774(+)	-9.160666e-01
U00096.2:3160408-3160707(-)	-6.903897e-01
U00096.2:934364-934663(-)	-6.026216e-01
U00096.2:603643-603942(+)	-1.000000e+00
U00096.2:3094182-3094481(-)	-8.615486e-01
U00096.2:3726309-3726608(+)	-8.694170e-01
U00096.2:4100820-4101119(-)	-8.116338e-01
U00096.2:3024993-3025292(-)	-9.138992e-01
U00096.2:3864957-3865256(-)	-9.709593e-01
U00096.2:429730-430029(+)	-1.000000e+00
U00096.2:3339744-3340043(-)	-7.702995e-01
U00096.2:3862119-3862418(+)	-7.187540e-01
U00096.2:76380-76679(+)	-7.113529e-01
U00096.2:4516706-4517005(-)	-7.591465e-01
U00096.2:1419420-1419719(-)	-1.000000e+00
U00096.2:1660371-1660670(+)	-1.000000e+00
U00096.2:1451864-1452163(-)	-1.000000e+00
U00096.2:2079913-2080212(-)	-1.000000e+00
U00096.2:4203846-4204145(-)	-5.052422e-01
U00096.2:4251372-4251671(-)	-6.994768e-01
U00096.2:4312934-4313233(+)	-4.170457e-01
U00096.2:3150438-3150737(+)	-8.427363e-01
U00096.2:1766648-1766947(-)	-1.000000e+00
U00096.2:960427-960726(+)	-7.193146e-01
U00096.2:4027943-4028242(-)	-7.681356e-01
U00096.2:3411638-3411937(-)	-1.000000e+00
U00096.2:1609422-1609721(-)	-8.485970e-01
U00096.2:4063001-4063300(+)	-1.000000e+00
U00096.2:3705346-3705645(+)	-7.624415e-01
U00096.2:3821554-3821853(+)	-6.283707e-01
U00096.2:2912654-2912953(-)	-7.621342e-01
U00096.2:261348-261647(-)	-7.591132e-01
U00096.2:91254-91553(+)	-1.000000e+00
U00096.2:1534396-1534695(+)	-8.791045e-01
U00096.2:3589046-3589345(-)	-6.110068e-01
U00096.2:3121837-3122136(-)	-5.497020e-01
U00096.2:1597006-1597305(+)	-8.336076e-01
U00096.2:385362-385661(-)	-7.464265e-01
U00096.2:3602627-3602926(+)	-7.605989e-01
U00096.2:2573758-2574057(+)	-1.000000e+00
U00096.2:2362377-2362676(-)	-1.000000e+00
U00096.2:2364649-2364948(-)	-9.986258e-01
U00096.2:4079344-4079643(-)	-8.816615e-01
U00096.2:2913754-2914053(+)	-6.593476e-01
U00096.2:70502-70801(-)	-9.481773e-01
U00096.2:1170914-1171213(-)	-6.646618e-01
U00096.2:843883-844182(-)	-7.740801e-01
U00096.2:139094-139393(-)	-6.065009e-01
U00096.2:374112-374411(+)	-9.276630e-01
U00096.2:2598611-2598910(-)	-9.139998e-01
U00096.2:2563626-2563925(+)	-4.536655e-01
U00096.2:1637451-1637750(-)	-1.000000e+00
U00096.2:3514822-3515121(-)	-7.028556e-01
U00096.2:3627368-3627667(+)	-5.838693e-01
U00096.2:1601559-1601858(-)	-6.680860e-01
U00096.2:3595412-3595711(+)	-1.000000e+00
U00096.2:657351-657650(-)	-8.010227e-01
U00096.2:2854098-2854397(-)	-5.764837e-01
U00096.2:581959-582258(+)	-1.000000e+00
U00096.2:3611338-3611637(-)	-8.578138e-01
U00096.2:1369371-1369670(+)	-1.000000e+00
U00096.2:3239981-3240280(+)	-5.946224e-01
U00096.2:560086-560385(+)	-9.835668e-01
U00096.2:1588615-1588914(-)	-1.000000e+00
U00096.2:1946687-1946986(-)	-7.952783e-01
U00096.2:447885-448184(-)	-7.030861e-01
U00096.2:3060130-3060429(+)	-5.313103e-01
U00096.2:4218337-4218636(-)	-1.000000e+00
U00096.2:3824625-3824924(-)	-6.928738e-01
U00096.2:175243-175542(+)	-5.214906e-01
U00096.2:272669-272968(-)	-8.795705e-01
U00096.2:4044419-4044718(-)	-1.000000e+00
U00096.2:4611442-4611741(+)	-1.000000e+00
U00096.2:4139291-4139590(+)	-7.799474e-01
U00096.2:2685752-2686051(+)	-5.661854e-01
U00096.2:2568190-2568489(+)	-4.917648e-01
U00096.2:2724737-2725036(-)	-1.000000e+00
U00096.2:3576234-3576533(-)	-5.345877e-01
U00096.2:221465-221764(+)	-7.375343e-01
U00096.2:4036505-4036804(-)	-6.805355e-01
U00096.2:3307379-3307678(-)	-7.745405e-01
U00096.2:4245201-4245500(+)	-3.666702e-01
U00096.2:3557099-3557398(+)	-5.446015e-01
U00096.2:1433871-1434170(-)	-9.504290e-01
U00096.2:3672053-3672352(-)	-6.452192e-01
U00096.2:589351-589650(-)	-7.227429e-01
U00096.2:99795-100094(-)	-7.367612e-01
U00096.2:4157201-4157500(-)	-5.446528e-01
U00096.2:4253035-4253334(-)	-5.492916e-01
U00096.2:1245251-1245550(-)	-7.199818e-01
U00096.2:4496829-4497128(+)	-2.827534e-01
U00096.2:1321600-1321899(+)	-8.022270e-01
U00096.2:1082228-1082527(+)	-7.610879e-01
U00096.2:3932807-3933106(-)	-7.828287e-01
U00096.2:893781-894080(+)	-7.127536e-01
U00096.2:3887926-3888225(+)	-1.000000e+00
U00096.2:3609094-3609393(-)	-5.517693e-01
U00096.2:411966-412265(+)	-2.746966e-01
U00096.2:1471780-1472079(+)	-6.757189e-01
U00096.2:2874586-2874885(+)	-1.000000e+00
U00096.2:3748465-3748764(+)	-6.723047e-01
U00096.2:3095027-3095326(+)	-7.029883e-01
U00096.2:3465354-3465653(+)	-8.012581e-01
U00096.2:876510-876809(+)	-7.314865e-01
U00096.2:859888-860187(+)	-4.675279e-01
U00096.2:2256860-2257159(+)	-1.000000e+00
U00096.2:3664826-3665125(-)	-5.575745e-01
U00096.2:3884353-3884652(-)	-6.553170e-01
U00096.2:1607941-1608240(-)	-7.340762e-01
U00096.2:4163533-4163832(+)	-7.218565e-01
U00096.2:3379436-3379735(-)	-5.993742e-01
U00096.2:192572-192871(-)	-1.000000e+00
U00096.2:3421372-3421671(+)	-8.987665e-01
U00096.2:3072161-3072460(-)	-9.209746e-01
U00096.2:97498-97797(+)	-7.560190e-01
U00096.2:504624-504923(+)	-6.927752e-01
U00096.2:599429-599728(-)	-7.142322e-01
U00096.2:3367290-3367589(-)	-1.000000e+00
U00096.2:3686540-3686839(-)	-7.215889e-01
U00096.2:1924557-1924856(+)	-6.125837e-01
U00096.2:2602108-2602407(-)	-4.626890e-01
U00096.2:1758766-1759065(+)	-6.899593e-01
U00096.2:3391028-3391327(-)	-8.159655e-01
U00096.2:1813230-1813529(+)	-8.094729e-01
U00096.2:4272908-4273207(+)	-1.000000e+00
U00096.2:4624416-4624715(-)	-6.431294e-01
U00096.2:887844-888143(-)	-7.993028e-01
U00096.2:3916052-3916351(+)	-8.938761e-01
U00096.2:1210889-1211188(+)	-1.000000e+00
U00096.2:2373034-2373333(+)	-4.316531e-01
U00096.2:3491628-3491927(+)	-1.000000e+00
U00096.2:1895878-1896177(-)	-6.919251e-01
U00096.2:3319072-3319371(+)	-1.000000e+00
U00096.2:4306638-4306937(-)	-5.905715e-01
U00096.2:3761150-3761449(-)	-6.615574e-01
U00096.2:682012-682311(+)	-8.076407e-01
U00096.2:3925873-3926172(+)	-3.514571e-01
U00096.2:1538553-1538852(-)	-6.952015e-01
U00096.2:378752-379051(-)	-8.601437e-01
U00096.2:2695251-2695550(+)	-1.000000e+00
U00096.2:2091025-2091324(+)	-7.762193e-01
U00096.2:1375313-1375612(-)	-6.711760e-01
U00096.2:3981479-3981778(+)	-8.418518e-01
U00096.2:1628136-1628435(-)	-9.148455e-01
U00096.2:2241545-2241844(-)	-1.000000e+00
U00096.2:465898-466197(+)	-9.431030e-01
U00096.2:2842337-2842636(+)	-5.628240e-01
U00096.2:2898109-2898408(-)	-1.000000e+00
U00096.2:3095502-3095801(+)	-6.389643e-01
U00096.2:4355711-4356010(+)	-9.721359e-01
U00096.2:1356783-1357082(-)	-5.098106e-01
U00096.2:339729-340028(-)	-7.935335e-01
U00096.2:1352438-1352737(-)	-7.015940e-01
U00096.2:2786704-2787003(+)	-1.000000e+00
U00096.2:2547020-2547319(-)	-6.984033e-01
U00096.2:1796780-1797079(-)	-9.668156e-01
U00096.2:1880580-1880879(+)	-6.386785e-01
U00096.2:4084797-4085096(-)	-1.000000e+00
U00096.2:1431033-1431332(+)	-5.726950e-01
U00096.2:3531186-3531485(+)	-8.121658e-01
U00096.2:1834419-1834718(+)	-6.580306e-01
U00096.2:2161277-2161576(+)	-4.026150e-01
U00096.2:3574330-3574629(-)	-4.279398e-01
U00096.2:86874-87173(-)	-6.567886e-01
U00096.2:1605811-1606110(-)	-6.485570e-01
U00096.2:1897738-1898037(+)	-7.367443e-01
U00096.2:7229-7528(+)	-1.000000e+00
U00096.2:837164-837463(+)	-1.000000e+00
U00096.2:772741-773040(-)	-4.812909e-01
U00096.2:4066494-4066793(+)	-8.273237e-01
U00096.2:3993549-3993848(-)	-9.187391e-01
U00096.2:2196332-2196631(-)	-1.000000e+00
U00096.2:4304207-4304506(+)	-6.425809e-01
U00096.2:3265646-3265945(+)	-1.000000e+00
U00096.2:740803-741102(-)	-8.545158e-01
U00096.2:3124693-3124992(+)	-6.503060e-01
U00096.2:2779927-2780226(-)	-1.000000e+00
U00096.2:4618857-4619156(+)	-9.486653e-01
U00096.2:1218065-1218364(+)	-1.000000e+00
U00096.2:2033030-2033329(+)	-9.224099e-01
U00096.2:3080130-3080429(-)	-9.031989e-01
U00096.2:1596088-1596387(+)	-1.000000e+00
U00096.2:4121574-4121873(-)	-5.850424e-01
U00096.2:3912254-3912553(+)	-9.188434e-01
U00096.2:3002055-3002354(+)	-8.339784e-01
U00096.2:2505649-2505948(-)	-9.382319e-01
U00096.2:3002618-3002917(+)	-1.000000e+00
U00096.2:1079645-1079944(+)	-2.938937e-01
U00096.2:1635516-1635815(+)	-1.000000e+00
U00096.2:1708805-1709104(+)	-6.815344e-01
U00096.2:2718961-2719260(+)	-8.658325e-01
U00096.2:1854369-1854668(+)	-1.000000e+00
U00096.2:4024515-4024814(-)	-1.000000e+00
U00096.2:3277773-3278072(+)	-4.603292e-01
U00096.2:2530244-2530543(-)	-1.000000e+00
U00096.2:4333283-4333582(-)	-1.000000e+00
U00096.2:482091-482390(-)	-7.025091e-01
U00096.2:3216199-3216498(+)	-6.545441e-01
U00096.2:2681958-2682257(+)	-8.805321e-01
U00096.2:1045186-1045485(-)	-8.694253e-01
U00096.2:4529664-4529963(-)	-1.000000e+00
U00096.2:408385-408684(-)	-5.164281e-01
U00096.2:1607623-1607922(-)	-6.318400e-01
U00096.2:1578287-1578586(+)	-1.000000e+00
U00096.2:2005525-2005824(+)	-6.924107e-01
U00096.2:283543-283842(-)	-2.794123e-01
U00096.2:826236-826535(-)	-7.048167e-01
U00096.2:3977515-3977814(+)	-6.681075e-01
U00096.2:4478865-4479164(-)	-1.000000e+00
U00096.2:1201613-1201912(+)	-1.000000e+00
U00096.2:3456674-3456973(-)	-1.000000e+00
U00096.2:3724000-3724299(+)	-9.973092e-01
U00096.2:395957-396256(-)	-9.818964e-01
U00096.2:2432957-2433256(+)	-7.741287e-01
U00096.2:581607-581906(-)	-1.000000e+00
U00096.2:1784013-1784312(+)	-6.141849e-01
U00096.2:2232563-2232862(-)	-7.861804e-01
U00096.2:3067937-3068236(-)	-1.000000e+00
U00096.2:3760380-3760679(-)	-5.153159e-01
U00096.2:331975-332274(-)	-1.000000e+00
U00096.2:749854-750153(+)	-1.000000e+00
U00096.2:4091575-4091874(-)	-5.818491e-01
U00096.2:2980754-2981053(-)	-8.500745e-01
U00096.2:67723-68022(+)	-6.144508e-01
U00096.2:2797820-2798119(+)	-1.000000e+00
U00096.2:446128-446427(-)	-6.850218e-01
U00096.2:3562263-3562562(-)	-7.624105e-01
U00096.2:2792898-2793197(-)	-1.000000e+00
U00096.2:4300635-4300934(+)	-7.264293e-01
U00096.2:1466433-1466732(-)	-3.399865e-01
U00096.2:55846-56145(-)	-8.535302e-01
U00096.2:4237210-4237509(+)	-5.388080e-01
U00096.2:2055406-2055705(+)	-1.000000e+00
U00096.2:1334725-1335024(+)	-8.019875e-01
U00096.2:199950-200249(+)	-8.791484e-01
U00096.2:2375214-2375513(+)	-5.723712e-01
U00096.2:206713-207012(+)	-4.375654e-01
U00096.2:132219-132518(+)	-6.851543e-01
U00096.2:1498239-1498538(-)	-9.754410e-01
U00096.2:3185322-3185621(-)	-1.000000e+00
U00096.2:1810535-1810834(-)	-1.000000e+00
U00096.2:3250946-3251245(-)	-1.000000e+00
U00096.2:2897257-2897556(+)	-1.000000e+00
U00096.2:4503672-4503971(+)	-1.000000e+00
U00096.2:2801321-2801620(-)	-6.233676e-01
U00096.2:4216176-4216475(-)	-7.335337e-01
U00096.2:1750292-1750591(+)	-7.653472e-01
U00096.2:891249-891548(-)	-7.318557e-01
U00096.2:3339328-3339627(+)	-9.699580e-01
U00096.2:3082030-3082329(-)	-7.167901e-01
U00096.2:3422924-3423223(-)	-9.730436e-01
U00096.2:664483-664782(-)	-8.364984e-01
U00096.2:2995199-2995498(-)	-4.143399e-01
U00096.2:649905-650204(-)	-7.978053e-01
U00096.2:936006-936305(+)	-6.667789e-01
U00096.2:245019-245318(+)	-1.000000e+00
U00096.2:1756838-1757137(-)	-9.365538e-01
U00096.2:4228810-4229109(-)	-1.000000e+00
U00096.2:2950989-2951288(-)	-5.876767e-01
U00096.2:3673852-3674151(+)	-8.309961e-01
U00096.2:1142055-1142354(-)	-7.501505e-01
U00096.2:1785151-1785450(-)	-1.000000e+00
U00096.2:2799286-2799585(+)	-5.963883e-01
U00096.2:1699550-1699849(-)	-7.724331e-01
U00096.2:3618819-3619118(-)	-7.297134e-01
U00096.2:80714-81013(+)	-7.976501e-01
U00096.2:1810197-1810496(-)	-9.914113e-01
U00096.2:737651-737950(-)	-1.000000e+00
U00096.2:845803-846102(-)	-6.392167e-01
U00096.2:1309749-1310048(-)	-1.000000e+00
U00096.2:450156-450455(+)	-7.419719e-01
U00096.2:3954338-3954637(-)	-6.341540e-01
U00096.2:2709621-2709920(-)	-7.132036e-01
U00096.2:2550589-2550888(-)	-7.417302e-01
U00096.2:2850662-2850961(+)	-5.420731e-01
U00096.2:3755783-3756082(-)	-1.000000e+00
U00096.2:3961190-3961489(-)	-6.280602e-01
U00096.2:4040525-4040824(-)	-9.787946e-01
U00096.2:826630-826929(+)	-6.254514e-01
U00096.2:810876-811175(+)	-5.231952e-01
U00096.2:2444421-2444720(+)	-5.497966e-01
U00096.2:2634430-2634729(+)	-8.399343e-01
U00096.2:1643532-1643831(+)	-8.348854e-01
U00096.2:3068433-3068732(-)	-8.509625e-01
U00096.2:3415526-3415825(-)	-8.073526e-01
U00096.2:2675052-2675351(-)	-6.855030e-01
U00096.2:1711628-1711927(+)	-8.272975e-01
U00096.2:3336294-3336593(+)	-9.934830e-01
U00096.2:1516427-1516726(-)	-7.382861e-01
U00096.2:3564016-3564315(-)	-7.636098e-01
U00096.2:3034782-3035081(-)	-7.104829e-01
U00096.2:1246667-1246966(+)	-1.000000e+00
U00096.2:332630-332929(-)	-1.000000e+00
U00096.2:853638-853937(-)	-7.653331e-01
U00096.2:2207284-2207583(+)	-8.033573e-01
U00096.2:3268900-3269199(-)	-7.120767e-01
U00096.2:4605963-4606262(-)	-8.127555e-01
U00096.2:3834729-3835028(-)	-1.000000e+00
U00096.2:1967650-1967949(+)	-6.346923e-01
U00096.2:771303-771602(-)	-8.263632e-01
U00096.2:1897063-1897362(-)	-8.297633e-01
U00096.2:1388116-1388415(-)	-7.903466e-01
U00096.2:3448409-3448708(+)	-9.769394e-01
U00096.2:4481269-4481568(-)	-7.698371e-01
U00096.2:1224402-1224701(-)	-9.703627e-01
U00096.2:1952686-1952985(-)	-9.343155e-01
U00096.2:3915350-3915649(+)	-7.861153e-01
U00096.2:1365044-1365343(-)	-8.605172e-01
U00096.2:51928-52227(+)	-7.845393e-01
U00096.2:23492-23791(-)	-4.686869e-01
U00096.2:3433757-3434056(+)	-8.672194e-01
U00096.2:307710-308009(-)	-6.509466e-01
U00096.2:3132408-3132707(+)	-9.458743e-01
U00096.2:2753004-2753303(+)	-9.768704e-01
U00096.2:1977436-1977735(+)	-1.000000e+00
U00096.2:4076652-4076951(-)	-1.000000e+00
U00096.2:3293988-3294287(+)	-8.120817e-01
U00096.2:1908269-1908568(+)	-7.085988e-01
U00096.2:249839-250138(-)	-5.562112e-01
U00096.2:3489053-3489352(-)	-5.501370e-01
U00096.2:3513330-3513629(+)	-9.077101e-01
U00096.2:4041902-4042201(+)	-1.000000e+00
U00096.2:2216975-2217274(-)	-9.229566e-01
U00096.2:1615074-1615373(+)	-8.713272e-01
U00096.2:565510-565809(-)	-8.556702e-01
U00096.2:50941-51240(+)	-7.708430e-01
U00096.2:465273-465572(-)	-8.977398e-01
U00096.2:3756496-3756795(-)	-5.280532e-01
U00096.2:3806518-3806817(+)	-7.028669e-01
U00096.2:4393518-4393817(-)	-1.000000e+00
U00096.2:4454823-4455122(+)	-5.670949e-01
U00096.2:1182249-1182548(+)	-5.909417e-01
U00096.2:3606231-3606530(+)	-1.885188e-01
U00096.2:4437488-4437787(-)	-1.000000e+00
U00096.2:1537128-1537427(-)	-6.388899e-01
U00096.2:2097555-2097854(-)	-1.000000e+00
U00096.2:1509455-1509754(+)	-1.000000e+00
U00096.2:1277529-1277828(+)	-6.512441e-01
U00096.2:4280686-4280985(+)	-1.000000e+00
U00096.2:1672694-1672993(-)	-8.751998e-01
U00096.2:3586150-3586449(+)	-3.483256e-01
U00096.2:2931656-2931955(-)	-1.000000e+00
U00096.2:3147842-3148141(-)	-6.827000e-01
U00096.2:3575317-3575616(+)	-7.086521e-01
U00096.2:1295455-1295754(-)	-6.612476e-01
U00096.2:2693028-2693327(+)	-6.628714e-01
U00096.2:2334440-2334739(+)	-8.536713e-01
U00096.2:4456449-4456748(-)	-8.248171e-01
U00096.2:1948117-1948416(+)	-7.486256e-01
U00096.2:1633760-1634059(+)	-7.745794e-01
U00096.2:1075485-1075784(-)	-4.698252e-01
U00096.2:2575120-2575419(+)	-6.037281e-01
U00096.2:1248302-1248601(+)	-8.290968e-01
U00096.2:4637188-4637487(+)	-7.171367e-01
U00096.2:3168694-3168993(-)	-5.595720e-01
U00096.2:2884490-2884789(-)	-1.000000e+00
U00096.2:2876909-2877208(+)	-1.000000e+00
U00096.2:3696481-3696780(+)	-9.482963e-01
U00096.2:1932322-1932621(+)	-8.145220e-01
U00096.2:1387280-1387579(+)	-7.794512e-01
U00096.2:1176957-1177256(-)	-8.754991e-01
U00096.2:1429135-1429434(+)	-1.000000e+00
U00096.2:3345759-3346058(+)	-1.000000e+00
U00096.2:2766197-2766496(+)	-8.076221e-01
U00096.2:1338606-1338905(+)	-9.319350e-01
U00096.2:2221951-2222250(+)	-9.059340e-01
U00096.2:3888650-3888949(-)	-1.000000e+00
U00096.2:3976985-3977284(+)	-8.163638e-01
U00096.2:2169629-2169928(-)	-9.295510e-01
U00096.2:4064462-4064761(-)	-7.424687e-01
U00096.2:2194173-2194472(+)	-1.000000e+00
U00096.2:3341190-3341489(-)	-9.656737e-01
U00096.2:1199333-1199632(-)	-1.000000e+00
U00096.2:496670-496969(+)	-7.649004e-01
U00096.2:4345902-4346201(-)	-7.202679e-01
U00096.2:1663863-1664162(+)	-8.783283e-01
U00096.2:2052219-2052518(-)	-8.747158e-01
U00096.2:3944316-3944615(-)	-8.794612e-01
U00096.2:301492-301791(-)	-6.507975e-01
U00096.2:1765754-1766053(+)	-7.993475e-01
U00096.2:2876565-2876864(+)	-1.000000e+00
U00096.2:4531666-4531965(-)	-1.000000e+00
U00096.2:1753954-1754253(-)	-8.863190e-01
U00096.2:2146924-2147223(-)	-5.636028e-01
U00096.2:2921329-2921628(+)	-5.569998e-01
U00096.2:442999-443298(-)	-8.716215e-01
U00096.2:914763-915062(-)	-6.201594e-01
U00096.2:610463-610762(+)	-6.547403e-01
U00096.2:548079-548378(-)	-6.653305e-01
U00096.2:3569470-3569769(+)	-6.149121e-01
U00096.2:2299436-2299735(+)	-6.162415e-01
U00096.2:4238399-4238698(-)	-8.836717e-01
U00096.2:1470829-1471128(+)	-7.432803e-01
U00096.2:2571609-2571908(+)	-4.539812e-01
U00096.2:1708482-1708781(+)	-5.679435e-01
U00096.2:3257646-3257945(+)	-7.091036e-01
U00096.2:954711-955010(+)	-8.287058e-01
U00096.2:288254-288553(-)	-9.210610e-01
U00096.2:3477675-3477974(+)	-4.622856e-01
U00096.2:1453560-1453859(+)	-7.474399e-01
U00096.2:2979703-2980002(+)	-8.848852e-01
U00096.2:2302790-2303089(-)	-6.667983e-01
U00096.2:1662352-1662651(+)	-1.000000e+00
U00096.2:909538-909837(-)	-6.797263e-01
U00096.2:398214-398513(+)	-8.567240e-01
U00096.2:3785473-3785772(-)	-5.965069e-01
U00096.2:4145688-4145987(+)	-1.000000e+00
U00096.2:1580915-1581214(+)	-1.000000e+00
U00096.2:4287044-4287343(+)	-8.701808e-01
U00096.2:3512444-3512743(+)	-6.988007e-01
U00096.2:3861447-3861746(+)	-1.000000e+00
U00096.2:3595742-3596041(-)	-1.000000e+00
U00096.2:247400-247699(+)	-8.391774e-01
U00096.2:4081827-4082126(+)	-6.712176e-01
U00096.2:2772687-2772986(+)	-1.000000e+00
U00096.2:2929918-2930217(+)	-5.510365e-01
U00096.2:2352176-2352475(+)	-8.153866e-01
U00096.2:3467614-3467913(-)	-1.000000e+00
U00096.2:2943220-2943519(+)	-7.172003e-01
U00096.2:4623491-4623790(-)	-4.511034e-01
U00096.2:4619213-4619512(+)	-6.476458e-01
U00096.2:2043256-2043555(-)	-9.580932e-01
U00096.2:2777927-2778226(-)	-9.587100e-01
U00096.2:2595332-2595631(+)	-7.717620e-01
U00096.2:301123-301422(+)	-7.214434e-01
U00096.2:1271445-1271744(+)	-1.000000e+00
U00096.2:3933557-3933856(-)	-4.663092e-01
U00096.2:2918013-2918312(-)	-7.486180e-01
U00096.2:2847958-2848257(+)	-8.420659e-01
U00096.2:3596727-3597026(-)	-7.420747e-01
U00096.2:2667822-2668121(-)	-8.784638e-01
U00096.2:1251469-1251768(-)	-1.000000e+00
U00096.2:577184-577483(-)	-1.000000e+00
U00096.2:4284691-4284990(+)	-4.710643e-01
U00096.2:4486239-4486538(-)	-9.121704e-01
U00096.2:2925096-2925395(+)	-7.325874e-01
U00096.2:4147502-4147801(+)	-1.000000e+00
U00096.2:2305883-2306182(-)	-7.261739e-01
U00096.2:1370857-1371156(+)	-7.443069e-01
U00096.2:799157-799456(-)	-9.542055e-01
U00096.2:4543487-4543786(+)	-1.000000e+00
U00096.2:2151914-2152213(+)	-8.144594e-01
U00096.2:4061765-4062064(-)	-1.000000e+00
U00096.2:2442421-2442720(+)	-6.559113e-01
U00096.2:3423398-3423697(+)	-5.736416e-01
U00096.2:1597685-1597984(+)	-7.924696e-01
U00096.2:2734409-2734708(+)	-7.536876e-01
U00096.2:4150428-4150727(+)	-7.217511e-01
U00096.2:361780-362079(+)	-9.151776e-01
U00096.2:950508-950807(+)	-7.276390e-01
U00096.2:1059504-1059803(+)	-5.004331e-01
U00096.2:3258779-3259078(-)	-5.914895e-01
U00096.2:1900493-1900792(-)	-8.070906e-01
U00096.2:43154-43453(-)	-8.503862e-01
U00096.2:3712959-3713258(-)	-7.562946e-01
U00096.2:1191043-1191342(+)	-8.420456e-01
U00096.2:1818522-1818821(-)	-9.173490e-01
U00096.2:852497-852796(+)	-8.465641e-01
U00096.2:4206881-4207180(-)	-6.588601e-01
U00096.2:104014-104313(+)	-8.917723e-01
U00096.2:3461929-3462228(-)	-7.666277e-01
U00096.2:2075019-2075318(-)	-8.942521e-01
U00096.2:1936921-1937220(-)	-8.197127e-01
U00096.2:1362222-1362521(+)	-6.061966e-01
U00096.2:3615915-3616214(+)	-3.284738e-01
U00096.2:2340357-2340656(+)	-7.269090e-01
U00096.2:1222179-1222478(+)	-1.000000e+00
U00096.2:4069314-4069613(-)	-7.798217e-01
U00096.2:1392815-1393114(+)	-1.000000e+00
U00096.2:2720518-2720817(-)	-1.000000e+00
U00096.2:3187554-3187853(-)	-1.000000e+00
U00096.2:1914691-1914990(+)	-1.000000e+00
U00096.2:1717072-1717371(-)	-7.269159e-01
U00096.2:2360035-2360334(-)	-1.000000e+00
U00096.2:3324482-3324781(+)	-9.199752e-01
U00096.2:1217559-1217858(+)	-1.000000e+00
U00096.2:4292177-4292476(-)	-1.000000e+00
U00096.2:1161604-1161903(-)	-1.000000e+00
U00096.2:350063-350362(+)	-6.657513e-01
U00096.2:1115340-1115639(+)	-6.168433e-01
U00096.2:3420567-3420866(+)	-8.855907e-01
U00096.2:3028905-3029204(+)	-1.000000e+00
U00096.2:4150742-4151041(-)	-6.066048e-01
U00096.2:805247-805546(+)	-6.827237e-01
U00096.2:1761889-1762188(-)	-8.957178e-01
U00096.2:1305124-1305423(+)	-1.000000e+00
U00096.2:3914915-3915214(-)	-6.567849e-01
U00096.2:1692780-1693079(+)	-8.821344e-01
U00096.2:444255-444554(+)	-8.274145e-01
U00096.2:819609-819908(+)	-1.000000e+00
U00096.2:635910-636209(+)	-1.000000e+00
U00096.2:2670983-2671282(-)	-8.071019e-01
U00096.2:1824620-1824919(+)	-4.464247e-01
U00096.2:928459-928758(+)	-6.639870e-01
U00096.2:1892239-1892538(+)	-1.000000e+00
U00096.2:3414154-3414453(-)	-6.968885e-01
U00096.2:3727537-3727836(+)	-7.253699e-01
U00096.2:2528156-2528455(+)	-8.478789e-01
U00096.2:1814175-1814474(-)	-8.023899e-01
U00096.2:407885-408184(+)	-1.000000e+00
U00096.2:917185-917484(+)	-7.391284e-01
U00096.2:3867904-3868203(+)	-1.000000e+00
U00096.2:2972336-2972635(-)	-9.321658e-01
U00096.2:3154022-3154321(+)	-6.153049e-01
U00096.2:3422334-3422633(+)	-1.841004e-02
U00096.2:439648-439947(-)	-7.258960e-01
U00096.2:3545468-3545767(+)	-5.768726e-01
U00096.2:727416-727715(-)	-7.180706e-01
U00096.2:2054168-2054467(-)	-8.217725e-01
U00096.2:1560453-1560752(-)	-7.458585e-01
U00096.2:4635318-4635617(+)	-8.970435e-01
U00096.2:3721841-3722140(+)	-6.283041e-01
U00096.2:1068661-1068960(-)	-5.149109e-01
U00096.2:221798-222097(-)	-6.181588e-01
U00096.2:474511-474810(+)	-7.487139e-01
U00096.2:3610345-3610644(+)	-8.035405e-01
U00096.2:1264760-1265059(+)	-9.645868e-01
U00096.2:2921703-2922002(-)	-6.848984e-01
U00096.2:4203322-4203621(+)	-2.651460e-01
U00096.2:2982875-2983174(-)	-9.179334e-01
U00096.2:100588-100887(+)	-8.783694e-01
U00096.2:3437165-3437464(-)	-8.971384e-01
U00096.2:2375726-2376025(+)	-5.849366e-01
U00096.2:3730266-3730565(+)	-9.146812e-01
U00096.2:3085429-3085728(+)	-8.059987e-01
U00096.2:4598971-4599270(-)	-6.263795e-01
U00096.2:2099919-2100218(-)	-8.377330e-01
U00096.2:3527727-3528026(-)	-8.084020e-01
U00096.2:922284-922583(+)	-1.000000e+00
U00096.2:3825197-3825496(+)	-9.530143e-01
U00096.2:824731-825030(+)	-6.514836e-01
U00096.2:2235651-2235950(-)	-1.000000e+00
U00096.2:55075-55374(-)	-8.227043e-01
U00096.2:363247-363546(+)	-6.781490e-01
U00096.2:4213644-4213943(-)	-7.262877e-01
U00096.2:4281001-4281300(+)	-1.000000e+00
U00096.2:3183497-3183796(-)	-1.000000e+00
U00096.2:4472011-4472310(-)	-1.000000e+00
U00096.2:2229025-2229324(+)	-8.024510e-01
U00096.2:3348176-3348475(+)	-5.653039e-01
U00096.2:3048135-3048434(-)	-7.837663e-01
U00096.2:1731195-1731494(+)	-6.978584e-01
U00096.2:795782-796081(-)	-6.995097e-01
U00096.2:704668-704967(-)	-4.824739e-01
U00096.2:2142710-2143009(-)	-8.320147e-01
U00096.2:2880679-2880978(-)	-1.000000e+00
U00096.2:1066583-1066882(+)	-8.578196e-01
U00096.2:3485907-3486206(-)	-6.312012e-01
U00096.2:1259796-1260095(-)	-8.949369e-01
U00096.2:2413309-2413608(-)	-5.993939e-01
