seq527	 0.94928	1	4
seq1443	-0.08830	1	0
seq749	 0.09760	1	3
seq1615	 0.72320	1	1
seq1719	 0.16738	1	2
seq84	-0.28733	1	0
seq964	 0.62631	1	4
seq1628	 0.13220	1	3
seq1006	-0.45452	1	1
seq832	 0.69612	1	1
seq1743	-0.05960	1	1
seq826	 0.19263	1	1
seq1233	 0.37038	1	3
seq1042	-0.66755	1	2
seq188	 0.25718	1	2
seq1635	-0.27431	1	3
seq447	-0.07409	1	2
seq77	 0.39478	1	4
seq595	 0.90243	1	1
seq1730	 1.01442	1	1
seq1611	 0.13554	1	0
seq1254	 0.37374	1	1
seq1159	-0.18859	1	3
seq1798	 0.25903	1	1
seq1185	 0.98219	1	2
seq1280	-0.29532	1	2
seq983	-0.05296	1	0
seq1072	-0.65492	1	2
seq522	 0.45616	1	1
seq266	 0.67444	1	1
seq1735	 0.48844	1	0
seq1625	 0.58221	1	3
seq1243	 0.22598	1	4
seq1431	 0.02559	1	1
seq45	 0.49480	1	3
seq859	-0.05233	1	1
seq1362	-0.24250	1	4
seq389	 0.51897	1	4
seq571	 0.01726	1	0
seq416	 0.21508	1	1
seq256	 0.50275	1	0
seq743	 0.42803	1	1
seq741	 0.62602	1	2
seq660	 0.33129	1	4
seq273	 0.11333	1	0
seq248	 0.20658	1	4
seq1792	-0.09141	1	1
seq1822	 0.22866	1	2
seq475	 0.70580	1	1
seq1529	 0.35275	1	2
seq82	 0.21341	1	3
seq788	-0.19147	1	2
seq1422	 0.29814	1	0
seq217	 0.86685	1	3
seq997	 0.83325	1	4
seq367	-0.42671	1	0
seq227	 0.25886	1	1
seq1337	 0.43437	1	3
seq1587	-0.42305	1	0
seq664	-0.04395	1	0
seq1178	 0.08739	1	0
seq168	 0.28809	1	3
seq680	 0.05361	1	4
seq486	 0.58427	1	0
seq1440	 0.52916	1	1
seq793	 0.20832	1	3
seq1430	 0.80872	1	1
seq1434	-0.17129	1	2
seq1401	 0.15710	1	3
seq775	 0.18611	1	0
seq1329	 0.23302	1	4
seq1108	-0.09341	1	4
seq1250	 0.64627	1	2
seq2	-0.25387	1	1
seq836	 0.12000	1	1
seq387	 0.44893	1	4
seq667	 0.56472	1	4
seq1075	-0.13454	1	0
seq617	-0.27700	1	4
seq195	 0.19398	1	4
seq427	 0.27971	1	1
seq1170	 0.03951	1	0
seq731	 1.03247	1	4
seq1378	 0.44585	1	1
seq180	 0.82113	1	3
seq760	 0.18549	1	3
seq1827	-0.30841	1	3
seq1558	 0.87884	1	0
seq1546	-0.03413	1	2
seq305	 0.06837	1	3
seq228	 0.66513	1	0
seq1137	 0.35878	1	2
seq598	 0.24451	1	4
seq1142	-0.81623	1	4
seq557	 0.65775	1	3
seq326	 0.11917	1	2
seq1358	 0.85914	1	0
seq163	 0.62208	1	0
seq809	-0.13240	1	4
seq886	 0.75949	1	3
seq1039	 0.32238	1	0
seq576	 0.28523	1	3
seq845	 0.34770	1	1
seq1650	 0.26287	1	3
seq834	 0.24858	1	2
seq1537	-0.33369	1	2
seq1578	 0.08073	1	1
seq1050	-0.21951	1	2
seq708	 0.74481	1	0
seq254	 0.56005	1	4
seq1610	-0.13198	1	3
seq519	 1.05461	1	3
seq105	 0.12748	1	2
seq1629	 0.16514	1	4
seq1238	 0.35106	1	3
seq245	-0.18136	1	1
seq943	-0.05868	1	4
seq1636	 0.48138	1	2
seq1003	-0.03518	1	3
seq693	 0.20696	1	2
seq1109	-0.23561	1	0
seq547	 0.87265	1	2
seq526	 0.42789	1	0
seq376	 0.38851	1	3
seq631	 0.11084	1	3
seq1680	 0.74122	1	0
seq263	 0.86925	1	0
seq156	 0.03364	1	0
seq242	-0.38775	1	2
seq1175	 0.01825	1	2
seq1054	 0.99108	1	1
seq1516	-0.08158	1	3
seq1144	 0.07390	1	2
seq1252	 0.57924	1	4
seq885	-0.12170	1	4
seq1120	-0.05028	1	4
seq1393	 0.62904	1	4
seq1332	 0.13973	1	4
seq1659	 0.47928	1	0
seq744	 0.98300	1	1
seq528	 0.12406	1	0
seq1712	 0.24691	1	0
seq18	-0.25184	1	0
seq311	 0.14593	1	0
seq1779	 0.43039	1	0
seq390	 0.22807	1	2
seq403	-0.13684	1	2
seq130	 0.00912	1	4
seq414	 0.39587	1	1
seq1232	 0.76523	1	3
seq1425	-0.18737	1	2
seq1757	 0.48207	1	2
seq652	 0.84402	1	3
seq1683	 0.16986	1	0
seq187	 0.26856	1	4
seq654	 1.01482	1	2
seq958	 0.90114	1	2
seq364	 0.14943	1	4
seq745	 0.31220	1	2
seq365	 0.49323	1	3
seq840	-0.28158	1	1
seq592	 0.94791	1	4
seq1085	-0.08860	1	2
seq626	 0.81979	1	0
seq593	 0.68031	1	0
seq890	 0.34728	1	4
seq1819	-0.28209	1	4
seq368	 0.50758	1	4
seq687	-0.02931	1	3
seq442	 0.77063	1	4
seq1047	 0.68608	1	2
seq306	 0.54751	1	2
seq1433	-0.36199	1	3
seq1717	-0.23282	1	0
seq1760	 0.42093	1	1
seq1024	 0.68151	1	3
seq1753	 0.52888	1	2
seq877	-0.05996	1	3
seq1446	 0.28761	1	1
seq962	-0.06611	1	2
seq1387	 0.53769	1	2
seq516	 0.34425	1	4
seq1168	 0.35326	1	3
seq437	 0.47200	1	1
seq979	 0.02379	1	1
seq1766	 0.29406	1	4
seq436	 0.34681	1	2
seq929	-0.57056	1	0
seq1501	 0.18596	1	4
seq1481	 0.15733	1	2
seq450	 0.50782	1	3
seq1691	 0.15512	1	2
seq1616	 0.80974	1	0
seq1016	 0.91514	1	2
seq1535	-0.25818	1	0
seq764	-0.01647	1	0
seq666	-0.69818	1	4
seq1078	 0.51887	1	2
seq249	 0.14918	1	0
seq935	 0.79931	1	4
seq1686	-0.28103	1	2
seq1569	 0.70094	1	2
seq980	-0.31549	1	2
seq839	 0.31543	1	2
seq655	 0.01313	1	2
seq1432	-0.44532	1	1
seq1670	 0.18962	1	2
seq469	 0.74197	1	3
seq277	 0.05272	1	1
seq280	 0.44792	1	0
seq782	 0.94213	1	2
seq410	-0.50306	1	4
seq351	-0.79522	1	4
seq1092	 0.64801	1	3
seq78	-0.37010	1	1
seq1133	 0.90399	1	4
seq569	 0.10883	1	3
seq661	 0.32963	1	2
seq1325	 0.19928	1	1
seq1482	 0.11495	1	4
seq456	-0.29135	1	3
seq1548	 0.28987	1	4
seq1172	 0.14193	1	1
seq1104	 0.94428	1	1
seq85	 0.71145	1	0
seq635	 0.21897	1	4
seq767	-0.01942	1	3
seq899	 0.19440	1	1
seq1696	 1.15033	1	0
seq1467	-0.02604	1	2
seq990	 0.45868	1	3
seq686	-0.70223	1	3
seq867	 0.00331	1	2
seq94	 0.18397	1	0
seq417	-0.24969	1	2
seq634	 0.40686	1	0
seq316	 0.73179	1	1
seq1327	-0.14326	1	1
seq244	-0.46844	1	2
seq1806	 0.23065	1	2
seq871	 0.99652	1	3
seq1701	 0.11208	1	2
seq1787	 0.61189	1	4
seq1823	-0.10330	1	0
seq495	 0.60374	1	4
seq1150	 0.60324	1	1
seq633	 0.12023	1	0
seq1536	 0.38330	1	3
seq1532	 0.57551	1	3
seq1586	 0.03709	1	3
seq407	 0.32753	1	2
seq1619	 0.50983	1	3
seq937	 0.29391	1	1
seq423	 0.75458	1	3
seq838	-0.09501	1	3
seq1658	 0.80508	1	3
seq265	 0.04107	1	0
seq637	-0.10691	1	4
seq742	 0.43939	1	2
seq1365	-0.21935	1	0
seq1455	 0.08911	1	2
seq1385	 0.99693	1	2
seq1058	-0.24049	1	3
seq1490	 0.56442	1	1
seq810	 0.16006	1	1
seq903	 0.07164	1	3
seq1831	 0.59414	1	0
seq544	 0.30497	1	2
seq32	 0.54883	1	3
seq786	 0.01484	1	1
seq1360	 0.61029	1	3
seq10	 0.45328	1	1
seq113	 1.15735	1	2
seq1791	 0.01698	1	1
seq1200	 0.58083	1	4
seq1699	 0.56244	1	1
seq1512	 0.09281	1	3
seq725	 0.01488	1	1
seq116	 0.35094	1	3
seq1007	-0.07268	1	4
seq1177	-0.13767	1	2
seq213	 0.44367	1	4
seq615	-0.03243	1	2
seq349	 0.81396	1	2
seq90	-0.10178	1	4
seq613	 0.63613	1	4
seq101	 0.89404	1	3
seq1721	 0.14170	1	3
seq1607	 0.25164	1	0
seq1034	 0.29289	1	4
seq459	 0.23003	1	4
seq1704	 0.01032	1	0
seq111	 0.54853	1	2
seq1355	 0.26268	1	1
seq1160	 0.25925	1	0
seq1255	 0.45572	1	1
seq1508	 0.25555	1	2
seq159	-0.25801	1	3
seq152	 0.74579	1	4
seq1224	-0.32000	1	1
seq1202	 0.82543	1	0
seq15	 0.49835	1	2
seq1192	 0.05351	1	0
seq1115	 0.72114	1	3
seq963	-0.07056	1	2
seq734	 0.07342	1	0
seq239	-0.21077	1	2
seq13	-0.12960	1	2
seq690	 0.30036	1	3
seq750	-0.21184	1	1
seq1667	 0.74746	1	1
seq707	 0.84680	1	3
seq1084	 0.37665	1	2
seq1826	-0.50119	1	3
seq539	 0.79020	1	3
seq1218	 0.60116	1	0
seq1267	 0.23897	1	1
seq360	 0.58160	1	1
seq536	 0.35346	1	1
seq1296	-0.38029	1	1
seq1291	-0.29010	1	1
seq1815	 0.32365	1	0
seq222	 0.64179	1	2
seq1062	-0.06921	1	4
seq157	-0.25690	1	2
seq51	-0.35763	1	4
seq1505	 0.24051	1	1
seq53	 0.23078	1	4
seq509	 0.04201	1	3
seq1375	 0.49096	1	2
seq927	-0.53672	1	1
seq430	 0.29292	1	3
seq1106	 0.27869	1	2
seq1759	 0.67484	1	2
seq471	 0.86492	1	1
seq737	 0.30815	1	4
seq1043	-0.01145	1	0
seq959	 0.97433	1	1
seq1652	 0.19218	1	1
seq1459	 0.22388	1	4
seq619	-0.09818	1	0
seq178	 0.97232	1	2
seq784	 0.28258	1	0
seq335	 0.05085	1	0
seq724	 0.51632	1	0
seq551	 0.96275	1	2
seq1461	-1.00061	1	1
seq577	 1.03205	1	2
seq340	-0.30750	1	2
seq924	 0.20604	1	4
seq203	 0.49006	1	2
seq1626	-0.38864	1	3
seq762	 0.48123	1	0
seq1703	-0.48311	1	4
seq919	 0.03481	1	1
seq1456	 0.23241	1	1
seq987	-0.03789	1	1
seq618	 0.89562	1	4
seq477	-0.05326	1	4
seq1230	 0.95749	1	0
seq212	 0.85400	1	2
seq284	 0.63725	1	3
seq1318	-0.74717	1	0
seq453	 0.19460	1	2
seq533	-0.06374	1	2
seq1582	 0.11385	1	4
seq1470	 0.12742	1	2
seq27	 0.51582	1	2
seq1813	-0.06028	1	2
seq1520	-0.19524	1	4
seq1655	 0.22143	1	4
seq501	-0.01820	1	2
seq1265	 0.60385	1	3
seq1772	-0.09756	1	3
seq778	 0.58141	1	0
seq1404	-0.26551	1	4
seq1128	 0.65349	1	1
seq304	 0.12552	1	4
seq449	 1.09064	1	1
seq1411	 0.64999	1	3
seq849	 0.42070	1	1
seq1608	 0.76995	1	3
seq541	 0.70635	1	0
seq1114	 0.94137	1	2
seq779	-0.38649	1	0
seq1322	 0.29391	1	2
seq268	 0.10327	1	2
seq408	-0.41187	1	1
seq138	-0.33019	1	1
seq1454	 0.54893	1	2
seq1408	-0.28365	1	1
seq1751	-0.22556	1	3
seq1045	 0.62466	1	2
seq1130	 0.65549	1	4
seq1533	 1.36444	1	0
seq345	 0.11541	1	3
seq1794	 0.70885	1	0
seq145	-0.60593	1	4
seq169	 0.00439	1	3
seq1420	 0.64086	1	4
seq1412	 0.17580	1	4
seq197	 0.03706	1	1
seq1294	 0.13542	1	3
seq823	-0.36459	1	0
seq565	 0.96461	1	0
seq642	-0.21589	1	2
seq1552	 0.10896	1	4
seq118	 0.05169	1	1
seq483	 0.65627	1	1
seq969	 0.32051	1	2
seq451	 0.65602	1	3
seq1181	-0.31736	1	4
seq1660	 0.37216	1	2
seq1462	-0.22417	1	3
seq392	 0.84457	1	2
seq272	 0.15888	1	1
seq1346	 0.65385	1	1
seq455	-0.16464	1	2
seq677	 0.32930	1	0
seq40	 1.15730	1	1
seq773	 0.09882	1	4
seq909	-0.40836	1	4
seq841	 0.70262	1	4
seq454	-0.15691	1	4
seq1810	 0.64230	1	0
seq881	 0.16070	1	0
seq426	 0.15527	1	1
seq546	-0.46436	1	1
seq226	 1.03302	1	2
seq1210	 0.44901	1	3
seq1336	 0.22330	1	1
seq790	 0.01053	1	4
seq462	-0.19040	1	1
seq1394	 0.35521	1	4
seq329	 0.30523	1	2
seq856	-0.13280	1	1
seq151	 0.37866	1	2
seq679	-0.14033	1	0
seq139	 0.89397	1	2
seq225	 0.74335	1	0
seq394	 0.65607	1	2
seq812	-0.30581	1	3
seq1017	-0.36245	1	4
seq230	 0.35364	1	4
seq1531	 0.70246	1	1
seq1805	-0.84117	1	3
seq1590	 0.39540	1	4
seq204	-0.06386	1	0
seq496	 0.10306	1	3
seq931	 0.56907	1	0
seq1487	 0.50133	1	4
seq1423	 0.36871	1	0
seq332	-0.01687	1	4
seq81	-0.38015	1	1
seq1736	 0.53344	1	1
seq1225	 0.38582	1	3
seq1117	 0.33568	1	0
seq1028	 1.12126	1	3
seq1550	 0.35701	1	4
seq172	-0.36789	1	0
seq1774	 0.17412	1	2
seq1739	 0.10953	1	1
seq636	-0.13017	1	0
seq1775	-0.31755	1	0
seq800	-0.04590	1	0
seq370	-0.00446	1	4
seq315	 0.95071	1	2
seq1715	 0.53914	1	3
seq386	 0.57799	1	4
seq1450	 0.88221	1	0
seq128	-0.02683	1	0
seq1118	 0.34714	1	1
seq581	-0.04418	1	0
seq1027	 0.50514	1	2
seq1604	 0.50022	1	1
seq603	 0.19249	1	0
seq850	 0.21662	1	4
seq1	 0.43221	1	0
seq294	-0.01281	1	4
seq953	 0.27811	1	4
seq291	 0.11953	1	0
seq1099	 0.56093	1	1
seq1785	 0.34556	1	3
seq928	 0.10668	1	3
seq1257	 0.68043	1	0
seq1540	 0.16711	1	1
seq1372	 0.24490	1	0
seq912	 0.11481	1	0
seq1484	 0.37535	1	3
seq1603	 0.57129	1	2
seq1303	 0.81651	1	1
seq95	 0.12391	1	0
seq616	-0.86727	1	1
seq939	 0.36826	1	3
seq117	-0.58736	1	3
seq1594	 0.08709	1	2
seq338	 0.85652	1	4
seq67	 0.20744	1	1
seq915	-0.52044	1	0
seq1049	 0.24654	1	1
seq1497	 0.06610	1	2
seq488	 0.34602	1	0
seq382	 1.17370	1	1
seq107	 0.10631	1	1
seq485	-0.11264	1	3
seq237	 0.34068	1	1
seq711	 0.23580	1	3
seq668	 0.22112	1	4
seq1251	 0.20085	1	4
seq452	 0.14441	1	1
seq614	 0.30923	1	0
seq109	 0.43319	1	2
seq1135	 0.93356	1	2
seq1803	 0.49272	1	3
seq970	-0.02701	1	1
seq1368	-0.08132	1	4
seq599	 0.89186	1	3
seq1013	 0.18132	1	2
seq83	 0.52218	1	0
seq1070	-0.14786	1	0
seq395	 0.18343	1	1
seq478	 0.65955	1	4
seq409	 0.07283	1	2
seq49	 0.20407	1	3
seq1398	-0.10026	1	4
seq887	-0.27823	1	1
seq1179	 0.49771	1	1
seq34	-0.06159	1	0
seq1289	 0.07921	1	0
seq1311	 0.26115	1	2
seq1222	 0.16757	1	0
seq894	-0.41513	1	4
seq1359	 0.31296	1	2
seq1060	 0.00369	1	1
seq52	-0.17752	1	3
seq1675	 0.46030	1	3
seq1653	 0.71872	1	1
seq1074	-0.29702	1	2
seq1690	 0.40500	1	2
seq355	 0.27405	1	3
seq1035	 0.58179	1	4
seq119	 0.35264	1	0
seq1073	 0.37035	1	0
seq357	 0.35903	1	4
seq1317	 0.44393	1	1
seq1240	 0.85639	1	1
seq1745	 0.59488	1	1
seq1098	 0.88367	1	1
seq1030	-0.34150	1	4
seq494	 0.97708	1	2
seq420	 0.39895	1	2
seq1705	-0.04248	1	4
seq729	-0.09040	1	2
seq1319	 0.13807	1	1
seq1413	 0.37820	1	2
seq1829	 0.61905	1	3
seq1451	 0.85349	1	4
seq676	 0.06509	1	1
seq650	-0.16361	1	0
seq21	 0.25190	1	3
seq61	-0.25051	1	3
seq1480	 0.32931	1	0
seq977	 0.35194	1	0
seq255	 0.34827	1	1
seq824	 0.05535	1	4
seq828	-0.42624	1	0
seq500	 0.76509	1	1
seq1801	 0.04348	1	3
seq691	-0.69955	1	4
seq1561	-0.02527	1	3
seq698	 0.95468	1	4
seq1738	-0.60980	1	1
seq740	 0.36810	1	2
seq1602	 0.16587	1	1
seq1194	 0.82693	1	0
seq891	-0.36447	1	2
seq1720	 0.33314	1	4
seq24	 0.55525	1	0
seq1613	 0.39784	1	0
seq1321	 0.95023	1	3
seq1100	 0.73315	1	0
seq1389	 0.53696	1	2
seq1067	 0.28570	1	2
seq460	-0.85948	1	1
seq1090	 0.27885	1	2
seq189	-0.08062	1	0
seq1580	 0.02535	1	2
seq830	 0.54090	1	0
seq1215	 0.45918	1	3
seq1381	 0.41024	1	2
seq1676	 1.14944	1	1
seq76	 0.65868	1	1
seq1201	 0.69952	1	2
seq149	 0.47482	1	1
seq110	 0.11535	1	3
seq1089	 0.20948	1	1
seq628	-0.57283	1	1
seq1597	 0.38858	1	3
seq1103	 0.06694	1	4
seq1808	 0.99747	1	1
seq293	 0.03113	1	3
seq1729	 0.16354	1	2
seq278	 0.20953	1	3
seq1417	 0.87452	1	1
seq214	 0.62667	1	3
seq1386	 0.58125	1	2
seq1747	 0.21337	1	2
seq1008	 0.28043	1	0
seq405	-0.24965	1	1
seq458	 0.38055	1	1
seq769	 0.40309	1	2
seq1424	 0.13230	1	3
seq1464	 0.07967	1	2
seq1402	 0.27107	1	4
seq1253	 0.08502	1	4
seq951	 0.37043	1	2
seq1519	-0.18762	1	2
seq917	 0.80802	1	1
seq1188	 0.52536	1	2
seq54	 0.66682	1	1
seq1095	 0.13946	1	1
seq1048	 0.15958	1	1
seq938	 0.01097	1	0
seq1811	 0.47791	1	1
seq1506	 0.91859	1	0
seq440	 0.10280	1	3
seq330	-0.40307	1	4
seq1656	 0.25277	1	1
seq1645	 0.15036	1	0
seq366	 0.43338	1	4
seq1344	 0.76784	1	0
seq1014	 0.02787	1	1
seq550	 0.68980	1	2
seq875	 0.28271	1	1
seq125	 1.53853	1	4
seq264	 0.21898	1	4
seq1140	 0.77176	1	0
seq898	 0.47654	1	2
seq978	 0.38585	1	3
seq498	 0.99485	1	0
seq1723	-0.37358	1	0
seq1216	 1.08705	1	4
seq1057	-0.23177	1	4
seq1301	-0.10617	1	1
seq108	-0.56378	1	3
seq1790	 0.10784	1	2
seq884	 0.72236	1	2
seq102	 0.20687	1	3
seq356	 0.49410	1	3
seq727	-0.32374	1	2
seq1666	 0.82061	1	1
seq1083	 0.16755	1	3
seq561	 0.26597	1	2
seq669	 0.88743	1	1
seq868	 0.54841	1	1
seq1009	 0.04139	1	4
seq1069	 0.06665	1	3
seq1334	 0.29307	1	0
seq590	 0.15386	1	3
seq411	 0.81294	1	3
seq991	 0.48468	1	4
seq944	 0.39875	1	2
seq1830	-0.09371	1	3
seq833	 0.61075	1	0
seq275	 0.13128	1	2
seq88	 0.38287	1	1
seq1091	 0.48078	1	4
seq183	 0.63206	1	4
seq753	-0.17583	1	3
seq202	-0.70015	1	0
seq1407	 0.52526	1	1
seq605	 0.05251	1	4
seq100	 0.44542	1	4
seq328	 0.08717	1	3
seq487	-0.18154	1	1
seq1307	 0.31828	1	3
seq932	 0.19910	1	0
seq234	-0.58452	1	4
seq530	 0.27604	1	1
seq517	 0.94143	1	2
seq1472	 0.16106	1	1
seq822	 0.20858	1	4
seq956	-0.59298	1	3
seq1018	 0.10530	1	1
seq1093	 0.75115	1	3
seq632	 0.46412	1	2
seq1315	-0.09153	1	1
seq196	-0.23575	1	3
seq548	 1.01131	1	1
seq290	 0.81015	1	2
seq46	-0.23351	1	2
seq1242	-0.56582	1	2
seq1549	-0.13870	1	1
seq160	-0.22574	1	4
seq323	 0.32950	1	1
seq663	 1.03534	1	3
seq1817	-0.23228	1	1
seq1237	 0.45406	1	4
seq1768	-0.08478	1	0
seq1685	 0.30217	1	4
seq1149	 0.54408	1	3
seq1353	 0.39617	1	4
seq1219	 0.46824	1	2
seq973	 0.47172	1	1
seq378	 0.06336	1	2
seq712	 0.09957	1	3
seq1139	 0.62260	1	0
seq424	 0.18329	1	2
seq209	 0.07478	1	3
seq482	-0.47878	1	4
seq1191	 0.11816	1	1
seq584	 0.22954	1	1
seq739	-0.33407	1	4
seq816	 0.41870	1	3
seq1564	-0.15640	1	2
seq1500	-0.01203	1	0
seq8	-0.35978	1	4
seq5	 0.10111	1	3
seq1657	-0.63224	1	0
seq120	 1.02606	1	3
seq466	 0.36707	1	3
seq797	-0.22387	1	0
seq1515	-0.40522	1	2
seq967	 0.73801	1	0
seq673	 0.15039	1	4
seq837	-0.24819	1	1
seq1579	 0.46884	1	1
seq1277	 0.07057	1	0
seq1198	-0.12621	1	1
seq26	 0.01571	1	3
seq1248	 0.21741	1	2
seq1527	 0.33249	1	2
seq1126	 0.43995	1	3
seq1638	 0.20561	1	3
seq1246	 0.16016	1	3
seq347	 0.36950	1	3
seq1406	 0.60809	1	2
seq1082	 0.57961	1	4
seq353	 0.42418	1	4
seq1758	 0.30514	1	0
seq1180	 0.29193	1	2
seq162	 0.59001	1	0
seq1212	 0.59438	1	1
seq1273	 0.29800	1	4
seq350	-0.17153	1	1
seq574	-0.75788	1	4
seq864	 0.17275	1	1
seq75	 0.26173	1	3
seq1163	 0.48244	1	4
seq1264	 0.77258	1	3
seq301	 0.66212	1	3
seq270	 0.55475	1	4
seq173	 0.30991	1	1
seq1617	-0.33724	1	0
seq601	 0.09249	1	2
seq1640	 0.07744	1	3
seq532	 0.41693	1	0
seq955	 0.42410	1	0
seq1682	 0.21910	1	4
seq219	 0.61653	1	4
seq1486	 0.60764	1	1
seq253	 0.63796	1	0
seq1339	 0.03789	1	0
seq1728	 0.33766	1	2
seq608	 0.15409	1	1
seq154	 0.55754	1	1
seq1415	 0.68657	1	3
seq439	 0.55582	1	4
seq1182	 0.50930	1	0
seq694	 1.16118	1	0
seq972	 0.14632	1	1
seq862	-0.40753	1	4
seq716	-0.15707	1	2
seq855	 0.52737	1	3
seq136	 0.37596	1	1
seq1575	-0.32426	1	2
seq1087	 0.11088	1	4
seq1116	-0.22310	1	2
seq670	 0.54683	1	0
seq851	 0.22346	1	0
seq1589	-0.14582	1	1
seq861	-0.19572	1	0
seq17	 0.55433	1	3
seq1600	 0.35597	1	4
seq1538	 0.25699	1	0
seq1380	 0.11548	1	1
seq1373	 0.65716	1	3
seq20	-0.26788	1	4
seq296	 0.08677	1	2
seq954	 0.27816	1	1
seq1061	-0.43963	1	0
seq1427	-0.20459	1	1
seq1741	-0.56859	1	1
seq1503	-0.60748	1	0
seq831	-0.05015	1	2
seq1725	-0.06256	1	1
seq1187	-0.14542	1	4
seq1351	 0.26483	1	4
seq374	 0.16984	1	2
seq1445	-0.17067	1	4
seq1639	-0.21794	1	4
seq377	 0.26126	1	3
seq1197	 0.28714	1	0
seq1308	-0.19156	1	1
seq1080	 0.98365	1	4
seq994	 0.96573	1	0
seq1460	 0.57834	1	4
seq490	 0.36962	1	4
seq1605	 0.39616	1	4
seq683	 0.50366	1	3
seq1207	 0.70292	1	0
seq710	 0.65221	1	0
seq371	 0.96697	1	2
seq901	-0.50261	1	0
seq789	 0.54185	1	2
seq142	-0.07748	1	1
seq300	-0.12950	1	3
seq1361	 0.29300	1	2
seq1370	 0.11673	1	3
seq1828	-0.46296	1	2
seq697	 0.44915	1	4
seq1572	 0.49834	1	4
seq612	-0.21268	1	0
seq999	 0.10260	1	2
seq1276	 0.21699	1	0
seq1814	 0.30235	1	4
seq1441	 0.43652	1	1
seq1236	 0.19111	1	2
seq341	 0.49825	1	2
seq736	 0.32885	1	4
seq1448	 0.86127	1	3
seq772	 0.08513	1	3
seq463	 0.40571	1	4
seq720	 0.39883	1	4
seq665	 0.41198	1	4
seq570	 0.25689	1	1
seq701	 0.43741	1	3
seq1241	-0.40904	1	0
seq288	 0.31648	1	2
seq97	-0.17809	1	1
seq1818	 0.24230	1	2
seq1279	-0.33708	1	2
seq606	-0.23675	1	2
seq1290	 0.45228	1	3
seq1502	 0.40268	1	1
seq260	 0.98171	1	0
seq1697	 0.79846	1	4
seq1560	 0.37238	1	3
seq233	-0.45880	1	1
seq1557	 0.49303	1	0
seq321	 0.42718	1	3
seq1350	 0.29593	1	3
seq971	 0.82413	1	1
seq700	 0.70006	1	0
seq493	 0.69653	1	2
seq1405	 0.41094	1	4
seq926	 0.30984	1	0
seq1220	 0.31429	1	1
seq74	-0.54688	1	1
seq865	 0.95601	1	2
seq413	-0.08011	1	1
seq42	-0.09018	1	2
seq1235	 1.03767	1	4
seq1005	 0.12689	1	0
seq1314	 0.32132	1	2
seq262	 0.77713	1	2
seq1437	-0.71886	1	0
seq1539	-0.27384	1	2
seq489	 0.40037	1	4
seq1076	 0.53108	1	1
seq1189	 0.44919	1	0
seq1734	 0.35705	1	1
seq1749	 0.02507	1	1
seq506	-0.05548	1	1
seq1711	 0.35939	1	0
seq644	 1.06238	1	1
seq1524	-0.63044	1	4
seq662	 0.26620	1	4
seq1661	 0.75423	1	1
seq602	 0.00038	1	3
seq103	 0.71903	1	0
seq876	 0.64249	1	2
seq641	-0.01439	1	2
seq141	 0.81873	1	3
seq706	-0.21529	1	4
seq892	 0.15690	1	1
seq398	 0.48572	1	4
seq282	 0.32404	1	2
seq1716	 0.59638	1	4
seq210	 0.06661	1	1
seq1258	 1.06759	1	2
seq1718	-0.11321	1	0
seq629	-0.08385	1	3
seq513	 0.03312	1	0
seq761	 0.17406	1	4
seq1217	 0.34428	1	3
seq19	-0.38623	1	1
seq1183	-0.14174	1	1
seq48	 0.12213	1	1
seq1692	 0.13804	1	1
seq860	 0.38524	1	2
seq505	-0.26920	1	3
seq792	-0.35470	1	1
seq542	 0.63599	1	4
seq620	 0.03986	1	4
seq474	 0.04128	1	4
seq947	 0.15717	1	4
seq835	-0.23960	1	3
seq758	 0.91020	1	0
seq66	 0.00881	1	2
seq4	 0.36321	1	1
seq1374	 0.46052	1	0
seq1110	-0.18763	1	4
seq529	 0.15841	1	2
seq993	 0.55050	1	4
seq879	-0.61526	1	4
seq1449	-0.30929	1	2
seq1031	 0.73340	1	1
seq1245	 0.20293	1	3
seq292	 0.31685	1	0
seq1496	 1.00318	1	3
seq39	-0.45981	1	1
seq331	 0.09022	1	2
seq1457	 0.45280	1	1
seq1596	-0.17629	1	3
seq621	 0.06023	1	3
seq1010	 0.73858	1	0
seq502	 0.43419	1	2
seq124	 0.47686	1	2
seq709	 0.84884	1	0
seq1367	-0.53188	1	1
seq184	-0.07594	1	2
seq1293	 0.23833	1	0
seq1513	 0.33024	1	4
seq1382	 0.09828	1	2
seq143	 0.16221	1	3
seq1331	 0.47255	1	2
seq781	 0.35186	1	1
seq777	 0.48899	1	4
seq22	 0.57182	1	0
seq870	 0.03692	1	3
seq1648	-0.21217	1	0
seq346	 0.93514	1	2
seq1019	 0.04546	1	0
seq1313	 0.39572	1	2
seq144	 0.84302	1	4
seq359	 0.99296	1	4
seq303	-0.05615	1	4
seq1776	-0.07250	1	1
seq269	 0.24895	1	2
seq1282	 0.54370	1	0
seq1169	 1.07354	1	4
seq1409	 0.21713	1	0
seq910	 0.80194	1	1
seq327	 0.49817	1	3
seq844	 0.00082	1	0
seq1040	 0.60043	1	4
seq1004	-0.56795	1	0
seq358	 1.06818	1	3
seq372	 0.27582	1	1
seq443	 0.31907	1	0
seq1228	-0.02972	1	1
seq1348	 0.21297	1	1
seq122	 0.08200	1	0
seq1780	-0.52468	1	2
seq1211	 0.14444	1	0
seq1783	 0.03663	1	1
seq1545	 0.37570	1	3
seq658	 0.39125	1	3
seq1647	-0.17702	1	1
seq674	-0.22944	1	2
seq1341	 0.24104	1	4
seq705	 0.41562	1	4
seq232	 0.70757	1	3
seq243	 0.24674	1	0
seq1071	 0.29871	1	2
seq811	-0.58300	1	3
seq6	-0.42043	1	2
seq1015	 0.02984	1	2
seq873	 0.39826	1	4
seq1631	 0.72832	1	2
seq1726	 0.53942	1	1
seq1300	 0.50220	1	4
seq1754	 0.58863	1	2
seq765	 0.25843	1	2
seq949	-0.10315	1	2
seq1371	 0.08010	1	0
seq1684	 0.36571	1	3
seq1247	 0.49061	1	3
seq1672	 0.30652	1	2
seq1571	 1.19966	1	1
seq1278	 0.48890	1	2
seq481	 0.07152	1	0
seq336	-0.21937	1	2
seq975	 0.37094	1	2
seq1637	 0.37098	1	3
seq537	 0.05853	1	1
seq1654	 0.82010	1	0
seq1800	-0.02702	1	1
seq91	 0.57208	1	1
seq1731	 0.14283	1	0
seq1269	 0.39781	1	2
seq133	-0.61579	1	0
seq1418	 0.74274	1	1
seq702	 0.65305	1	0
seq1302	-0.49025	1	2
seq639	-0.24380	1	2
seq1593	-0.11839	1	1
seq55	 0.48874	1	3
seq363	 0.80846	1	0
seq380	-0.14480	1	0
seq1622	 0.00240	1	2
seq965	 0.62198	1	0
seq415	 0.61180	1	1
seq16	 0.49119	1	4
seq1146	 0.61697	1	0
seq457	-0.40409	1	4
seq523	 0.03551	1	4
seq381	 1.28714	1	2
seq1316	 0.42724	1	1
seq375	 0.45593	1	2
seq643	 0.01830	1	1
seq1499	 0.64545	1	3
seq319	 0.02114	1	0
seq1627	-0.25237	1	4
seq257	 0.88687	1	2
seq1624	 0.11571	1	3
seq883	-0.57305	1	1
seq216	-0.29977	1	1
seq446	 0.79077	1	2
seq186	-0.26877	1	2
seq435	 0.34721	1	3
seq852	-0.06037	1	0
seq104	 0.12237	1	3
seq1383	-0.30755	1	4
seq1270	 0.31812	1	3
seq988	 0.17196	1	0
seq445	 0.47457	1	4
seq339	 0.66004	1	4
seq1292	 0.13310	1	1
seq1788	-0.61957	1	0
seq1012	 0.09530	1	3
seq361	-0.34278	1	1
seq1609	-0.31236	1	2
seq191	 0.08225	1	2
seq60	 0.67217	1	3
seq308	 0.48343	1	4
seq11	 0.67990	1	0
seq1769	 0.31063	1	1
seq893	-0.25257	1	2
seq554	-0.02734	1	3
seq645	 0.73731	1	0
seq695	-0.78828	1	2
seq1281	 0.06534	1	3
seq432	 0.64285	1	2
seq215	-0.39561	1	3
seq511	 0.81257	1	4
seq1097	-0.00266	1	0
seq223	-0.11135	1	3
seq553	 0.37309	1	3
seq1305	-0.36200	1	4
seq134	 0.19283	1	3
seq236	-0.62057	1	0
seq285	 0.01843	1	1
seq1562	 0.17848	1	0
seq1710	 0.64349	1	3
seq422	 0.03766	1	3
seq798	 0.12190	1	0
seq1155	 0.18414	1	0
seq429	 0.65002	1	0
seq600	 0.11944	1	2
seq646	 0.17637	1	0
seq1755	-0.07870	1	4
seq607	-0.51310	1	4
seq1763	-0.17340	1	0
seq476	 0.02113	1	3
seq205	 0.64021	1	0
seq23	-0.09263	1	3
seq317	-0.31423	1	3
seq1032	 0.41771	1	4
seq295	 0.16605	1	1
seq129	 0.13398	1	1
seq240	-0.15454	1	1
seq310	-0.13806	1	4
seq568	 0.84393	1	3
seq1642	 0.86854	1	2
seq87	 0.04253	1	1
seq946	 0.35834	1	3
seq1105	-0.22640	1	3
seq1288	 0.68894	1	1
seq1113	 0.39383	1	4
seq59	 0.61328	1	3
seq86	-0.39079	1	2
seq96	 0.53427	1	3
seq545	 0.57744	1	3
seq558	 0.27615	1	2
seq730	 0.82023	1	0
seq1541	-0.20206	1	3
seq1471	 0.08388	1	0
seq147	 0.03744	1	4
seq586	 0.55555	1	2
seq848	 0.32501	1	2
seq1534	 0.16154	1	0
seq869	-0.39469	1	2
seq1707	 0.22559	1	2
seq385	 0.11649	1	0
seq1148	 0.63756	1	3
seq1156	-0.07422	1	2
seq688	 0.40036	1	4
seq1473	 0.99467	1	0
seq1504	-0.03535	1	4
seq1463	 0.17687	1	2
seq1436	-0.42423	1	4
seq281	 0.28614	1	4
seq776	 0.73834	1	1
seq175	-0.67252	1	3
seq302	 0.00666	1	3
seq1053	 0.56198	1	1
seq774	 0.03179	1	1
seq1223	 0.22173	1	3
seq1732	 0.32863	1	0
seq137	 0.17785	1	3
seq510	 0.54537	1	4
seq1509	 0.20715	1	4
seq98	 0.08583	1	2
seq41	-0.13151	1	0
seq657	-0.25197	1	0
seq401	-0.21667	1	1
seq1306	 0.06219	1	3
seq397	 0.27677	1	2
seq379	-0.16965	1	0
seq1086	 0.07330	1	3
seq492	-0.19527	1	3
seq827	-0.78116	1	2
seq503	 0.88977	1	4
seq524	 0.03860	1	4
seq1802	 0.62552	1	0
seq200	 0.07797	1	1
seq369	 0.53886	1	2
seq1376	 0.45641	1	2
seq575	 0.27647	1	1
seq820	-0.05351	1	0
seq1021	-0.21098	1	3
seq1796	 0.30886	1	1
seq150	 0.49420	1	4
seq279	 0.56486	1	4
seq1479	 0.98997	1	2
seq1570	 0.62106	1	2
seq1392	 1.12143	1	3
seq1340	 0.32351	1	0
seq623	 0.31748	1	2
seq1444	 0.94935	1	0
seq1038	 0.25872	1	1
seq624	 0.70259	1	3
seq799	 0.49302	1	1
seq252	-0.45343	1	4
seq1797	 0.71924	1	0
seq1812	 0.88435	1	3
seq344	 0.46499	1	3
seq1284	 0.38718	1	3
seq1312	 0.35775	1	2
seq1695	 1.00570	1	2
seq785	 0.34311	1	3
seq843	-0.03330	1	0
seq80	 0.04613	1	0
seq920	 0.03246	1	2
seq1101	 0.15527	1	4
seq787	-0.06173	1	1
seq1809	 0.25262	1	1
seq1131	 0.20890	1	1
seq1416	 0.55281	1	0
seq1447	 0.01924	1	2
seq428	-0.25088	1	0
seq1356	-0.08165	1	0
seq896	-0.48077	1	1
seq1514	-0.28983	1	1
seq472	 0.22434	1	1
seq986	 0.82176	1	3
seq62	-0.11799	1	4
seq1678	 0.38683	1	4
seq1618	 0.59564	1	0
seq1020	 0.69260	1	1
seq441	 0.57080	1	1
seq562	 0.97588	1	2
seq518	 0.74028	1	3
seq1166	-0.03387	1	1
seq250	 0.89072	1	3
seq508	 0.49502	1	1
seq802	 0.35796	1	4
seq1761	-0.24089	1	0
seq759	 0.10558	1	1
seq934	 0.18000	1	3
seq1214	 0.44601	1	1
seq1323	 0.64258	1	2
seq1694	 0.87475	1	1
seq1029	-0.19307	1	3
seq560	 0.63264	1	4
seq70	-0.47726	1	1
seq1698	 0.93060	1	4
seq957	-0.00682	1	4
seq728	 0.98650	1	4
seq1606	-0.15339	1	0
seq1771	 0.76603	1	1
seq1421	 0.29866	1	3
seq1419	 0.58407	1	2
seq1491	 0.03741	1	1
seq925	-0.29163	1	2
seq99	 0.09604	1	0
seq1204	 0.93352	1	2
seq1335	 0.42272	1	4
seq259	 0.93338	1	3
seq1643	-0.07978	1	1
seq1601	-0.09092	1	4
seq314	 0.61590	1	3
seq1816	 0.03102	1	2
seq904	 1.12381	1	4
seq1221	 0.41318	1	3
seq1244	-0.11126	1	1
seq1551	-0.29124	1	4
seq580	-0.50057	1	4
seq733	 0.59704	1	1
seq808	 0.47242	1	1
seq69	-0.01842	1	2
seq1517	-0.38615	1	0
seq1176	 0.29861	1	4
seq25	 0.85512	1	3
seq299	 0.59209	1	3
seq1088	-0.10636	1	3
seq647	 0.44641	1	4
seq320	-0.44128	1	2
seq3	-0.20238	1	4
seq167	 0.33320	1	2
seq1752	 0.47508	1	3
seq1147	-0.06572	1	4
seq1663	 1.01634	1	3
seq1102	 0.60958	1	4
seq922	-0.02974	1	2
seq419	 0.67505	1	4
seq1737	-0.07016	1	2
seq185	 0.36173	1	2
seq47	-0.32645	1	3
seq190	 0.34400	1	0
seq1357	 0.18747	1	4
seq906	-0.41178	1	1
seq895	 0.14863	1	4
seq164	 0.04053	1	2
seq334	 0.48116	1	1
seq989	 0.11328	1	0
seq112	 0.44160	1	4
seq1124	 0.81869	1	4
seq1824	-0.42035	1	1
seq297	-0.08329	1	1
seq1397	-0.05633	1	2
seq1354	 0.18406	1	1
seq703	 0.31079	1	2
seq499	 0.29198	1	4
seq933	 0.46120	1	0
seq948	 0.63185	1	4
seq563	 0.51361	1	3
seq1410	 0.34316	1	4
seq723	-0.12827	1	2
seq913	 0.32992	1	3
seq1632	-0.08710	1	1
seq1518	 0.92460	1	0
seq399	 0.35940	1	4
seq38	-0.38605	1	2
seq352	 0.44020	1	3
seq918	 0.16230	1	2
seq50	 0.58412	1	2
seq766	 0.83261	1	3
seq1530	 0.33069	1	1
seq1581	 0.27358	1	4
seq1722	 0.85168	1	4
seq1595	 0.17507	1	3
seq1157	-0.26378	1	2
seq309	 0.03101	1	3
seq1620	-0.44963	1	3
seq889	-0.41516	1	3
seq1345	 0.99843	1	2
seq1778	 0.42910	1	4
seq583	 0.49512	1	0
seq470	 0.35739	1	3
seq585	 0.98375	1	2
seq818	 0.29655	1	0
seq1338	 0.59605	1	2
seq1395	 0.75548	1	3
seq704	 0.65369	1	1
seq1352	 0.09176	1	4
seq1671	 1.07303	1	1
seq1523	-0.09867	1	0
seq1662	-0.28097	1	1
seq768	-0.37569	1	0
seq1134	 0.06041	1	0
seq815	 0.22908	1	2
seq199	 0.13367	1	2
seq960	-0.54818	1	3
seq1298	 0.46278	1	4
seq1256	 0.01587	1	0
seq448	 0.98034	1	2
seq1807	 0.61579	1	1
seq14	 0.52108	1	4
seq258	 0.47042	1	4
seq825	 0.13441	1	4
seq1333	 0.00281	1	3
seq726	 0.97873	1	3
seq1239	 0.11321	1	0
seq878	 0.74988	1	1
seq72	 0.45714	1	0
seq985	 0.83685	1	0
seq721	 0.70834	1	2
seq1328	 0.32492	1	3
seq1458	 0.12851	1	0
seq1206	 0.25023	1	1
seq123	 0.52439	1	1
seq842	-0.25301	1	2
seq56	 0.43272	1	4
seq402	 0.89273	1	4
seq132	 0.15391	1	0
seq1750	 0.22228	1	1
seq1689	-0.07116	1	3
seq412	 0.23301	1	3
seq1079	-0.03920	1	3
seq467	 0.04273	1	1
seq182	 0.96776	1	4
seq1773	 0.27722	1	1
seq1145	 0.56182	1	0
seq247	 0.77408	1	1
seq1786	 0.46467	1	2
seq7	 0.34993	1	2
seq1740	 0.05731	1	0
seq806	 0.22151	1	3
seq161	 0.12431	1	4
seq1542	 0.91136	1	4
seq648	 0.40716	1	4
seq218	 0.19269	1	2
seq1543	-0.20248	1	4
seq354	 0.74396	1	3
seq1366	 0.62178	1	2
seq1234	 0.35471	1	3
seq1196	-0.55509	1	0
seq1576	 0.57615	1	2
seq224	 0.22263	1	2
seq543	-0.55936	1	3
seq1821	 0.51447	1	2
seq610	 0.33690	1	2
seq465	 0.83833	1	4
seq672	-0.04714	1	0
seq905	-0.10031	1	3
seq1026	 0.40525	1	3
seq564	 0.74826	1	2
seq12	 0.04487	1	3
seq1077	 0.09715	1	1
seq63	 0.83330	1	4
seq1299	 0.10248	1	1
seq44	 0.34435	1	0
seq1390	 0.35092	1	1
seq1598	-0.11827	1	2
seq1756	-0.74415	1	3
seq1553	 0.38583	1	3
seq231	 1.04609	1	3
seq627	 0.07069	1	3
seq1799	-0.60991	1	4
seq393	 0.03330	1	3
seq755	 0.39314	1	1
seq1249	 0.09112	1	0
seq140	-0.22945	1	4
seq1199	-0.00818	1	2
seq1614	 0.40500	1	4
seq609	-0.19152	1	1
seq1343	 0.53040	1	1
seq1507	-0.16858	1	1
seq1477	 0.34416	1	1
seq1677	 0.50142	1	4
U00096.2:943439-943738(-)	-0.41125	-1	0
U00096.2:105929-106228(-)	-0.57459	-1	0
U00096.2:4340761-4341060(-)	-0.14141	-1	0
U00096.2:2296237-2296536(+)	-0.06727	-1	2
U00096.2:388129-388428(-)	-0.47634	-1	4
U00096.2:4122781-4123080(+)	-0.57600	-1	3
U00096.2:3451027-3451326(-)	-0.05637	-1	0
U00096.2:1827215-1827514(+)	-0.38393	-1	0
U00096.2:2011709-2012008(+)	-0.48336	-1	3
U00096.2:444991-445290(-)	-0.14448	-1	0
U00096.2:43724-44023(+)	-0.67281	-1	4
U00096.2:3390633-3390932(-)	-0.26699	-1	2
U00096.2:1016439-1016738(+)	-0.35095	-1	0
U00096.2:864499-864798(+)	-0.97785	-1	2
U00096.2:2392108-2392407(-)	-0.65688	-1	3
U00096.2:4252271-4252570(+)	-0.47059	-1	2
U00096.2:3738885-3739184(+)	-0.56964	-1	2
U00096.2:4331372-4331671(-)	-0.33018	-1	2
U00096.2:3501556-3501855(-)	-0.63720	-1	3
U00096.2:3425529-3425828(+)	 0.31946	-1	3
U00096.2:4236333-4236632(-)	-0.02605	-1	3
U00096.2:1461699-1461998(+)	-0.34517	-1	0
U00096.2:201217-201516(-)	-0.62356	-1	1
U00096.2:973333-973632(-)	 0.01042	-1	4
U00096.2:3879038-3879337(+)	-0.49894	-1	2
U00096.2:4547179-4547478(+)	-0.06344	-1	4
U00096.2:1763367-1763666(+)	 0.00129	-1	3
U00096.2:642886-643185(+)	-0.22507	-1	1
U00096.2:3920067-3920366(+)	-0.26035	-1	0
U00096.2:4444054-4444353(+)	-0.55307	-1	4
U00096.2:1714657-1714956(-)	-0.27294	-1	4
U00096.2:2999231-2999530(+)	-0.04550	-1	4
U00096.2:4255261-4255560(-)	-0.50101	-1	4
U00096.2:4482141-4482440(-)	-0.28488	-1	0
U00096.2:2772367-2772666(-)	 1.56892	-1	0
U00096.2:1759117-1759416(+)	-0.57181	-1	1
U00096.2:3262437-3262736(-)	-0.36766	-1	3
U00096.2:4525534-4525833(-)	-0.25803	-1	1
U00096.2:1304267-1304566(-)	 0.03527	-1	0
U00096.2:1984423-1984722(-)	 0.85820	-1	3
U00096.2:3398052-3398351(+)	-0.60425	-1	0
U00096.2:2724040-2724339(+)	-0.26110	-1	3
U00096.2:2372300-2372599(-)	-0.38266	-1	0
U00096.2:3247989-3248288(-)	-0.54393	-1	1
U00096.2:1894235-1894534(+)	-0.34812	-1	1
U00096.2:194250-194549(-)	-0.30155	-1	3
U00096.2:947576-947875(+)	-0.35640	-1	4
U00096.2:963604-963903(-)	-0.00611	-1	0
U00096.2:693543-693842(-)	-0.51207	-1	1
U00096.2:4179070-4179369(+)	 0.30227	-1	1
U00096.2:3567637-3567936(-)	-0.08181	-1	2
U00096.2:2286762-2287061(+)	 0.39155	-1	4
U00096.2:134667-134966(+)	-0.11880	-1	4
U00096.2:1627811-1628110(+)	-0.07404	-1	3
U00096.2:2919716-2920015(-)	-0.20654	-1	1
U00096.2:2747935-2748234(-)	-0.22272	-1	1
U00096.2:1035530-1035829(+)	-0.63655	-1	1
U00096.2:1202626-1202925(-)	-0.19623	-1	4
U00096.2:487874-488173(+)	-0.81464	-1	4
U00096.2:2240999-2241298(-)	-0.22668	-1	3
U00096.2:2928304-2928603(-)	-0.61503	-1	0
U00096.2:100246-100545(+)	-0.32113	-1	0
U00096.2:3330292-3330591(+)	-0.22373	-1	4
U00096.2:1556349-1556648(-)	-0.59099	-1	2
U00096.2:126763-127062(-)	-0.38129	-1	0
U00096.2:1394076-1394375(-)	-0.31305	-1	4
U00096.2:992497-992796(-)	-0.22297	-1	4
U00096.2:4572695-4572994(+)	-0.29008	-1	3
U00096.2:1747237-1747536(-)	-0.35674	-1	4
U00096.2:403825-404124(+)	-0.03535	-1	4
U00096.2:2115260-2115559(+)	-0.53503	-1	1
U00096.2:1364087-1364386(-)	-0.46282	-1	3
U00096.2:2806594-2806893(-)	-0.92003	-1	3
U00096.2:2722201-2722500(-)	-0.28771	-1	3
U00096.2:2723001-2723300(+)	-0.10483	-1	2
U00096.2:2920395-2920694(+)	 0.00923	-1	3
U00096.2:24685-24984(+)	-0.32728	-1	4
U00096.2:443350-443649(-)	-0.27356	-1	4
U00096.2:4230731-4231030(-)	-0.89280	-1	1
U00096.2:822749-823048(-)	-0.51475	-1	4
U00096.2:1101088-1101387(+)	 0.40526	-1	4
U00096.2:339337-339636(-)	-0.42968	-1	4
U00096.2:878691-878990(-)	 0.04051	-1	3
U00096.2:278529-278828(+)	-0.53212	-1	1
U00096.2:93347-93646(-)	-0.54381	-1	2
U00096.2:996037-996336(-)	-0.23088	-1	2
U00096.2:2500944-2501243(+)	-0.68806	-1	0
U00096.2:3130377-3130676(-)	-0.08330	-1	2
U00096.2:3612065-3612364(-)	 0.04391	-1	4
U00096.2:672115-672414(-)	-0.45523	-1	4
U00096.2:4349127-4349426(+)	-0.35807	-1	4
U00096.2:4225156-4225455(+)	-0.54641	-1	4
U00096.2:884029-884328(-)	-0.19312	-1	1
U00096.2:3618445-3618744(-)	-0.80660	-1	4
U00096.2:3751954-3752253(+)	 0.03694	-1	1
U00096.2:2915154-2915453(+)	-0.00880	-1	1
U00096.2:1664242-1664541(+)	-0.12841	-1	3
U00096.2:2092846-2093145(-)	-0.59123	-1	3
U00096.2:615789-616088(+)	-0.88275	-1	0
U00096.2:1838879-1839178(-)	-0.22230	-1	0
U00096.2:1514498-1514797(+)	-0.43813	-1	2
U00096.2:1572007-1572306(+)	-0.09366	-1	3
U00096.2:4314826-4315125(-)	-1.02993	-1	0
U00096.2:2123655-2123954(+)	-0.34429	-1	2
U00096.2:3322562-3322861(-)	-0.36685	-1	3
U00096.2:1549405-1549704(-)	-0.44680	-1	4
U00096.2:3174385-3174684(-)	-0.60015	-1	2
U00096.2:2631461-2631760(-)	-0.70105	-1	2
U00096.2:1631686-1631985(+)	 0.19236	-1	4
U00096.2:3296627-3296926(-)	-0.27616	-1	4
U00096.2:3392437-3392736(-)	-0.44590	-1	0
U00096.2:1652605-1652904(-)	-0.21794	-1	0
U00096.2:3568560-3568859(+)	-0.59486	-1	3
U00096.2:2308819-2309118(-)	-0.45814	-1	4
U00096.2:4590309-4590608(+)	-0.51861	-1	2
U00096.2:3682151-3682450(-)	-0.43548	-1	2
U00096.2:2129354-2129653(-)	-0.57450	-1	3
U00096.2:3063080-3063379(+)	-0.73144	-1	1
U00096.2:3625033-3625332(+)	-0.40248	-1	0
U00096.2:2425048-2425347(-)	-0.25055	-1	3
U00096.2:2712147-2712446(-)	-0.06950	-1	2
U00096.2:2097086-2097385(+)	 0.34230	-1	3
U00096.2:373749-374048(-)	-0.61191	-1	3
U00096.2:145130-145429(-)	-0.12489	-1	0
U00096.2:1020519-1020818(-)	 0.13532	-1	4
U00096.2:1791653-1791952(-)	-0.28000	-1	0
U00096.2:4193503-4193802(+)	-0.50787	-1	4
U00096.2:2134842-2135141(-)	-0.41495	-1	3
U00096.2:1066894-1067193(-)	 0.73482	-1	1
U00096.2:3123189-3123488(+)	-0.50957	-1	1
U00096.2:2600176-2600475(+)	-0.39054	-1	2
U00096.2:4522056-4522355(-)	-0.04471	-1	4
U00096.2:2173890-2174189(-)	-0.26042	-1	0
U00096.2:3447528-3447827(-)	-0.12599	-1	4
U00096.2:2456620-2456919(+)	-0.71220	-1	4
U00096.2:1683025-1683324(+)	-0.12770	-1	3
U00096.2:3230596-3230895(-)	-0.36431	-1	0
U00096.2:2297528-2297827(+)	-0.38224	-1	1
U00096.2:1684622-1684921(-)	 0.56281	-1	4
U00096.2:376286-376585(-)	-0.32019	-1	3
U00096.2:4553343-4553642(+)	 0.56526	-1	3
U00096.2:1886679-1886978(+)	-0.38384	-1	3
U00096.2:2405339-2405638(+)	 0.62669	-1	2
U00096.2:2313624-2313923(+)	 0.19757	-1	2
U00096.2:4046319-4046618(+)	-0.27906	-1	3
U00096.2:1095583-1095882(+)	 0.43639	-1	0
U00096.2:1042855-1043154(+)	-0.28693	-1	0
U00096.2:3141365-3141664(-)	-0.49566	-1	2
U00096.2:289069-289368(+)	-0.72146	-1	2
U00096.2:3640652-3640951(-)	-0.65184	-1	2
U00096.2:1965365-1965664(+)	-0.15093	-1	1
U00096.2:3842318-3842617(-)	-0.37071	-1	0
U00096.2:777476-777775(-)	-0.67415	-1	3
U00096.2:3326521-3326820(+)	-0.13672	-1	0
U00096.2:76044-76343(+)	-0.09323	-1	2
U00096.2:486779-487078(-)	-0.12269	-1	2
U00096.2:122377-122676(+)	-0.31768	-1	1
U00096.2:165224-165523(-)	-0.83757	-1	3
U00096.2:4296002-4296301(-)	-0.54440	-1	1
U00096.2:4455183-4455482(-)	-0.43719	-1	0
U00096.2:4344362-4344661(+)	-0.39285	-1	1
U00096.2:1734732-1735031(+)	-0.29443	-1	2
U00096.2:1595018-1595317(+)	-0.15415	-1	3
U00096.2:1537567-1537866(+)	-0.80600	-1	4
U00096.2:713415-713714(+)	-0.69673	-1	3
U00096.2:838112-838411(-)	-0.37360	-1	2
U00096.2:3385034-3385333(+)	-0.40232	-1	3
U00096.2:1424437-1424736(+)	 0.68266	-1	1
U00096.2:2232050-2232349(-)	-0.17744	-1	4
U00096.2:4343817-4344116(+)	-0.67157	-1	3
U00096.2:542229-542528(-)	 0.36728	-1	1
U00096.2:3018287-3018586(-)	-0.26492	-1	2
U00096.2:3030690-3030989(+)	 0.56790	-1	2
U00096.2:459297-459596(+)	-0.39821	-1	1
U00096.2:1436505-1436804(+)	-0.63149	-1	3
U00096.2:1773282-1773581(-)	 0.33492	-1	1
U00096.2:3070160-3070459(-)	-0.23766	-1	0
U00096.2:711272-711571(-)	-0.15685	-1	4
U00096.2:842014-842313(+)	-0.04597	-1	1
U00096.2:1525729-1526028(-)	 0.01562	-1	2
U00096.2:3867337-3867636(+)	-0.13861	-1	2
U00096.2:909123-909422(+)	-0.42459	-1	4
U00096.2:4171107-4171406(+)	-0.21218	-1	1
U00096.2:3378383-3378682(-)	-0.27643	-1	0
U00096.2:1637888-1638187(+)	 0.11836	-1	1
U00096.2:521829-522128(+)	-0.36462	-1	3
U00096.2:2556348-2556647(-)	-0.53549	-1	4
U00096.2:3905356-3905655(-)	-0.30196	-1	1
U00096.2:4570984-4571283(+)	 0.32078	-1	1
U00096.2:3366206-3366505(-)	 0.13379	-1	4
U00096.2:974710-975009(+)	-0.63231	-1	1
U00096.2:3975751-3976050(+)	-0.09201	-1	0
U00096.2:3008071-3008370(+)	-0.45522	-1	0
U00096.2:2252360-2252659(+)	-0.45573	-1	3
U00096.2:2284748-2285047(-)	-0.27346	-1	4
U00096.2:807093-807392(+)	 0.02301	-1	0
U00096.2:4336554-4336853(-)	-0.47584	-1	3
U00096.2:3087022-3087321(+)	-0.55664	-1	1
U00096.2:1968325-1968624(+)	-0.24197	-1	1
U00096.2:4507007-4507306(-)	-0.52176	-1	3
U00096.2:1473245-1473544(+)	 0.28946	-1	4
U00096.2:3608784-3609083(+)	-0.75609	-1	1
U00096.2:4421748-4422047(-)	-0.61660	-1	0
U00096.2:9605-9904(+)	-0.28921	-1	2
U00096.2:1735235-1735534(-)	 0.26790	-1	4
U00096.2:1027322-1027621(-)	-0.30431	-1	1
U00096.2:1641091-1641390(+)	 0.11827	-1	2
U00096.2:1256464-1256763(-)	-0.51339	-1	3
U00096.2:1687291-1687590(+)	-0.53990	-1	0
U00096.2:631086-631385(+)	-0.10288	-1	1
U00096.2:3319524-3319823(+)	 1.16831	-1	0
U00096.2:1137103-1137402(-)	-0.33933	-1	1
U00096.2:2339033-2339332(-)	-0.35230	-1	4
U00096.2:790096-790395(-)	-0.50925	-1	3
U00096.2:883206-883505(+)	-0.24330	-1	0
U00096.2:794550-794849(+)	-0.56630	-1	1
U00096.2:2448407-2448706(+)	 0.12276	-1	4
U00096.2:293548-293847(-)	 0.71919	-1	0
U00096.2:1112854-1113153(-)	-0.00565	-1	2
U00096.2:3105905-3106204(-)	 0.02101	-1	0
U00096.2:324783-325082(-)	-0.32896	-1	0
U00096.2:2398034-2398333(+)	-0.24527	-1	0
U00096.2:1420378-1420677(+)	-0.36615	-1	3
U00096.2:3458260-3458559(-)	 0.06921	-1	3
U00096.2:2648794-2649093(+)	-0.36209	-1	3
U00096.2:4576910-4577209(-)	 0.55322	-1	0
U00096.2:4026807-4027106(+)	-0.68383	-1	3
U00096.2:4307518-4307817(-)	-0.22860	-1	2
U00096.2:3877504-3877803(+)	-0.42315	-1	0
U00096.2:1444438-1444737(+)	-0.03556	-1	2
U00096.2:586424-586723(-)	-0.73495	-1	3
U00096.2:2462144-2462443(-)	 0.46273	-1	3
U00096.2:1877207-1877506(-)	 0.21953	-1	0
U00096.2:2401762-2402061(-)	-0.28234	-1	4
U00096.2:131481-131780(+)	-0.07115	-1	2
U00096.2:856827-857126(-)	-0.01536	-1	1
U00096.2:3386127-3386426(+)	-0.20983	-1	3
U00096.2:2332847-2333146(+)	-0.21828	-1	0
U00096.2:771621-771920(-)	-0.11618	-1	0
U00096.2:379463-379762(-)	-0.17653	-1	2
U00096.2:1166575-1166874(-)	-0.09906	-1	0
U00096.2:3486766-3487065(-)	-0.58533	-1	1
U00096.2:2303671-2303970(+)	-0.46832	-1	2
U00096.2:446652-446951(-)	-0.15262	-1	4
U00096.2:2583220-2583519(+)	-0.06654	-1	0
U00096.2:1674145-1674444(+)	-0.20649	-1	3
U00096.2:1960971-1961270(+)	-0.05870	-1	3
U00096.2:3966152-3966451(+)	-0.16595	-1	0
U00096.2:2250162-2250461(+)	-0.45596	-1	2
U00096.2:2517197-2517496(+)	-0.02147	-1	0
U00096.2:2991262-2991561(-)	 0.81005	-1	0
U00096.2:4385084-4385383(+)	-0.60474	-1	1
U00096.2:1670834-1671133(-)	-0.11926	-1	4
U00096.2:3184583-3184882(-)	-0.98238	-1	3
U00096.2:2103539-2103838(+)	 0.65296	-1	4
U00096.2:2526699-2526998(-)	-0.34467	-1	2
U00096.2:3812387-3812686(-)	 0.01714	-1	1
U00096.2:3886527-3886826(-)	 0.71171	-1	0
U00096.2:3508921-3509220(+)	 0.09832	-1	2
U00096.2:867749-868048(+)	-0.57503	-1	0
U00096.2:3613344-3613643(-)	-1.11478	-1	0
U00096.2:924262-924561(-)	-0.56957	-1	3
U00096.2:3567210-3567509(-)	-0.01824	-1	1
U00096.2:3879573-3879872(+)	-0.80040	-1	0
U00096.2:397471-397770(+)	-0.37659	-1	0
U00096.2:4184261-4184560(+)	-0.26129	-1	3
U00096.2:662414-662713(-)	-0.37571	-1	2
U00096.2:2510652-2510951(+)	 0.57043	-1	2
U00096.2:4111954-4112253(-)	-0.21712	-1	0
U00096.2:1250618-1250917(-)	-0.25494	-1	4
U00096.2:2258443-2258742(-)	-0.39279	-1	3
U00096.2:2326627-2326926(+)	-0.30438	-1	1
U00096.2:2956077-2956376(-)	-0.25392	-1	3
U00096.2:2666438-2666737(-)	-0.09329	-1	3
U00096.2:2378284-2378583(-)	-0.58018	-1	0
U00096.2:2828676-2828975(+)	-0.70465	-1	4
U00096.2:4369263-4369562(+)	-0.30325	-1	4
U00096.2:2143909-2144208(+)	-0.13721	-1	1
U00096.2:2600526-2600825(-)	-0.88496	-1	4
U00096.2:143341-143640(+)	-0.59784	-1	4
U00096.2:1743073-1743372(+)	-0.13161	-1	2
U00096.2:2098432-2098731(+)	-0.65745	-1	0
U00096.2:3384242-3384541(+)	-0.75716	-1	4
U00096.2:2064687-2064986(+)	-0.55383	-1	2
U00096.2:1013214-1013513(-)	-0.36291	-1	3
U00096.2:1885410-1885709(+)	-0.69140	-1	0
U00096.2:3508238-3508537(-)	-0.41545	-1	4
U00096.2:254071-254370(-)	-0.32063	-1	4
U00096.2:45221-45520(+)	-0.39981	-1	0
U00096.2:1500348-1500647(+)	 0.83603	-1	1
U00096.2:790831-791130(-)	-0.43415	-1	2
U00096.2:3871729-3872028(-)	-0.49792	-1	1
U00096.2:4089377-4089676(+)	-0.52578	-1	4
U00096.2:1651889-1652188(-)	-0.03050	-1	1
U00096.2:1427264-1427563(-)	-0.64961	-1	3
U00096.2:2554627-2554926(+)	-0.44190	-1	4
U00096.2:361337-361636(-)	-0.07960	-1	2
U00096.2:1176158-1176457(-)	-0.71017	-1	1
U00096.2:705690-705989(+)	-0.41500	-1	0
U00096.2:456701-457000(+)	-0.25732	-1	2
U00096.2:2896954-2897253(-)	-0.27376	-1	3
U00096.2:2314136-2314435(+)	 0.10150	-1	0
U00096.2:3005711-3006010(-)	 0.01292	-1	4
U00096.2:3761503-3761802(-)	-0.94653	-1	4
U00096.2:75019-75318(-)	-0.34739	-1	3
U00096.2:4375066-4375365(-)	-0.57136	-1	4
U00096.2:2791122-2791421(+)	-0.93158	-1	0
U00096.2:2238260-2238559(+)	 0.24419	-1	3
U00096.2:3577220-3577519(+)	-0.36969	-1	2
U00096.2:2355667-2355966(-)	-0.17483	-1	0
U00096.2:1164483-1164782(+)	-0.13623	-1	4
U00096.2:1319535-1319834(+)	-0.85077	-1	3
U00096.2:1485747-1486046(+)	-0.11273	-1	3
U00096.2:144747-145046(+)	 0.16419	-1	0
U00096.2:503986-504285(-)	 0.19730	-1	3
U00096.2:1290606-1290905(-)	 0.15870	-1	1
U00096.2:4506324-4506623(-)	-0.09872	-1	4
U00096.2:1012884-1013183(-)	-0.13547	-1	1
U00096.2:1440141-1440440(+)	-0.50884	-1	3
U00096.2:1139178-1139477(+)	-0.18489	-1	2
U00096.2:1950644-1950943(-)	 0.14012	-1	0
U00096.2:287173-287472(-)	-0.57004	-1	3
U00096.2:2530715-2531014(-)	-0.01191	-1	4
U00096.2:990868-991167(-)	-0.51271	-1	0
U00096.2:1583973-1584272(-)	 0.15276	-1	3
U00096.2:2204167-2204466(-)	-0.17482	-1	0
U00096.2:1497662-1497961(+)	-0.18357	-1	0
U00096.2:2739806-2740105(-)	 0.29756	-1	2
U00096.2:3286478-3286777(+)	 0.16838	-1	2
U00096.2:3281373-3281672(-)	-0.67358	-1	4
U00096.2:352560-352859(-)	-0.83664	-1	3
U00096.2:3323365-3323664(-)	-0.33187	-1	2
U00096.2:3744336-3744635(-)	-0.28841	-1	1
U00096.2:3998658-3998957(+)	-0.27292	-1	4
U00096.2:3948950-3949249(+)	-0.61011	-1	4
U00096.2:723833-724132(-)	-0.59354	-1	3
U00096.2:366496-366795(-)	-0.50867	-1	3
U00096.2:2895526-2895825(+)	-0.17088	-1	1
U00096.2:2224172-2224471(+)	-0.14977	-1	3
U00096.2:1483186-1483485(+)	-0.54353	-1	4
U00096.2:1330595-1330894(-)	-0.07559	-1	0
U00096.2:471805-472104(+)	-0.18616	-1	1
U00096.2:3231227-3231526(-)	-0.42303	-1	0
U00096.2:2917637-2917936(+)	-0.60340	-1	1
U00096.2:3069785-3070084(+)	-0.33029	-1	0
U00096.2:409068-409367(-)	 0.00982	-1	1
U00096.2:1719226-1719525(+)	 0.28787	-1	0
U00096.2:614385-614684(-)	-0.45724	-1	3
U00096.2:4361387-4361686(+)	-0.01033	-1	4
U00096.2:2300181-2300480(+)	 0.07736	-1	1
U00096.2:1407447-1407746(+)	-0.24543	-1	4
U00096.2:3076321-3076620(-)	-0.17562	-1	0
U00096.2:1173712-1174011(-)	-0.21958	-1	4
U00096.2:577863-578162(+)	 0.30948	-1	2
U00096.2:1153299-1153598(-)	-0.18313	-1	3
U00096.2:3801022-3801321(-)	 0.32370	-1	1
U00096.2:3215760-3216059(+)	-0.69555	-1	3
U00096.2:2719397-2719696(-)	-0.45099	-1	0
U00096.2:1550498-1550797(+)	 0.00907	-1	1
U00096.2:4482604-4482903(+)	-0.49417	-1	0
U00096.2:3119285-3119584(-)	 0.54026	-1	4
U00096.2:142024-142323(-)	-0.41782	-1	4
U00096.2:2670395-2670694(+)	-1.01513	-1	2
U00096.2:4447913-4448212(+)	-0.17577	-1	1
U00096.2:3854309-3854608(-)	 0.47811	-1	4
U00096.2:1826420-1826719(-)	-0.26119	-1	3
U00096.2:4315545-4315844(-)	-0.85919	-1	1
U00096.2:833729-834028(+)	-0.40393	-1	2
U00096.2:1437285-1437584(-)	-0.17990	-1	2
U00096.2:1258097-1258396(+)	-0.44730	-1	1
U00096.2:3488744-3489043(+)	-0.08272	-1	4
U00096.2:4240748-4241047(+)	-0.70148	-1	1
U00096.2:1348421-1348720(+)	-0.38802	-1	2
U00096.2:542760-543059(-)	-0.21132	-1	0
U00096.2:2468689-2468988(-)	 0.10986	-1	2
U00096.2:930875-931174(-)	-0.33110	-1	3
U00096.2:4602881-4603180(+)	-0.24851	-1	3
U00096.2:3625744-3626043(-)	-0.82449	-1	1
U00096.2:1145019-1145318(-)	-0.15481	-1	2
U00096.2:4041-4340(-)	-0.18169	-1	4
U00096.2:2025251-2025550(-)	-0.34804	-1	4
U00096.2:1515006-1515305(-)	 0.29112	-1	0
U00096.2:3081113-3081412(+)	-0.41474	-1	4
U00096.2:4160269-4160568(-)	 0.07254	-1	2
U00096.2:4085433-4085732(+)	 0.28809	-1	3
U00096.2:515588-515887(+)	 0.18931	-1	1
U00096.2:4391672-4391971(-)	-0.28966	-1	3
U00096.2:229886-230185(-)	 0.00416	-1	4
U00096.2:262866-263165(+)	-0.17906	-1	2
U00096.2:820014-820313(+)	 0.16528	-1	0
U00096.2:1303899-1304198(+)	-0.48775	-1	4
U00096.2:4485939-4486238(+)	-0.40620	-1	2
U00096.2:1279036-1279335(-)	-0.44654	-1	0
U00096.2:1359240-1359539(-)	-0.52655	-1	0
U00096.2:3052412-3052711(+)	-0.54740	-1	0
U00096.2:343232-343531(-)	 0.80339	-1	2
U00096.2:869118-869417(-)	-0.25999	-1	3
U00096.2:1442100-1442399(-)	-0.37987	-1	1
U00096.2:4509109-4509408(-)	-0.37803	-1	4
U00096.2:3608148-3608447(+)	-0.55664	-1	3
U00096.2:252280-252579(+)	 0.10339	-1	3
U00096.2:1038180-1038479(-)	-0.36569	-1	1
U00096.2:381569-381868(+)	 0.55316	-1	1
U00096.2:2445529-2445828(+)	-0.26685	-1	4
U00096.2:2755939-2756238(-)	 0.79243	-1	3
U00096.2:3900453-3900752(-)	 0.18460	-1	3
U00096.2:780730-781029(+)	 0.32736	-1	2
U00096.2:1481374-1481673(+)	-0.40771	-1	0
U00096.2:618937-619236(+)	-0.62734	-1	1
U00096.2:1911838-1912137(-)	-0.06049	-1	0
U00096.2:941098-941397(+)	-0.21389	-1	4
U00096.2:828790-829089(-)	-0.53931	-1	4
U00096.2:3116717-3117016(+)	-0.30897	-1	4
U00096.2:3287444-3287743(-)	-0.07596	-1	0
U00096.2:2794106-2794405(+)	-0.80552	-1	4
U00096.2:2741216-2741515(-)	-0.04205	-1	2
U00096.2:3058428-3058727(-)	 0.24668	-1	2
U00096.2:4419987-4420286(-)	-0.32531	-1	4
U00096.2:2240471-2240770(-)	-0.13041	-1	4
U00096.2:2747020-2747319(+)	-0.30524	-1	0
U00096.2:945409-945708(-)	-0.05767	-1	1
U00096.2:1996532-1996831(+)	-0.11938	-1	1
U00096.2:3554741-3555040(-)	-0.87243	-1	1
U00096.2:4043956-4044255(-)	-0.06179	-1	1
U00096.2:653755-654054(-)	-0.31352	-1	3
U00096.2:2159928-2160227(+)	-0.94685	-1	3
U00096.2:3681028-3681327(+)	-0.57406	-1	1
U00096.2:4064041-4064340(+)	-0.49464	-1	0
U00096.2:714629-714928(-)	 0.15051	-1	3
U00096.2:1529515-1529814(+)	 0.86901	-1	0
U00096.2:487374-487673(-)	-0.64234	-1	2
U00096.2:2776186-2776485(+)	-0.19832	-1	2
U00096.2:1980070-1980369(+)	-0.22032	-1	0
U00096.2:2518107-2518406(-)	-0.13713	-1	4
U00096.2:4386361-4386660(+)	-0.66300	-1	2
U00096.2:4148000-4148299(-)	 0.13550	-1	0
U00096.2:3030174-3030473(+)	-0.19067	-1	0
U00096.2:1738391-1738690(+)	-0.10781	-1	3
U00096.2:1297089-1297388(+)	 0.16422	-1	2
U00096.2:1443115-1443414(-)	-0.20790	-1	1
U00096.2:2012999-2013298(-)	-0.84720	-1	4
U00096.2:3995180-3995479(+)	-0.46013	-1	2
U00096.2:4491558-4491857(-)	 0.14461	-1	2
U00096.2:3212611-3212910(+)	-0.74135	-1	1
U00096.2:3910802-3911101(-)	-0.45871	-1	3
U00096.2:1363703-1364002(+)	-0.68763	-1	1
U00096.2:846340-846639(+)	-0.05003	-1	4
U00096.2:3888254-3888553(-)	 0.40044	-1	3
U00096.2:4017708-4018007(+)	-0.64344	-1	1
U00096.2:3179977-3180276(-)	-0.69931	-1	0
U00096.2:4608942-4609241(-)	 0.05954	-1	3
U00096.2:1770958-1771257(+)	-0.18518	-1	0
U00096.2:4446076-4446375(-)	 0.05399	-1	3
U00096.2:3073238-3073537(+)	-0.33284	-1	0
U00096.2:968176-968475(-)	-0.38340	-1	1
U00096.2:2397081-2397380(-)	-0.98194	-1	3
U00096.2:2139382-2139681(-)	-0.39985	-1	4
U00096.2:714023-714322(-)	-0.86122	-1	1
U00096.2:1487430-1487729(+)	-0.08362	-1	0
U00096.2:4265224-4265523(-)	-0.38899	-1	1
U00096.2:1529060-1529359(-)	 0.81783	-1	3
U00096.2:1958578-1958877(-)	-0.61059	-1	2
U00096.2:2936627-2936926(+)	 0.05397	-1	0
U00096.2:4475445-4475744(-)	-0.10461	-1	3
U00096.2:50238-50537(-)	-0.30438	-1	4
U00096.2:15640-15939(-)	-0.37015	-1	2
U00096.2:2773790-2774089(-)	-0.40857	-1	2
U00096.2:4515788-4516087(+)	-0.49496	-1	3
U00096.2:2581433-2581732(+)	-0.14817	-1	4
U00096.2:2352828-2353127(+)	-0.56086	-1	0
U00096.2:3849526-3849825(-)	-0.81397	-1	0
U00096.2:1415724-1416023(+)	 0.27978	-1	3
U00096.2:472780-473079(+)	-0.61375	-1	1
U00096.2:2961438-2961737(+)	-0.52671	-1	1
U00096.2:2905825-2906124(+)	-0.03621	-1	1
U00096.2:4093860-4094159(-)	-0.39988	-1	3
U00096.2:4547896-4548195(+)	-0.43105	-1	0
U00096.2:4387421-4387720(-)	-0.52245	-1	2
U00096.2:2245693-2245992(-)	-0.49564	-1	2
U00096.2:672510-672809(-)	-0.79210	-1	1
U00096.2:3941685-3941984(-)	 0.18249	-1	3
U00096.2:1834910-1835209(+)	-0.41723	-1	2
U00096.2:3600246-3600545(+)	-1.05753	-1	0
U00096.2:2320214-2320513(-)	-0.17237	-1	1
U00096.2:782104-782403(-)	-0.24467	-1	2
U00096.2:4117764-4118063(-)	-0.52139	-1	1
U00096.2:1265540-1265839(-)	-0.66393	-1	0
U00096.2:4152228-4152527(-)	-0.48362	-1	2
U00096.2:4396370-4396669(-)	-0.50680	-1	1
U00096.2:4090705-4091004(+)	 0.23517	-1	3
U00096.2:4507321-4507620(-)	-0.48277	-1	2
U00096.2:1012463-1012762(+)	-0.20641	-1	2
U00096.2:2001095-2001394(+)	-0.07204	-1	3
U00096.2:3711402-3711701(+)	-0.15109	-1	4
U00096.2:3408985-3409284(-)	 0.00852	-1	1
U00096.2:372217-372516(+)	-0.58351	-1	2
U00096.2:3426378-3426677(-)	 0.07012	-1	0
U00096.2:3707653-3707952(-)	-0.07396	-1	0
U00096.2:1872529-1872828(-)	-0.74060	-1	4
U00096.2:189042-189341(-)	-0.38234	-1	0
U00096.2:3979767-3980066(-)	-0.30943	-1	3
U00096.2:3592891-3593190(+)	-0.64422	-1	0
U00096.2:4333695-4333994(-)	-0.13833	-1	0
U00096.2:3778415-3778714(-)	-0.40833	-1	1
U00096.2:4059096-4059395(+)	 0.35677	-1	0
U00096.2:33412-33711(-)	-0.55697	-1	1
U00096.2:53961-54260(-)	-0.79286	-1	2
U00096.2:840201-840500(-)	-0.31192	-1	0
U00096.2:3589576-3589875(+)	-0.57777	-1	4
U00096.2:2591623-2591922(+)	-0.10008	-1	0
U00096.2:1712573-1712872(+)	-0.45240	-1	1
U00096.2:3280167-3280466(+)	-0.86507	-1	2
U00096.2:2060600-2060899(-)	-0.18273	-1	0
U00096.2:1113810-1114109(-)	-0.20807	-1	1
U00096.2:3050741-3051040(+)	-0.50481	-1	1
U00096.2:3146800-3147099(+)	-0.30350	-1	4
U00096.2:2067797-2068096(+)	-0.97720	-1	4
U00096.2:2523116-2523415(+)	 0.14535	-1	0
U00096.2:2852839-2853138(-)	-0.21112	-1	0
U00096.2:1892652-1892951(+)	-0.07884	-1	3
U00096.2:4221845-4222144(-)	-0.34478	-1	1
U00096.2:2878647-2878946(-)	 0.28989	-1	4
U00096.2:64131-64430(+)	-0.73335	-1	4
U00096.2:1817753-1818052(-)	 0.20439	-1	2
U00096.2:1010507-1010806(-)	-0.55173	-1	0
U00096.2:2040149-2040448(-)	 0.87752	-1	3
U00096.2:1414650-1414949(+)	-0.07175	-1	2
U00096.2:1727796-1728095(+)	-0.48533	-1	4
U00096.2:2007550-2007849(+)	 0.21049	-1	4
U00096.2:3458855-3459154(-)	 0.15539	-1	3
U00096.2:3269603-3269902(-)	-0.26342	-1	3
U00096.2:1911031-1911330(-)	-0.21925	-1	2
U00096.2:1251932-1252231(+)	 0.03345	-1	2
U00096.2:2833043-2833342(+)	-0.26726	-1	3
U00096.2:4020974-4021273(-)	-0.70753	-1	0
U00096.2:124535-124834(+)	-0.63303	-1	4
U00096.2:85803-86102(+)	-0.08297	-1	3
U00096.2:2788409-2788708(+)	-0.52077	-1	1
U00096.2:3946847-3947146(-)	-0.50116	-1	3
U00096.2:870389-870688(+)	-0.78397	-1	2
U00096.2:861878-862177(+)	 0.00701	-1	2
U00096.2:268345-268644(+)	 0.28972	-1	0
U00096.2:4550532-4550831(+)	-0.63421	-1	4
U00096.2:2215058-2215357(+)	-0.07533	-1	3
U00096.2:265355-265654(+)	-0.16743	-1	1
U00096.2:2159478-2159777(-)	-0.51871	-1	1
U00096.2:2564948-2565247(-)	-0.93450	-1	2
U00096.2:3856138-3856437(-)	-0.21436	-1	2
U00096.2:3752651-3752950(-)	-0.17070	-1	3
U00096.2:3039359-3039658(-)	-0.45319	-1	3
U00096.2:3571759-3572058(+)	-0.57139	-1	4
U00096.2:667449-667748(-)	-0.39072	-1	1
U00096.2:1816403-1816702(+)	 0.43873	-1	1
U00096.2:3926522-3926821(-)	-0.28070	-1	2
U00096.2:2825254-2825553(+)	-0.27601	-1	2
U00096.2:3710491-3710790(-)	-0.11321	-1	1
U00096.2:2847057-2847356(-)	-0.17602	-1	4
U00096.2:1245917-1246216(-)	-0.38170	-1	1
U00096.2:2311815-2312114(+)	-0.05064	-1	1
U00096.2:1384863-1385162(+)	-0.05129	-1	2
U00096.2:3659067-3659366(+)	-0.39375	-1	3
U00096.2:642327-642626(-)	 0.15492	-1	4
U00096.2:236069-236368(-)	-0.18705	-1	4
U00096.2:4281498-4281797(+)	-0.62733	-1	4
U00096.2:347997-348296(-)	-0.76627	-1	0
U00096.2:2703078-2703377(+)	-0.31201	-1	0
U00096.2:1838333-1838632(-)	-0.42744	-1	2
U00096.2:4635810-4636109(+)	-0.33991	-1	4
U00096.2:3616564-3616863(+)	-0.36576	-1	0
U00096.2:2330178-2330477(+)	-0.20226	-1	2
U00096.2:279756-280055(-)	-0.25705	-1	2
U00096.2:508337-508636(+)	-0.85940	-1	0
U00096.2:4406547-4406846(-)	-0.43559	-1	3
U00096.2:1469650-1469949(+)	-0.10329	-1	2
U00096.2:1244127-1244426(-)	 0.38735	-1	3
U00096.2:3901087-3901386(-)	-0.42075	-1	2
U00096.2:2513081-2513380(+)	-0.13441	-1	4
U00096.2:1022265-1022564(-)	-0.27506	-1	1
U00096.2:49276-49575(-)	-0.42398	-1	2
U00096.2:2762105-2762404(+)	 0.11029	-1	3
U00096.2:1641976-1642275(+)	-0.28224	-1	0
U00096.2:2742386-2742685(+)	 0.24253	-1	1
U00096.2:1373665-1373964(+)	-0.60856	-1	3
U00096.2:4417388-4417687(+)	-0.09330	-1	2
U00096.2:2668378-2668677(-)	-0.34719	-1	4
U00096.2:1117278-1117577(+)	-0.28493	-1	3
U00096.2:2537353-2537652(-)	-0.46973	-1	3
U00096.2:4387798-4388097(-)	-0.13091	-1	3
U00096.2:1080967-1081266(+)	-0.33621	-1	2
U00096.2:4275990-4276289(+)	 0.16493	-1	4
U00096.2:4421199-4421498(+)	-0.53125	-1	2
U00096.2:1701310-1701609(-)	-0.25244	-1	4
U00096.2:3954886-3955185(+)	-0.59841	-1	2
U00096.2:2431316-2431615(+)	-0.57845	-1	1
U00096.2:79027-79326(+)	-0.59045	-1	0
U00096.2:1022589-1022888(-)	-0.20455	-1	0
U00096.2:3819977-3820276(+)	-0.12375	-1	3
U00096.2:3619284-3619583(+)	-0.56561	-1	2
U00096.2:2593737-2594036(-)	 0.26353	-1	2
U00096.2:4241051-4241350(+)	-0.41121	-1	1
U00096.2:1552614-1552913(+)	-0.28975	-1	1
U00096.2:3361055-3361354(-)	 0.28709	-1	4
U00096.2:3092149-3092448(+)	-0.34530	-1	0
U00096.2:3722826-3723125(-)	-0.52683	-1	2
U00096.2:3090545-3090844(+)	-0.22015	-1	0
U00096.2:3019931-3020230(-)	-0.03374	-1	0
U00096.2:4136702-4137001(+)	-0.35640	-1	4
U00096.2:4245903-4246202(-)	 0.05572	-1	4
U00096.2:3045724-3046023(+)	-0.52671	-1	4
U00096.2:1136328-1136627(+)	-0.53151	-1	3
U00096.2:858685-858984(+)	-0.04837	-1	3
U00096.2:1088702-1089001(-)	-0.28383	-1	0
U00096.2:2006861-2007160(+)	-0.45831	-1	2
U00096.2:4042340-4042639(+)	 0.56412	-1	0
U00096.2:2604411-2604710(+)	-0.49649	-1	0
U00096.2:1325140-1325439(+)	-0.58292	-1	4
U00096.2:4613424-4613723(+)	-0.14308	-1	0
U00096.2:3336675-3336974(-)	-0.30451	-1	4
U00096.2:50624-50923(-)	-0.27796	-1	4
U00096.2:64483-64782(-)	-0.39590	-1	4
U00096.2:1941891-1942190(+)	-0.38463	-1	3
U00096.2:4628916-4629215(-)	-0.12278	-1	3
U00096.2:42823-43122(-)	-0.61005	-1	0
U00096.2:3796935-3797234(-)	 0.83769	-1	2
U00096.2:2443511-2443810(-)	-0.16043	-1	1
U00096.2:211415-211714(+)	 0.03407	-1	2
U00096.2:1922547-1922846(-)	 0.23661	-1	1
U00096.2:520103-520402(+)	-0.46234	-1	4
U00096.2:842729-843028(+)	-0.19163	-1	2
U00096.2:2466717-2467016(+)	 0.46655	-1	3
U00096.2:79604-79903(+)	-0.56945	-1	2
U00096.2:2073815-2074114(+)	 0.07350	-1	2
U00096.2:215968-216267(+)	 0.02907	-1	3
U00096.2:2863797-2864096(-)	-0.37015	-1	0
U00096.2:3709324-3709623(+)	-0.34578	-1	3
U00096.2:2639158-2639457(-)	-0.62323	-1	4
U00096.2:3738096-3738395(-)	-0.30008	-1	0
U00096.2:982441-982740(-)	 0.11272	-1	1
U00096.2:1326903-1327202(-)	-0.10926	-1	1
U00096.2:3647342-3647641(+)	-0.61787	-1	4
U00096.2:3381010-3381309(-)	-0.14795	-1	0
U00096.2:2606021-2606320(-)	-0.85114	-1	3
U00096.2:2526068-2526367(+)	-0.62059	-1	2
U00096.2:1431638-1431937(-)	 0.49937	-1	2
U00096.2:2919046-2919345(+)	-0.28550	-1	2
U00096.2:4187513-4187812(+)	 0.45116	-1	4
U00096.2:1348087-1348386(+)	 0.02623	-1	4
U00096.2:425486-425785(-)	-0.42835	-1	2
U00096.2:1855888-1856187(+)	 0.02781	-1	2
U00096.2:3157262-3157561(-)	-0.41734	-1	3
U00096.2:3483215-3483514(+)	-0.19319	-1	1
U00096.2:4217483-4217782(+)	-0.18535	-1	1
U00096.2:2104746-2105045(+)	 0.92336	-1	3
U00096.2:532662-532961(+)	-0.43485	-1	1
U00096.2:1253010-1253309(+)	-0.19837	-1	2
U00096.2:490740-491039(+)	-0.35659	-1	2
U00096.2:2488900-2489199(-)	-0.11927	-1	4
U00096.2:3848477-3848776(+)	-0.59139	-1	3
U00096.2:2369797-2370096(+)	-0.03988	-1	1
U00096.2:2101395-2101694(+)	 0.94523	-1	0
U00096.2:871625-871924(+)	-0.33439	-1	1
U00096.2:2296581-2296880(-)	-0.21526	-1	2
U00096.2:593146-593445(-)	-0.22929	-1	3
U00096.2:1825564-1825863(-)	-0.23020	-1	1
U00096.2:1632037-1632336(-)	-0.42145	-1	2
U00096.2:2048910-2049209(-)	-0.31994	-1	2
U00096.2:3736001-3736300(+)	-0.43738	-1	0
U00096.2:4319408-4319707(-)	-1.09238	-1	0
U00096.2:116687-116986(-)	-0.21874	-1	2
U00096.2:1668787-1669086(+)	-0.06904	-1	4
U00096.2:4199106-4199405(+)	-0.42275	-1	3
U00096.2:2389447-2389746(-)	-0.46954	-1	1
U00096.2:4069646-4069945(-)	-0.16750	-1	3
U00096.2:4348804-4349103(-)	-0.26686	-1	0
U00096.2:3539884-3540183(+)	-0.61233	-1	0
U00096.2:2629680-2629979(-)	-0.39456	-1	4
U00096.2:899625-899924(+)	 0.75982	-1	1
U00096.2:336062-336361(+)	-0.40106	-1	3
U00096.2:3994205-3994504(-)	-0.28338	-1	4
U00096.2:1540285-1540584(-)	-0.38740	-1	3
U00096.2:1904484-1904783(-)	-0.15642	-1	0
U00096.2:3734225-3734524(-)	 0.08248	-1	4
U00096.2:1808881-1809180(-)	 0.01838	-1	4
U00096.2:4191869-4192168(+)	-0.64319	-1	1
U00096.2:121933-122232(-)	 0.25148	-1	3
U00096.2:2331649-2331948(+)	 0.03489	-1	1
U00096.2:1720130-1720429(+)	-0.21653	-1	1
U00096.2:2015610-2015909(+)	-0.77598	-1	0
U00096.2:4422503-4422802(-)	 0.18089	-1	3
U00096.2:425929-426228(-)	-0.39265	-1	1
U00096.2:3990838-3991137(-)	-0.44892	-1	0
U00096.2:653406-653705(-)	-0.37872	-1	1
U00096.2:3047710-3048009(+)	-0.43363	-1	0
U00096.2:305996-306295(-)	-0.15806	-1	3
U00096.2:3312536-3312835(+)	-0.57972	-1	2
U00096.2:2676610-2676909(-)	 0.03906	-1	2
U00096.2:384666-384965(-)	-0.61914	-1	1
U00096.2:4250795-4251094(+)	-0.02724	-1	0
U00096.2:1370128-1370427(-)	-0.41679	-1	1
U00096.2:763885-764184(-)	-0.49517	-1	3
U00096.2:1662849-1663148(+)	-0.02976	-1	4
U00096.2:3651006-3651305(+)	 0.02097	-1	2
U00096.2:3225229-3225528(+)	-0.41753	-1	3
U00096.2:1740519-1740818(+)	-0.17576	-1	2
U00096.2:3480992-3481291(+)	-0.91286	-1	3
U00096.2:3374973-3375272(-)	-0.25530	-1	2
U00096.2:3660643-3660942(+)	-0.43725	-1	3
U00096.2:4513617-4513916(-)	-0.60006	-1	1
U00096.2:3862667-3862966(+)	-0.45746	-1	1
U00096.2:613434-613733(+)	-0.39973	-1	0
U00096.2:2679214-2679513(-)	-0.87562	-1	4
U00096.2:4120796-4121095(+)	-0.57192	-1	3
U00096.2:3494256-3494555(+)	-0.58401	-1	0
U00096.2:2181637-2181936(+)	-0.42671	-1	3
U00096.2:3571085-3571384(-)	 0.00603	-1	2
U00096.2:3471876-3472175(-)	 0.17362	-1	3
U00096.2:1163647-1163946(+)	-0.15552	-1	3
U00096.2:4535565-4535864(-)	 0.25102	-1	0
U00096.2:3715559-3715858(-)	-0.39467	-1	4
U00096.2:2148726-2149025(+)	 0.04489	-1	0
U00096.2:1667953-1668252(+)	-0.21109	-1	3
U00096.2:515002-515301(+)	 0.56022	-1	0
U00096.2:2654081-2654380(-)	-0.37583	-1	3
U00096.2:4091951-4092250(-)	-0.49366	-1	2
U00096.2:2021108-2021407(-)	-0.70786	-1	4
U00096.2:632385-632684(+)	-0.44549	-1	2
U00096.2:1498850-1499149(+)	-0.49861	-1	4
U00096.2:1471179-1471478(-)	-0.45739	-1	2
U00096.2:985709-986008(+)	-0.15526	-1	4
U00096.2:1689520-1689819(-)	 0.08368	-1	1
U00096.2:439100-439399(-)	-0.64872	-1	2
U00096.2:1778601-1778900(+)	-0.28943	-1	4
U00096.2:1874634-1874933(-)	-0.03029	-1	4
U00096.2:4272362-4272661(-)	-0.84194	-1	1
U00096.2:629473-629772(+)	-0.78177	-1	1
U00096.2:1024953-1025252(-)	-0.15967	-1	0
U00096.2:1196983-1197282(-)	 0.87297	-1	1
U00096.2:3893283-3893582(+)	-0.62509	-1	4
U00096.2:2804572-2804871(+)	-0.89751	-1	1
U00096.2:4376832-4377131(-)	-0.07320	-1	2
U00096.2:1864627-1864926(+)	 0.45125	-1	2
U00096.2:198484-198783(+)	-0.41272	-1	4
U00096.2:2770756-2771055(-)	-0.29201	-1	3
U00096.2:3386560-3386859(-)	-0.57887	-1	3
U00096.2:2061289-2061588(-)	 0.20457	-1	3
U00096.2:3540288-3540587(-)	-0.54887	-1	1
U00096.2:1418603-1418902(-)	 0.29865	-1	3
U00096.2:2246870-2247169(-)	-0.45315	-1	0
U00096.2:725249-725548(+)	-0.74997	-1	4
U00096.2:4607520-4607819(-)	-0.39533	-1	2
U00096.2:4613763-4614062(+)	-0.55899	-1	3
U00096.2:4182944-4183243(-)	-0.29905	-1	4
U00096.2:2966215-2966514(-)	-0.19271	-1	0
U00096.2:698103-698402(-)	-0.19574	-1	0
U00096.2:485798-486097(+)	 0.07948	-1	1
U00096.2:3394058-3394357(-)	-0.14645	-1	1
U00096.2:1591434-1591733(-)	-0.13120	-1	0
U00096.2:2412184-2412483(-)	-0.39644	-1	0
U00096.2:591066-591365(+)	-0.30876	-1	3
U00096.2:337194-337493(+)	-0.53434	-1	4
U00096.2:2382070-2382369(+)	 0.23036	-1	1
U00096.2:853205-853504(-)	-0.32117	-1	3
U00096.2:961630-961929(-)	-0.46107	-1	3
U00096.2:38155-38454(+)	-0.34200	-1	0
U00096.2:4002389-4002688(+)	-0.33910	-1	4
U00096.2:3023444-3023743(-)	 0.33717	-1	1
U00096.2:896679-896978(-)	-0.35492	-1	0
U00096.2:1661430-1661729(-)	-0.42025	-1	3
U00096.2:3137077-3137376(-)	-0.59467	-1	3
U00096.2:2440282-2440581(-)	-0.34524	-1	2
U00096.2:2935136-2935435(+)	-0.20234	-1	3
U00096.2:4377846-4378145(-)	-0.58554	-1	1
U00096.2:829689-829988(-)	 0.03610	-1	2
U00096.2:2636479-2636778(+)	 0.17034	-1	2
U00096.2:3844790-3845089(+)	-0.18420	-1	0
U00096.2:1368788-1369087(+)	-0.05133	-1	2
U00096.2:2804187-2804486(-)	-0.73882	-1	2
U00096.2:2277175-2277474(+)	-0.44489	-1	4
U00096.2:4460033-4460332(-)	-0.50170	-1	0
U00096.2:3583713-3584012(+)	-0.40092	-1	4
U00096.2:3284348-3284647(-)	-0.52782	-1	2
U00096.2:1570054-1570353(-)	 1.37505	-1	3
U00096.2:1503749-1504048(-)	-0.44397	-1	0
U00096.2:1487930-1488229(+)	-0.41414	-1	3
U00096.2:4256752-4257051(+)	-0.59673	-1	2
U00096.2:248735-249034(+)	-0.65861	-1	4
U00096.2:842385-842684(-)	-0.43560	-1	1
U00096.2:3847016-3847315(-)	-0.63834	-1	1
U00096.2:2606863-2607162(+)	-0.46029	-1	1
U00096.2:736183-736482(-)	 0.35977	-1	1
U00096.2:1519874-1520173(-)	-0.16439	-1	2
U00096.2:4291447-4291746(-)	-0.53996	-1	0
U00096.2:3346985-3347284(-)	-0.26138	-1	0
U00096.2:1729188-1729487(-)	-0.14881	-1	2
U00096.2:1322612-1322911(-)	-0.07065	-1	4
U00096.2:3104506-3104805(-)	-0.35573	-1	3
U00096.2:2094391-2094690(-)	-0.08676	-1	1
U00096.2:338318-338617(+)	-0.91657	-1	2
U00096.2:2016600-2016899(+)	-0.06925	-1	1
U00096.2:196220-196519(-)	-0.01763	-1	0
U00096.2:3442878-3443177(-)	-0.35290	-1	2
U00096.2:1078645-1078944(-)	-0.16161	-1	0
U00096.2:2149568-2149867(-)	 0.31729	-1	1
U00096.2:2020465-2020764(+)	-0.56822	-1	4
U00096.2:617809-618108(-)	-0.07466	-1	4
U00096.2:3528534-3528833(-)	-0.03887	-1	4
U00096.2:2124619-2124918(-)	-0.48862	-1	3
U00096.2:47382-47681(-)	-0.60204	-1	3
U00096.2:2947558-2947857(+)	-0.39131	-1	0
U00096.2:645210-645509(-)	-0.00926	-1	0
U00096.2:1937562-1937861(-)	-0.27427	-1	0
U00096.2:3498394-3498693(-)	-0.50973	-1	2
U00096.2:4475099-4475398(+)	 0.68521	-1	0
U00096.2:1857137-1857436(-)	 0.43767	-1	0
U00096.2:3496411-3496710(+)	-0.84618	-1	2
U00096.2:3419057-3419356(+)	-0.22716	-1	2
U00096.2:3831188-3831487(-)	-0.06861	-1	0
U00096.2:2353607-2353906(+)	-0.48256	-1	3
U00096.2:1454126-1454425(+)	-0.21745	-1	3
U00096.2:700545-700844(-)	-0.33840	-1	2
U00096.2:1282955-1283254(-)	-0.55088	-1	0
U00096.2:1177475-1177774(+)	-0.03598	-1	2
U00096.2:3160408-3160707(-)	-0.36757	-1	3
U00096.2:934364-934663(-)	-0.64596	-1	0
U00096.2:603643-603942(+)	 0.05448	-1	4
U00096.2:3094182-3094481(-)	-0.25661	-1	3
U00096.2:3726309-3726608(+)	-0.23837	-1	1
U00096.2:4100820-4101119(-)	-0.23808	-1	2
U00096.2:3024993-3025292(-)	-0.08258	-1	1
U00096.2:3864957-3865256(-)	 0.01454	-1	4
U00096.2:429730-430029(+)	 0.02059	-1	2
U00096.2:3339744-3340043(-)	-0.39663	-1	2
U00096.2:3862119-3862418(+)	-0.31218	-1	0
U00096.2:76380-76679(+)	-0.38348	-1	4
U00096.2:4516706-4517005(-)	-0.39335	-1	3
U00096.2:1419420-1419719(-)	 0.40776	-1	3
U00096.2:1660371-1660670(+)	 0.34510	-1	2
U00096.2:1451864-1452163(-)	-0.00699	-1	0
U00096.2:2079913-2080212(-)	 0.04036	-1	0
U00096.2:4203846-4204145(-)	-0.68350	-1	3
U00096.2:4251372-4251671(-)	-0.28391	-1	4
U00096.2:4312934-4313233(+)	-0.88283	-1	1
U00096.2:3150438-3150737(+)	-0.09705	-1	4
U00096.2:1766648-1766947(-)	 0.32134	-1	0
U00096.2:960427-960726(+)	-0.32047	-1	1
U00096.2:4027943-4028242(-)	-0.21267	-1	3
U00096.2:3411638-3411937(-)	 1.01818	-1	0
U00096.2:1609422-1609721(-)	-0.13199	-1	2
U00096.2:4063001-4063300(+)	 0.38695	-1	3
U00096.2:3705346-3705645(+)	-0.44573	-1	0
U00096.2:3821554-3821853(+)	-0.36193	-1	3
U00096.2:2912654-2912953(-)	-0.36061	-1	4
U00096.2:261348-261647(-)	-0.29255	-1	4
U00096.2:91254-91553(+)	 0.01560	-1	2
U00096.2:1534396-1534695(+)	-0.22130	-1	1
U00096.2:3589046-3589345(-)	-0.59368	-1	3
U00096.2:3121837-3122136(-)	-0.76031	-1	0
U00096.2:1597006-1597305(+)	-0.08985	-1	2
U00096.2:385362-385661(-)	-0.39508	-1	4
U00096.2:3602627-3602926(+)	-0.39420	-1	0
U00096.2:2573758-2574057(+)	 0.82578	-1	4
U00096.2:2362377-2362676(-)	 0.86292	-1	0
U00096.2:2364649-2364948(-)	-0.03971	-1	0
U00096.2:4079344-4079643(-)	-0.15110	-1	4
U00096.2:2913754-2914053(+)	-0.47854	-1	4
U00096.2:70502-70801(-)	-0.03832	-1	1
U00096.2:1170914-1171213(-)	-0.55680	-1	0
U00096.2:843883-844182(-)	-0.28962	-1	3
U00096.2:139094-139393(-)	-0.60661	-1	4
U00096.2:374112-374411(+)	-0.59066	-1	0
U00096.2:2598611-2598910(-)	 0.03635	-1	2
U00096.2:2563626-2563925(+)	-0.76477	-1	2
U00096.2:1637451-1637750(-)	 0.01060	-1	4
U00096.2:3514822-3515121(-)	-0.39050	-1	0
U00096.2:3627368-3627667(+)	-0.60102	-1	1
U00096.2:1601559-1601858(-)	-0.39861	-1	1
U00096.2:3595412-3595711(+)	 0.47002	-1	0
U00096.2:657351-657650(-)	-0.21655	-1	0
U00096.2:2854098-2854397(-)	-0.64461	-1	4
U00096.2:581959-582258(+)	 0.53950	-1	1
U00096.2:3611338-3611637(-)	-0.09472	-1	4
U00096.2:1369371-1369670(+)	 0.20896	-1	2
U00096.2:3239981-3240280(+)	-0.66372	-1	2
U00096.2:560086-560385(+)	 0.08592	-1	2
U00096.2:1588615-1588914(-)	 0.37161	-1	4
U00096.2:1946687-1946986(-)	-0.13380	-1	3
U00096.2:447885-448184(-)	-0.35620	-1	3
U00096.2:3060130-3060429(+)	-0.66889	-1	0
U00096.2:4218337-4218636(-)	 0.41917	-1	1
U00096.2:3824625-3824924(-)	-0.42129	-1	1
U00096.2:175243-175542(+)	-0.68472	-1	0
U00096.2:272669-272968(-)	-0.17302	-1	3
U00096.2:4044419-4044718(-)	 0.44571	-1	3
U00096.2:4611442-4611741(+)	 0.10041	-1	1
U00096.2:4139291-4139590(+)	-0.28037	-1	2
U00096.2:2685752-2686051(+)	-0.39380	-1	3
U00096.2:2568190-2568489(+)	-0.66076	-1	0
U00096.2:2724737-2725036(-)	-0.98344	-1	1
U00096.2:3576234-3576533(-)	-0.59667	-1	4
U00096.2:221465-221764(+)	-0.26641	-1	2
U00096.2:4036505-4036804(-)	-0.52455	-1	4
U00096.2:3307379-3307678(-)	-0.37890	-1	2
U00096.2:4245201-4245500(+)	-0.97744	-1	1
U00096.2:3557099-3557398(+)	-0.76661	-1	2
U00096.2:1433871-1434170(-)	-0.03312	-1	3
U00096.2:3672053-3672352(-)	-0.51353	-1	1
U00096.2:589351-589650(-)	-0.40627	-1	2
U00096.2:99795-100094(-)	-0.48076	-1	2
U00096.2:4157201-4157500(-)	-0.53613	-1	4
U00096.2:4253035-4253334(-)	-0.59190	-1	2
U00096.2:1245251-1245550(-)	-0.35076	-1	1
U00096.2:4496829-4497128(+)	-0.91221	-1	0
U00096.2:573968-574267(+)	-1.03241	-1	4
U00096.2:1321600-1321899(+)	-0.19624	-1	1
U00096.2:1082228-1082527(+)	-0.40617	-1	3
U00096.2:3932807-3933106(-)	-0.25349	-1	3
U00096.2:893781-894080(+)	-0.47788	-1	3
U00096.2:3887926-3888225(+)	 0.45288	-1	1
U00096.2:3609094-3609393(-)	-0.61731	-1	1
U00096.2:411966-412265(+)	-1.01970	-1	4
U00096.2:1471780-1472079(+)	-0.41392	-1	4
U00096.2:2874586-2874885(+)	-0.01679	-1	2
U00096.2:3748465-3748764(+)	-0.35058	-1	4
U00096.2:3095027-3095326(+)	-0.35793	-1	0
U00096.2:3465354-3465653(+)	-0.18743	-1	0
U00096.2:876510-876809(+)	-0.38373	-1	4
U00096.2:859888-860187(+)	-0.69618	-1	1
U00096.2:2256860-2257159(+)	 0.30786	-1	2
U00096.2:3664826-3665125(-)	-0.78540	-1	3
U00096.2:3884353-3884652(-)	-0.41059	-1	2
U00096.2:1607941-1608240(-)	-0.19402	-1	3
U00096.2:4163533-4163832(+)	-0.28132	-1	4
U00096.2:3379436-3379735(-)	-0.51610	-1	3
U00096.2:192572-192871(-)	 0.19101	-1	0
U00096.2:3421372-3421671(+)	-0.22558	-1	1
U00096.2:3072161-3072460(-)	-0.00777	-1	4
U00096.2:97498-97797(+)	-0.20186	-1	0
U00096.2:504624-504923(+)	-0.32392	-1	2
U00096.2:599429-599728(-)	-0.41788	-1	0
U00096.2:3367290-3367589(-)	 0.09155	-1	0
U00096.2:3686540-3686839(-)	-0.30854	-1	1
U00096.2:1924557-1924856(+)	-0.59178	-1	4
U00096.2:2602108-2602407(-)	-0.84008	-1	1
U00096.2:1758766-1759065(+)	-0.64209	-1	4
U00096.2:3391028-3391327(-)	-0.03898	-1	1
U00096.2:1813230-1813529(+)	-0.22504	-1	3
U00096.2:4272908-4273207(+)	 0.13324	-1	3
U00096.2:4624416-4624715(-)	-0.52193	-1	4
U00096.2:887844-888143(-)	-0.25739	-1	1
U00096.2:3916052-3916351(+)	-0.13849	-1	3
U00096.2:2067408-2067707(-)	-1.08135	-1	0
U00096.2:1210889-1211188(+)	 0.77062	-1	2
U00096.2:2373034-2373333(+)	-0.73673	-1	2
U00096.2:3491628-3491927(+)	 0.40614	-1	3
U00096.2:1895878-1896177(-)	-0.62453	-1	3
U00096.2:3319072-3319371(+)	 1.21038	-1	1
U00096.2:4306638-4306937(-)	-0.50579	-1	3
U00096.2:3761150-3761449(-)	-0.30471	-1	0
U00096.2:682012-682311(+)	-0.35535	-1	0
U00096.2:3925873-3926172(+)	-0.92986	-1	2
U00096.2:1538553-1538852(-)	-0.39437	-1	2
U00096.2:378752-379051(-)	-0.27845	-1	3
U00096.2:2695251-2695550(+)	 0.02246	-1	4
U00096.2:2091025-2091324(+)	-0.26234	-1	2
U00096.2:1375313-1375612(-)	-0.55815	-1	2
U00096.2:3981479-3981778(+)	-0.12288	-1	1
U00096.2:1628136-1628435(-)	-0.03072	-1	4
U00096.2:2241545-2241844(-)	 0.07498	-1	3
U00096.2:465898-466197(+)	-0.19912	-1	4
U00096.2:2842337-2842636(+)	-0.48865	-1	3
U00096.2:2898109-2898408(-)	 0.37161	-1	4
U00096.2:3095502-3095801(+)	-0.55061	-1	4
U00096.2:4355711-4356010(+)	-0.00357	-1	3
U00096.2:1356783-1357082(-)	-0.64549	-1	3
U00096.2:339729-340028(-)	-0.17495	-1	0
U00096.2:1352438-1352737(-)	-0.39673	-1	0
U00096.2:2786704-2787003(+)	 0.92164	-1	2
U00096.2:2547020-2547319(-)	-0.38924	-1	4
U00096.2:1796780-1797079(-)	-0.06670	-1	1
U00096.2:1880580-1880879(+)	-0.56484	-1	2
U00096.2:4084797-4085096(-)	 0.98262	-1	2
U00096.2:1431033-1431332(+)	-0.40188	-1	2
U00096.2:3531186-3531485(+)	-0.28508	-1	3
U00096.2:1834419-1834718(+)	-0.54533	-1	2
U00096.2:2161277-2161576(+)	-0.79942	-1	2
U00096.2:3574330-3574629(-)	-0.68701	-1	3
U00096.2:86874-87173(-)	-0.50765	-1	1
U00096.2:1605811-1606110(-)	-0.46473	-1	2
U00096.2:1897738-1898037(+)	-0.36904	-1	4
U00096.2:7229-7528(+)	 0.28607	-1	3
U00096.2:837164-837463(+)	 0.58267	-1	4
U00096.2:772741-773040(-)	-0.82741	-1	2
U00096.2:4066494-4066793(+)	-0.08552	-1	3
U00096.2:3993549-3993848(-)	 0.01786	-1	2
U00096.2:2196332-2196631(-)	 0.07266	-1	4
U00096.2:4304207-4304506(+)	-0.46581	-1	1
U00096.2:3265646-3265945(+)	 0.41141	-1	1
U00096.2:740803-741102(-)	-0.19531	-1	3
U00096.2:3124693-3124992(+)	-0.53361	-1	4
U00096.2:2779927-2780226(-)	 0.12026	-1	4
U00096.2:4618857-4619156(+)	-0.16635	-1	1
U00096.2:1218065-1218364(+)	 0.94596	-1	1
U00096.2:2033030-2033329(+)	-0.10594	-1	1
U00096.2:3080130-3080429(-)	 0.01622	-1	0
U00096.2:1596088-1596387(+)	 1.09030	-1	0
U00096.2:4121574-4121873(-)	-0.51570	-1	4
U00096.2:3912254-3912553(+)	-0.11649	-1	0
U00096.2:3002055-3002354(+)	-0.27292	-1	2
U00096.2:2505649-2505948(-)	-0.11057	-1	2
U00096.2:3002618-3002917(+)	-0.03765	-1	0
U00096.2:1079645-1079944(+)	-0.98496	-1	1
U00096.2:1635516-1635815(+)	 0.95192	-1	3
U00096.2:1708805-1709104(+)	-0.44697	-1	4
U00096.2:2718961-2719260(+)	-0.11835	-1	4
U00096.2:1854369-1854668(+)	 0.25910	-1	1
U00096.2:4024515-4024814(-)	 0.04999	-1	4
U00096.2:3277773-3278072(+)	-0.64544	-1	4
U00096.2:2530244-2530543(-)	 0.03156	-1	4
U00096.2:4333283-4333582(-)	 0.04283	-1	0
U00096.2:482091-482390(-)	-0.23995	-1	4
U00096.2:3216199-3216498(+)	-0.48444	-1	4
U00096.2:2681958-2682257(+)	-0.24624	-1	1
U00096.2:1045186-1045485(-)	-0.26272	-1	2
U00096.2:4529664-4529963(-)	 0.55185	-1	2
U00096.2:408385-408684(-)	-0.61072	-1	2
U00096.2:1607623-1607922(-)	-0.44455	-1	1
U00096.2:1578287-1578586(+)	 0.56633	-1	4
U00096.2:2005525-2005824(+)	-0.35668	-1	4
U00096.2:283543-283842(-)	-1.05746	-1	3
U00096.2:826236-826535(-)	-0.35012	-1	3
U00096.2:3977515-3977814(+)	-0.57514	-1	0
U00096.2:4478865-4479164(-)	 0.05979	-1	3
U00096.2:1201613-1201912(+)	 0.29831	-1	0
U00096.2:3456674-3456973(-)	 0.14688	-1	0
U00096.2:3724000-3724299(+)	-0.09653	-1	3
U00096.2:395957-396256(-)	-0.06959	-1	4
U00096.2:2432957-2433256(+)	-0.18139	-1	3
U00096.2:581607-581906(-)	 0.25066	-1	3
U00096.2:1784013-1784312(+)	-0.38544	-1	0
U00096.2:2232563-2232862(-)	-0.38969	-1	3
U00096.2:3067937-3068236(-)	-0.10110	-1	3
U00096.2:3760380-3760679(-)	-0.67849	-1	1
U00096.2:331975-332274(-)	 0.16506	-1	3
U00096.2:749854-750153(+)	-0.04986	-1	4
U00096.2:4091575-4091874(-)	-0.57327	-1	4
U00096.2:2980754-2981053(-)	-0.28014	-1	1
U00096.2:67723-68022(+)	-0.65193	-1	3
U00096.2:2797820-2798119(+)	 0.04306	-1	2
U00096.2:446128-446427(-)	-0.44973	-1	4
U00096.2:3562263-3562562(-)	-0.36516	-1	1
U00096.2:2792898-2793197(-)	-0.02948	-1	2
U00096.2:4300635-4300934(+)	-0.34082	-1	4
U00096.2:1466433-1466732(-)	-0.94951	-1	3
U00096.2:55846-56145(-)	-0.20752	-1	3
U00096.2:4237210-4237509(+)	-0.59226	-1	0
U00096.2:2055406-2055705(+)	 0.76592	-1	3
U00096.2:1334725-1335024(+)	-0.38409	-1	0
U00096.2:199950-200249(+)	-0.08589	-1	4
U00096.2:2375214-2375513(+)	-0.68025	-1	3
U00096.2:206713-207012(+)	-0.73271	-1	2
U00096.2:132219-132518(+)	-0.33961	-1	2
U00096.2:1498239-1498538(-)	 0.07004	-1	4
U00096.2:3185322-3185621(-)	 0.29716	-1	3
U00096.2:1810535-1810834(-)	 0.82169	-1	1
U00096.2:3250946-3251245(-)	 0.32105	-1	0
U00096.2:2897257-2897556(+)	 0.35129	-1	4
U00096.2:4503672-4503971(+)	 0.50104	-1	4
U00096.2:2801321-2801620(-)	-0.56131	-1	0
U00096.2:4216176-4216475(-)	-0.39808	-1	4
U00096.2:1750292-1750591(+)	-0.32825	-1	0
U00096.2:891249-891548(-)	-0.35687	-1	1
U00096.2:3339328-3339627(+)	-0.02792	-1	4
U00096.2:3082030-3082329(-)	-0.32791	-1	0
U00096.2:3422924-3423223(-)	-0.06998	-1	4
U00096.2:664483-664782(-)	-0.21711	-1	2
U00096.2:2995199-2995498(-)	-0.94779	-1	1
U00096.2:649905-650204(-)	-0.29436	-1	2
U00096.2:936006-936305(+)	-0.58241	-1	2
U00096.2:245019-245318(+)	 0.13758	-1	3
U00096.2:1756838-1757137(-)	-0.17960	-1	0
U00096.2:4228810-4229109(-)	 0.21653	-1	1
U00096.2:2950989-2951288(-)	-0.54172	-1	0
U00096.2:3673852-3674151(+)	-0.32345	-1	1
U00096.2:1142055-1142354(-)	-0.33518	-1	0
U00096.2:1785151-1785450(-)	 1.14093	-1	4
U00096.2:2799286-2799585(+)	-0.55549	-1	2
U00096.2:1699550-1699849(-)	-0.28156	-1	2
U00096.2:3618819-3619118(-)	-0.33422	-1	4
U00096.2:80714-81013(+)	-0.24246	-1	4
U00096.2:1810197-1810496(-)	-0.01472	-1	0
U00096.2:737651-737950(-)	 0.22939	-1	1
U00096.2:845803-846102(-)	-0.45764	-1	1
U00096.2:1309749-1310048(-)	 0.03339	-1	1
U00096.2:450156-450455(+)	-0.44720	-1	4
U00096.2:3954338-3954637(-)	-0.61178	-1	0
U00096.2:2709621-2709920(-)	-0.38421	-1	0
U00096.2:2550589-2550888(-)	-0.36769	-1	3
U00096.2:2850662-2850961(+)	-0.55976	-1	3
U00096.2:3755783-3756082(-)	 1.02748	-1	0
U00096.2:3961190-3961489(-)	-0.47290	-1	3
U00096.2:4040525-4040824(-)	-0.09224	-1	4
U00096.2:826630-826929(+)	-0.48180	-1	1
U00096.2:810876-811175(+)	-0.73727	-1	2
U00096.2:2444421-2444720(+)	-0.74793	-1	1
U00096.2:2634430-2634729(+)	-0.30531	-1	4
U00096.2:1643532-1643831(+)	-0.09756	-1	1
U00096.2:3068433-3068732(-)	-0.19321	-1	3
U00096.2:3415526-3415825(-)	-0.18179	-1	0
U00096.2:2675052-2675351(-)	-0.31899	-1	4
U00096.2:1711628-1711927(+)	-0.25657	-1	4
U00096.2:3336294-3336593(+)	 0.05738	-1	3
U00096.2:1516427-1516726(-)	-0.50781	-1	1
U00096.2:3564016-3564315(-)	-0.31458	-1	1
U00096.2:3034782-3035081(-)	-0.37760	-1	2
U00096.2:1246667-1246966(+)	 0.08320	-1	2
U00096.2:332630-332929(-)	 0.06819	-1	1
U00096.2:853638-853937(-)	-0.40846	-1	1
U00096.2:2207284-2207583(+)	-0.23054	-1	0
U00096.2:3268900-3269199(-)	-0.27654	-1	4
U00096.2:4605963-4606262(-)	-0.08074	-1	0
U00096.2:3834729-3835028(-)	 0.96061	-1	4
U00096.2:1967650-1967949(+)	-0.41563	-1	1
U00096.2:771303-771602(-)	-0.25617	-1	2
U00096.2:1897063-1897362(-)	-0.19284	-1	0
U00096.2:1388116-1388415(-)	-0.47187	-1	4
U00096.2:3448409-3448708(+)	-0.07238	-1	1
U00096.2:4481269-4481568(-)	-0.36762	-1	4
U00096.2:1224402-1224701(-)	 0.04344	-1	4
U00096.2:1952686-1952985(-)	-0.16777	-1	1
U00096.2:3915350-3915649(+)	-0.28237	-1	2
U00096.2:1365044-1365343(-)	-0.08431	-1	3
U00096.2:51928-52227(+)	-0.34414	-1	4
U00096.2:23492-23791(-)	-0.75393	-1	0
U00096.2:3433757-3434056(+)	-0.06124	-1	3
U00096.2:307710-308009(-)	-0.45812	-1	4
U00096.2:3132408-3132707(+)	-0.14910	-1	3
U00096.2:2753004-2753303(+)	 0.21320	-1	2
U00096.2:1977436-1977735(+)	 0.95781	-1	4
U00096.2:4076652-4076951(-)	 0.98404	-1	4
U00096.2:3293988-3294287(+)	-0.12240	-1	0
U00096.2:1908269-1908568(+)	-0.52488	-1	3
U00096.2:249839-250138(-)	-0.63628	-1	2
U00096.2:3489053-3489352(-)	-0.59850	-1	1
U00096.2:3513330-3513629(+)	-0.08648	-1	2
U00096.2:4041902-4042201(+)	 0.67229	-1	1
U00096.2:2216975-2217274(-)	 0.01531	-1	4
U00096.2:1615074-1615373(+)	-0.14072	-1	0
U00096.2:565510-565809(-)	-0.16815	-1	0
U00096.2:50941-51240(+)	-0.29653	-1	4
U00096.2:465273-465572(-)	-0.19560	-1	3
U00096.2:3756496-3756795(-)	-0.72944	-1	3
U00096.2:3806518-3806817(+)	-0.37529	-1	3
U00096.2:4393518-4393817(-)	 0.05846	-1	0
U00096.2:4454823-4455122(+)	-0.64135	-1	1
U00096.2:1182249-1182548(+)	-0.57144	-1	1
U00096.2:3606231-3606530(+)	-1.07010	-1	3
U00096.2:4437488-4437787(-)	 0.25860	-1	1
U00096.2:1537128-1537427(-)	-0.62607	-1	2
U00096.2:2097555-2097854(-)	 0.79952	-1	0
U00096.2:1509455-1509754(+)	 0.43586	-1	1
U00096.2:1277529-1277828(+)	-0.38845	-1	1
U00096.2:4280686-4280985(+)	 1.19274	-1	0
U00096.2:1672694-1672993(-)	-0.27569	-1	3
U00096.2:3586150-3586449(+)	-0.92926	-1	3
U00096.2:2931656-2931955(-)	 0.99786	-1	0
U00096.2:3147842-3148141(-)	-0.40115	-1	2
U00096.2:3575317-3575616(+)	-0.38863	-1	0
U00096.2:1295455-1295754(-)	-0.46641	-1	2
U00096.2:2693028-2693327(+)	-0.40600	-1	1
U00096.2:2334440-2334739(+)	-0.20908	-1	1
U00096.2:4456449-4456748(-)	-0.19607	-1	2
U00096.2:1948117-1948416(+)	-0.29952	-1	3
U00096.2:1633760-1634059(+)	-0.23782	-1	0
U00096.2:1075485-1075784(-)	-0.77358	-1	0
U00096.2:2575120-2575419(+)	-0.60021	-1	4
U00096.2:1248302-1248601(+)	-0.17273	-1	1
U00096.2:4637188-4637487(+)	-0.44971	-1	1
U00096.2:3168694-3168993(-)	-0.59948	-1	0
U00096.2:2884490-2884789(-)	 0.19003	-1	3
U00096.2:2876909-2877208(+)	 0.09295	-1	2
U00096.2:3696481-3696780(+)	-0.12335	-1	4
U00096.2:1932322-1932621(+)	-0.28106	-1	1
U00096.2:1387280-1387579(+)	-0.31557	-1	1
U00096.2:1176957-1177256(-)	-0.15143	-1	1
U00096.2:1429135-1429434(+)	 0.30408	-1	2
U00096.2:3345759-3346058(+)	-0.16587	-1	0
U00096.2:2766197-2766496(+)	-0.35942	-1	0
U00096.2:1338606-1338905(+)	-0.07154	-1	3
U00096.2:2221951-2222250(+)	-0.11745	-1	4
U00096.2:3888650-3888949(-)	 0.10010	-1	4
U00096.2:3976985-3977284(+)	-0.20817	-1	2
U00096.2:2169629-2169928(-)	-0.06720	-1	4
U00096.2:4064462-4064761(-)	-0.41996	-1	1
U00096.2:2194173-2194472(+)	 0.08469	-1	4
U00096.2:3341190-3341489(-)	-0.06818	-1	4
U00096.2:1199333-1199632(-)	 0.26128	-1	2
U00096.2:496670-496969(+)	-0.26133	-1	4
U00096.2:4345902-4346201(-)	-0.39477	-1	1
U00096.2:1663863-1664162(+)	-0.07128	-1	4
U00096.2:2052219-2052518(-)	-0.10600	-1	4
U00096.2:3944316-3944615(-)	-0.14027	-1	0
U00096.2:301492-301791(-)	-0.44190	-1	0
U00096.2:1765754-1766053(+)	-0.21773	-1	2
U00096.2:2876565-2876864(+)	 0.07175	-1	1
U00096.2:4531666-4531965(-)	 0.11922	-1	3
U00096.2:1753954-1754253(-)	-0.11236	-1	3
U00096.2:2146924-2147223(-)	-0.63302	-1	2
U00096.2:2921329-2921628(+)	-0.60466	-1	4
U00096.2:442999-443298(-)	-0.28668	-1	1
U00096.2:914763-915062(-)	-0.42873	-1	4
U00096.2:610463-610762(+)	-0.58788	-1	0
U00096.2:548079-548378(-)	-0.49709	-1	4
U00096.2:3569470-3569769(+)	-0.47191	-1	1
U00096.2:2299436-2299735(+)	-0.59501	-1	0
U00096.2:4238399-4238698(-)	-0.08312	-1	2
U00096.2:1470829-1471128(+)	-0.37473	-1	1
U00096.2:2571609-2571908(+)	-0.90770	-1	4
U00096.2:1708482-1708781(+)	-0.66106	-1	2
U00096.2:3257646-3257945(+)	-0.38838	-1	2
U00096.2:954711-955010(+)	-0.38009	-1	0
U00096.2:288254-288553(-)	-0.06587	-1	0
U00096.2:3477675-3477974(+)	-0.68050	-1	4
U00096.2:1453560-1453859(+)	-0.32807	-1	2
U00096.2:2979703-2980002(+)	-0.13982	-1	3
U00096.2:2302790-2303089(-)	-0.35138	-1	3
U00096.2:1662352-1662651(+)	 0.09687	-1	1
U00096.2:909538-909837(-)	-0.48086	-1	0
U00096.2:398214-398513(+)	-0.02185	-1	1
U00096.2:3785473-3785772(-)	-0.55584	-1	0
U00096.2:4145688-4145987(+)	 0.14579	-1	3
U00096.2:1580915-1581214(+)	 0.77237	-1	0
U00096.2:4287044-4287343(+)	-0.15193	-1	2
U00096.2:3512444-3512743(+)	-0.41297	-1	1
U00096.2:3861447-3861746(+)	 0.09044	-1	0
U00096.2:3595742-3596041(-)	 1.08272	-1	0
U00096.2:247400-247699(+)	-0.19783	-1	4
U00096.2:4081827-4082126(+)	-0.50962	-1	1
U00096.2:2772687-2772986(+)	 1.05674	-1	1
U00096.2:2929918-2930217(+)	-0.55513	-1	4
U00096.2:2352176-2352475(+)	-0.12781	-1	4
U00096.2:3467614-3467913(-)	 0.24113	-1	3
U00096.2:2943220-2943519(+)	-0.28965	-1	4
U00096.2:4623491-4623790(-)	-0.78647	-1	4
U00096.2:4619213-4619512(+)	-0.30704	-1	4
U00096.2:2043256-2043555(-)	 0.00557	-1	4
U00096.2:2777927-2778226(-)	-0.05644	-1	0
U00096.2:2595332-2595631(+)	-0.29581	-1	3
U00096.2:301123-301422(+)	-0.44376	-1	3
U00096.2:1271445-1271744(+)	 0.03846	-1	1
U00096.2:3933557-3933856(-)	-0.69944	-1	0
U00096.2:2918013-2918312(-)	-0.33361	-1	3
U00096.2:2847958-2848257(+)	-0.11347	-1	1
U00096.2:3596727-3597026(-)	-0.26058	-1	2
U00096.2:2667822-2668121(-)	-0.20375	-1	4
U00096.2:1251469-1251768(-)	-0.01596	-1	2
U00096.2:577184-577483(-)	 0.18657	-1	1
U00096.2:4284691-4284990(+)	-0.80222	-1	0
U00096.2:4486239-4486538(-)	-0.25719	-1	0
U00096.2:2925096-2925395(+)	-0.33476	-1	4
U00096.2:4147502-4147801(+)	-0.01583	-1	3
U00096.2:2305883-2306182(-)	-0.34760	-1	2
U00096.2:1370857-1371156(+)	-0.22644	-1	3
U00096.2:799157-799456(-)	-0.07153	-1	0
U00096.2:4543487-4543786(+)	-0.02550	-1	3
U00096.2:2151914-2152213(+)	-0.36842	-1	1
U00096.2:4061765-4062064(-)	 0.34097	-1	1
U00096.2:2442421-2442720(+)	-0.39228	-1	4
U00096.2:3423398-3423697(+)	-0.53601	-1	3
U00096.2:1597685-1597984(+)	-0.35885	-1	1
U00096.2:2734409-2734708(+)	-0.35750	-1	1
U00096.2:4150428-4150727(+)	-0.28767	-1	1
U00096.2:361780-362079(+)	-0.30979	-1	0
U00096.2:950508-950807(+)	-0.35652	-1	2
U00096.2:1059504-1059803(+)	-0.76839	-1	1
U00096.2:3258779-3259078(-)	-0.56880	-1	0
U00096.2:1900493-1900792(-)	-0.22784	-1	1
U00096.2:43154-43453(-)	-0.32042	-1	0
U00096.2:3712959-3713258(-)	-0.28822	-1	0
U00096.2:1191043-1191342(+)	-0.20586	-1	3
U00096.2:1818522-1818821(-)	-0.14464	-1	3
U00096.2:852497-852796(+)	-0.29151	-1	3
U00096.2:4206881-4207180(-)	-0.20168	-1	0
U00096.2:104014-104313(+)	-0.21137	-1	3
U00096.2:3461929-3462228(-)	-0.40540	-1	2
U00096.2:2075019-2075318(-)	-0.09323	-1	3
U00096.2:1936921-1937220(-)	-0.19438	-1	4
U00096.2:1362222-1362521(+)	-0.53234	-1	1
U00096.2:3615915-3616214(+)	-0.86116	-1	3
U00096.2:2340357-2340656(+)	-0.37879	-1	4
U00096.2:1222179-1222478(+)	 1.04037	-1	0
U00096.2:4069314-4069613(-)	-0.24975	-1	2
U00096.2:1392815-1393114(+)	-0.02361	-1	0
U00096.2:2720518-2720817(-)	 0.16274	-1	3
U00096.2:3187554-3187853(-)	 0.17541	-1	0
U00096.2:1914691-1914990(+)	-0.01070	-1	3
U00096.2:1717072-1717371(-)	-0.36324	-1	2
U00096.2:2360035-2360334(-)	 0.25178	-1	0
U00096.2:3324482-3324781(+)	-0.11235	-1	3
U00096.2:1217559-1217858(+)	 0.01418	-1	1
U00096.2:4292177-4292476(-)	 0.89617	-1	1
U00096.2:1161604-1161903(-)	 0.01648	-1	2
U00096.2:350063-350362(+)	-0.55267	-1	0
U00096.2:1115340-1115639(+)	-0.51558	-1	3
U00096.2:3420567-3420866(+)	-0.20426	-1	2
U00096.2:3028905-3029204(+)	 0.72826	-1	2
U00096.2:4150742-4151041(-)	-0.50932	-1	1
U00096.2:805247-805546(+)	-0.54068	-1	2
U00096.2:1761889-1762188(-)	-0.26228	-1	2
U00096.2:1305124-1305423(+)	 0.13440	-1	2
U00096.2:3914915-3915214(-)	-0.41861	-1	0
U00096.2:1692780-1693079(+)	-0.16199	-1	0
U00096.2:444255-444554(+)	-0.25694	-1	2
U00096.2:819609-819908(+)	 0.15871	-1	0
U00096.2:635910-636209(+)	 0.69228	-1	4
U00096.2:2670983-2671282(-)	-0.36352	-1	0
U00096.2:1824620-1824919(+)	-0.92400	-1	1
U00096.2:928459-928758(+)	-0.37003	-1	0
U00096.2:1892239-1892538(+)	 0.74252	-1	2
U00096.2:3414154-3414453(-)	-0.34592	-1	0
U00096.2:3727537-3727836(+)	-0.21253	-1	2
U00096.2:2528156-2528455(+)	-0.05507	-1	0
U00096.2:1814175-1814474(-)	-0.30981	-1	4
U00096.2:407885-408184(+)	 0.09697	-1	4
U00096.2:917185-917484(+)	-0.44226	-1	3
U00096.2:3867904-3868203(+)	 0.07320	-1	0
U00096.2:2972336-2972635(-)	-0.19046	-1	3
U00096.2:3154022-3154321(+)	-0.55981	-1	1
U00096.2:3422334-3422633(+)	-0.91154	-1	3
U00096.2:439648-439947(-)	-0.38326	-1	2
U00096.2:3545468-3545767(+)	-0.54463	-1	4
U00096.2:727416-727715(-)	-0.48583	-1	3
U00096.2:2054168-2054467(-)	-0.18150	-1	1
U00096.2:1560453-1560752(-)	-0.29355	-1	3
U00096.2:4635318-4635617(+)	-0.07136	-1	2
U00096.2:3721841-3722140(+)	-0.62610	-1	0
U00096.2:1068661-1068960(-)	-0.65754	-1	0
U00096.2:221798-222097(-)	-0.60988	-1	1
U00096.2:474511-474810(+)	-0.28657	-1	2
U00096.2:3610345-3610644(+)	-0.34739	-1	3
U00096.2:1264760-1265059(+)	-0.13878	-1	2
U00096.2:2921703-2922002(-)	-0.32682	-1	2
U00096.2:4203322-4203621(+)	-0.99943	-1	3
U00096.2:2982875-2983174(-)	-0.05129	-1	4
U00096.2:100588-100887(+)	-0.21048	-1	0
U00096.2:3437165-3437464(-)	-0.00856	-1	4
U00096.2:2375726-2376025(+)	-0.67004	-1	3
U00096.2:3730266-3730565(+)	-0.13192	-1	4
U00096.2:3085429-3085728(+)	-0.33541	-1	4
U00096.2:4598971-4599270(-)	-0.61081	-1	1
U00096.2:2099919-2100218(-)	-0.93620	-1	4
U00096.2:3527727-3528026(-)	-0.14758	-1	3
U00096.2:922284-922583(+)	-0.01091	-1	0
U00096.2:3825197-3825496(+)	-0.06404	-1	4
U00096.2:824731-825030(+)	-0.51597	-1	3
U00096.2:2235651-2235950(-)	 0.46794	-1	2
U00096.2:55075-55374(-)	-0.24809	-1	1
U00096.2:363247-363546(+)	-0.49036	-1	1
U00096.2:4213644-4213943(-)	-0.35605	-1	0
U00096.2:4281001-4281300(+)	 0.79981	-1	4
U00096.2:3183497-3183796(-)	 0.27613	-1	1
U00096.2:4472011-4472310(-)	 0.38001	-1	1
U00096.2:2229025-2229324(+)	-0.17066	-1	4
U00096.2:3348176-3348475(+)	-0.61505	-1	3
U00096.2:3048135-3048434(-)	-0.07861	-1	1
U00096.2:1731195-1731494(+)	-0.34335	-1	3
U00096.2:795782-796081(-)	-0.28008	-1	1
U00096.2:704668-704967(-)	-0.78944	-1	0
U00096.2:2142710-2143009(-)	-0.10240	-1	1
U00096.2:2880679-2880978(-)	 0.61701	-1	4
U00096.2:1066583-1066882(+)	-0.29390	-1	4
U00096.2:3485907-3486206(-)	-0.41082	-1	0
U00096.2:1259796-1260095(-)	-0.18387	-1	1
U00096.2:2413309-2413608(-)	-0.52226	-1	0
