seq527	8.626148e-02
seq1443	1.000000e+00
seq749	9.343805e-01
seq1615	9.905565e-01
seq1719	8.572007e-01
seq84	1.000000e+00
seq964	3.556995e-01
seq1628	9.815610e-01
seq1006	1.000000e+00
seq1743	1.000000e+00
seq826	7.665536e-01
seq1233	5.855237e-01
seq1042	1.000000e+00
seq188	7.841823e-01
seq1635	1.000000e+00
seq447	1.000000e+00
seq77	6.234446e-01
seq1611	7.879714e-01
seq1254	5.518565e-01
seq1159	1.000000e+00
seq1798	6.650466e-01
seq1185	1.393629e-01
seq1280	1.000000e+00
seq983	1.000000e+00
seq1072	1.000000e+00
seq522	5.905042e-01
seq266	4.068988e-01
seq1735	5.045924e-01
seq1625	4.949180e-01
seq1243	7.593439e-01
seq1431	9.699068e-01
seq45	6.756888e-01
seq859	1.000000e+00
seq1362	1.000000e+00
seq389	4.864578e-01
seq571	9.392020e-01
seq416	7.735740e-01
seq256	4.661364e-01
seq743	6.332449e-01
seq741	3.868487e-01
seq660	6.613734e-01
seq273	8.965689e-01
seq248	6.655860e-01
seq1792	1.000000e+00
seq1822	7.344606e-01
seq475	2.721346e-01
seq1529	6.303011e-01
seq82	8.162473e-01
seq788	1.000000e+00
seq1422	7.177781e-01
seq997	1.623723e-01
seq367	1.000000e+00
seq227	6.948379e-01
seq1337	6.039663e-01
seq1587	1.000000e+00
seq664	1.000000e+00
seq1178	9.172265e-01
seq168	7.305570e-01
seq680	6.686740e-01
seq486	2.244386e-02
seq1440	4.828348e-01
seq793	8.473637e-01
seq1430	2.502392e-01
seq1434	1.000000e+00
seq1401	9.743088e-01
seq775	8.495798e-01
seq1329	7.130751e-01
seq1108	1.000000e+00
seq1250	2.374175e-01
seq2	1.000000e+00
seq836	8.967414e-01
seq387	5.108635e-01
seq667	3.613432e-01
seq1075	1.000000e+00
seq617	1.000000e+00
seq195	7.717434e-01
seq427	7.653567e-01
seq1170	1.000000e+00
seq1378	1.000000e+00
seq180	4.006863e-02
seq760	8.320779e-01
seq1827	1.000000e+00
seq1558	5.065608e-01
seq1546	1.000000e+00
seq305	9.735384e-01
seq228	2.768725e-01
seq1137	5.998653e-01
seq598	7.839523e-01
seq1142	1.000000e+00
seq557	3.041520e-01
seq326	8.863143e-01
seq1358	2.047620e-01
seq163	3.751040e-01
seq809	1.000000e+00
seq886	1.513838e-01
seq1039	3.339594e-01
seq576	6.757426e-01
seq845	6.322977e-01
seq1650	6.379376e-01
seq834	7.377094e-01
seq1537	1.000000e+00
seq1578	9.581443e-01
seq1050	1.000000e+00
seq708	6.972542e-01
seq254	4.387396e-01
seq1610	1.000000e+00
seq105	9.396552e-01
seq1629	7.713968e-01
seq1238	6.354594e-01
seq245	1.000000e+00
seq943	1.000000e+00
seq1636	4.834535e-01
seq1003	1.000000e+00
seq693	6.622941e-01
seq1109	1.000000e+00
seq547	4.062666e-02
seq526	4.769774e-01
seq376	4.964105e-01
seq631	1.000000e+00
seq1680	2.364610e-01
seq263	5.959300e-01
seq156	1.000000e+00
seq242	1.000000e+00
seq1175	1.000000e+00
seq1054	4.823238e-01
seq1516	1.000000e+00
seq1144	9.567013e-01
seq1252	3.661557e-01
seq885	1.000000e+00
seq1120	1.000000e+00
seq1393	4.232154e-01
seq1332	8.910393e-01
seq1659	4.751930e-01
seq528	9.359417e-01
seq1712	8.174847e-01
seq18	1.000000e+00
seq311	8.571466e-01
seq1779	5.927668e-01
seq390	7.843844e-01
seq403	1.000000e+00
seq130	1.000000e+00
seq414	5.309949e-01
seq1232	1.123213e-01
seq1425	1.000000e+00
seq1757	5.354924e-01
seq652	2.293547e-01
seq1683	7.699160e-01
seq187	6.692121e-01
seq654	1.224279e-02
seq958	3.604165e-01
seq364	7.921455e-01
seq745	8.375232e-01
seq365	4.193624e-01
seq840	1.000000e+00
seq1085	1.000000e+00
seq626	1.239864e-01
seq593	2.552395e-01
seq890	5.638560e-01
seq1819	1.000000e+00
seq368	6.801715e-01
seq687	1.000000e+00
seq442	1.795739e-01
seq1047	6.565238e-01
seq306	4.714635e-01
seq1433	1.000000e+00
seq1717	1.000000e+00
seq1760	5.795122e-01
seq1024	2.303345e-01
seq1753	3.741713e-01
seq877	1.000000e+00
seq1446	6.497735e-01
seq962	1.000000e+00
seq1387	4.845892e-01
seq516	6.295923e-01
seq1168	5.115054e-01
seq437	5.399651e-01
seq979	9.666692e-01
seq1766	8.239178e-01
seq436	6.937111e-01
seq929	1.000000e+00
seq1501	8.825471e-01
seq1481	8.500899e-01
seq450	4.773108e-01
seq1691	8.547976e-01
seq1616	1.077003e-01
seq1016	2.774976e-01
seq1535	1.000000e+00
seq764	1.000000e+00
seq666	1.000000e+00
seq1078	5.301477e-01
seq249	9.838571e-01
seq935	1.014591e-01
seq1686	1.000000e+00
seq1569	4.318020e-01
seq980	4.296913e-01
seq839	6.347776e-01
seq655	9.723029e-01
seq1432	1.000000e+00
seq1670	8.910746e-01
seq469	3.528566e-01
seq277	8.767895e-01
seq280	5.918902e-01
seq782	4.238880e-01
seq410	1.000000e+00
seq351	1.000000e+00
seq1092	3.205492e-01
seq78	1.000000e+00
seq1133	3.734110e-01
seq569	8.211932e-01
seq661	6.232766e-01
seq1325	9.047963e-01
seq1482	8.769932e-01
seq456	1.000000e+00
seq1548	7.409649e-01
seq1172	9.294232e-01
seq1104	2.015086e-01
seq85	2.930974e-01
seq635	7.958173e-01
seq767	1.000000e+00
seq899	7.622443e-01
seq1467	1.000000e+00
seq990	5.810508e-01
seq686	1.000000e+00
seq867	9.062921e-01
seq94	7.685172e-01
seq417	1.000000e+00
seq634	7.143061e-01
seq316	1.672283e-01
seq1327	1.000000e+00
seq244	1.000000e+00
seq1806	8.897559e-01
seq1701	9.387186e-01
seq1787	4.438943e-01
seq1823	1.000000e+00
seq495	2.891479e-01
seq1150	3.752286e-01
seq633	9.555282e-01
seq1536	5.951425e-01
seq1532	4.062201e-01
seq1586	1.000000e+00
seq407	6.990571e-01
seq1619	4.048480e-01
seq937	7.103942e-01
seq423	1.524533e-01
seq838	1.000000e+00
seq1658	1.117912e-01
seq265	9.698419e-01
seq637	1.000000e+00
seq742	5.681592e-01
seq1365	1.000000e+00
seq1455	8.821208e-01
seq1058	1.000000e+00
seq1490	3.595090e-01
seq810	6.648268e-01
seq903	1.000000e+00
seq544	5.932865e-01
seq32	4.652372e-01
seq786	1.000000e+00
seq1360	2.969746e-01
seq10	5.750089e-01
seq1791	1.000000e+00
seq1200	4.033680e-01
seq1699	3.880357e-01
seq1512	9.232389e-01
seq725	9.056600e-01
seq116	7.264517e-01
seq1007	1.000000e+00
seq1177	1.000000e+00
seq213	5.904676e-01
seq615	1.000000e+00
seq349	4.275822e-01
seq90	1.000000e+00
seq613	3.659999e-01
seq101	1.816680e-01
seq1721	8.555909e-01
seq1607	7.735347e-01
seq1034	7.226833e-01
seq459	8.307861e-01
seq1704	1.000000e+00
seq111	4.603763e-01
seq1355	8.511578e-01
seq1160	6.710685e-01
seq1255	5.012127e-01
seq1508	7.600489e-01
seq159	1.000000e+00
seq1224	1.000000e+00
seq1202	6.373968e-01
seq15	5.261604e-01
seq1192	1.000000e+00
seq1115	5.407685e-01
seq963	1.000000e+00
seq734	1.000000e+00
seq239	1.000000e+00
seq13	1.000000e+00
seq690	6.193110e-01
seq750	1.000000e+00
seq1667	2.596734e-01
seq707	5.970865e-02
seq1084	6.383888e-01
seq1826	1.000000e+00
seq539	8.329142e-01
seq1218	2.610627e-01
seq1267	8.201682e-01
seq536	6.827510e-01
seq1296	1.000000e+00
seq1291	1.000000e+00
seq1815	6.287290e-01
seq222	3.681431e-01
seq1062	9.557092e-01
seq157	1.000000e+00
seq51	1.000000e+00
seq1505	7.887129e-01
seq53	6.545226e-01
seq509	9.893815e-01
seq1375	5.232654e-01
seq927	1.000000e+00
seq430	1.482434e-01
seq1106	7.084334e-01
seq1759	3.878033e-01
seq471	1.108119e-01
seq737	7.288884e-01
seq1043	1.000000e+00
seq1652	8.144689e-01
seq1459	8.828006e-01
seq619	1.000000e+00
seq178	2.353430e-02
seq784	5.985329e-01
seq335	1.000000e+00
seq724	4.320656e-01
seq1461	1.000000e+00
seq340	1.000000e+00
seq924	7.493710e-01
seq203	4.295279e-01
seq1626	1.000000e+00
seq762	5.489938e-01
seq1703	1.000000e+00
seq919	8.858809e-01
seq1456	7.056399e-01
seq987	1.000000e+00
seq618	3.799331e-01
seq477	1.000000e+00
seq1230	2.275013e-01
seq212	4.217298e-01
seq284	3.455466e-01
seq1318	1.000000e+00
seq453	8.644178e-01
seq533	1.000000e+00
seq1582	9.182906e-01
seq1470	7.777001e-01
seq27	3.587240e-01
seq1813	1.000000e+00
seq1520	1.000000e+00
seq1655	7.083363e-01
seq501	1.000000e+00
seq1265	3.374328e-01
seq1772	1.000000e+00
seq778	4.501970e-01
seq1404	1.000000e+00
seq1128	2.608946e-01
seq304	8.635097e-01
seq1411	3.492519e-01
seq849	6.041000e-01
seq1608	7.829761e-01
seq541	9.123629e-01
seq1114	5.350195e-02
seq779	1.000000e+00
seq1322	4.742511e-01
seq268	9.427258e-01
seq408	1.000000e+00
seq138	1.000000e+00
seq1454	1.000000e+00
seq1408	1.000000e+00
seq1751	1.000000e+00
seq1045	4.121416e-01
seq1130	1.244999e-01
seq345	8.674261e-01
seq1794	4.021877e-01
seq145	1.000000e+00
seq169	8.697177e-01
seq1420	2.719657e-01
seq1412	7.698670e-01
seq197	9.838225e-01
seq1294	8.119073e-01
seq823	1.000000e+00
seq565	5.735157e-01
seq642	1.000000e+00
seq1552	8.561256e-01
seq118	1.000000e+00
seq483	3.104047e-01
seq969	7.247736e-01
seq451	2.951605e-01
seq1181	1.000000e+00
seq1660	5.486061e-01
seq1462	1.000000e+00
seq392	7.943072e-02
seq272	5.322713e-01
seq1346	2.774201e-01
seq455	1.000000e+00
seq677	8.010362e-01
seq773	9.069850e-01
seq909	1.000000e+00
seq841	1.108235e-01
seq454	1.000000e+00
seq1810	2.648947e-01
seq881	7.807222e-01
seq426	8.506486e-01
seq546	1.000000e+00
seq1210	5.281865e-01
seq1336	8.265714e-01
seq790	1.000000e+00
seq462	1.000000e+00
seq1394	6.269747e-01
seq329	7.459199e-01
seq856	1.000000e+00
seq151	6.313024e-01
seq679	1.000000e+00
seq139	1.147074e-01
seq225	2.902518e-01
seq394	2.315283e-01
seq812	1.000000e+00
seq1017	1.000000e+00
seq230	5.230690e-01
seq1531	2.662998e-01
seq1805	1.000000e+00
seq1590	6.322313e-01
seq204	1.000000e+00
seq496	9.449152e-01
seq931	2.017572e-01
seq1487	6.151508e-01
seq1423	5.163808e-01
seq332	1.000000e+00
seq81	1.000000e+00
seq1736	3.733600e-01
seq1225	6.157213e-01
seq1117	6.467806e-01
seq1550	6.942187e-01
seq172	1.000000e+00
seq1774	8.334010e-01
seq1739	1.000000e+00
seq636	1.000000e+00
seq1775	1.000000e+00
seq800	1.000000e+00
seq370	1.000000e+00
seq315	2.987573e-01
seq1715	3.643015e-01
seq386	4.392106e-01
seq1450	1.539906e-01
seq128	1.000000e+00
seq1118	6.578688e-01
seq581	1.000000e+00
seq1027	4.685533e-01
seq1604	5.498765e-01
seq603	7.824457e-01
seq850	8.414190e-01
seq1	6.461067e-01
seq294	1.000000e+00
seq953	8.398776e-01
seq291	8.831970e-01
seq1099	3.908749e-01
seq1785	6.735132e-01
seq928	9.450049e-01
seq1257	2.503591e-01
seq1540	8.958121e-01
seq1372	7.060279e-01
seq912	9.429274e-01
seq1484	6.108654e-01
seq1603	6.344122e-01
seq1303	1.774868e-01
seq95	7.949838e-01
seq616	1.000000e+00
seq939	6.136469e-01
seq117	1.000000e+00
seq1594	1.000000e+00
seq338	1.030419e-01
seq67	7.897491e-01
seq915	1.000000e+00
seq1049	7.076412e-01
seq1497	9.335385e-01
seq488	5.433035e-01
seq107	8.712275e-01
seq485	1.000000e+00
seq237	3.428296e-01
seq711	8.399696e-01
seq668	7.906057e-01
seq1251	8.948695e-01
seq452	8.023237e-01
seq614	5.674728e-01
seq109	6.681555e-01
seq1803	4.027230e-01
seq970	1.000000e+00
seq1368	1.000000e+00
seq599	7.926228e-01
seq1013	9.894775e-01
seq83	4.743939e-01
seq1070	1.000000e+00
seq395	7.557800e-01
seq478	3.737570e-01
seq409	8.985442e-01
seq49	8.366846e-01
seq1398	1.000000e+00
seq887	1.000000e+00
seq1179	4.542904e-01
seq34	3.917374e-01
seq1289	9.012130e-01
seq1311	7.684261e-01
seq1222	9.330941e-01
seq894	1.000000e+00
seq1359	8.099073e-01
seq1060	1.000000e+00
seq52	1.000000e+00
seq1675	4.580486e-01
seq1653	1.979797e-01
seq1074	1.000000e+00
seq1690	5.696249e-01
seq355	7.439046e-01
seq1035	3.790933e-01
seq119	5.367125e-01
seq1073	5.572570e-01
seq357	5.684676e-01
seq1317	5.563906e-01
seq1240	5.325668e-01
seq1745	2.389730e-01
seq1098	1.227944e-01
seq1030	1.000000e+00
seq420	6.354735e-01
seq1705	1.000000e+00
seq729	1.000000e+00
seq1319	1.000000e+00
seq1413	6.969320e-01
seq1829	4.415332e-01
seq1451	2.752393e-01
seq676	1.000000e+00
seq650	1.000000e+00
seq21	7.403341e-01
seq61	1.000000e+00
seq1480	6.947960e-01
seq977	7.071951e-01
seq255	5.945150e-01
seq824	9.132985e-01
seq828	1.000000e+00
seq500	1.583180e-01
seq1801	9.505373e-01
seq691	1.000000e+00
seq1561	1.000000e+00
seq698	3.561777e-01
seq1738	1.000000e+00
seq740	6.277230e-01
seq1602	8.517779e-01
seq1194	1.315336e-01
seq891	1.000000e+00
seq1720	6.647081e-01
seq24	4.377067e-01
seq1613	5.350639e-01
seq1321	8.507425e-02
seq1100	2.941763e-01
seq1389	4.294706e-01
seq1067	7.815577e-01
seq460	1.000000e+00
seq1090	6.686055e-01
seq189	1.000000e+00
seq1580	1.000000e+00
seq830	4.707668e-01
seq1215	5.912455e-01
seq1381	6.260607e-01
seq76	7.184051e-01
seq1201	2.243177e-01
seq149	4.088507e-01
seq110	8.554830e-01
seq1089	8.228133e-01
seq628	1.000000e+00
seq1597	6.314884e-01
seq1103	9.359897e-01
seq1808	6.072037e-01
seq293	9.349371e-01
seq1729	9.160003e-01
seq278	7.610643e-01
seq1417	6.232199e-01
seq1386	4.528988e-01
seq1747	8.235014e-01
seq1008	7.049201e-01
seq405	1.000000e+00
seq458	5.600390e-01
seq769	5.650935e-01
seq1424	8.273405e-01
seq1464	9.053802e-01
seq1402	6.761925e-01
seq1253	9.745953e-01
seq951	6.596470e-01
seq1519	1.000000e+00
seq917	2.056150e-01
seq1188	4.263167e-01
seq54	4.490215e-01
seq1095	9.014615e-01
seq1048	9.349538e-01
seq938	1.000000e+00
seq1811	5.694451e-01
seq1506	6.028406e-01
seq440	9.662467e-01
seq330	1.000000e+00
seq1656	6.458477e-01
seq1645	8.595895e-01
seq366	5.942233e-01
seq1344	8.863021e-01
seq1014	1.000000e+00
seq550	3.058802e-01
seq875	5.433944e-01
seq264	7.988284e-01
seq1140	1.248180e-01
seq898	4.697397e-01
seq978	8.782095e-01
seq498	6.815157e-01
seq1723	1.000000e+00
seq1057	1.000000e+00
seq1301	1.000000e+00
seq108	1.000000e+00
seq1790	8.698295e-01
seq884	2.248690e-01
seq102	7.713193e-01
seq356	5.507698e-01
seq727	1.000000e+00
seq1666	1.759162e-01
seq1083	8.420710e-01
seq561	7.735121e-01
seq669	1.490842e-01
seq868	4.355291e-01
seq1009	9.397955e-01
seq1069	9.514429e-01
seq1334	6.792576e-01
seq590	9.082057e-01
seq411	1.207527e-01
seq991	4.866258e-01
seq944	6.355899e-01
seq1830	1.000000e+00
seq833	3.078161e-01
seq275	8.048856e-01
seq88	7.082272e-01
seq1091	5.428840e-01
seq183	3.855442e-01
seq753	1.000000e+00
seq202	1.000000e+00
seq1407	3.889028e-01
seq605	8.387906e-01
seq100	4.981207e-01
seq328	9.585946e-01
seq487	1.000000e+00
seq1307	7.297153e-01
seq932	9.457271e-01
seq234	1.000000e+00
seq530	6.562843e-01
seq1472	9.059168e-01
seq822	7.462800e-01
seq956	1.000000e+00
seq1018	8.345249e-01
seq1093	2.693045e-01
seq632	7.081848e-01
seq1315	1.000000e+00
seq196	1.000000e+00
seq290	1.437697e-01
seq46	1.000000e+00
seq1242	1.000000e+00
seq1549	1.000000e+00
seq160	1.000000e+00
seq323	6.405954e-01
seq1817	1.000000e+00
seq1237	6.566283e-01
seq1768	1.000000e+00
seq1685	7.518821e-01
seq1149	4.760155e-01
seq1353	6.161713e-01
seq1219	9.872624e-01
seq973	5.370767e-01
seq378	9.043592e-01
seq712	9.671728e-01
seq1139	3.905494e-01
seq424	8.246836e-01
seq209	9.288270e-01
seq482	1.000000e+00
seq1191	5.299996e-01
seq584	8.028042e-01
seq739	1.000000e+00
seq816	5.401950e-01
seq1564	1.000000e+00
seq1500	1.000000e+00
seq8	1.000000e+00
seq5	9.636141e-01
seq1657	1.000000e+00
seq466	7.116964e-01
seq797	1.000000e+00
seq1515	1.000000e+00
seq967	2.465560e-01
seq673	8.630655e-01
seq837	1.000000e+00
seq1579	2.901580e-01
seq1277	9.019376e-01
seq1198	1.000000e+00
seq26	9.898198e-01
seq1248	8.983565e-01
seq1527	7.266864e-01
seq1126	5.542182e-01
seq1638	8.129014e-01
seq1246	8.418456e-01
seq347	6.719934e-01
seq1406	4.170367e-01
seq1082	3.649623e-01
seq353	5.396879e-01
seq1758	6.488997e-01
seq1180	6.813829e-01
seq162	4.366429e-01
seq1212	4.059612e-01
seq1273	6.158347e-01
seq350	1.000000e+00
seq574	1.000000e+00
seq864	7.357490e-01
seq75	7.551879e-01
seq1163	5.112478e-01
seq1264	3.731994e-01
seq301	2.939443e-01
seq270	4.586289e-01
seq173	6.333178e-01
seq1617	1.000000e+00
seq601	8.394125e-01
seq1640	4.045047e-01
seq532	5.375630e-01
seq955	4.761325e-01
seq1682	8.140781e-01
seq219	4.383597e-01
seq1486	2.813273e-01
seq253	3.563239e-01
seq1339	9.336793e-01
seq1728	8.910226e-01
seq608	9.053668e-01
seq154	3.886151e-01
seq1415	3.215058e-01
seq439	4.459761e-01
seq1182	6.813914e-01
seq972	7.446912e-01
seq862	1.000000e+00
seq716	1.000000e+00
seq855	4.514631e-01
seq136	6.236841e-01
seq1575	1.000000e+00
seq1087	9.201535e-01
seq1116	1.000000e+00
seq670	3.379598e-01
seq851	7.933549e-01
seq1589	1.000000e+00
seq861	1.000000e+00
seq17	4.951704e-01
seq1600	6.226678e-01
seq1538	7.595514e-01
seq1380	8.991821e-01
seq1373	2.842314e-01
seq20	1.000000e+00
seq296	9.130071e-01
seq954	7.795608e-01
seq1061	1.000000e+00
seq1427	1.000000e+00
seq1741	1.000000e+00
seq1503	1.000000e+00
seq831	1.000000e+00
seq1725	1.000000e+00
seq1187	5.314613e-01
seq1351	6.789049e-01
seq374	7.828825e-01
seq1445	1.000000e+00
seq1639	1.000000e+00
seq1197	7.103856e-01
seq1308	1.000000e+00
seq1080	1.963791e-01
seq1460	4.680992e-01
seq490	6.814178e-01
seq1605	5.771221e-01
seq683	4.225164e-01
seq1207	4.746592e-01
seq710	9.369750e-01
seq371	1.719671e-01
seq901	1.000000e+00
seq789	3.997197e-01
seq142	1.000000e+00
seq300	1.000000e+00
seq1361	1.000000e+00
seq1370	8.488549e-01
seq1828	1.000000e+00
seq697	5.040073e-01
seq1572	3.914510e-01
seq612	1.000000e+00
seq999	9.347820e-01
seq1276	8.156280e-01
seq1814	6.963107e-01
seq1441	6.764864e-01
seq1236	8.451980e-01
seq341	5.042639e-01
seq736	6.376794e-01
seq1448	1.210681e-01
seq772	9.833190e-01
seq463	5.582687e-01
seq720	5.491774e-01
seq665	7.118764e-01
seq570	6.795428e-01
seq701	5.155671e-01
seq1241	1.000000e+00
seq288	7.310404e-02
seq97	1.000000e+00
seq1818	8.129504e-01
seq1279	1.000000e+00
seq606	1.000000e+00
seq1290	4.426596e-01
seq1502	5.295114e-01
seq1697	1.143148e-01
seq1560	6.193166e-01
seq233	1.000000e+00
seq1557	4.909599e-01
seq321	4.609359e-01
seq1350	5.280542e-01
seq971	9.116092e-01
seq700	3.244427e-01
seq493	4.604379e-01
seq1405	8.095926e-01
seq926	7.169727e-01
seq1220	6.241732e-01
seq74	1.000000e+00
seq865	4.075916e-02
seq413	1.000000e+00
seq42	1.000000e+00
seq1005	8.986200e-01
seq1314	7.124324e-01
seq262	7.417047e-02
seq1437	1.000000e+00
seq1539	1.000000e+00
seq489	6.338968e-01
seq1076	5.031355e-01
seq1189	5.473199e-01
seq1734	6.205326e-01
seq1749	1.000000e+00
seq506	1.000000e+00
seq1711	6.548248e-01
seq1524	1.000000e+00
seq662	6.665934e-01
seq1661	9.734634e-01
seq602	1.000000e+00
seq103	2.816288e-01
seq876	3.760936e-01
seq641	9.901822e-01
seq141	1.680722e-01
seq706	1.000000e+00
seq892	8.401903e-01
seq398	4.908242e-01
seq282	6.468089e-01
seq1716	4.183845e-01
seq210	8.802132e-01
seq1718	1.000000e+00
seq629	1.000000e+00
seq513	1.000000e+00
seq761	7.835914e-01
seq1217	6.217756e-01
seq19	1.000000e+00
seq1183	1.000000e+00
seq48	7.584159e-01
seq1692	9.469559e-01
seq860	5.085821e-01
seq505	1.000000e+00
seq792	1.000000e+00
seq542	3.690575e-01
seq620	1.000000e+00
seq474	1.000000e+00
seq947	8.355238e-01
seq835	1.000000e+00
seq758	1.021135e-01
seq66	9.527541e-01
seq4	6.704738e-01
seq1374	5.800046e-01
seq1110	1.000000e+00
seq529	9.275781e-01
seq993	4.368382e-01
seq879	1.000000e+00
seq1449	1.000000e+00
seq1031	2.140547e-01
seq1245	9.248899e-01
seq292	7.354696e-01
seq39	1.000000e+00
seq331	4.612460e-01
seq1596	1.000000e+00
seq621	1.000000e+00
seq1010	2.109760e-01
seq502	5.325330e-01
seq124	5.677754e-01
seq709	2.264912e-01
seq1367	1.000000e+00
seq184	1.000000e+00
seq1293	7.763735e-01
seq1513	6.615157e-01
seq1382	8.921449e-01
seq143	9.489426e-01
seq1331	5.408676e-01
seq781	6.593858e-01
seq777	5.335031e-01
seq22	3.635597e-01
seq870	1.000000e+00
seq1648	1.000000e+00
seq346	7.453060e-02
seq1019	9.887230e-01
seq1313	8.043864e-01
seq144	2.772184e-01
seq359	9.130614e-02
seq303	1.000000e+00
seq1776	1.000000e+00
seq269	7.078378e-01
seq1282	6.009351e-01
seq1409	8.442616e-01
seq910	1.676984e-01
seq327	4.817923e-01
seq844	1.000000e+00
seq1040	3.864215e-01
seq1004	1.000000e+00
seq372	6.401673e-01
seq443	5.624563e-01
seq1228	9.949053e-01
seq1348	8.315576e-01
seq122	9.395104e-01
seq1780	1.000000e+00
seq1211	9.228650e-01
seq1783	1.000000e+00
seq1545	6.433837e-01
seq658	5.840090e-01
seq1647	1.000000e+00
seq674	1.000000e+00
seq1341	8.903906e-01
seq705	5.302403e-01
seq232	3.323754e-01
seq243	6.972562e-01
seq1071	6.407770e-01
seq811	1.000000e+00
seq6	1.000000e+00
seq1015	1.000000e+00
seq873	6.210846e-01
seq1631	1.137551e-01
seq1726	5.246015e-01
seq1300	4.532910e-01
seq1754	3.598851e-01
seq765	6.762291e-01
seq949	1.000000e+00
seq1371	1.000000e+00
seq1684	6.270796e-01
seq1247	6.911720e-01
seq1672	6.997160e-01
seq1278	5.374601e-01
seq481	9.388587e-01
seq336	1.000000e+00
seq975	5.880725e-01
seq1637	5.976408e-01
seq537	1.000000e+00
seq1654	2.093709e-01
seq1800	1.000000e+00
seq91	6.193711e-01
seq1731	8.701511e-01
seq1269	6.042528e-01
seq133	1.000000e+00
seq1418	1.720125e-01
seq702	2.170744e-01
seq1302	1.000000e+00
seq639	1.000000e+00
seq1593	1.000000e+00
seq55	4.989251e-01
seq363	5.423811e-01
seq380	1.000000e+00
seq1622	1.000000e+00
seq965	5.479104e-01
seq415	4.006281e-01
seq16	3.982523e-01
seq1146	4.530024e-01
seq457	1.000000e+00
seq523	9.335392e-01
seq1316	6.106604e-01
seq375	5.275643e-01
seq643	1.000000e+00
seq1499	3.508222e-01
seq319	9.330242e-01
seq1627	1.000000e+00
seq257	2.106210e-01
seq1624	8.576695e-01
seq883	1.000000e+00
seq216	1.000000e+00
seq446	2.434373e-01
seq186	1.000000e+00
seq435	7.078082e-01
seq852	1.000000e+00
seq1383	1.000000e+00
seq1270	5.884320e-01
seq988	8.097964e-01
seq445	4.975017e-01
seq339	5.482937e-01
seq1292	8.993054e-01
seq1788	1.000000e+00
seq1012	9.212171e-01
seq361	1.000000e+00
seq1609	1.000000e+00
seq191	9.556888e-01
seq60	3.257461e-01
seq308	6.069243e-01
seq11	7.627864e-01
seq1769	6.975486e-01
seq893	1.000000e+00
seq554	1.000000e+00
seq645	1.545031e-01
seq695	1.000000e+00
seq1281	9.230766e-01
seq432	2.993693e-01
seq215	1.000000e+00
seq511	1.561895e-01
seq1097	1.000000e+00
seq223	1.000000e+00
seq553	7.244956e-01
seq1305	1.000000e+00
seq134	7.940450e-01
seq236	1.000000e+00
seq285	1.000000e+00
seq1562	8.100440e-01
seq1710	6.617601e-01
seq422	1.000000e+00
seq798	9.211528e-01
seq1155	8.346727e-01
seq429	6.537744e-01
seq600	8.544290e-01
seq646	9.188235e-01
seq1755	1.000000e+00
seq607	1.000000e+00
seq1763	1.000000e+00
seq476	1.000000e+00
seq205	3.457952e-01
seq23	1.000000e+00
seq317	1.000000e+00
seq1032	3.589335e-02
seq295	9.299225e-01
seq129	8.572802e-01
seq240	1.000000e+00
seq310	1.000000e+00
seq568	1.986344e-01
seq1642	1.303583e-01
seq87	9.274746e-01
seq946	6.706492e-01
seq1105	1.000000e+00
seq1288	2.994214e-01
seq1113	2.705593e-01
seq59	4.701792e-01
seq86	1.000000e+00
seq96	1.104074e-01
seq545	3.618899e-01
seq558	8.025375e-01
seq730	1.177985e-01
seq1541	1.000000e+00
seq1471	8.821904e-01
seq147	9.591165e-01
seq586	5.356170e-01
seq848	6.007427e-01
seq1534	8.610550e-01
seq869	1.000000e+00
seq1707	7.538331e-01
seq385	9.807777e-01
seq1148	2.858107e-01
seq1156	1.000000e+00
seq688	6.562592e-01
seq1473	2.461920e-01
seq1504	1.000000e+00
seq1463	8.812075e-01
seq1436	1.000000e+00
seq281	8.550474e-01
seq776	1.723553e-01
seq175	1.000000e+00
seq302	9.830211e-01
seq1053	3.483204e-01
seq774	1.000000e+00
seq1223	6.708907e-01
seq1732	6.434113e-01
seq137	7.778149e-01
seq510	4.932044e-01
seq1509	7.510644e-01
seq98	9.319147e-01
seq41	1.000000e+00
seq657	1.000000e+00
seq401	1.000000e+00
seq1306	9.495991e-01
seq397	7.036100e-01
seq379	1.000000e+00
seq1086	1.000000e+00
seq492	1.000000e+00
seq827	1.000000e+00
seq503	1.841991e-01
seq524	1.000000e+00
seq1802	3.800862e-01
seq200	8.869448e-01
seq369	5.526235e-01
seq575	6.673689e-01
seq820	1.000000e+00
seq1021	1.000000e+00
seq1796	7.575121e-01
seq150	5.506395e-01
seq279	4.288643e-01
seq1479	9.673626e-01
seq1570	3.327873e-01
seq1340	6.463277e-01
seq623	7.025579e-01
seq1444	2.883532e-02
seq1038	7.797999e-01
seq624	6.143507e-01
seq799	4.361673e-01
seq252	1.000000e+00
seq1797	2.124708e-01
seq1812	5.557557e-02
seq344	5.299473e-01
seq1284	4.749805e-01
seq1312	6.044695e-01
seq785	6.126631e-01
seq843	1.000000e+00
seq80	8.888584e-01
seq920	9.726760e-01
seq1101	8.328204e-01
seq787	9.170115e-01
seq1809	8.299116e-01
seq1131	8.085798e-01
seq1416	3.607773e-01
seq1447	9.892327e-01
seq428	1.000000e+00
seq1356	1.000000e+00
seq896	1.000000e+00
seq1514	1.000000e+00
seq472	7.474141e-01
seq986	1.301679e-01
seq62	1.000000e+00
seq1678	6.676624e-01
seq1618	3.771217e-01
seq1020	3.271973e-01
seq441	3.979631e-01
seq518	1.884038e-01
seq1166	1.000000e+00
seq250	3.327042e-01
seq508	6.286121e-01
seq802	6.699062e-01
seq1761	1.000000e+00
seq759	9.297473e-01
seq934	8.420067e-01
seq1214	5.129302e-01
seq1323	2.989380e-01
seq1694	7.420323e-01
seq1029	1.000000e+00
seq560	4.696854e-01
seq70	1.000000e+00
seq1698	5.712357e-01
seq957	1.000000e+00
seq728	2.085924e-01
seq1606	1.000000e+00
seq1771	7.706679e-02
seq1421	7.741091e-01
seq1419	3.255927e-01
seq1491	1.000000e+00
seq925	1.000000e+00
seq99	9.057231e-01
seq1204	2.944093e-02
seq1335	4.966316e-01
seq259	4.584470e-02
seq1643	1.000000e+00
seq1601	1.000000e+00
seq314	3.580453e-01
seq1816	8.880778e-01
seq1221	4.958390e-01
seq1244	1.000000e+00
seq1551	1.000000e+00
seq580	1.000000e+00
seq733	3.951960e-01
seq808	4.462199e-01
seq69	1.000000e+00
seq1517	1.000000e+00
seq1176	6.811697e-01
seq25	1.231816e-01
seq299	1.000000e+00
seq1088	1.000000e+00
seq647	5.652407e-01
seq320	1.000000e+00
seq3	1.000000e+00
seq167	4.761119e-01
seq1752	6.014835e-01
seq1147	1.000000e+00
seq1663	9.750242e-02
seq1102	2.564779e-01
seq922	1.000000e+00
seq419	2.925645e-01
seq1737	1.000000e+00
seq185	5.653523e-01
seq47	1.000000e+00
seq190	5.304125e-01
seq1357	8.247152e-01
seq906	1.000000e+00
seq895	8.038239e-01
seq164	8.973660e-01
seq334	5.970856e-01
seq989	8.002926e-01
seq112	9.806223e-01
seq1124	5.219094e-01
seq1824	1.000000e+00
seq297	1.000000e+00
seq1397	1.000000e+00
seq1354	7.869384e-01
seq703	7.586376e-01
seq499	7.073986e-01
seq933	6.045004e-01
seq948	4.025428e-01
seq563	5.393458e-01
seq1410	4.960656e-01
seq723	1.000000e+00
seq913	5.638865e-01
seq1632	1.000000e+00
seq1518	4.431853e-01
seq399	6.494909e-01
seq38	1.000000e+00
seq352	5.889562e-01
seq918	8.573620e-01
seq50	3.879184e-01
seq766	2.915492e-01
seq1530	6.357533e-01
seq1581	8.136488e-01
seq1722	4.337299e-01
seq1595	8.336041e-01
seq1157	1.000000e+00
seq309	1.000000e+00
seq1620	1.000000e+00
seq889	1.000000e+00
seq1778	5.834283e-01
seq583	5.298557e-01
seq470	6.153574e-01
seq585	1.409526e-01
seq818	8.022950e-01
seq1338	3.612043e-01
seq1395	1.830468e-01
seq704	3.139636e-01
seq1352	9.194491e-01
seq1523	1.000000e+00
seq1662	1.000000e+00
seq768	1.000000e+00
seq1134	9.084039e-01
seq815	1.000000e+00
seq199	9.374132e-01
seq960	1.000000e+00
seq1298	4.566373e-01
seq1256	1.000000e+00
seq1807	4.259948e-01
seq14	5.235242e-01
seq258	5.519607e-01
seq825	8.823968e-01
seq1333	1.000000e+00
seq1239	9.257347e-01
seq878	2.858871e-01
seq72	5.110746e-01
seq985	1.540629e-01
seq721	1.366511e-01
seq1328	5.980313e-01
seq1458	8.991421e-01
seq1206	7.986284e-01
seq123	5.590829e-01
seq842	1.000000e+00
seq56	5.723078e-01
seq402	5.261338e-02
seq132	9.269220e-01
seq1750	5.135781e-01
seq1689	9.945264e-01
seq412	1.475424e-01
seq1079	1.000000e+00
seq467	1.000000e+00
seq182	4.679177e-01
seq1773	7.695664e-01
seq1145	3.063367e-01
seq247	4.396297e-01
seq1786	4.515880e-01
seq7	4.382455e-01
seq1740	9.738113e-01
seq806	8.146565e-01
seq161	9.131127e-01
seq1542	2.941525e-01
seq648	6.069503e-01
seq218	9.371463e-01
seq1543	1.000000e+00
seq354	2.283738e-01
seq1366	3.631834e-01
seq1234	5.942656e-01
seq1196	1.000000e+00
seq1576	5.005282e-01
seq224	8.284223e-01
seq543	1.000000e+00
seq1821	5.213993e-01
seq610	6.364618e-01
seq465	5.563090e-01
seq672	9.927518e-01
seq905	1.000000e+00
seq1026	5.571845e-01
seq564	2.278995e-01
seq12	9.510156e-01
seq1077	9.248581e-01
seq63	4.267976e-01
seq1299	1.000000e+00
seq44	6.101648e-01
seq1390	6.537332e-01
seq1598	1.000000e+00
seq1756	1.000000e+00
seq1553	6.961941e-01
seq627	1.000000e+00
seq1799	1.000000e+00
seq393	1.000000e+00
seq755	5.897545e-01
seq1249	9.437800e-01
seq140	1.000000e+00
seq1199	1.000000e+00
seq1614	6.392737e-01
seq609	1.000000e+00
seq1343	5.103413e-01
seq1507	1.000000e+00
seq1477	7.277103e-01
seq1677	4.442921e-01
U00096.2:943439-943738(-)	-6.282756e-01
U00096.2:105929-106228(-)	-3.602708e-01
U00096.2:4340761-4341060(-)	-8.930966e-01
U00096.2:2296237-2296536(+)	-9.693031e-01
U00096.2:388129-388428(-)	-4.879995e-01
U00096.2:4122781-4123080(+)	-4.162905e-01
U00096.2:3451027-3451326(-)	-1.000000e+00
U00096.2:1827215-1827514(+)	-4.315792e-01
U00096.2:2011709-2012008(+)	-4.090645e-01
U00096.2:444991-445290(-)	-8.657960e-01
U00096.2:43724-44023(+)	-3.116556e-01
U00096.2:3390633-3390932(-)	-6.687342e-01
U00096.2:1016439-1016738(+)	-6.675888e-01
U00096.2:2392108-2392407(-)	-3.186377e-01
U00096.2:4252271-4252570(+)	-4.985734e-01
U00096.2:3738885-3739184(+)	-3.452089e-01
U00096.2:4331372-4331671(-)	-7.211031e-01
U00096.2:3501556-3501855(-)	-3.825565e-01
U00096.2:3425529-3425828(+)	-1.000000e+00
U00096.2:4236333-4236632(-)	-8.847111e-01
U00096.2:1461699-1461998(+)	-5.962539e-01
U00096.2:201217-201516(-)	-2.533263e-01
U00096.2:973333-973632(-)	-1.000000e+00
U00096.2:3879038-3879337(+)	-5.657229e-01
U00096.2:4547179-4547478(+)	-8.057841e-01
U00096.2:1763367-1763666(+)	-1.000000e+00
U00096.2:642886-643185(+)	-7.252982e-01
U00096.2:3920067-3920366(+)	-7.409233e-01
U00096.2:4444054-4444353(+)	-4.573234e-01
U00096.2:1714657-1714956(-)	-6.825856e-01
U00096.2:2999231-2999530(+)	-1.000000e+00
U00096.2:4255261-4255560(-)	-3.598258e-01
U00096.2:4482141-4482440(-)	-7.569474e-01
U00096.2:2772367-2772666(-)	-1.000000e+00
U00096.2:1759117-1759416(+)	-3.488915e-01
U00096.2:3262437-3262736(-)	-5.937484e-01
U00096.2:4525534-4525833(-)	-8.060624e-01
U00096.2:1304267-1304566(-)	-1.000000e+00
U00096.2:1984423-1984722(-)	-1.000000e+00
U00096.2:3398052-3398351(+)	-3.682918e-01
U00096.2:2724040-2724339(+)	-7.308461e-01
U00096.2:2372300-2372599(-)	-5.813708e-01
U00096.2:3247989-3248288(-)	-3.905232e-01
U00096.2:1894235-1894534(+)	-6.760037e-01
U00096.2:194250-194549(-)	-7.337565e-01
U00096.2:947576-947875(+)	-5.857209e-01
U00096.2:963604-963903(-)	-1.000000e+00
U00096.2:693543-693842(-)	-5.375968e-01
U00096.2:4179070-4179369(+)	-1.000000e+00
U00096.2:3567637-3567936(-)	-9.801621e-01
U00096.2:2286762-2287061(+)	-1.000000e+00
U00096.2:134667-134966(+)	-8.020266e-01
U00096.2:1627811-1628110(+)	-9.242909e-01
U00096.2:2919716-2920015(-)	-8.104226e-01
U00096.2:2747935-2748234(-)	-8.796241e-01
U00096.2:1035530-1035829(+)	-3.139810e-01
U00096.2:1202626-1202925(-)	-7.805046e-01
U00096.2:487874-488173(+)	-5.852309e-02
U00096.2:2240999-2241298(-)	-7.176219e-01
U00096.2:2928304-2928603(-)	-3.353813e-01
U00096.2:100246-100545(+)	-5.984790e-01
U00096.2:3330292-3330591(+)	-7.985493e-01
U00096.2:1556349-1556648(-)	-3.825482e-01
U00096.2:126763-127062(-)	-6.385548e-01
U00096.2:1394076-1394375(-)	-7.715200e-01
U00096.2:992497-992796(-)	-8.168988e-01
U00096.2:4572695-4572994(+)	-6.973698e-01
U00096.2:1747237-1747536(-)	-5.770180e-01
U00096.2:403825-404124(+)	-8.857732e-01
U00096.2:2115260-2115559(+)	-4.548409e-01
U00096.2:1364087-1364386(-)	-4.348954e-01
U00096.2:2806594-2806893(-)	-9.563834e-02
U00096.2:2722201-2722500(-)	-7.063842e-01
U00096.2:2723001-2723300(+)	-8.503656e-01
U00096.2:2920395-2920694(+)	-1.000000e+00
U00096.2:24685-24984(+)	-5.570823e-01
U00096.2:443350-443649(-)	-7.930410e-01
U00096.2:4230731-4231030(-)	-1.304335e-01
U00096.2:822749-823048(-)	-5.448908e-01
U00096.2:1101088-1101387(+)	-1.000000e+00
U00096.2:339337-339636(-)	-5.009312e-01
U00096.2:878691-878990(-)	-1.000000e+00
U00096.2:278529-278828(+)	-5.998330e-01
U00096.2:93347-93646(-)	-4.797087e-01
U00096.2:996037-996336(-)	-8.080909e-01
U00096.2:2500944-2501243(+)	-2.235658e-01
U00096.2:3130377-3130676(-)	-8.648618e-01
U00096.2:3612065-3612364(-)	-1.000000e+00
U00096.2:672115-672414(-)	-5.224089e-01
U00096.2:4349127-4349426(+)	-6.637181e-01
U00096.2:4225156-4225455(+)	-4.298444e-01
U00096.2:884029-884328(-)	-7.636983e-01
U00096.2:3618445-3618744(-)	-6.042815e-01
U00096.2:3751954-3752253(+)	-1.000000e+00
U00096.2:2915154-2915453(+)	-9.708173e-01
U00096.2:1664242-1664541(+)	-8.281148e-01
U00096.2:2092846-2093145(-)	-2.818470e-01
U00096.2:1838879-1839178(-)	-7.546210e-01
U00096.2:1514498-1514797(+)	-5.955170e-01
U00096.2:1572007-1572306(+)	-9.784316e-01
U00096.2:2123655-2123954(+)	-6.259287e-01
U00096.2:3322562-3322861(-)	-6.230491e-01
U00096.2:1549405-1549704(-)	-5.356517e-01
U00096.2:3174385-3174684(-)	-4.279050e-01
U00096.2:2631461-2631760(-)	-3.863424e-01
U00096.2:1631686-1631985(+)	-1.000000e+00
U00096.2:3296627-3296926(-)	-6.395176e-01
U00096.2:3392437-3392736(-)	-5.135353e-01
U00096.2:1652605-1652904(-)	-7.247234e-01
U00096.2:3568560-3568859(+)	-3.927221e-01
U00096.2:2308819-2309118(-)	-3.987161e-01
U00096.2:4590309-4590608(+)	-4.142349e-01
U00096.2:3682151-3682450(-)	-4.960220e-01
U00096.2:2129354-2129653(-)	-4.610850e-01
U00096.2:3063080-3063379(+)	-3.338134e-01
U00096.2:3625033-3625332(+)	-5.131779e-01
U00096.2:2425048-2425347(-)	-7.036347e-01
U00096.2:2712147-2712446(-)	-1.000000e+00
U00096.2:2097086-2097385(+)	-1.000000e+00
U00096.2:373749-374048(-)	-1.946256e-01
U00096.2:145130-145429(-)	-8.753435e-01
U00096.2:1020519-1020818(-)	-1.000000e+00
U00096.2:1791653-1791952(-)	-6.414818e-01
U00096.2:4193503-4193802(+)	-5.469522e-01
U00096.2:2134842-2135141(-)	-6.173628e-01
U00096.2:1066894-1067193(-)	-1.000000e+00
U00096.2:3123189-3123488(+)	-5.810427e-01
U00096.2:2600176-2600475(+)	-5.682067e-01
U00096.2:4522056-4522355(-)	-1.000000e+00
U00096.2:2173890-2174189(-)	-6.579375e-01
U00096.2:3447528-3447827(-)	-8.463284e-01
U00096.2:2456620-2456919(+)	-2.317328e-01
U00096.2:1683025-1683324(+)	-8.785381e-01
U00096.2:3230596-3230895(-)	-6.756068e-01
U00096.2:2297528-2297827(+)	-6.532108e-01
U00096.2:1684622-1684921(-)	-1.000000e+00
U00096.2:376286-376585(-)	-6.294904e-01
U00096.2:4553343-4553642(+)	-1.000000e+00
U00096.2:1886679-1886978(+)	-5.942225e-01
U00096.2:2405339-2405638(+)	-1.000000e+00
U00096.2:2313624-2313923(+)	-1.000000e+00
U00096.2:4046319-4046618(+)	-7.365693e-01
U00096.2:1095583-1095882(+)	-1.000000e+00
U00096.2:1042855-1043154(+)	-7.637587e-01
U00096.2:3141365-3141664(-)	-6.173914e-01
U00096.2:289069-289368(+)	-2.285367e-01
U00096.2:3640652-3640951(-)	-2.421009e-01
U00096.2:1965365-1965664(+)	-7.058784e-01
U00096.2:3842318-3842617(-)	-5.964174e-01
U00096.2:777476-777775(-)	-2.408026e-01
U00096.2:3326521-3326820(+)	-9.471081e-01
U00096.2:76044-76343(+)	-9.347421e-01
U00096.2:486779-487078(-)	-8.945789e-01
U00096.2:122377-122676(+)	-6.155031e-01
U00096.2:165224-165523(-)	-1.149177e-01
U00096.2:4296002-4296301(-)	-3.808998e-01
U00096.2:4455183-4455482(-)	-5.452175e-01
U00096.2:4344362-4344661(+)	-5.578060e-01
U00096.2:1734732-1735031(+)	-6.743338e-01
U00096.2:1595018-1595317(+)	-8.055155e-01
U00096.2:1537567-1537866(+)	-1.839684e-01
U00096.2:713415-713714(+)	-3.347121e-01
U00096.2:838112-838411(-)	-6.261381e-01
U00096.2:3385034-3385333(+)	-5.682949e-01
U00096.2:1424437-1424736(+)	-1.000000e+00
U00096.2:2232050-2232349(-)	-9.192747e-01
U00096.2:4343817-4344116(+)	-3.088604e-01
U00096.2:542229-542528(-)	-1.000000e+00
U00096.2:3018287-3018586(-)	-8.530716e-01
U00096.2:3030690-3030989(+)	-1.000000e+00
U00096.2:459297-459596(+)	-5.550506e-01
U00096.2:1436505-1436804(+)	-3.471345e-01
U00096.2:1773282-1773581(-)	-1.000000e+00
U00096.2:3070160-3070459(-)	-8.397461e-01
U00096.2:711272-711571(-)	-8.239800e-01
U00096.2:842014-842313(+)	-1.000000e+00
U00096.2:1525729-1526028(-)	-1.000000e+00
U00096.2:3867337-3867636(+)	-8.795093e-01
U00096.2:909123-909422(+)	-6.284595e-01
U00096.2:4171107-4171406(+)	-8.951782e-01
U00096.2:3378383-3378682(-)	-5.449385e-01
U00096.2:1637888-1638187(+)	-1.000000e+00
U00096.2:521829-522128(+)	-6.500619e-01
U00096.2:2556348-2556647(-)	-4.696833e-01
U00096.2:3905356-3905655(-)	-5.642793e-01
U00096.2:4570984-4571283(+)	-1.000000e+00
U00096.2:3366206-3366505(-)	-1.000000e+00
U00096.2:974710-975009(+)	-3.431415e-01
U00096.2:3975751-3976050(+)	-8.311204e-01
U00096.2:3008071-3008370(+)	-4.983506e-01
U00096.2:2252360-2252659(+)	-5.780556e-01
U00096.2:2284748-2285047(-)	-6.842187e-01
U00096.2:807093-807392(+)	-1.000000e+00
U00096.2:4336554-4336853(-)	-5.381578e-01
U00096.2:3087022-3087321(+)	-4.152552e-01
U00096.2:1968325-1968624(+)	-8.465862e-01
U00096.2:4507007-4507306(-)	-4.714722e-01
U00096.2:1473245-1473544(+)	-1.000000e+00
U00096.2:3608784-3609083(+)	-2.398706e-01
U00096.2:4421748-4422047(-)	-4.984077e-01
U00096.2:9605-9904(+)	-7.523892e-01
U00096.2:1735235-1735534(-)	-1.000000e+00
U00096.2:1027322-1027621(-)	-6.863208e-01
U00096.2:1641091-1641390(+)	-1.000000e+00
U00096.2:1256464-1256763(-)	-3.801079e-01
U00096.2:1687291-1687590(+)	-4.588003e-01
U00096.2:631086-631385(+)	-9.771311e-01
U00096.2:3319524-3319823(+)	-1.000000e+00
U00096.2:1137103-1137402(-)	-6.719633e-01
U00096.2:2339033-2339332(-)	-5.629752e-01
U00096.2:790096-790395(-)	-3.929343e-01
U00096.2:883206-883505(+)	-7.394706e-01
U00096.2:794550-794849(+)	-3.411823e-01
U00096.2:2448407-2448706(+)	-1.000000e+00
U00096.2:293548-293847(-)	-1.000000e+00
U00096.2:1112854-1113153(-)	-1.000000e+00
U00096.2:3105905-3106204(-)	-1.000000e+00
U00096.2:324783-325082(-)	-6.035739e-01
U00096.2:2398034-2398333(+)	-7.783574e-01
U00096.2:1420378-1420677(+)	-5.401408e-01
U00096.2:3458260-3458559(-)	-1.000000e+00
U00096.2:2648794-2649093(+)	-5.506444e-01
U00096.2:4576910-4577209(-)	-1.000000e+00
U00096.2:4026807-4027106(+)	-2.725345e-01
U00096.2:4307518-4307817(-)	-6.606939e-01
U00096.2:3877504-3877803(+)	-6.314553e-01
U00096.2:1444438-1444737(+)	-9.548907e-01
U00096.2:586424-586723(-)	-2.847086e-01
U00096.2:2462144-2462443(-)	-1.000000e+00
U00096.2:1877207-1877506(-)	-1.000000e+00
U00096.2:2401762-2402061(-)	-7.050754e-01
U00096.2:131481-131780(+)	-9.152566e-01
U00096.2:856827-857126(-)	-1.000000e+00
U00096.2:3386127-3386426(+)	-8.046834e-01
U00096.2:2332847-2333146(+)	-6.742067e-01
U00096.2:771621-771920(-)	-9.717447e-01
U00096.2:379463-379762(-)	-7.958015e-01
U00096.2:1166575-1166874(-)	-9.788041e-01
U00096.2:3486766-3487065(-)	-4.187726e-01
U00096.2:2303671-2303970(+)	-5.665153e-01
U00096.2:446652-446951(-)	-8.375936e-01
U00096.2:2583220-2583519(+)	-9.115041e-01
U00096.2:1674145-1674444(+)	-8.048019e-01
U00096.2:1960971-1961270(+)	-8.946361e-01
U00096.2:3966152-3966451(+)	-8.249139e-01
U00096.2:2250162-2250461(+)	-5.635326e-01
U00096.2:2517197-2517496(+)	-1.000000e+00
U00096.2:2991262-2991561(-)	-1.000000e+00
U00096.2:4385084-4385383(+)	-2.879147e-01
U00096.2:1670834-1671133(-)	-8.487718e-01
U00096.2:3184583-3184882(-)	-8.544242e-02
U00096.2:2103539-2103838(+)	-1.000000e+00
U00096.2:2526699-2526998(-)	-6.299646e-01
U00096.2:3812387-3812686(-)	-1.000000e+00
U00096.2:3886527-3886826(-)	-1.000000e+00
U00096.2:3508921-3509220(+)	-1.000000e+00
U00096.2:867749-868048(+)	-3.896646e-01
U00096.2:924262-924561(-)	-3.449093e-01
U00096.2:3567210-3567509(-)	-1.000000e+00
U00096.2:3879573-3879872(+)	-6.190719e-02
U00096.2:397471-397770(+)	-6.277216e-01
U00096.2:4184261-4184560(+)	-7.175761e-01
U00096.2:662414-662713(-)	-6.458041e-01
U00096.2:2510652-2510951(+)	-1.000000e+00
U00096.2:4111954-4112253(-)	-7.395199e-01
U00096.2:1250618-1250917(-)	-7.773576e-01
U00096.2:2258443-2258742(-)	-5.586166e-01
U00096.2:2326627-2326926(+)	-6.848120e-01
U00096.2:2956077-2956376(-)	-7.181077e-01
U00096.2:2666438-2666737(-)	-1.000000e+00
U00096.2:2378284-2378583(-)	-4.365711e-01
U00096.2:2828676-2828975(+)	-3.120087e-01
U00096.2:4369263-4369562(+)	-7.118794e-01
U00096.2:2143909-2144208(+)	-8.698244e-01
U00096.2:2600526-2600825(-)	-8.667130e-02
U00096.2:143341-143640(+)	-3.307195e-01
U00096.2:1743073-1743372(+)	-9.369561e-01
U00096.2:2098432-2098731(+)	-2.041764e-01
U00096.2:3384242-3384541(+)	-2.832846e-01
U00096.2:2064687-2064986(+)	-3.850327e-01
U00096.2:1013214-1013513(-)	-7.264621e-01
U00096.2:1885410-1885709(+)	-2.943265e-01
U00096.2:3508238-3508537(-)	-6.766272e-01
U00096.2:254071-254370(-)	-7.327636e-01
U00096.2:45221-45520(+)	-5.435948e-01
U00096.2:1500348-1500647(+)	-1.000000e+00
U00096.2:790831-791130(-)	-5.123705e-01
U00096.2:3871729-3872028(-)	-4.846898e-01
U00096.2:4089377-4089676(+)	-5.625888e-01
U00096.2:1651889-1652188(-)	-1.000000e+00
U00096.2:1427264-1427563(-)	-3.602948e-01
U00096.2:2554627-2554926(+)	-6.035157e-01
U00096.2:361337-361636(-)	-9.718891e-01
U00096.2:1176158-1176457(-)	-2.876271e-01
U00096.2:705690-705989(+)	-6.936609e-01
U00096.2:456701-457000(+)	-7.458408e-01
U00096.2:2896954-2897253(-)	-6.746487e-01
U00096.2:2314136-2314435(+)	-1.000000e+00
U00096.2:3005711-3006010(-)	-9.863934e-01
U00096.2:3761503-3761802(-)	-1.489787e-01
U00096.2:75019-75318(-)	-5.991767e-01
U00096.2:4375066-4375365(-)	-4.013826e-01
U00096.2:2791122-2791421(+)	-6.174010e-02
U00096.2:2238260-2238559(+)	-1.000000e+00
U00096.2:3577220-3577519(+)	-6.141804e-01
U00096.2:2355667-2355966(-)	-8.487472e-01
U00096.2:1164483-1164782(+)	-9.426045e-01
U00096.2:1319535-1319834(+)	-2.187547e-01
U00096.2:1485747-1486046(+)	-8.786704e-01
U00096.2:144747-145046(+)	-1.000000e+00
U00096.2:503986-504285(-)	-1.000000e+00
U00096.2:1290606-1290905(-)	-1.000000e+00
U00096.2:4506324-4506623(-)	-8.869880e-01
U00096.2:1012884-1013183(-)	-8.606808e-01
U00096.2:1440141-1440440(+)	-4.915597e-01
U00096.2:1139178-1139477(+)	-8.658336e-01
U00096.2:1950644-1950943(-)	-1.000000e+00
U00096.2:287173-287472(-)	-3.984026e-01
U00096.2:2530715-2531014(-)	-1.000000e+00
U00096.2:990868-991167(-)	-4.574780e-01
U00096.2:1583973-1584272(-)	-1.000000e+00
U00096.2:2204167-2204466(-)	-7.947285e-01
U00096.2:1497662-1497961(+)	-7.972269e-01
U00096.2:2739806-2740105(-)	-1.000000e+00
U00096.2:3286478-3286777(+)	-1.000000e+00
U00096.2:3281373-3281672(-)	-2.199169e-01
U00096.2:352560-352859(-)	-1.262237e-01
U00096.2:3323365-3323664(-)	-7.478756e-01
U00096.2:3744336-3744635(-)	-6.169204e-01
U00096.2:3998658-3998957(+)	-7.297116e-01
U00096.2:3948950-3949249(+)	-3.982431e-01
U00096.2:723833-724132(-)	-3.460295e-01
U00096.2:366496-366795(-)	-5.201810e-01
U00096.2:2895526-2895825(+)	-7.014261e-01
U00096.2:2224172-2224471(+)	-8.395241e-01
U00096.2:1483186-1483485(+)	-4.083611e-01
U00096.2:1330595-1330894(-)	-9.649183e-01
U00096.2:471805-472104(+)	-9.350315e-01
U00096.2:3231227-3231526(-)	-5.527617e-01
U00096.2:2917637-2917936(+)	-2.346015e-01
U00096.2:3069785-3070084(+)	-6.374396e-01
U00096.2:409068-409367(-)	-9.126185e-01
U00096.2:1719226-1719525(+)	-1.000000e+00
U00096.2:614385-614684(-)	-4.984625e-01
U00096.2:4361387-4361686(+)	-1.000000e+00
U00096.2:2300181-2300480(+)	-1.000000e+00
U00096.2:1407447-1407746(+)	-8.313239e-01
U00096.2:3076321-3076620(-)	-8.758217e-01
U00096.2:1173712-1174011(-)	-8.202939e-01
U00096.2:577863-578162(+)	-1.000000e+00
U00096.2:1153299-1153598(-)	-8.276826e-01
U00096.2:3801022-3801321(-)	-1.000000e+00
U00096.2:3215760-3216059(+)	-3.256446e-01
U00096.2:2719397-2719696(-)	-4.701228e-01
U00096.2:1550498-1550797(+)	-9.919589e-01
U00096.2:4482604-4482903(+)	-3.959081e-01
U00096.2:3119285-3119584(-)	-1.000000e+00
U00096.2:142024-142323(-)	-5.259195e-01
U00096.2:4447913-4448212(+)	-8.057646e-01
U00096.2:3854309-3854608(-)	-1.000000e+00
U00096.2:1826420-1826719(-)	-7.809742e-01
U00096.2:4315545-4315844(-)	-5.584580e-02
U00096.2:833729-834028(+)	-6.603165e-01
U00096.2:1437285-1437584(-)	-7.567442e-01
U00096.2:1258097-1258396(+)	-4.796714e-01
U00096.2:3488744-3489043(+)	-9.864095e-01
U00096.2:4240748-4241047(+)	-3.072915e-01
U00096.2:1348421-1348720(+)	-6.404398e-01
U00096.2:542760-543059(-)	-9.179795e-01
U00096.2:2468689-2468988(-)	-1.000000e+00
U00096.2:930875-931174(-)	-5.689231e-01
U00096.2:4602881-4603180(+)	-7.591659e-01
U00096.2:3625744-3626043(-)	-1.178165e-01
U00096.2:1145019-1145318(-)	-9.298541e-01
U00096.2:4041-4340(-)	-7.432011e-01
U00096.2:2025251-2025550(-)	-6.701744e-01
U00096.2:1515006-1515305(-)	-1.000000e+00
U00096.2:3081113-3081412(+)	-5.516123e-01
U00096.2:4160269-4160568(-)	-9.594560e-01
U00096.2:4085433-4085732(+)	-1.000000e+00
U00096.2:515588-515887(+)	-1.000000e+00
U00096.2:4391672-4391971(-)	-7.613593e-01
U00096.2:229886-230185(-)	-1.000000e+00
U00096.2:262866-263165(+)	-8.063204e-01
U00096.2:820014-820313(+)	-1.000000e+00
U00096.2:1303899-1304198(+)	-5.364646e-01
U00096.2:4485939-4486238(+)	-5.906396e-01
U00096.2:1279036-1279335(-)	-5.673116e-01
U00096.2:1359240-1359539(-)	-5.382677e-01
U00096.2:3052412-3052711(+)	-4.104807e-01
U00096.2:343232-343531(-)	-1.000000e+00
U00096.2:869118-869417(-)	-7.965080e-01
U00096.2:1442100-1442399(-)	-7.250899e-01
U00096.2:4509109-4509408(-)	-6.003665e-01
U00096.2:3608148-3608447(+)	-4.089196e-01
U00096.2:252280-252579(+)	-1.000000e+00
U00096.2:1038180-1038479(-)	-6.287230e-01
U00096.2:381569-381868(+)	-1.000000e+00
U00096.2:2445529-2445828(+)	-6.446281e-01
U00096.2:2755939-2756238(-)	-1.000000e+00
U00096.2:3900453-3900752(-)	-1.000000e+00
U00096.2:780730-781029(+)	-1.000000e+00
U00096.2:1481374-1481673(+)	-5.475434e-01
U00096.2:618937-619236(+)	-2.072762e-01
U00096.2:1911838-1912137(-)	-8.413982e-01
U00096.2:941098-941397(+)	-8.916314e-01
U00096.2:828790-829089(-)	-4.363508e-01
U00096.2:3116717-3117016(+)	-6.452974e-01
U00096.2:3287444-3287743(-)	-9.401256e-01
U00096.2:2794106-2794405(+)	-2.225836e-01
U00096.2:2741216-2741515(-)	-9.907757e-01
U00096.2:3058428-3058727(-)	-1.000000e+00
U00096.2:4419987-4420286(-)	-6.881502e-01
U00096.2:2240471-2240770(-)	-7.892838e-01
U00096.2:2747020-2747319(+)	-6.976649e-01
U00096.2:945409-945708(-)	-9.042194e-01
U00096.2:1996532-1996831(+)	-7.823184e-01
U00096.2:3554741-3555040(-)	-1.105174e-01
U00096.2:4043956-4044255(-)	-9.463517e-01
U00096.2:653755-654054(-)	-5.993213e-01
U00096.2:3681028-3681327(+)	-3.421317e-01
U00096.2:4064041-4064340(+)	-5.062401e-01
U00096.2:714629-714928(-)	-1.000000e+00
U00096.2:1529515-1529814(+)	-1.000000e+00
U00096.2:487374-487673(-)	-3.218884e-01
U00096.2:2776186-2776485(+)	-7.824589e-01
U00096.2:1980070-1980369(+)	-8.019104e-01
U00096.2:2518107-2518406(-)	-7.720589e-01
U00096.2:4386361-4386660(+)	-2.635185e-01
U00096.2:4148000-4148299(-)	-1.000000e+00
U00096.2:3030174-3030473(+)	-7.658744e-01
U00096.2:1738391-1738690(+)	-9.059991e-01
U00096.2:1297089-1297388(+)	-1.000000e+00
U00096.2:1443115-1443414(-)	-7.257687e-01
U00096.2:2012999-2013298(-)	-1.431391e-01
U00096.2:3995180-3995479(+)	-5.616404e-01
U00096.2:4491558-4491857(-)	-1.000000e+00
U00096.2:3212611-3212910(+)	-3.063550e-01
U00096.2:3910802-3911101(-)	-4.495993e-01
U00096.2:1363703-1364002(+)	-2.239828e-01
U00096.2:846340-846639(+)	-1.000000e+00
U00096.2:3888254-3888553(-)	-1.000000e+00
U00096.2:4017708-4018007(+)	-2.416757e-01
U00096.2:3179977-3180276(-)	-3.165111e-01
U00096.2:4608942-4609241(-)	-1.000000e+00
U00096.2:1770958-1771257(+)	-8.647810e-01
U00096.2:4446076-4446375(-)	-1.000000e+00
U00096.2:3073238-3073537(+)	-6.492605e-01
U00096.2:968176-968475(-)	-5.012921e-01
U00096.2:2139382-2139681(-)	-6.166158e-01
U00096.2:714023-714322(-)	-1.131969e-01
U00096.2:1487430-1487729(+)	-9.404091e-01
U00096.2:4265224-4265523(-)	-5.953322e-01
U00096.2:1529060-1529359(-)	-1.000000e+00
U00096.2:1958578-1958877(-)	-3.875316e-01
U00096.2:2936627-2936926(+)	-1.000000e+00
U00096.2:4475445-4475744(-)	-8.782753e-01
U00096.2:50238-50537(-)	-6.772609e-01
U00096.2:15640-15939(-)	-6.658550e-01
U00096.2:2773790-2774089(-)	-5.485894e-01
U00096.2:4515788-4516087(+)	-4.730496e-01
U00096.2:2581433-2581732(+)	-9.103593e-01
U00096.2:2352828-2353127(+)	-2.955700e-01
U00096.2:3849526-3849825(-)	-1.880297e-01
U00096.2:1415724-1416023(+)	-1.000000e+00
U00096.2:472780-473079(+)	-3.820408e-01
U00096.2:2961438-2961737(+)	-4.729308e-01
U00096.2:2905825-2906124(+)	-9.388485e-01
U00096.2:4093860-4094159(-)	-4.912580e-01
U00096.2:4547896-4548195(+)	-5.990886e-01
U00096.2:4387421-4387720(-)	-4.830268e-01
U00096.2:2245693-2245992(-)	-4.742388e-01
U00096.2:672510-672809(-)	-9.727314e-02
U00096.2:3941685-3941984(-)	-1.000000e+00
U00096.2:1834910-1835209(+)	-5.289406e-01
U00096.2:2320214-2320513(-)	-8.709492e-01
U00096.2:782104-782403(-)	-7.778201e-01
U00096.2:4117764-4118063(-)	-5.203759e-01
U00096.2:1265540-1265839(-)	-3.252556e-01
U00096.2:4152228-4152527(-)	-5.202902e-01
U00096.2:4396370-4396669(-)	-4.819509e-01
U00096.2:4090705-4091004(+)	-1.000000e+00
U00096.2:4507321-4507620(-)	-5.949279e-01
U00096.2:1012463-1012762(+)	-7.507241e-01
U00096.2:2001095-2001394(+)	-9.787947e-01
U00096.2:3711402-3711701(+)	-8.460235e-01
U00096.2:3408985-3409284(-)	-1.000000e+00
U00096.2:372217-372516(+)	-3.006632e-01
U00096.2:3426378-3426677(-)	-1.000000e+00
U00096.2:3707653-3707952(-)	-9.384929e-01
U00096.2:1872529-1872828(-)	-2.072707e-01
U00096.2:189042-189341(-)	-4.449954e-01
U00096.2:3979767-3980066(-)	-7.277948e-01
U00096.2:3592891-3593190(+)	-3.371126e-01
U00096.2:4333695-4333994(-)	-9.539654e-01
U00096.2:3778415-3778714(-)	-5.374969e-01
U00096.2:4059096-4059395(+)	-1.000000e+00
U00096.2:33412-33711(-)	-3.813397e-01
U00096.2:53961-54260(-)	-3.288667e-02
U00096.2:840201-840500(-)	-6.926191e-01
U00096.2:3589576-3589875(+)	-3.231401e-01
U00096.2:2591623-2591922(+)	-8.925859e-01
U00096.2:1712573-1712872(+)	-5.316495e-01
U00096.2:3280167-3280466(+)	-7.862724e-02
U00096.2:2060600-2060899(-)	-7.490057e-01
U00096.2:1113810-1114109(-)	-7.949730e-01
U00096.2:3050741-3051040(+)	-5.722657e-01
U00096.2:3146800-3147099(+)	-7.340455e-01
U00096.2:2067797-2068096(+)	-3.437580e-01
U00096.2:2523116-2523415(+)	-1.000000e+00
U00096.2:2852839-2853138(-)	-8.125460e-01
U00096.2:1892652-1892951(+)	-8.970646e-01
U00096.2:4221845-4222144(-)	-6.492814e-01
U00096.2:2878647-2878946(-)	-1.000000e+00
U00096.2:64131-64430(+)	-3.360054e-01
U00096.2:1817753-1818052(-)	-1.000000e+00
U00096.2:1010507-1010806(-)	-4.621524e-01
U00096.2:2040149-2040448(-)	-1.000000e+00
U00096.2:1414650-1414949(+)	-9.441568e-01
U00096.2:1727796-1728095(+)	-3.726048e-01
U00096.2:2007550-2007849(+)	-1.000000e+00
U00096.2:3458855-3459154(-)	-1.000000e+00
U00096.2:3269603-3269902(-)	-7.189650e-01
U00096.2:1911031-1911330(-)	-9.021291e-01
U00096.2:1251932-1252231(+)	-1.000000e+00
U00096.2:2833043-2833342(+)	-8.129867e-01
U00096.2:4020974-4021273(-)	-1.640235e-01
U00096.2:124535-124834(+)	-3.211826e-01
U00096.2:85803-86102(+)	-9.099252e-01
U00096.2:2788409-2788708(+)	-4.808405e-01
U00096.2:3946847-3947146(-)	-5.757753e-01
U00096.2:870389-870688(+)	-1.330134e-01
U00096.2:861878-862177(+)	-1.000000e+00
U00096.2:268345-268644(+)	-1.000000e+00
U00096.2:4550532-4550831(+)	-3.357620e-01
U00096.2:2215058-2215357(+)	-9.752721e-01
U00096.2:265355-265654(+)	-7.717727e-01
U00096.2:2159478-2159777(-)	-5.589102e-01
U00096.2:2564948-2565247(-)	-1.049974e-01
U00096.2:3856138-3856437(-)	-7.252689e-01
U00096.2:3752651-3752950(-)	-9.184959e-01
U00096.2:3039359-3039658(-)	-6.102305e-01
U00096.2:3571759-3572058(+)	-4.026799e-01
U00096.2:667449-667748(-)	-7.678477e-01
U00096.2:1816403-1816702(+)	-1.000000e+00
U00096.2:3926522-3926821(-)	-6.526818e-01
U00096.2:2825254-2825553(+)	-7.321602e-01
U00096.2:3710491-3710790(-)	-8.842524e-01
U00096.2:2847057-2847356(-)	-8.179994e-01
U00096.2:1245917-1246216(-)	-6.431759e-01
U00096.2:2311815-2312114(+)	-9.422784e-01
U00096.2:1384863-1385162(+)	-9.352561e-01
U00096.2:3659067-3659366(+)	-6.045860e-01
U00096.2:642327-642626(-)	-1.000000e+00
U00096.2:236069-236368(-)	-8.276856e-01
U00096.2:4281498-4281797(+)	-3.746959e-01
U00096.2:347997-348296(-)	-2.315378e-01
U00096.2:2703078-2703377(+)	-7.567491e-01
U00096.2:1838333-1838632(-)	-5.391772e-01
U00096.2:4635810-4636109(+)	-7.098370e-01
U00096.2:3616564-3616863(+)	-6.862955e-01
U00096.2:2330178-2330477(+)	-7.919811e-01
U00096.2:279756-280055(-)	-7.542139e-01
U00096.2:508337-508636(+)	-1.037789e-01
U00096.2:4406547-4406846(-)	-5.343014e-01
U00096.2:1469650-1469949(+)	-9.704409e-01
U00096.2:1244127-1244426(-)	-1.000000e+00
U00096.2:3901087-3901386(-)	-4.699509e-01
U00096.2:2513081-2513380(+)	-9.856016e-01
U00096.2:1022265-1022564(-)	-7.538443e-01
U00096.2:49276-49575(-)	-5.461958e-01
U00096.2:2762105-2762404(+)	-1.000000e+00
U00096.2:1641976-1642275(+)	-7.935658e-01
U00096.2:2742386-2742685(+)	-1.000000e+00
U00096.2:1373665-1373964(+)	-4.200527e-01
U00096.2:4417388-4417687(+)	-9.402493e-01
U00096.2:2668378-2668677(-)	-6.330044e-01
U00096.2:1117278-1117577(+)	-7.558449e-01
U00096.2:2537353-2537652(-)	-5.675699e-01
U00096.2:4387798-4388097(-)	-9.299819e-01
U00096.2:1080967-1081266(+)	-6.053011e-01
U00096.2:4275990-4276289(+)	-1.000000e+00
U00096.2:4421199-4421498(+)	-5.038591e-01
U00096.2:1701310-1701609(-)	-6.921150e-01
U00096.2:3954886-3955185(+)	-4.562756e-01
U00096.2:2431316-2431615(+)	-2.758445e-01
U00096.2:79027-79326(+)	-4.028331e-01
U00096.2:1022589-1022888(-)	-7.923367e-01
U00096.2:3819977-3820276(+)	-9.092387e-01
U00096.2:3619284-3619583(+)	-4.622218e-01
U00096.2:2593737-2594036(-)	-1.000000e+00
U00096.2:4241051-4241350(+)	-5.069055e-01
U00096.2:1552614-1552913(+)	-6.679806e-01
U00096.2:3361055-3361354(-)	-1.000000e+00
U00096.2:3092149-3092448(+)	-7.690560e-01
U00096.2:3722826-3723125(-)	-3.418466e-01
U00096.2:3090545-3090844(+)	-6.292682e-01
U00096.2:3019931-3020230(-)	-1.000000e+00
U00096.2:4136702-4137001(+)	-6.289858e-01
U00096.2:4245903-4246202(-)	-1.000000e+00
U00096.2:3045724-3046023(+)	-3.891145e-01
U00096.2:1136328-1136627(+)	-5.063012e-01
U00096.2:858685-858984(+)	-9.878800e-01
U00096.2:1088702-1089001(-)	-7.699857e-01
U00096.2:2006861-2007160(+)	-5.533296e-01
U00096.2:4042340-4042639(+)	-1.000000e+00
U00096.2:2604411-2604710(+)	-5.848050e-01
U00096.2:1325140-1325439(+)	-3.507108e-01
U00096.2:4613424-4613723(+)	-7.941518e-01
U00096.2:3336675-3336974(-)	-6.453516e-01
U00096.2:50624-50923(-)	-6.655243e-01
U00096.2:64483-64782(-)	-6.073528e-01
U00096.2:1941891-1942190(+)	-5.756658e-01
U00096.2:4628916-4629215(-)	-8.673964e-01
U00096.2:42823-43122(-)	-5.366205e-01
U00096.2:3796935-3797234(-)	-1.000000e+00
U00096.2:2443511-2443810(-)	-8.823183e-01
U00096.2:211415-211714(+)	-1.000000e+00
U00096.2:1922547-1922846(-)	-1.000000e+00
U00096.2:520103-520402(+)	-4.599576e-01
U00096.2:842729-843028(+)	-8.023123e-01
U00096.2:2466717-2467016(+)	-1.000000e+00
U00096.2:79604-79903(+)	-4.134309e-01
U00096.2:2073815-2074114(+)	-1.000000e+00
U00096.2:215968-216267(+)	-1.000000e+00
U00096.2:2863797-2864096(-)	-6.742577e-01
U00096.2:3709324-3709623(+)	-6.847053e-01
U00096.2:2639158-2639457(-)	-3.667124e-01
U00096.2:3738096-3738395(-)	-7.713381e-01
U00096.2:982441-982740(-)	-1.000000e+00
U00096.2:1326903-1327202(-)	-8.499461e-01
U00096.2:3647342-3647641(+)	-2.935553e-01
U00096.2:3381010-3381309(-)	-7.680387e-01
U00096.2:2606021-2606320(-)	-1.851312e-01
U00096.2:2526068-2526367(+)	-3.163583e-01
U00096.2:1431638-1431937(-)	-1.000000e+00
U00096.2:2919046-2919345(+)	-6.604052e-01
U00096.2:4187513-4187812(+)	-1.000000e+00
U00096.2:1348087-1348386(+)	-1.000000e+00
U00096.2:425486-425785(-)	-6.423672e-01
U00096.2:1855888-1856187(+)	-1.000000e+00
U00096.2:3157262-3157561(-)	-5.293716e-01
U00096.2:3483215-3483514(+)	-8.621731e-01
U00096.2:4217483-4217782(+)	-8.088369e-01
U00096.2:2104746-2105045(+)	-1.000000e+00
U00096.2:532662-532961(+)	-6.268459e-01
U00096.2:1253010-1253309(+)	-8.431831e-01
U00096.2:490740-491039(+)	-5.573095e-01
U00096.2:2488900-2489199(-)	-9.287824e-01
U00096.2:3848477-3848776(+)	-4.534512e-01
U00096.2:2369797-2370096(+)	-9.825092e-01
U00096.2:2101395-2101694(+)	-1.000000e+00
U00096.2:871625-871924(+)	-6.699372e-01
U00096.2:2296581-2296880(-)	-6.768247e-01
U00096.2:593146-593445(-)	-7.097462e-01
U00096.2:1825564-1825863(-)	-6.959775e-01
U00096.2:1632037-1632336(-)	-8.481068e-01
U00096.2:2048910-2049209(-)	-6.241129e-01
U00096.2:3736001-3736300(+)	-5.788801e-01
U00096.2:4319408-4319707(-)	-2.054027e-02
U00096.2:116687-116986(-)	-7.130057e-01
U00096.2:1668787-1669086(+)	-9.625614e-01
U00096.2:4199106-4199405(+)	-6.524435e-01
U00096.2:2389447-2389746(-)	-4.341279e-01
U00096.2:4069646-4069945(-)	-8.233575e-01
U00096.2:4348804-4349103(-)	-7.975730e-01
U00096.2:3539884-3540183(+)	-3.885275e-01
U00096.2:2629680-2629979(-)	-6.068439e-01
U00096.2:899625-899924(+)	-1.000000e+00
U00096.2:336062-336361(+)	-6.213919e-01
U00096.2:3994205-3994504(-)	-7.184218e-01
U00096.2:1540285-1540584(-)	-5.453857e-01
U00096.2:1904484-1904783(-)	-8.355288e-01
U00096.2:3734225-3734524(-)	-1.000000e+00
U00096.2:1808881-1809180(-)	-1.000000e+00
U00096.2:4191869-4192168(+)	-3.711526e-01
U00096.2:121933-122232(-)	-1.000000e+00
U00096.2:2331649-2331948(+)	-1.000000e+00
U00096.2:1720130-1720429(+)	-7.519879e-01
U00096.2:2015610-2015909(+)	-1.961530e-01
U00096.2:4422503-4422802(-)	-1.000000e+00
U00096.2:425929-426228(-)	-6.225255e-01
U00096.2:3990838-3991137(-)	-5.609142e-01
U00096.2:653406-653705(-)	-5.393744e-01
U00096.2:3047710-3048009(+)	-4.937417e-01
U00096.2:305996-306295(-)	-8.717156e-01
U00096.2:3312536-3312835(+)	-4.962623e-01
U00096.2:2676610-2676909(-)	-1.000000e+00
U00096.2:384666-384965(-)	-4.202079e-01
U00096.2:4250795-4251094(+)	-1.000000e+00
U00096.2:1370128-1370427(-)	-3.792359e-01
U00096.2:763885-764184(-)	-5.054746e-01
U00096.2:1662849-1663148(+)	-9.550493e-01
U00096.2:3651006-3651305(+)	-1.000000e+00
U00096.2:3225229-3225528(+)	-6.235627e-01
U00096.2:1740519-1740818(+)	-8.377051e-01
U00096.2:3480992-3481291(+)	-2.094413e-03
U00096.2:3374973-3375272(-)	-6.770524e-01
U00096.2:3660643-3660942(+)	-6.026255e-01
U00096.2:4513617-4513916(-)	-3.131727e-01
U00096.2:3862667-3862966(+)	-5.728709e-01
U00096.2:613434-613733(+)	-5.308509e-01
U00096.2:2679214-2679513(-)	-1.431289e-01
U00096.2:4120796-4121095(+)	-3.781768e-01
U00096.2:3494256-3494555(+)	-4.018763e-01
U00096.2:2181637-2181936(+)	-6.218177e-01
U00096.2:3571085-3571384(-)	-9.683233e-01
U00096.2:3471876-3472175(-)	-1.000000e+00
U00096.2:1163647-1163946(+)	-7.698354e-01
U00096.2:4535565-4535864(-)	-1.000000e+00
U00096.2:3715559-3715858(-)	-5.903673e-01
U00096.2:2148726-2149025(+)	-1.000000e+00
U00096.2:1667953-1668252(+)	-7.399403e-01
U00096.2:515002-515301(+)	-1.000000e+00
U00096.2:2654081-2654380(-)	-7.013747e-01
U00096.2:4091951-4092250(-)	-4.488012e-01
U00096.2:2021108-2021407(-)	-3.749093e-01
U00096.2:632385-632684(+)	-5.029904e-01
U00096.2:1498850-1499149(+)	-5.173422e-01
U00096.2:1471179-1471478(-)	-5.685302e-01
U00096.2:985709-986008(+)	-9.013763e-01
U00096.2:1689520-1689819(-)	-1.000000e+00
U00096.2:439100-439399(-)	-3.679364e-01
U00096.2:1778601-1778900(+)	-6.892887e-01
U00096.2:1874634-1874933(-)	-1.000000e+00
U00096.2:4272362-4272661(-)	-5.133897e-02
U00096.2:629473-629772(+)	-2.593819e-01
U00096.2:1024953-1025252(-)	-8.199040e-01
U00096.2:1196983-1197282(-)	-1.000000e+00
U00096.2:3893283-3893582(+)	-4.105465e-01
U00096.2:2804572-2804871(+)	-1.750430e-01
U00096.2:4376832-4377131(-)	-1.000000e+00
U00096.2:1864627-1864926(+)	-1.000000e+00
U00096.2:198484-198783(+)	-6.239005e-01
U00096.2:2770756-2771055(-)	-6.234469e-01
U00096.2:3386560-3386859(-)	-3.289360e-01
U00096.2:2061289-2061588(-)	-1.000000e+00
U00096.2:3540288-3540587(-)	-4.587064e-01
U00096.2:1418603-1418902(-)	-1.000000e+00
U00096.2:2246870-2247169(-)	-5.374897e-01
U00096.2:725249-725548(+)	-2.200297e-01
U00096.2:4607520-4607819(-)	-5.596543e-01
U00096.2:4613763-4614062(+)	-4.462123e-01
U00096.2:4182944-4183243(-)	-6.567532e-01
U00096.2:2966215-2966514(-)	-8.145184e-01
U00096.2:698103-698402(-)	-7.596012e-01
U00096.2:485798-486097(+)	-1.000000e+00
U00096.2:3394058-3394357(-)	-8.309410e-01
U00096.2:1591434-1591733(-)	-7.984186e-01
U00096.2:2412184-2412483(-)	-6.294346e-01
U00096.2:591066-591365(+)	-6.873652e-01
U00096.2:337194-337493(+)	-2.907569e-01
U00096.2:2382070-2382369(+)	-1.000000e+00
U00096.2:853205-853504(-)	-6.279894e-01
U00096.2:961630-961929(-)	-5.323303e-01
U00096.2:38155-38454(+)	-6.259447e-01
U00096.2:4002389-4002688(+)	-6.297520e-01
U00096.2:3023444-3023743(-)	-1.000000e+00
U00096.2:896679-896978(-)	-5.764699e-01
U00096.2:1661430-1661729(-)	-5.686193e-01
U00096.2:3137077-3137376(-)	-4.360235e-01
U00096.2:2440282-2440581(-)	-5.655219e-01
U00096.2:2935136-2935435(+)	-8.590878e-01
U00096.2:4377846-4378145(-)	-4.082079e-01
U00096.2:829689-829988(-)	-1.000000e+00
U00096.2:2636479-2636778(+)	-1.000000e+00
U00096.2:3844790-3845089(+)	-8.253417e-01
U00096.2:1368788-1369087(+)	-8.755219e-01
U00096.2:2804187-2804486(-)	-2.105555e-01
U00096.2:2277175-2277474(+)	-4.942762e-01
U00096.2:4460033-4460332(-)	-3.760911e-01
U00096.2:3583713-3584012(+)	-6.626656e-01
U00096.2:3284348-3284647(-)	-5.008404e-01
U00096.2:1570054-1570353(-)	-1.000000e+00
U00096.2:1503749-1504048(-)	-5.075519e-01
U00096.2:1487930-1488229(+)	-5.717342e-01
U00096.2:4256752-4257051(+)	-3.634199e-01
U00096.2:248735-249034(+)	-2.184209e-01
U00096.2:842385-842684(-)	-5.957123e-01
U00096.2:3847016-3847315(-)	-3.830521e-01
U00096.2:2606863-2607162(+)	-5.248020e-01
U00096.2:736183-736482(-)	-1.000000e+00
U00096.2:1519874-1520173(-)	-6.885412e-01
U00096.2:4291447-4291746(-)	-3.732653e-01
U00096.2:3346985-3347284(-)	-8.282681e-01
U00096.2:1729188-1729487(-)	-8.938173e-01
U00096.2:1322612-1322911(-)	-9.489946e-01
U00096.2:3104506-3104805(-)	-5.787682e-01
U00096.2:2094391-2094690(-)	-9.912993e-01
U00096.2:338318-338617(+)	-3.124571e-02
U00096.2:2016600-2016899(+)	-9.116885e-01
U00096.2:196220-196519(-)	-1.000000e+00
U00096.2:3442878-3443177(-)	-5.917442e-01
U00096.2:1078645-1078944(-)	-8.638883e-01
U00096.2:2149568-2149867(-)	-1.000000e+00
U00096.2:2020465-2020764(+)	-4.544335e-01
U00096.2:617809-618108(-)	-8.795570e-01
U00096.2:3528534-3528833(-)	-8.614554e-01
U00096.2:2124619-2124918(-)	-5.193933e-01
U00096.2:47382-47681(-)	-2.813494e-01
U00096.2:2947558-2947857(+)	-5.432166e-01
U00096.2:645210-645509(-)	-1.000000e+00
U00096.2:1937562-1937861(-)	-7.424238e-01
U00096.2:3498394-3498693(-)	-4.423868e-01
U00096.2:4475099-4475398(+)	-1.000000e+00
U00096.2:1857137-1857436(-)	-1.000000e+00
U00096.2:3496411-3496710(+)	-1.542163e-01
U00096.2:3419057-3419356(+)	-8.147950e-01
U00096.2:3831188-3831487(-)	-9.596678e-01
U00096.2:2353607-2353906(+)	-5.353087e-01
U00096.2:1454126-1454425(+)	-8.105829e-01
U00096.2:700545-700844(-)	-6.076466e-01
U00096.2:1282955-1283254(-)	-4.580003e-01
U00096.2:1177475-1177774(+)	-9.942636e-01
U00096.2:3160408-3160707(-)	-5.671991e-01
U00096.2:934364-934663(-)	-3.052403e-01
U00096.2:603643-603942(+)	-1.000000e+00
U00096.2:3094182-3094481(-)	-8.571603e-01
U00096.2:3726309-3726608(+)	-8.031036e-01
U00096.2:4100820-4101119(-)	-8.554847e-01
U00096.2:3024993-3025292(-)	-9.180114e-01
U00096.2:3864957-3865256(-)	-1.000000e+00
U00096.2:429730-430029(+)	-9.921011e-01
U00096.2:3339744-3340043(-)	-5.632140e-01
U00096.2:3862119-3862418(+)	-5.520451e-01
U00096.2:76380-76679(+)	-5.386071e-01
U00096.2:4516706-4517005(-)	-6.368420e-01
U00096.2:1419420-1419719(-)	-1.000000e+00
U00096.2:1660371-1660670(+)	-1.000000e+00
U00096.2:1451864-1452163(-)	-1.000000e+00
U00096.2:2079913-2080212(-)	-1.000000e+00
U00096.2:4203846-4204145(-)	-3.696428e-01
U00096.2:4251372-4251671(-)	-7.072028e-01
U00096.2:4312934-4313233(+)	-7.136674e-02
U00096.2:3150438-3150737(+)	-8.656567e-01
U00096.2:1766648-1766947(-)	-1.000000e+00
U00096.2:960427-960726(+)	-6.118195e-01
U00096.2:4027943-4028242(-)	-6.254667e-01
U00096.2:3411638-3411937(-)	-1.000000e+00
U00096.2:1609422-1609721(-)	-8.316579e-01
U00096.2:4063001-4063300(+)	-1.000000e+00
U00096.2:3705346-3705645(+)	-5.650891e-01
U00096.2:3821554-3821853(+)	-6.204879e-01
U00096.2:2912654-2912953(-)	-5.173521e-01
U00096.2:261348-261647(-)	-6.531632e-01
U00096.2:91254-91553(+)	-1.000000e+00
U00096.2:1534396-1534695(+)	-7.771045e-01
U00096.2:3589046-3589345(-)	-4.286792e-01
U00096.2:3121837-3122136(-)	-2.252049e-01
U00096.2:1597006-1597305(+)	-8.643107e-01
U00096.2:385362-385661(-)	-7.697356e-01
U00096.2:3602627-3602926(+)	-6.354802e-01
U00096.2:2573758-2574057(+)	-1.000000e+00
U00096.2:2362377-2362676(-)	-1.000000e+00
U00096.2:2364649-2364948(-)	-1.000000e+00
U00096.2:4079344-4079643(-)	-9.173639e-01
U00096.2:2913754-2914053(+)	-4.314502e-01
U00096.2:70502-70801(-)	-9.898406e-01
U00096.2:1170914-1171213(-)	-4.358256e-01
U00096.2:843883-844182(-)	-7.274955e-01
U00096.2:139094-139393(-)	-3.079287e-01
U00096.2:374112-374411(+)	-7.671277e-01
U00096.2:2598611-2598910(-)	-1.000000e+00
U00096.2:2563626-2563925(+)	-2.067997e-01
U00096.2:1637451-1637750(-)	-9.663434e-01
U00096.2:3514822-3515121(-)	-6.633689e-01
U00096.2:3627368-3627667(+)	-3.413192e-01
U00096.2:1601559-1601858(-)	-5.685718e-01
U00096.2:3595412-3595711(+)	-1.000000e+00
U00096.2:657351-657650(-)	-8.087999e-01
U00096.2:2854098-2854397(-)	-2.817987e-01
U00096.2:581959-582258(+)	-1.000000e+00
U00096.2:3611338-3611637(-)	-9.298657e-01
U00096.2:1369371-1369670(+)	-1.000000e+00
U00096.2:3239981-3240280(+)	-3.871100e-01
U00096.2:560086-560385(+)	-1.000000e+00
U00096.2:1588615-1588914(-)	-1.000000e+00
U00096.2:1946687-1946986(-)	-8.657749e-01
U00096.2:447885-448184(-)	-6.364744e-01
U00096.2:3060130-3060429(+)	-2.151517e-01
U00096.2:4218337-4218636(-)	-1.000000e+00
U00096.2:3824625-3824924(-)	-6.579046e-01
U00096.2:175243-175542(+)	-3.059663e-01
U00096.2:272669-272968(-)	-8.694653e-01
U00096.2:4044419-4044718(-)	-1.000000e+00
U00096.2:4611442-4611741(+)	-1.000000e+00
U00096.2:4139291-4139590(+)	-7.662734e-01
U00096.2:2685752-2686051(+)	-5.012690e-01
U00096.2:2568190-2568489(+)	-2.530340e-01
U00096.2:2724737-2725036(-)	-1.000000e+00
U00096.2:3576234-3576533(-)	-3.145268e-01
U00096.2:221465-221764(+)	-7.797987e-01
U00096.2:4036505-4036804(-)	-5.674609e-01
U00096.2:3307379-3307678(-)	-6.168293e-01
U00096.2:4245201-4245500(+)	-1.805178e-02
U00096.2:3557099-3557398(+)	-3.196324e-01
U00096.2:1433871-1434170(-)	-9.767504e-01
U00096.2:3672053-3672352(-)	-5.509804e-01
U00096.2:589351-589650(-)	-6.201233e-01
U00096.2:99795-100094(-)	-5.883403e-01
U00096.2:4157201-4157500(-)	-3.483111e-01
U00096.2:4253035-4253334(-)	-3.129342e-01
U00096.2:1245251-1245550(-)	-5.854789e-01
U00096.2:4496829-4497128(+)	-1.227269e-01
U00096.2:1321600-1321899(+)	-7.855777e-01
U00096.2:1082228-1082527(+)	-5.631900e-01
U00096.2:3932807-3933106(-)	-8.206005e-01
U00096.2:893781-894080(+)	-4.745901e-01
U00096.2:3887926-3888225(+)	-1.000000e+00
U00096.2:3609094-3609393(-)	-3.471062e-01
U00096.2:1471780-1472079(+)	-5.105292e-01
U00096.2:2874586-2874885(+)	-1.000000e+00
U00096.2:3748465-3748764(+)	-5.833540e-01
U00096.2:3095027-3095326(+)	-5.828216e-01
U00096.2:3465354-3465653(+)	-7.802927e-01
U00096.2:876510-876809(+)	-6.091328e-01
U00096.2:859888-860187(+)	-2.589535e-01
U00096.2:2256860-2257159(+)	-1.000000e+00
U00096.2:3664826-3665125(-)	-2.172821e-01
U00096.2:3884353-3884652(-)	-5.746986e-01
U00096.2:1607941-1608240(-)	-7.678737e-01
U00096.2:4163533-4163832(+)	-5.567755e-01
U00096.2:3379436-3379735(-)	-4.300203e-01
U00096.2:192572-192871(-)	-1.000000e+00
U00096.2:3421372-3421671(+)	-9.448706e-01
U00096.2:3072161-3072460(-)	-9.561057e-01
U00096.2:97498-97797(+)	-7.807041e-01
U00096.2:504624-504923(+)	-6.594699e-01
U00096.2:599429-599728(-)	-5.929795e-01
U00096.2:3367290-3367589(-)	-1.000000e+00
U00096.2:3686540-3686839(-)	-5.804049e-01
U00096.2:1924557-1924856(+)	-4.231873e-01
U00096.2:2602108-2602407(-)	-7.085759e-02
U00096.2:1758766-1759065(+)	-4.240987e-01
U00096.2:3391028-3391327(-)	-8.288341e-01
U00096.2:1813230-1813529(+)	-8.151261e-01
U00096.2:4272908-4273207(+)	-1.000000e+00
U00096.2:4624416-4624715(-)	-4.425588e-01
U00096.2:887844-888143(-)	-7.982668e-01
U00096.2:3916052-3916351(+)	-8.821084e-01
U00096.2:1210889-1211188(+)	-1.000000e+00
U00096.2:2373034-2373333(+)	-2.942435e-01
U00096.2:3491628-3491927(+)	-1.000000e+00
U00096.2:1895878-1896177(-)	-3.632074e-01
U00096.2:3319072-3319371(+)	-1.000000e+00
U00096.2:4306638-4306937(-)	-3.458953e-01
U00096.2:3761150-3761449(-)	-6.533487e-01
U00096.2:682012-682311(+)	-6.978918e-01
U00096.2:3925873-3926172(+)	-2.888428e-02
U00096.2:1538553-1538852(-)	-7.079782e-01
U00096.2:378752-379051(-)	-7.310844e-01
U00096.2:2695251-2695550(+)	-1.000000e+00
U00096.2:2091025-2091324(+)	-7.334669e-01
U00096.2:1375313-1375612(-)	-4.657356e-01
U00096.2:3981479-3981778(+)	-8.291335e-01
U00096.2:1628136-1628435(-)	-9.870293e-01
U00096.2:2241545-2241844(-)	-1.000000e+00
U00096.2:465898-466197(+)	-8.550429e-01
U00096.2:2842337-2842636(+)	-5.210537e-01
U00096.2:2898109-2898408(-)	-1.000000e+00
U00096.2:3095502-3095801(+)	-4.574828e-01
U00096.2:4355711-4356010(+)	-1.000000e+00
U00096.2:1356783-1357082(-)	-3.141553e-01
U00096.2:339729-340028(-)	-7.480386e-01
U00096.2:1352438-1352737(-)	-5.994227e-01
U00096.2:2786704-2787003(+)	-1.000000e+00
U00096.2:2547020-2547319(-)	-6.591312e-01
U00096.2:1796780-1797079(-)	-9.582295e-01
U00096.2:1880580-1880879(+)	-4.190984e-01
U00096.2:4084797-4085096(-)	-1.000000e+00
U00096.2:1431033-1431332(+)	-7.475852e-01
U00096.2:3531186-3531485(+)	-6.899850e-01
U00096.2:1834419-1834718(+)	-5.607798e-01
U00096.2:2161277-2161576(+)	-9.568501e-02
U00096.2:3574330-3574629(-)	-1.989802e-01
U00096.2:86874-87173(-)	-4.575831e-01
U00096.2:1605811-1606110(-)	-5.462955e-01
U00096.2:1897738-1898037(+)	-6.635846e-01
U00096.2:7229-7528(+)	-1.000000e+00
U00096.2:837164-837463(+)	-1.000000e+00
U00096.2:772741-773040(-)	-9.268510e-03
U00096.2:4066494-4066793(+)	-9.770733e-01
U00096.2:3993549-3993848(-)	-9.668936e-01
U00096.2:2196332-2196631(-)	-1.000000e+00
U00096.2:4304207-4304506(+)	-5.026217e-01
U00096.2:3265646-3265945(+)	-1.000000e+00
U00096.2:740803-741102(-)	-8.607849e-01
U00096.2:3124693-3124992(+)	-4.338755e-01
U00096.2:2779927-2780226(-)	-1.000000e+00
U00096.2:4618857-4619156(+)	-9.173004e-01
U00096.2:1218065-1218364(+)	-1.000000e+00
U00096.2:2033030-2033329(+)	-8.894273e-01
U00096.2:3080130-3080429(-)	-1.000000e+00
U00096.2:1596088-1596387(+)	-1.000000e+00
U00096.2:4121574-4121873(-)	-4.497899e-01
U00096.2:3912254-3912553(+)	-9.405188e-01
U00096.2:3002055-3002354(+)	-7.972635e-01
U00096.2:2505649-2505948(-)	-8.939655e-01
U00096.2:3002618-3002917(+)	-9.761367e-01
U00096.2:1635516-1635815(+)	-1.000000e+00
U00096.2:1708805-1709104(+)	-5.259592e-01
U00096.2:2718961-2719260(+)	-7.302667e-01
U00096.2:1854369-1854668(+)	-1.000000e+00
U00096.2:4024515-4024814(-)	-1.000000e+00
U00096.2:3277773-3278072(+)	-2.255314e-01
U00096.2:2530244-2530543(-)	-1.000000e+00
U00096.2:4333283-4333582(-)	-1.000000e+00
U00096.2:482091-482390(-)	-5.932229e-01
U00096.2:3216199-3216498(+)	-4.474099e-01
U00096.2:2681958-2682257(+)	-8.768942e-01
U00096.2:1045186-1045485(-)	-8.198739e-01
U00096.2:4529664-4529963(-)	-1.000000e+00
U00096.2:408385-408684(-)	-4.408434e-01
U00096.2:1607623-1607922(-)	-4.695777e-01
U00096.2:1578287-1578586(+)	-1.000000e+00
U00096.2:2005525-2005824(+)	-6.365368e-01
U00096.2:826236-826535(-)	-6.419529e-01
U00096.2:3977515-3977814(+)	-4.549236e-01
U00096.2:4478865-4479164(-)	-1.000000e+00
U00096.2:1201613-1201912(+)	-1.000000e+00
U00096.2:3456674-3456973(-)	-1.000000e+00
U00096.2:3724000-3724299(+)	-9.706495e-01
U00096.2:395957-396256(-)	-9.326240e-01
U00096.2:2432957-2433256(+)	-8.196608e-01
U00096.2:581607-581906(-)	-1.000000e+00
U00096.2:1784013-1784312(+)	-5.642576e-01
U00096.2:2232563-2232862(-)	-6.634068e-01
U00096.2:3067937-3068236(-)	-1.000000e+00
U00096.2:3760380-3760679(-)	-2.769557e-01
U00096.2:331975-332274(-)	-1.000000e+00
U00096.2:749854-750153(+)	-1.000000e+00
U00096.2:4091575-4091874(-)	-3.604491e-01
U00096.2:2980754-2981053(-)	-7.462229e-01
U00096.2:67723-68022(+)	-2.979985e-01
U00096.2:2797820-2798119(+)	-9.889708e-01
U00096.2:446128-446427(-)	-6.142346e-01
U00096.2:3562263-3562562(-)	-6.199480e-01
U00096.2:2792898-2793197(-)	-9.848850e-01
U00096.2:4300635-4300934(+)	-6.237931e-01
U00096.2:1466433-1466732(-)	-4.369664e-01
U00096.2:55846-56145(-)	-7.210418e-01
U00096.2:4237210-4237509(+)	-3.100480e-01
U00096.2:2055406-2055705(+)	-1.000000e+00
U00096.2:1334725-1335024(+)	-4.807847e-01
U00096.2:199950-200249(+)	-8.733218e-01
U00096.2:2375214-2375513(+)	-3.404705e-01
U00096.2:206713-207012(+)	-2.840534e-01
U00096.2:132219-132518(+)	-5.924004e-01
U00096.2:1498239-1498538(-)	-1.000000e+00
U00096.2:3185322-3185621(-)	-1.000000e+00
U00096.2:1810535-1810834(-)	-1.000000e+00
U00096.2:3250946-3251245(-)	-1.000000e+00
U00096.2:2897257-2897556(+)	-1.000000e+00
U00096.2:4503672-4503971(+)	-1.000000e+00
U00096.2:2801321-2801620(-)	-3.952770e-01
U00096.2:4216176-4216475(-)	-5.009813e-01
U00096.2:1750292-1750591(+)	-6.264546e-01
U00096.2:891249-891548(-)	-5.550389e-01
U00096.2:3339328-3339627(+)	-9.738986e-01
U00096.2:3082030-3082329(-)	-5.841014e-01
U00096.2:3422924-3423223(-)	-9.999489e-01
U00096.2:664483-664782(-)	-7.838591e-01
U00096.2:2995199-2995498(-)	-4.464159e-01
U00096.2:649905-650204(-)	-7.312916e-01
U00096.2:936006-936305(+)	-5.329215e-01
U00096.2:245019-245318(+)	-1.000000e+00
U00096.2:1756838-1757137(-)	-9.048295e-01
U00096.2:4228810-4229109(-)	-1.000000e+00
U00096.2:2950989-2951288(-)	-4.626601e-01
U00096.2:3673852-3674151(+)	-6.715998e-01
U00096.2:1142055-1142354(-)	-5.592543e-01
U00096.2:1785151-1785450(-)	-1.000000e+00
U00096.2:2799286-2799585(+)	-4.049616e-01
U00096.2:1699550-1699849(-)	-6.601914e-01
U00096.2:3618819-3619118(-)	-7.032914e-01
U00096.2:80714-81013(+)	-6.837814e-01
U00096.2:1810197-1810496(-)	-9.891975e-01
U00096.2:737651-737950(-)	-1.000000e+00
U00096.2:845803-846102(-)	-5.815284e-01
U00096.2:1309749-1310048(-)	-1.000000e+00
U00096.2:450156-450455(+)	-5.988752e-01
U00096.2:3954338-3954637(-)	-4.492600e-01
U00096.2:2709621-2709920(-)	-5.715383e-01
U00096.2:2550589-2550888(-)	-4.686404e-01
U00096.2:2850662-2850961(+)	-3.821171e-01
U00096.2:3755783-3756082(-)	-1.000000e+00
U00096.2:3961190-3961489(-)	-4.478267e-01
U00096.2:4040525-4040824(-)	-8.921978e-01
U00096.2:826630-826929(+)	-5.134053e-01
U00096.2:810876-811175(+)	-2.584814e-01
U00096.2:2444421-2444720(+)	-2.011926e-01
U00096.2:2634430-2634729(+)	-6.507686e-01
U00096.2:1643532-1643831(+)	-8.488335e-01
U00096.2:3068433-3068732(-)	-7.955983e-01
U00096.2:3415526-3415825(-)	-7.475928e-01
U00096.2:2675052-2675351(-)	-6.955536e-01
U00096.2:1711628-1711927(+)	-7.684081e-01
U00096.2:3336294-3336593(+)	-1.000000e+00
U00096.2:1516427-1516726(-)	-4.774247e-01
U00096.2:3564016-3564315(-)	-6.798321e-01
U00096.2:3034782-3035081(-)	-6.358774e-01
U00096.2:1246667-1246966(+)	-1.000000e+00
U00096.2:332630-332929(-)	-1.000000e+00
U00096.2:853638-853937(-)	-5.675917e-01
U00096.2:2207284-2207583(+)	-8.308472e-01
U00096.2:3268900-3269199(-)	-7.204982e-01
U00096.2:4605963-4606262(-)	-8.438974e-01
U00096.2:3834729-3835028(-)	-1.000000e+00
U00096.2:1967650-1967949(+)	-6.293448e-01
U00096.2:771303-771602(-)	-7.327803e-01
U00096.2:1897063-1897362(-)	-8.202450e-01
U00096.2:1388116-1388415(-)	-6.000652e-01
U00096.2:3448409-3448708(+)	-9.269810e-01
U00096.2:4481269-4481568(-)	-5.744484e-01
U00096.2:1224402-1224701(-)	-1.000000e+00
U00096.2:1952686-1952985(-)	-8.502723e-01
U00096.2:3915350-3915649(+)	-7.805709e-01
U00096.2:1365044-1365343(-)	-9.842614e-01
U00096.2:51928-52227(+)	-5.402316e-01
U00096.2:23492-23791(-)	-2.482917e-01
U00096.2:3433757-3434056(+)	-8.877066e-01
U00096.2:307710-308009(-)	-4.899583e-01
U00096.2:3132408-3132707(+)	-9.238832e-01
U00096.2:2753004-2753303(+)	-1.000000e+00
U00096.2:1977436-1977735(+)	-1.000000e+00
U00096.2:4076652-4076951(-)	-1.000000e+00
U00096.2:3293988-3294287(+)	-9.095695e-01
U00096.2:1908269-1908568(+)	-5.094050e-01
U00096.2:249839-250138(-)	-3.788881e-01
U00096.2:3489053-3489352(-)	-3.664966e-01
U00096.2:3513330-3513629(+)	-9.294858e-01
U00096.2:4041902-4042201(+)	-1.000000e+00
U00096.2:2216975-2217274(-)	-8.910352e-01
U00096.2:1615074-1615373(+)	-7.706744e-01
U00096.2:565510-565809(-)	-9.045255e-01
U00096.2:50941-51240(+)	-6.089394e-01
U00096.2:465273-465572(-)	-9.096351e-01
U00096.2:3756496-3756795(-)	-2.059857e-01
U00096.2:3806518-3806817(+)	-5.988522e-01
U00096.2:4393518-4393817(-)	-1.000000e+00
U00096.2:4454823-4455122(+)	-4.353684e-01
U00096.2:1182249-1182548(+)	-3.946653e-01
U00096.2:4437488-4437787(-)	-1.000000e+00
U00096.2:1537128-1537427(-)	-4.447023e-01
U00096.2:2097555-2097854(-)	-1.000000e+00
U00096.2:1509455-1509754(+)	-1.000000e+00
U00096.2:1277529-1277828(+)	-5.699403e-01
U00096.2:4280686-4280985(+)	-1.000000e+00
U00096.2:1672694-1672993(-)	-7.874809e-01
U00096.2:2931656-2931955(-)	-1.000000e+00
U00096.2:3147842-3148141(-)	-6.110020e-01
U00096.2:3575317-3575616(+)	-5.832692e-01
U00096.2:1295455-1295754(-)	-5.464257e-01
U00096.2:2693028-2693327(+)	-5.824946e-01
U00096.2:2334440-2334739(+)	-8.682779e-01
U00096.2:4456449-4456748(-)	-6.969461e-01
U00096.2:1948117-1948416(+)	-7.330579e-01
U00096.2:1633760-1634059(+)	-8.352095e-01
U00096.2:1075485-1075784(-)	-2.571347e-01
U00096.2:2575120-2575419(+)	-4.004372e-01
U00096.2:1248302-1248601(+)	-8.263469e-01
U00096.2:4637188-4637487(+)	-5.439818e-01
U00096.2:3168694-3168993(-)	-3.180474e-01
U00096.2:2884490-2884789(-)	-1.000000e+00
U00096.2:2876909-2877208(+)	-1.000000e+00
U00096.2:3696481-3696780(+)	-9.428684e-01
U00096.2:1932322-1932621(+)	-7.179434e-01
U00096.2:1387280-1387579(+)	-6.543898e-01
U00096.2:1176957-1177256(-)	-8.988914e-01
U00096.2:1429135-1429434(+)	-1.000000e+00
U00096.2:3345759-3346058(+)	-9.744390e-01
U00096.2:2766197-2766496(+)	-6.570436e-01
U00096.2:1338606-1338905(+)	-9.384793e-01
U00096.2:2221951-2222250(+)	-9.322011e-01
U00096.2:3888650-3888949(-)	-1.000000e+00
U00096.2:3976985-3977284(+)	-7.343794e-01
U00096.2:2169629-2169928(-)	-9.930840e-01
U00096.2:4064462-4064761(-)	-6.703348e-01
U00096.2:2194173-2194472(+)	-1.000000e+00
U00096.2:3341190-3341489(-)	-9.975581e-01
U00096.2:1199333-1199632(-)	-1.000000e+00
U00096.2:496670-496969(+)	-7.178499e-01
U00096.2:4345902-4346201(-)	-6.079273e-01
U00096.2:1663863-1664162(+)	-9.415727e-01
U00096.2:2052219-2052518(-)	-8.391844e-01
U00096.2:3944316-3944615(-)	-8.531001e-01
U00096.2:301492-301791(-)	-5.124045e-01
U00096.2:1765754-1766053(+)	-7.714499e-01
U00096.2:2876565-2876864(+)	-1.000000e+00
U00096.2:4531666-4531965(-)	-1.000000e+00
U00096.2:1753954-1754253(-)	-9.205916e-01
U00096.2:2146924-2147223(-)	-3.470654e-01
U00096.2:2921329-2921628(+)	-2.860615e-01
U00096.2:442999-443298(-)	-7.173332e-01
U00096.2:914763-915062(-)	-5.455231e-01
U00096.2:610463-610762(+)	-4.306662e-01
U00096.2:548079-548378(-)	-6.188340e-01
U00096.2:3569470-3569769(+)	-4.543718e-01
U00096.2:2299436-2299735(+)	-4.237917e-01
U00096.2:4238399-4238698(-)	-8.878265e-01
U00096.2:1470829-1471128(+)	-5.516493e-01
U00096.2:2571609-2571908(+)	-1.920995e-01
U00096.2:1708482-1708781(+)	-3.339222e-01
U00096.2:3257646-3257945(+)	-6.221641e-01
U00096.2:954711-955010(+)	-6.491938e-01
U00096.2:288254-288553(-)	-9.614573e-01
U00096.2:3477675-3477974(+)	-3.236408e-01
U00096.2:1453560-1453859(+)	-5.862742e-01
U00096.2:2979703-2980002(+)	-9.040739e-01
U00096.2:2302790-2303089(-)	-7.707050e-01
U00096.2:1662352-1662651(+)	-1.000000e+00
U00096.2:909538-909837(-)	-6.286938e-01
U00096.2:398214-398513(+)	-8.556297e-01
U00096.2:3785473-3785772(-)	-4.425886e-01
U00096.2:4145688-4145987(+)	-1.000000e+00
U00096.2:1580915-1581214(+)	-1.000000e+00
U00096.2:4287044-4287343(+)	-8.273845e-01
U00096.2:3512444-3512743(+)	-6.381261e-01
U00096.2:3861447-3861746(+)	-1.000000e+00
U00096.2:3595742-3596041(-)	-1.000000e+00
U00096.2:247400-247699(+)	-8.671399e-01
U00096.2:4081827-4082126(+)	-4.817650e-01
U00096.2:2772687-2772986(+)	-1.000000e+00
U00096.2:2929918-2930217(+)	-4.023724e-01
U00096.2:2352176-2352475(+)	-7.928639e-01
U00096.2:3467614-3467913(-)	-1.000000e+00
U00096.2:2943220-2943519(+)	-6.883367e-01
U00096.2:4623491-4623790(-)	-4.082703e-02
U00096.2:4619213-4619512(+)	-6.309825e-01
U00096.2:2043256-2043555(-)	-1.000000e+00
U00096.2:2777927-2778226(-)	-9.263550e-01
U00096.2:2595332-2595631(+)	-7.928869e-01
U00096.2:301123-301422(+)	-5.282764e-01
U00096.2:1271445-1271744(+)	-1.000000e+00
U00096.2:3933557-3933856(-)	-3.109440e-01
U00096.2:2918013-2918312(-)	-6.659842e-01
U00096.2:2847958-2848257(+)	-8.645406e-01
U00096.2:3596727-3597026(-)	-7.143503e-01
U00096.2:2667822-2668121(-)	-9.223027e-01
U00096.2:1251469-1251768(-)	-1.000000e+00
U00096.2:577184-577483(-)	-1.000000e+00
U00096.2:4284691-4284990(+)	-1.813238e-01
U00096.2:4486239-4486538(-)	-6.942069e-01
U00096.2:2925096-2925395(+)	-6.865463e-01
U00096.2:4147502-4147801(+)	-1.000000e+00
U00096.2:2305883-2306182(-)	-5.963694e-01
U00096.2:1370857-1371156(+)	-7.338970e-01
U00096.2:799157-799456(-)	-9.188726e-01
U00096.2:4543487-4543786(+)	-1.000000e+00
U00096.2:2151914-2152213(+)	-6.588426e-01
U00096.2:4061765-4062064(-)	-1.000000e+00
U00096.2:2442421-2442720(+)	-5.096926e-01
U00096.2:3423398-3423697(+)	-5.724354e-01
U00096.2:1597685-1597984(+)	-6.891672e-01
U00096.2:2734409-2734708(+)	-6.385204e-01
U00096.2:4150428-4150727(+)	-5.997878e-01
U00096.2:361780-362079(+)	-7.300281e-01
U00096.2:950508-950807(+)	-5.180834e-01
U00096.2:1059504-1059803(+)	-9.316026e-02
U00096.2:3258779-3259078(-)	-3.892310e-01
U00096.2:1900493-1900792(-)	-7.533702e-01
U00096.2:43154-43453(-)	-8.128108e-01
U00096.2:3712959-3713258(-)	-7.099739e-01
U00096.2:1191043-1191342(+)	-7.324288e-01
U00096.2:1818522-1818821(-)	-8.286027e-01
U00096.2:852497-852796(+)	-7.039412e-01
U00096.2:4206881-4207180(-)	-5.811439e-01
U00096.2:104014-104313(+)	-7.670689e-01
U00096.2:3461929-3462228(-)	-6.560496e-01
U00096.2:2075019-2075318(-)	-9.635631e-01
U00096.2:1936921-1937220(-)	-7.409505e-01
U00096.2:1362222-1362521(+)	-5.299820e-01
U00096.2:3615915-3616214(+)	-7.712457e-02
U00096.2:2340357-2340656(+)	-6.476872e-01
U00096.2:1222179-1222478(+)	-1.000000e+00
U00096.2:4069314-4069613(-)	-6.135242e-01
U00096.2:1392815-1393114(+)	-1.000000e+00
U00096.2:2720518-2720817(-)	-1.000000e+00
U00096.2:3187554-3187853(-)	-1.000000e+00
U00096.2:1914691-1914990(+)	-9.485155e-01
U00096.2:1717072-1717371(-)	-6.290146e-01
U00096.2:2360035-2360334(-)	-1.000000e+00
U00096.2:3324482-3324781(+)	-9.927398e-01
U00096.2:1217559-1217858(+)	-1.000000e+00
U00096.2:4292177-4292476(-)	-1.000000e+00
U00096.2:1161604-1161903(-)	-1.000000e+00
U00096.2:350063-350362(+)	-4.141274e-01
U00096.2:1115340-1115639(+)	-4.764828e-01
U00096.2:3420567-3420866(+)	-8.654941e-01
U00096.2:3028905-3029204(+)	-1.000000e+00
U00096.2:4150742-4151041(-)	-4.658209e-01
U00096.2:805247-805546(+)	-4.482729e-01
U00096.2:1761889-1762188(-)	-7.622240e-01
U00096.2:1305124-1305423(+)	-1.000000e+00
U00096.2:3914915-3915214(-)	-5.236158e-01
U00096.2:1692780-1693079(+)	-9.097703e-01
U00096.2:444255-444554(+)	-7.880969e-01
U00096.2:819609-819908(+)	-1.000000e+00
U00096.2:635910-636209(+)	-1.000000e+00
U00096.2:2670983-2671282(-)	-6.852407e-01
U00096.2:1824620-1824919(+)	-1.728538e-02
U00096.2:928459-928758(+)	-5.455014e-01
U00096.2:1892239-1892538(+)	-1.000000e+00
U00096.2:3414154-3414453(-)	-6.968596e-01
U00096.2:3727537-3727836(+)	-7.294627e-01
U00096.2:2528156-2528455(+)	-8.457100e-01
U00096.2:1814175-1814474(-)	-8.760266e-01
U00096.2:407885-408184(+)	-1.000000e+00
U00096.2:917185-917484(+)	-6.642971e-01
U00096.2:3867904-3868203(+)	-1.000000e+00
U00096.2:2972336-2972635(-)	-9.157928e-01
U00096.2:3154022-3154321(+)	-4.099413e-01
U00096.2:3422334-3422633(+)	-6.185324e-02
U00096.2:439648-439947(-)	-6.757841e-01
U00096.2:3545468-3545767(+)	-5.113350e-01
U00096.2:727416-727715(-)	-6.816979e-01
U00096.2:2054168-2054467(-)	-7.670145e-01
U00096.2:1560453-1560752(-)	-6.592875e-01
U00096.2:4635318-4635617(+)	-9.247362e-01
U00096.2:3721841-3722140(+)	-3.980135e-01
U00096.2:1068661-1068960(-)	-2.661138e-01
U00096.2:221798-222097(-)	-4.797644e-01
U00096.2:474511-474810(+)	-6.293148e-01
U00096.2:3610345-3610644(+)	-7.301648e-01
U00096.2:1264760-1265059(+)	-9.347861e-01
U00096.2:2921703-2922002(-)	-5.979033e-01
U00096.2:2982875-2983174(-)	-8.545314e-01
U00096.2:100588-100887(+)	-7.849138e-01
U00096.2:3437165-3437464(-)	-9.608667e-01
U00096.2:2375726-2376025(+)	-3.849575e-01
U00096.2:3730266-3730565(+)	-8.287695e-01
U00096.2:3085429-3085728(+)	-6.614187e-01
U00096.2:4598971-4599270(-)	-3.635016e-01
U00096.2:2099919-2100218(-)	-7.243071e-01
U00096.2:3527727-3528026(-)	-8.805575e-01
U00096.2:922284-922583(+)	-9.898691e-01
U00096.2:3825197-3825496(+)	-9.208457e-01
U00096.2:824731-825030(+)	-4.847368e-01
U00096.2:2235651-2235950(-)	-1.000000e+00
U00096.2:55075-55374(-)	-7.181405e-01
U00096.2:363247-363546(+)	-5.052817e-01
U00096.2:4213644-4213943(-)	-6.202150e-01
U00096.2:4281001-4281300(+)	-1.000000e+00
U00096.2:3183497-3183796(-)	-1.000000e+00
U00096.2:4472011-4472310(-)	-1.000000e+00
U00096.2:2229025-2229324(+)	-7.848141e-01
U00096.2:3348176-3348475(+)	-3.311913e-01
U00096.2:3048135-3048434(-)	-8.931910e-01
U00096.2:1731195-1731494(+)	-6.844608e-01
U00096.2:795782-796081(-)	-5.517515e-01
U00096.2:704668-704967(-)	-1.433058e-01
U00096.2:2142710-2143009(-)	-8.725738e-01
U00096.2:2880679-2880978(-)	-1.000000e+00
U00096.2:1066583-1066882(+)	-6.572078e-01
U00096.2:3485907-3486206(-)	-4.763716e-01
U00096.2:1259796-1260095(-)	-8.299577e-01
U00096.2:2413309-2413608(-)	-4.063405e-01
